{"/home/ec2-user/workspace/lightningtalk-circle/server/websocket.js": {"path":"/home/ec2-user/workspace/lightningtalk-circle/server/websocket.js","statementMap":{"0":{"start":{"line":14,"column":14},"end":{"line":18,"column":4}},"1":{"start":{"line":20,"column":2},"end":{"line":20,"column":46}},"2":{"start":{"line":23,"column":2},"end":{"line":23,"column":42}},"3":{"start":{"line":26,"column":2},"end":{"line":33,"column":5}},"4":{"start":{"line":27,"column":21},"end":{"line":27,"column":49}},"5":{"start":{"line":28,"column":4},"end":{"line":28,"column":57}},"6":{"start":{"line":30,"column":4},"end":{"line":32,"column":7}},"7":{"start":{"line":31,"column":6},"end":{"line":31,"column":63}},"8":{"start":{"line":35,"column":2},"end":{"line":37,"column":5}},"9":{"start":{"line":36,"column":4},"end":{"line":36,"column":43}},"10":{"start":{"line":39,"column":2},"end":{"line":41,"column":5}},"11":{"start":{"line":40,"column":4},"end":{"line":40,"column":51}},"12":{"start":{"line":44,"column":2},"end":{"line":47,"column":12}},"13":{"start":{"line":45,"column":18},"end":{"line":45,"column":58}},"14":{"start":{"line":46,"column":4},"end":{"line":46,"column":73}},"15":{"start":{"line":49,"column":2},"end":{"line":49,"column":13}}},"fnMap":{"0":{"name":"setupWebSocketServer","decl":{"start":{"line":13,"column":16},"end":{"line":13,"column":36}},"loc":{"start":{"line":13,"column":45},"end":{"line":50,"column":1}},"line":13},"1":{"name":"(anonymous_1)","decl":{"start":{"line":26,"column":23},"end":{"line":26,"column":24}},"loc":{"start":{"line":26,"column":40},"end":{"line":33,"column":3}},"line":26},"2":{"name":"(anonymous_2)","decl":{"start":{"line":30,"column":19},"end":{"line":30,"column":20}},"loc":{"start":{"line":30,"column":28},"end":{"line":32,"column":5}},"line":30},"3":{"name":"(anonymous_3)","decl":{"start":{"line":35,"column":18},"end":{"line":35,"column":19}},"loc":{"start":{"line":35,"column":24},"end":{"line":37,"column":3}},"line":35},"4":{"name":"(anonymous_4)","decl":{"start":{"line":39,"column":18},"end":{"line":39,"column":19}},"loc":{"start":{"line":39,"column":27},"end":{"line":41,"column":3}},"line":39},"5":{"name":"(anonymous_5)","decl":{"start":{"line":44,"column":14},"end":{"line":44,"column":15}},"loc":{"start":{"line":44,"column":20},"end":{"line":47,"column":3}},"line":44}},"branchMap":{},"s":{"0":0,"1":0,"2":0,"3":0,"4":0,"5":0,"6":0,"7":0,"8":0,"9":0,"10":0,"11":0,"12":0,"13":0,"14":0,"15":0},"f":{"0":0,"1":0,"2":0,"3":0,"4":0,"5":0},"b":{}}
,"/home/ec2-user/workspace/lightningtalk-circle/server/middleware/cors-config.js": {"path":"/home/ec2-user/workspace/lightningtalk-circle/server/middleware/cors-config.js","statementMap":{"0":{"start":{"line":9,"column":27},"end":{"line":44,"column":1}},"1":{"start":{"line":49,"column":36},"end":{"line":74,"column":1}},"2":{"start":{"line":50,"column":17},"end":{"line":50,"column":82}},"3":{"start":{"line":52,"column":2},"end":{"line":73,"column":5}},"4":{"start":{"line":56,"column":6},"end":{"line":58,"column":7}},"5":{"start":{"line":57,"column":8},"end":{"line":57,"column":36}},"6":{"start":{"line":61,"column":6},"end":{"line":71,"column":7}},"7":{"start":{"line":62,"column":8},"end":{"line":62,"column":29}},"8":{"start":{"line":64,"column":8},"end":{"line":68,"column":11}},"9":{"start":{"line":70,"column":8},"end":{"line":70,"column":58}},"10":{"start":{"line":79,"column":33},"end":{"line":95,"column":1}},"11":{"start":{"line":80,"column":22},"end":{"line":80,"column":59}},"12":{"start":{"line":81,"column":25},"end":{"line":81,"column":58}},"13":{"start":{"line":84,"column":2},"end":{"line":94,"column":5}},"14":{"start":{"line":85,"column":4},"end":{"line":92,"column":5}},"15":{"start":{"line":86,"column":6},"end":{"line":91,"column":9}},"16":{"start":{"line":93,"column":4},"end":{"line":93,"column":11}},"17":{"start":{"line":100,"column":31},"end":{"line":114,"column":1}},"18":{"start":{"line":101,"column":2},"end":{"line":112,"column":3}},"19":{"start":{"line":102,"column":24},"end":{"line":102,"column":61}},"20":{"start":{"line":103,"column":19},"end":{"line":103,"column":50}},"21":{"start":{"line":105,"column":4},"end":{"line":105,"column":65}},"22":{"start":{"line":106,"column":4},"end":{"line":106,"column":74}},"23":{"start":{"line":107,"column":4},"end":{"line":107,"column":81}},"24":{"start":{"line":108,"column":4},"end":{"line":108,"column":59}},"25":{"start":{"line":109,"column":4},"end":{"line":109,"column":67}},"26":{"start":{"line":111,"column":4},"end":{"line":111,"column":31}},"27":{"start":{"line":113,"column":2},"end":{"line":113,"column":9}},"28":{"start":{"line":119,"column":39},"end":{"line":128,"column":2}},"29":{"start":{"line":133,"column":35},"end":{"line":151,"column":2}},"30":{"start":{"line":135,"column":25},"end":{"line":135,"column":95}},"31":{"start":{"line":137,"column":4},"end":{"line":139,"column":5}},"32":{"start":{"line":138,"column":6},"end":{"line":138,"column":74}},"33":{"start":{"line":141,"column":4},"end":{"line":146,"column":5}},"34":{"start":{"line":142,"column":6},"end":{"line":142,"column":27}},"35":{"start":{"line":144,"column":6},"end":{"line":144,"column":71}},"36":{"start":{"line":145,"column":6},"end":{"line":145,"column":49}},"37":{"start":{"line":156,"column":35},"end":{"line":168,"column":1}},"38":{"start":{"line":158,"column":2},"end":{"line":158,"column":21}},"39":{"start":{"line":161,"column":2},"end":{"line":165,"column":3}},"40":{"start":{"line":162,"column":4},"end":{"line":162,"column":52}},"41":{"start":{"line":163,"column":4},"end":{"line":163,"column":48}},"42":{"start":{"line":164,"column":4},"end":{"line":164,"column":52}},"43":{"start":{"line":167,"column":2},"end":{"line":167,"column":9}},"44":{"start":{"line":173,"column":32},"end":{"line":191,"column":1}},"45":{"start":{"line":174,"column":2},"end":{"line":189,"column":3}},"46":{"start":{"line":175,"column":4},"end":{"line":181,"column":7}},"47":{"start":{"line":183,"column":4},"end":{"line":188,"column":7}},"48":{"start":{"line":190,"column":2},"end":{"line":190,"column":12}}},"fnMap":{"0":{"name":"(anonymous_0)","decl":{"start":{"line":49,"column":36},"end":{"line":49,"column":37}},"loc":{"start":{"line":49,"column":93},"end":{"line":74,"column":1}},"line":49},"1":{"name":"(anonymous_1)","decl":{"start":{"line":54,"column":12},"end":{"line":54,"column":13}},"loc":{"start":{"line":54,"column":34},"end":{"line":72,"column":5}},"line":54},"2":{"name":"(anonymous_2)","decl":{"start":{"line":79,"column":33},"end":{"line":79,"column":34}},"loc":{"start":{"line":79,"column":53},"end":{"line":95,"column":1}},"line":79},"3":{"name":"(anonymous_3)","decl":{"start":{"line":84,"column":27},"end":{"line":84,"column":28}},"loc":{"start":{"line":84,"column":34},"end":{"line":94,"column":3}},"line":84},"4":{"name":"(anonymous_4)","decl":{"start":{"line":100,"column":31},"end":{"line":100,"column":32}},"loc":{"start":{"line":100,"column":51},"end":{"line":114,"column":1}},"line":100},"5":{"name":"(anonymous_5)","decl":{"start":{"line":134,"column":10},"end":{"line":134,"column":11}},"loc":{"start":{"line":134,"column":32},"end":{"line":147,"column":3}},"line":134},"6":{"name":"(anonymous_6)","decl":{"start":{"line":156,"column":35},"end":{"line":156,"column":36}},"loc":{"start":{"line":156,"column":55},"end":{"line":168,"column":1}},"line":156},"7":{"name":"(anonymous_7)","decl":{"start":{"line":173,"column":32},"end":{"line":173,"column":33}},"loc":{"start":{"line":173,"column":57},"end":{"line":191,"column":1}},"line":173}},"branchMap":{"0":{"loc":{"start":{"line":49,"column":37},"end":{"line":49,"column":88}},"type":"default-arg","locations":[{"start":{"line":49,"column":51},"end":{"line":49,"column":88}}],"line":49},"1":{"loc":{"start":{"line":49,"column":51},"end":{"line":49,"column":88}},"type":"binary-expr","locations":[{"start":{"line":49,"column":51},"end":{"line":49,"column":71}},{"start":{"line":49,"column":75},"end":{"line":49,"column":88}}],"line":49},"2":{"loc":{"start":{"line":50,"column":17},"end":{"line":50,"column":82}},"type":"binary-expr","locations":[{"start":{"line":50,"column":17},"end":{"line":50,"column":48}},{"start":{"line":50,"column":52},"end":{"line":50,"column":82}}],"line":50},"3":{"loc":{"start":{"line":56,"column":6},"end":{"line":58,"column":7}},"type":"if","locations":[{"start":{"line":56,"column":6},"end":{"line":58,"column":7}},{"start":{},"end":{}}],"line":56},"4":{"loc":{"start":{"line":56,"column":10},"end":{"line":56,"column":50}},"type":"binary-expr","locations":[{"start":{"line":56,"column":10},"end":{"line":56,"column":17}},{"start":{"line":56,"column":21},"end":{"line":56,"column":50}}],"line":56},"5":{"loc":{"start":{"line":61,"column":6},"end":{"line":71,"column":7}},"type":"if","locations":[{"start":{"line":61,"column":6},"end":{"line":71,"column":7}},{"start":{"line":63,"column":13},"end":{"line":71,"column":7}}],"line":61},"6":{"loc":{"start":{"line":80,"column":22},"end":{"line":80,"column":59}},"type":"binary-expr","locations":[{"start":{"line":80,"column":22},"end":{"line":80,"column":42}},{"start":{"line":80,"column":46},"end":{"line":80,"column":59}}],"line":80},"7":{"loc":{"start":{"line":85,"column":4},"end":{"line":92,"column":5}},"type":"if","locations":[{"start":{"line":85,"column":4},"end":{"line":92,"column":5}},{"start":{},"end":{}}],"line":85},"8":{"loc":{"start":{"line":101,"column":2},"end":{"line":112,"column":3}},"type":"if","locations":[{"start":{"line":101,"column":2},"end":{"line":112,"column":3}},{"start":{},"end":{}}],"line":101},"9":{"loc":{"start":{"line":102,"column":24},"end":{"line":102,"column":61}},"type":"binary-expr","locations":[{"start":{"line":102,"column":24},"end":{"line":102,"column":44}},{"start":{"line":102,"column":48},"end":{"line":102,"column":61}}],"line":102},"10":{"loc":{"start":{"line":137,"column":4},"end":{"line":139,"column":5}},"type":"if","locations":[{"start":{"line":137,"column":4},"end":{"line":139,"column":5}},{"start":{},"end":{}}],"line":137},"11":{"loc":{"start":{"line":141,"column":4},"end":{"line":146,"column":5}},"type":"if","locations":[{"start":{"line":141,"column":4},"end":{"line":146,"column":5}},{"start":{"line":143,"column":11},"end":{"line":146,"column":5}}],"line":141},"12":{"loc":{"start":{"line":141,"column":8},"end":{"line":141,"column":48}},"type":"binary-expr","locations":[{"start":{"line":141,"column":8},"end":{"line":141,"column":15}},{"start":{"line":141,"column":19},"end":{"line":141,"column":48}}],"line":141},"13":{"loc":{"start":{"line":161,"column":2},"end":{"line":165,"column":3}},"type":"if","locations":[{"start":{"line":161,"column":2},"end":{"line":165,"column":3}},{"start":{},"end":{}}],"line":161},"14":{"loc":{"start":{"line":174,"column":2},"end":{"line":189,"column":3}},"type":"if","locations":[{"start":{"line":174,"column":2},"end":{"line":189,"column":3}},{"start":{},"end":{}}],"line":174},"15":{"loc":{"start":{"line":174,"column":6},"end":{"line":174,"column":49}},"type":"binary-expr","locations":[{"start":{"line":174,"column":6},"end":{"line":174,"column":17}},{"start":{"line":174,"column":21},"end":{"line":174,"column":49}}],"line":174}},"s":{"0":0,"1":0,"2":0,"3":0,"4":0,"5":0,"6":0,"7":0,"8":0,"9":0,"10":0,"11":0,"12":0,"13":0,"14":0,"15":0,"16":0,"17":0,"18":0,"19":0,"20":0,"21":0,"22":0,"23":0,"24":0,"25":0,"26":0,"27":0,"28":0,"29":0,"30":0,"31":0,"32":0,"33":0,"34":0,"35":0,"36":0,"37":0,"38":0,"39":0,"40":0,"41":0,"42":0,"43":0,"44":0,"45":0,"46":0,"47":0,"48":0},"f":{"0":0,"1":0,"2":0,"3":0,"4":0,"5":0,"6":0,"7":0},"b":{"0":[0],"1":[0,0],"2":[0,0],"3":[0,0],"4":[0,0],"5":[0,0],"6":[0,0],"7":[0,0],"8":[0,0],"9":[0,0],"10":[0,0],"11":[0,0],"12":[0,0],"13":[0,0],"14":[0,0],"15":[0,0]}}
,"/home/ec2-user/workspace/lightningtalk-circle/server/middleware/errorHandler.js": {"path":"/home/ec2-user/workspace/lightningtalk-circle/server/middleware/errorHandler.js","statementMap":{"0":{"start":{"line":5,"column":28},"end":{"line":35,"column":1}},"1":{"start":{"line":6,"column":16},"end":{"line":6,"column":26}},"2":{"start":{"line":7,"column":4},"end":{"line":7,"column":32}},"3":{"start":{"line":10,"column":4},"end":{"line":10,"column":23}},"4":{"start":{"line":13,"column":4},"end":{"line":16,"column":5}},"5":{"start":{"line":14,"column":24},"end":{"line":14,"column":44}},"6":{"start":{"line":15,"column":8},"end":{"line":15,"column":41}},"7":{"start":{"line":19,"column":4},"end":{"line":22,"column":5}},"8":{"start":{"line":20,"column":24},"end":{"line":20,"column":55}},"9":{"start":{"line":21,"column":8},"end":{"line":21,"column":41}},"10":{"start":{"line":25,"column":4},"end":{"line":28,"column":5}},"11":{"start":{"line":26,"column":24},"end":{"line":26,"column":73}},"12":{"start":{"line":26,"column":61},"end":{"line":26,"column":72}},"13":{"start":{"line":27,"column":8},"end":{"line":27,"column":41}},"14":{"start":{"line":30,"column":4},"end":{"line":34,"column":7}}},"fnMap":{"0":{"name":"(anonymous_0)","decl":{"start":{"line":5,"column":28},"end":{"line":5,"column":29}},"loc":{"start":{"line":5,"column":54},"end":{"line":35,"column":1}},"line":5},"1":{"name":"(anonymous_1)","decl":{"start":{"line":26,"column":54},"end":{"line":26,"column":55}},"loc":{"start":{"line":26,"column":61},"end":{"line":26,"column":72}},"line":26}},"branchMap":{"0":{"loc":{"start":{"line":13,"column":4},"end":{"line":16,"column":5}},"type":"if","locations":[{"start":{"line":13,"column":4},"end":{"line":16,"column":5}},{"start":{},"end":{}}],"line":13},"1":{"loc":{"start":{"line":19,"column":4},"end":{"line":22,"column":5}},"type":"if","locations":[{"start":{"line":19,"column":4},"end":{"line":22,"column":5}},{"start":{},"end":{}}],"line":19},"2":{"loc":{"start":{"line":25,"column":4},"end":{"line":28,"column":5}},"type":"if","locations":[{"start":{"line":25,"column":4},"end":{"line":28,"column":5}},{"start":{},"end":{}}],"line":25},"3":{"loc":{"start":{"line":30,"column":15},"end":{"line":30,"column":34}},"type":"binary-expr","locations":[{"start":{"line":30,"column":15},"end":{"line":30,"column":27}},{"start":{"line":30,"column":31},"end":{"line":30,"column":34}}],"line":30},"4":{"loc":{"start":{"line":32,"column":15},"end":{"line":32,"column":46}},"type":"binary-expr","locations":[{"start":{"line":32,"column":15},"end":{"line":32,"column":28}},{"start":{"line":32,"column":32},"end":{"line":32,"column":46}}],"line":32},"5":{"loc":{"start":{"line":33,"column":12},"end":{"line":33,"column":74}},"type":"binary-expr","locations":[{"start":{"line":33,"column":12},"end":{"line":33,"column":50}},{"start":{"line":33,"column":54},"end":{"line":33,"column":74}}],"line":33}},"s":{"0":0,"1":0,"2":0,"3":0,"4":0,"5":0,"6":0,"7":0,"8":0,"9":0,"10":0,"11":0,"12":0,"13":0,"14":0},"f":{"0":0,"1":0},"b":{"0":[0,0],"1":[0,0],"2":[0,0],"3":[0,0],"4":[0,0],"5":[0,0]}}
,"/home/ec2-user/workspace/lightningtalk-circle/server/middleware/logger.js": {"path":"/home/ec2-user/workspace/lightningtalk-circle/server/middleware/logger.js","statementMap":{"0":{"start":{"line":5,"column":22},"end":{"line":24,"column":1}},"1":{"start":{"line":6,"column":18},"end":{"line":6,"column":28}},"2":{"start":{"line":7,"column":22},"end":{"line":7,"column":46}},"3":{"start":{"line":10,"column":4},"end":{"line":10,"column":79}},"4":{"start":{"line":13,"column":24},"end":{"line":13,"column":31}},"5":{"start":{"line":14,"column":4},"end":{"line":21,"column":6}},"6":{"start":{"line":15,"column":25},"end":{"line":15,"column":43}},"7":{"start":{"line":16,"column":21},"end":{"line":16,"column":76}},"8":{"start":{"line":18,"column":8},"end":{"line":18,"column":122}},"9":{"start":{"line":20,"column":8},"end":{"line":20,"column":47}},"10":{"start":{"line":23,"column":4},"end":{"line":23,"column":11}}},"fnMap":{"0":{"name":"(anonymous_0)","decl":{"start":{"line":5,"column":22},"end":{"line":5,"column":23}},"loc":{"start":{"line":5,"column":42},"end":{"line":24,"column":1}},"line":5},"1":{"name":"(anonymous_1)","decl":{"start":{"line":14,"column":14},"end":{"line":14,"column":15}},"loc":{"start":{"line":14,"column":40},"end":{"line":21,"column":5}},"line":14}},"branchMap":{"0":{"loc":{"start":{"line":16,"column":21},"end":{"line":16,"column":76}},"type":"binary-expr","locations":[{"start":{"line":16,"column":21},"end":{"line":16,"column":46}},{"start":{"line":16,"column":51},"end":{"line":16,"column":75}}],"line":16},"1":{"loc":{"start":{"line":16,"column":51},"end":{"line":16,"column":75}},"type":"cond-expr","locations":[{"start":{"line":16,"column":59},"end":{"line":16,"column":71}},{"start":{"line":16,"column":74},"end":{"line":16,"column":75}}],"line":16}},"s":{"0":0,"1":0,"2":0,"3":0,"4":0,"5":0,"6":0,"7":0,"8":0,"9":0,"10":0},"f":{"0":0,"1":0},"b":{"0":[0,0],"1":[0,0]}}
,"/home/ec2-user/workspace/lightningtalk-circle/server/middleware/rate-limiting.js": {"path":"/home/ec2-user/workspace/lightningtalk-circle/server/middleware/rate-limiting.js","statementMap":{"0":{"start":{"line":10,"column":21},"end":{"line":10,"column":30}},"1":{"start":{"line":11,"column":22},"end":{"line":11,"column":31}},"2":{"start":{"line":16,"column":27},"end":{"line":21,"column":1}},"3":{"start":{"line":18,"column":20},"end":{"line":18,"column":54}},"4":{"start":{"line":19,"column":20},"end":{"line":19,"column":56}},"5":{"start":{"line":20,"column":2},"end":{"line":20,"column":54}},"6":{"start":{"line":26,"column":30},"end":{"line":77,"column":1}},"7":{"start":{"line":27,"column":2},"end":{"line":76,"column":4}},"8":{"start":{"line":28,"column":16},"end":{"line":28,"column":39}},"9":{"start":{"line":29,"column":16},"end":{"line":29,"column":26}},"10":{"start":{"line":32,"column":4},"end":{"line":34,"column":5}},"11":{"start":{"line":33,"column":6},"end":{"line":33,"column":79}},"12":{"start":{"line":36,"column":21},"end":{"line":36,"column":42}},"13":{"start":{"line":37,"column":4},"end":{"line":37,"column":21}},"14":{"start":{"line":38,"column":4},"end":{"line":38,"column":31}},"15":{"start":{"line":41,"column":4},"end":{"line":51,"column":5}},"16":{"start":{"line":42,"column":6},"end":{"line":42,"column":32}},"17":{"start":{"line":43,"column":6},"end":{"line":50,"column":9}},"18":{"start":{"line":54,"column":4},"end":{"line":56,"column":5}},"19":{"start":{"line":55,"column":6},"end":{"line":55,"column":31}},"20":{"start":{"line":59,"column":4},"end":{"line":67,"column":7}},"21":{"start":{"line":69,"column":4},"end":{"line":75,"column":7}},"22":{"start":{"line":82,"column":23},"end":{"line":94,"column":1}},"23":{"start":{"line":83,"column":2},"end":{"line":93,"column":5}},"24":{"start":{"line":91,"column":6},"end":{"line":91,"column":41}},"25":{"start":{"line":99,"column":32},"end":{"line":189,"column":1}},"26":{"start":{"line":194,"column":35},"end":{"line":203,"column":1}},"27":{"start":{"line":208,"column":33},"end":{"line":228,"column":1}},"28":{"start":{"line":209,"column":17},"end":{"line":209,"column":20}},"29":{"start":{"line":210,"column":14},"end":{"line":210,"column":37}},"30":{"start":{"line":213,"column":2},"end":{"line":225,"column":3}},"31":{"start":{"line":215,"column":26},"end":{"line":222,"column":6}},"32":{"start":{"line":218,"column":26},"end":{"line":218,"column":29}},"33":{"start":{"line":224,"column":4},"end":{"line":224,"column":41}},"34":{"start":{"line":227,"column":2},"end":{"line":227,"column":9}},"35":{"start":{"line":233,"column":30},"end":{"line":252,"column":2}},"36":{"start":{"line":236,"column":23},"end":{"line":236,"column":29}},"37":{"start":{"line":238,"column":4},"end":{"line":242,"column":7}},"38":{"start":{"line":244,"column":4},"end":{"line":248,"column":7}},"39":{"start":{"line":257,"column":36},"end":{"line":281,"column":1}},"40":{"start":{"line":258,"column":21},"end":{"line":258,"column":24}},"41":{"start":{"line":259,"column":19},"end":{"line":259,"column":22}},"42":{"start":{"line":262,"column":2},"end":{"line":265,"column":3}},"43":{"start":{"line":264,"column":4},"end":{"line":264,"column":18}},"44":{"start":{"line":267,"column":2},"end":{"line":269,"column":3}},"45":{"start":{"line":268,"column":4},"end":{"line":268,"column":57}},"46":{"start":{"line":271,"column":2},"end":{"line":273,"column":3}},"47":{"start":{"line":272,"column":4},"end":{"line":272,"column":50}},"48":{"start":{"line":275,"column":2},"end":{"line":277,"column":3}},"49":{"start":{"line":276,"column":4},"end":{"line":276,"column":53}},"50":{"start":{"line":280,"column":2},"end":{"line":280,"column":46}},"51":{"start":{"line":286,"column":32},"end":{"line":312,"column":1}},"52":{"start":{"line":288,"column":4},"end":{"line":300,"column":6}},"53":{"start":{"line":293,"column":31},"end":{"line":293,"column":70}},"54":{"start":{"line":294,"column":31},"end":{"line":298,"column":9}},"55":{"start":{"line":304,"column":4},"end":{"line":304,"column":26}},"56":{"start":{"line":305,"column":4},"end":{"line":305,"column":47}},"57":{"start":{"line":309,"column":4},"end":{"line":309,"column":26}},"58":{"start":{"line":310,"column":4},"end":{"line":310,"column":53}},"59":{"start":{"line":317,"column":32},"end":{"line":329,"column":1}},"60":{"start":{"line":318,"column":14},"end":{"line":318,"column":24}},"61":{"start":{"line":319,"column":21},"end":{"line":319,"column":34}},"62":{"start":{"line":322,"column":2},"end":{"line":326,"column":3}},"63":{"start":{"line":323,"column":4},"end":{"line":325,"column":5}},"64":{"start":{"line":324,"column":6},"end":{"line":324,"column":31}},"65":{"start":{"line":328,"column":2},"end":{"line":328,"column":46}},"66":{"start":{"line":332,"column":0},"end":{"line":332,"column":46}}},"fnMap":{"0":{"name":"(anonymous_0)","decl":{"start":{"line":16,"column":27},"end":{"line":16,"column":28}},"loc":{"start":{"line":16,"column":34},"end":{"line":21,"column":1}},"line":16},"1":{"name":"(anonymous_1)","decl":{"start":{"line":26,"column":30},"end":{"line":26,"column":31}},"loc":{"start":{"line":26,"column":42},"end":{"line":77,"column":1}},"line":26},"2":{"name":"(anonymous_2)","decl":{"start":{"line":27,"column":9},"end":{"line":27,"column":10}},"loc":{"start":{"line":27,"column":23},"end":{"line":76,"column":3}},"line":27},"3":{"name":"(anonymous_3)","decl":{"start":{"line":82,"column":23},"end":{"line":82,"column":24}},"loc":{"start":{"line":82,"column":48},"end":{"line":94,"column":1}},"line":82},"4":{"name":"(anonymous_4)","decl":{"start":{"line":89,"column":10},"end":{"line":89,"column":11}},"loc":{"start":{"line":89,"column":17},"end":{"line":92,"column":5}},"line":89},"5":{"name":"(anonymous_5)","decl":{"start":{"line":208,"column":33},"end":{"line":208,"column":34}},"loc":{"start":{"line":208,"column":53},"end":{"line":228,"column":1}},"line":208},"6":{"name":"(anonymous_6)","decl":{"start":{"line":218,"column":20},"end":{"line":218,"column":21}},"loc":{"start":{"line":218,"column":26},"end":{"line":218,"column":29}},"line":218},"7":{"name":"(anonymous_7)","decl":{"start":{"line":236,"column":16},"end":{"line":236,"column":17}},"loc":{"start":{"line":236,"column":23},"end":{"line":236,"column":29}},"line":236},"8":{"name":"(anonymous_8)","decl":{"start":{"line":237,"column":11},"end":{"line":237,"column":12}},"loc":{"start":{"line":237,"column":25},"end":{"line":249,"column":3}},"line":237},"9":{"name":"(anonymous_9)","decl":{"start":{"line":257,"column":36},"end":{"line":257,"column":37}},"loc":{"start":{"line":257,"column":56},"end":{"line":281,"column":1}},"line":257},"10":{"name":"(anonymous_10)","decl":{"start":{"line":287,"column":12},"end":{"line":287,"column":13}},"loc":{"start":{"line":287,"column":18},"end":{"line":301,"column":3}},"line":287},"11":{"name":"(anonymous_11)","decl":{"start":{"line":293,"column":16},"end":{"line":293,"column":17}},"loc":{"start":{"line":293,"column":31},"end":{"line":293,"column":70}},"line":293},"12":{"name":"(anonymous_12)","decl":{"start":{"line":294,"column":13},"end":{"line":294,"column":14}},"loc":{"start":{"line":294,"column":31},"end":{"line":298,"column":9}},"line":294},"13":{"name":"(anonymous_13)","decl":{"start":{"line":303,"column":19},"end":{"line":303,"column":20}},"loc":{"start":{"line":303,"column":25},"end":{"line":306,"column":3}},"line":303},"14":{"name":"(anonymous_14)","decl":{"start":{"line":308,"column":19},"end":{"line":308,"column":20}},"loc":{"start":{"line":308,"column":25},"end":{"line":311,"column":3}},"line":308},"15":{"name":"(anonymous_15)","decl":{"start":{"line":317,"column":32},"end":{"line":317,"column":33}},"loc":{"start":{"line":317,"column":38},"end":{"line":329,"column":1}},"line":317}},"branchMap":{"0":{"loc":{"start":{"line":18,"column":20},"end":{"line":18,"column":54}},"type":"binary-expr","locations":[{"start":{"line":18,"column":20},"end":{"line":18,"column":41}},{"start":{"line":18,"column":45},"end":{"line":18,"column":54}}],"line":18},"1":{"loc":{"start":{"line":19,"column":20},"end":{"line":19,"column":56}},"type":"binary-expr","locations":[{"start":{"line":19,"column":20},"end":{"line":19,"column":46}},{"start":{"line":19,"column":50},"end":{"line":19,"column":56}}],"line":19},"2":{"loc":{"start":{"line":32,"column":4},"end":{"line":34,"column":5}},"type":"if","locations":[{"start":{"line":32,"column":4},"end":{"line":34,"column":5}},{"start":{},"end":{}}],"line":32},"3":{"loc":{"start":{"line":41,"column":4},"end":{"line":51,"column":5}},"type":"if","locations":[{"start":{"line":41,"column":4},"end":{"line":51,"column":5}},{"start":{},"end":{}}],"line":41},"4":{"loc":{"start":{"line":54,"column":4},"end":{"line":56,"column":5}},"type":"if","locations":[{"start":{"line":54,"column":4},"end":{"line":56,"column":5}},{"start":{},"end":{}}],"line":54},"5":{"loc":{"start":{"line":213,"column":2},"end":{"line":225,"column":3}},"type":"if","locations":[{"start":{"line":213,"column":2},"end":{"line":225,"column":3}},{"start":{},"end":{}}],"line":213},"6":{"loc":{"start":{"line":262,"column":2},"end":{"line":265,"column":3}},"type":"if","locations":[{"start":{"line":262,"column":2},"end":{"line":265,"column":3}},{"start":{},"end":{}}],"line":262},"7":{"loc":{"start":{"line":262,"column":6},"end":{"line":262,"column":50}},"type":"binary-expr","locations":[{"start":{"line":262,"column":6},"end":{"line":262,"column":22}},{"start":{"line":262,"column":26},"end":{"line":262,"column":50}}],"line":262},"8":{"loc":{"start":{"line":267,"column":2},"end":{"line":269,"column":3}},"type":"if","locations":[{"start":{"line":267,"column":2},"end":{"line":269,"column":3}},{"start":{},"end":{}}],"line":267},"9":{"loc":{"start":{"line":267,"column":6},"end":{"line":267,"column":53}},"type":"binary-expr","locations":[{"start":{"line":267,"column":6},"end":{"line":267,"column":23}},{"start":{"line":267,"column":27},"end":{"line":267,"column":53}}],"line":267},"10":{"loc":{"start":{"line":271,"column":2},"end":{"line":273,"column":3}},"type":"if","locations":[{"start":{"line":271,"column":2},"end":{"line":273,"column":3}},{"start":{},"end":{}}],"line":271},"11":{"loc":{"start":{"line":271,"column":6},"end":{"line":271,"column":50}},"type":"binary-expr","locations":[{"start":{"line":271,"column":6},"end":{"line":271,"column":23}},{"start":{"line":271,"column":27},"end":{"line":271,"column":50}}],"line":271},"12":{"loc":{"start":{"line":275,"column":2},"end":{"line":277,"column":3}},"type":"if","locations":[{"start":{"line":275,"column":2},"end":{"line":277,"column":3}},{"start":{},"end":{}}],"line":275},"13":{"loc":{"start":{"line":323,"column":4},"end":{"line":325,"column":5}},"type":"if","locations":[{"start":{"line":323,"column":4},"end":{"line":325,"column":5}},{"start":{},"end":{}}],"line":323}},"s":{"0":0,"1":0,"2":0,"3":0,"4":0,"5":0,"6":0,"7":0,"8":0,"9":0,"10":0,"11":0,"12":0,"13":0,"14":0,"15":0,"16":0,"17":0,"18":0,"19":0,"20":0,"21":0,"22":0,"23":0,"24":0,"25":0,"26":0,"27":0,"28":0,"29":0,"30":0,"31":0,"32":0,"33":0,"34":0,"35":0,"36":0,"37":0,"38":0,"39":0,"40":0,"41":0,"42":0,"43":0,"44":0,"45":0,"46":0,"47":0,"48":0,"49":0,"50":0,"51":0,"52":0,"53":0,"54":0,"55":0,"56":0,"57":0,"58":0,"59":0,"60":0,"61":0,"62":0,"63":0,"64":0,"65":0,"66":0},"f":{"0":0,"1":0,"2":0,"3":0,"4":0,"5":0,"6":0,"7":0,"8":0,"9":0,"10":0,"11":0,"12":0,"13":0,"14":0,"15":0},"b":{"0":[0,0],"1":[0,0],"2":[0,0],"3":[0,0],"4":[0,0],"5":[0,0],"6":[0,0],"7":[0,0],"8":[0,0],"9":[0,0],"10":[0,0],"11":[0,0],"12":[0,0],"13":[0,0]}}
,"/home/ec2-user/workspace/lightningtalk-circle/server/middleware/validation-enhanced.js": {"path":"/home/ec2-user/workspace/lightningtalk-circle/server/middleware/validation-enhanced.js","statementMap":{"0":{"start":{"line":15,"column":31},"end":{"line":46,"column":1}},"1":{"start":{"line":16,"column":17},"end":{"line":16,"column":38}},"2":{"start":{"line":18,"column":2},"end":{"line":43,"column":3}},"3":{"start":{"line":19,"column":28},"end":{"line":24,"column":7}},"4":{"start":{"line":19,"column":57},"end":{"line":24,"column":5}},"5":{"start":{"line":27,"column":4},"end":{"line":34,"column":7}},"6":{"start":{"line":36,"column":4},"end":{"line":42,"column":7}},"7":{"start":{"line":45,"column":2},"end":{"line":45,"column":9}},"8":{"start":{"line":51,"column":29},"end":{"line":70,"column":1}},"9":{"start":{"line":53,"column":26},"end":{"line":63,"column":3}},"10":{"start":{"line":54,"column":4},"end":{"line":56,"column":5}},"11":{"start":{"line":55,"column":6},"end":{"line":55,"column":36}},"12":{"start":{"line":57,"column":4},"end":{"line":61,"column":5}},"13":{"start":{"line":58,"column":6},"end":{"line":60,"column":9}},"14":{"start":{"line":59,"column":8},"end":{"line":59,"column":45}},"15":{"start":{"line":62,"column":4},"end":{"line":62,"column":15}},"16":{"start":{"line":65,"column":2},"end":{"line":65,"column":39}},"17":{"start":{"line":66,"column":2},"end":{"line":66,"column":41}},"18":{"start":{"line":67,"column":2},"end":{"line":67,"column":43}},"19":{"start":{"line":69,"column":2},"end":{"line":69,"column":9}},"20":{"start":{"line":75,"column":35},"end":{"line":87,"column":1}},"21":{"start":{"line":76,"column":2},"end":{"line":85,"column":3}},"22":{"start":{"line":77,"column":4},"end":{"line":84,"column":5}},"23":{"start":{"line":78,"column":6},"end":{"line":83,"column":9}},"24":{"start":{"line":86,"column":2},"end":{"line":86,"column":9}},"25":{"start":{"line":92,"column":34},"end":{"line":141,"column":1}},"26":{"start":{"line":93,"column":18},"end":{"line":93,"column":73}},"27":{"start":{"line":94,"column":23},"end":{"line":96,"column":3}},"28":{"start":{"line":98,"column":2},"end":{"line":138,"column":3}},"29":{"start":{"line":100,"column":4},"end":{"line":106,"column":5}},"30":{"start":{"line":101,"column":6},"end":{"line":105,"column":9}},"31":{"start":{"line":109,"column":20},"end":{"line":109,"column":78}},"32":{"start":{"line":110,"column":4},"end":{"line":117,"column":5}},"33":{"start":{"line":111,"column":6},"end":{"line":116,"column":9}},"34":{"start":{"line":120,"column":31},"end":{"line":129,"column":5}},"35":{"start":{"line":131,"column":4},"end":{"line":137,"column":5}},"36":{"start":{"line":131,"column":43},"end":{"line":131,"column":78}},"37":{"start":{"line":132,"column":6},"end":{"line":136,"column":9}},"38":{"start":{"line":140,"column":2},"end":{"line":140,"column":9}},"39":{"start":{"line":146,"column":33},"end":{"line":171,"column":1}},"40":{"start":{"line":147,"column":25},"end":{"line":168,"column":3}},"41":{"start":{"line":158,"column":6},"end":{"line":164,"column":9}},"42":{"start":{"line":166,"column":6},"end":{"line":166,"column":44}},"43":{"start":{"line":170,"column":2},"end":{"line":170,"column":54}},"44":{"start":{"line":176,"column":28},"end":{"line":220,"column":1}},"45":{"start":{"line":225,"column":30},"end":{"line":256,"column":1}},"46":{"start":{"line":226,"column":17},"end":{"line":226,"column":57}},"47":{"start":{"line":227,"column":23},"end":{"line":227,"column":92}},"48":{"start":{"line":227,"column":77},"end":{"line":227,"column":91}},"49":{"start":{"line":229,"column":2},"end":{"line":253,"column":3}},"50":{"start":{"line":230,"column":4},"end":{"line":236,"column":5}},"51":{"start":{"line":231,"column":6},"end":{"line":235,"column":9}},"52":{"start":{"line":238,"column":4},"end":{"line":252,"column":5}},"53":{"start":{"line":239,"column":6},"end":{"line":245,"column":9}},"54":{"start":{"line":247,"column":6},"end":{"line":251,"column":9}},"55":{"start":{"line":255,"column":2},"end":{"line":255,"column":9}},"56":{"start":{"line":261,"column":31},"end":{"line":275,"column":1}},"57":{"start":{"line":263,"column":2},"end":{"line":263,"column":35}},"58":{"start":{"line":266,"column":2},"end":{"line":272,"column":5}},"59":{"start":{"line":274,"column":2},"end":{"line":274,"column":9}},"60":{"start":{"line":280,"column":29},"end":{"line":321,"column":1}},"61":{"start":{"line":281,"column":20},"end":{"line":281,"column":30}},"62":{"start":{"line":284,"column":29},"end":{"line":290,"column":3}},"63":{"start":{"line":292,"column":24},"end":{"line":292,"column":78}},"64":{"start":{"line":293,"column":23},"end":{"line":293,"column":86}},"65":{"start":{"line":293,"column":58},"end":{"line":293,"column":85}},"66":{"start":{"line":295,"column":2},"end":{"line":304,"column":3}},"67":{"start":{"line":296,"column":4},"end":{"line":303,"column":7}},"68":{"start":{"line":307,"column":2},"end":{"line":318,"column":5}},"69":{"start":{"line":308,"column":21},"end":{"line":308,"column":43}},"70":{"start":{"line":309,"column":4},"end":{"line":317,"column":5}},"71":{"start":{"line":311,"column":6},"end":{"line":316,"column":9}},"72":{"start":{"line":320,"column":2},"end":{"line":320,"column":9}}},"fnMap":{"0":{"name":"(anonymous_0)","decl":{"start":{"line":15,"column":31},"end":{"line":15,"column":32}},"loc":{"start":{"line":15,"column":51},"end":{"line":46,"column":1}},"line":15},"1":{"name":"(anonymous_1)","decl":{"start":{"line":19,"column":47},"end":{"line":19,"column":48}},"loc":{"start":{"line":19,"column":57},"end":{"line":24,"column":5}},"line":19},"2":{"name":"(anonymous_2)","decl":{"start":{"line":51,"column":29},"end":{"line":51,"column":30}},"loc":{"start":{"line":51,"column":49},"end":{"line":70,"column":1}},"line":51},"3":{"name":"(anonymous_3)","decl":{"start":{"line":53,"column":26},"end":{"line":53,"column":27}},"loc":{"start":{"line":53,"column":33},"end":{"line":63,"column":3}},"line":53},"4":{"name":"(anonymous_4)","decl":{"start":{"line":58,"column":31},"end":{"line":58,"column":32}},"loc":{"start":{"line":58,"column":38},"end":{"line":60,"column":7}},"line":58},"5":{"name":"(anonymous_5)","decl":{"start":{"line":75,"column":35},"end":{"line":75,"column":36}},"loc":{"start":{"line":75,"column":55},"end":{"line":87,"column":1}},"line":75},"6":{"name":"(anonymous_6)","decl":{"start":{"line":92,"column":34},"end":{"line":92,"column":35}},"loc":{"start":{"line":92,"column":54},"end":{"line":141,"column":1}},"line":92},"7":{"name":"(anonymous_7)","decl":{"start":{"line":131,"column":32},"end":{"line":131,"column":33}},"loc":{"start":{"line":131,"column":43},"end":{"line":131,"column":78}},"line":131},"8":{"name":"(anonymous_8)","decl":{"start":{"line":146,"column":33},"end":{"line":146,"column":34}},"loc":{"start":{"line":146,"column":51},"end":{"line":171,"column":1}},"line":146},"9":{"name":"(anonymous_9)","decl":{"start":{"line":157,"column":13},"end":{"line":157,"column":14}},"loc":{"start":{"line":157,"column":27},"end":{"line":167,"column":5}},"line":157},"10":{"name":"(anonymous_10)","decl":{"start":{"line":225,"column":30},"end":{"line":225,"column":31}},"loc":{"start":{"line":225,"column":50},"end":{"line":256,"column":1}},"line":225},"11":{"name":"(anonymous_11)","decl":{"start":{"line":227,"column":70},"end":{"line":227,"column":71}},"loc":{"start":{"line":227,"column":77},"end":{"line":227,"column":91}},"line":227},"12":{"name":"(anonymous_12)","decl":{"start":{"line":261,"column":31},"end":{"line":261,"column":32}},"loc":{"start":{"line":261,"column":51},"end":{"line":275,"column":1}},"line":261},"13":{"name":"(anonymous_13)","decl":{"start":{"line":280,"column":29},"end":{"line":280,"column":30}},"loc":{"start":{"line":280,"column":49},"end":{"line":321,"column":1}},"line":280},"14":{"name":"(anonymous_14)","decl":{"start":{"line":293,"column":47},"end":{"line":293,"column":48}},"loc":{"start":{"line":293,"column":58},"end":{"line":293,"column":85}},"line":293},"15":{"name":"(anonymous_15)","decl":{"start":{"line":307,"column":19},"end":{"line":307,"column":20}},"loc":{"start":{"line":307,"column":25},"end":{"line":318,"column":3}},"line":307}},"branchMap":{"0":{"loc":{"start":{"line":18,"column":2},"end":{"line":43,"column":3}},"type":"if","locations":[{"start":{"line":18,"column":2},"end":{"line":43,"column":3}},{"start":{},"end":{}}],"line":18},"1":{"loc":{"start":{"line":20,"column":13},"end":{"line":20,"column":38}},"type":"binary-expr","locations":[{"start":{"line":20,"column":13},"end":{"line":20,"column":23}},{"start":{"line":20,"column":27},"end":{"line":20,"column":38}}],"line":20},"2":{"loc":{"start":{"line":41,"column":17},"end":{"line":41,"column":36}},"type":"binary-expr","locations":[{"start":{"line":41,"column":17},"end":{"line":41,"column":23}},{"start":{"line":41,"column":27},"end":{"line":41,"column":36}}],"line":41},"3":{"loc":{"start":{"line":54,"column":4},"end":{"line":56,"column":5}},"type":"if","locations":[{"start":{"line":54,"column":4},"end":{"line":56,"column":5}},{"start":{},"end":{}}],"line":54},"4":{"loc":{"start":{"line":57,"column":4},"end":{"line":61,"column":5}},"type":"if","locations":[{"start":{"line":57,"column":4},"end":{"line":61,"column":5}},{"start":{},"end":{}}],"line":57},"5":{"loc":{"start":{"line":57,"column":8},"end":{"line":57,"column":47}},"type":"binary-expr","locations":[{"start":{"line":57,"column":8},"end":{"line":57,"column":31}},{"start":{"line":57,"column":35},"end":{"line":57,"column":47}}],"line":57},"6":{"loc":{"start":{"line":76,"column":2},"end":{"line":85,"column":3}},"type":"if","locations":[{"start":{"line":76,"column":2},"end":{"line":85,"column":3}},{"start":{},"end":{}}],"line":76},"7":{"loc":{"start":{"line":77,"column":4},"end":{"line":84,"column":5}},"type":"if","locations":[{"start":{"line":77,"column":4},"end":{"line":84,"column":5}},{"start":{},"end":{}}],"line":77},"8":{"loc":{"start":{"line":93,"column":18},"end":{"line":93,"column":73}},"type":"binary-expr","locations":[{"start":{"line":93,"column":18},"end":{"line":93,"column":53}},{"start":{"line":93,"column":57},"end":{"line":93,"column":73}}],"line":93},"9":{"loc":{"start":{"line":94,"column":24},"end":{"line":94,"column":91}},"type":"binary-expr","locations":[{"start":{"line":94,"column":24},"end":{"line":94,"column":54}},{"start":{"line":94,"column":58},"end":{"line":94,"column":91}}],"line":94},"10":{"loc":{"start":{"line":98,"column":2},"end":{"line":138,"column":3}},"type":"if","locations":[{"start":{"line":98,"column":2},"end":{"line":138,"column":3}},{"start":{},"end":{}}],"line":98},"11":{"loc":{"start":{"line":100,"column":4},"end":{"line":106,"column":5}},"type":"if","locations":[{"start":{"line":100,"column":4},"end":{"line":106,"column":5}},{"start":{},"end":{}}],"line":100},"12":{"loc":{"start":{"line":110,"column":4},"end":{"line":117,"column":5}},"type":"if","locations":[{"start":{"line":110,"column":4},"end":{"line":117,"column":5}},{"start":{},"end":{}}],"line":110},"13":{"loc":{"start":{"line":131,"column":4},"end":{"line":137,"column":5}},"type":"if","locations":[{"start":{"line":131,"column":4},"end":{"line":137,"column":5}},{"start":{},"end":{}}],"line":131},"14":{"loc":{"start":{"line":146,"column":34},"end":{"line":146,"column":46}},"type":"default-arg","locations":[{"start":{"line":146,"column":44},"end":{"line":146,"column":46}}],"line":146},"15":{"loc":{"start":{"line":153,"column":18},"end":{"line":153,"column":59}},"type":"binary-expr","locations":[{"start":{"line":153,"column":18},"end":{"line":153,"column":52}},{"start":{"line":153,"column":56},"end":{"line":153,"column":59}}],"line":153},"16":{"loc":{"start":{"line":226,"column":17},"end":{"line":226,"column":57}},"type":"binary-expr","locations":[{"start":{"line":226,"column":17},"end":{"line":226,"column":37}},{"start":{"line":226,"column":41},"end":{"line":226,"column":57}}],"line":226},"17":{"loc":{"start":{"line":227,"column":24},"end":{"line":227,"column":50}},"type":"binary-expr","locations":[{"start":{"line":227,"column":24},"end":{"line":227,"column":44}},{"start":{"line":227,"column":48},"end":{"line":227,"column":50}}],"line":227},"18":{"loc":{"start":{"line":229,"column":2},"end":{"line":253,"column":3}},"type":"if","locations":[{"start":{"line":229,"column":2},"end":{"line":253,"column":3}},{"start":{},"end":{}}],"line":229},"19":{"loc":{"start":{"line":229,"column":6},"end":{"line":229,"column":80}},"type":"binary-expr","locations":[{"start":{"line":229,"column":6},"end":{"line":229,"column":39}},{"start":{"line":229,"column":43},"end":{"line":229,"column":80}}],"line":229},"20":{"loc":{"start":{"line":230,"column":4},"end":{"line":236,"column":5}},"type":"if","locations":[{"start":{"line":230,"column":4},"end":{"line":236,"column":5}},{"start":{},"end":{}}],"line":230},"21":{"loc":{"start":{"line":238,"column":4},"end":{"line":252,"column":5}},"type":"if","locations":[{"start":{"line":238,"column":4},"end":{"line":252,"column":5}},{"start":{},"end":{}}],"line":238},"22":{"loc":{"start":{"line":295,"column":2},"end":{"line":304,"column":3}},"type":"if","locations":[{"start":{"line":295,"column":2},"end":{"line":304,"column":3}},{"start":{},"end":{}}],"line":295},"23":{"loc":{"start":{"line":309,"column":4},"end":{"line":317,"column":5}},"type":"if","locations":[{"start":{"line":309,"column":4},"end":{"line":317,"column":5}},{"start":{},"end":{}}],"line":309}},"s":{"0":0,"1":0,"2":0,"3":0,"4":0,"5":0,"6":0,"7":0,"8":0,"9":0,"10":0,"11":0,"12":0,"13":0,"14":0,"15":0,"16":0,"17":0,"18":0,"19":0,"20":0,"21":0,"22":0,"23":0,"24":0,"25":0,"26":0,"27":0,"28":0,"29":0,"30":0,"31":0,"32":0,"33":0,"34":0,"35":0,"36":0,"37":0,"38":0,"39":0,"40":0,"41":0,"42":0,"43":0,"44":0,"45":0,"46":0,"47":0,"48":0,"49":0,"50":0,"51":0,"52":0,"53":0,"54":0,"55":0,"56":0,"57":0,"58":0,"59":0,"60":0,"61":0,"62":0,"63":0,"64":0,"65":0,"66":0,"67":0,"68":0,"69":0,"70":0,"71":0,"72":0},"f":{"0":0,"1":0,"2":0,"3":0,"4":0,"5":0,"6":0,"7":0,"8":0,"9":0,"10":0,"11":0,"12":0,"13":0,"14":0,"15":0},"b":{"0":[0,0],"1":[0,0],"2":[0,0],"3":[0,0],"4":[0,0],"5":[0,0],"6":[0,0],"7":[0,0],"8":[0,0],"9":[0,0],"10":[0,0],"11":[0,0],"12":[0,0],"13":[0,0],"14":[0],"15":[0,0],"16":[0,0],"17":[0,0],"18":[0,0],"19":[0,0],"20":[0,0],"21":[0,0],"22":[0,0],"23":[0,0]}}
,"/home/ec2-user/workspace/lightningtalk-circle/server/middleware/validation-rules.js": {"path":"/home/ec2-user/workspace/lightningtalk-circle/server/middleware/validation-rules.js","statementMap":{"0":{"start":{"line":9,"column":21},"end":{"line":9,"column":49}},"1":{"start":{"line":10,"column":21},"end":{"line":10,"column":49}},"2":{"start":{"line":11,"column":19},"end":{"line":11,"column":51}},"3":{"start":{"line":12,"column":20},"end":{"line":12,"column":54}},"4":{"start":{"line":15,"column":36},"end":{"line":167,"column":1}},"5":{"start":{"line":36,"column":26},"end":{"line":36,"column":41}},"6":{"start":{"line":37,"column":20},"end":{"line":37,"column":30}},"7":{"start":{"line":38,"column":30},"end":{"line":38,"column":40}},"8":{"start":{"line":39,"column":8},"end":{"line":39,"column":67}},"9":{"start":{"line":41,"column":8},"end":{"line":43,"column":9}},"10":{"start":{"line":42,"column":10},"end":{"line":42,"column":62}},"11":{"start":{"line":44,"column":8},"end":{"line":46,"column":9}},"12":{"start":{"line":45,"column":10},"end":{"line":45,"column":82}},"13":{"start":{"line":47,"column":8},"end":{"line":47,"column":20}},"14":{"start":{"line":55,"column":8},"end":{"line":65,"column":9}},"15":{"start":{"line":56,"column":26},"end":{"line":56,"column":41}},"16":{"start":{"line":57,"column":28},"end":{"line":57,"column":56}},"17":{"start":{"line":58,"column":10},"end":{"line":60,"column":11}},"18":{"start":{"line":59,"column":12},"end":{"line":59,"column":65}},"19":{"start":{"line":62,"column":10},"end":{"line":64,"column":11}},"20":{"start":{"line":63,"column":12},"end":{"line":63,"column":69}},"21":{"start":{"line":66,"column":8},"end":{"line":66,"column":20}},"22":{"start":{"line":90,"column":8},"end":{"line":92,"column":9}},"23":{"start":{"line":91,"column":10},"end":{"line":91,"column":73}},"24":{"start":{"line":93,"column":8},"end":{"line":95,"column":9}},"25":{"start":{"line":94,"column":10},"end":{"line":94,"column":71}},"26":{"start":{"line":96,"column":8},"end":{"line":96,"column":20}},"27":{"start":{"line":114,"column":8},"end":{"line":120,"column":9}},"28":{"start":{"line":115,"column":27},"end":{"line":115,"column":42}},"29":{"start":{"line":116,"column":28},"end":{"line":116,"column":56}},"30":{"start":{"line":117,"column":10},"end":{"line":119,"column":11}},"31":{"start":{"line":118,"column":12},"end":{"line":118,"column":79}},"32":{"start":{"line":121,"column":8},"end":{"line":121,"column":20}},"33":{"start":{"line":170,"column":42},"end":{"line":294,"column":1}},"34":{"start":{"line":247,"column":8},"end":{"line":249,"column":9}},"35":{"start":{"line":248,"column":10},"end":{"line":248,"column":62}},"36":{"start":{"line":250,"column":8},"end":{"line":250,"column":20}},"37":{"start":{"line":297,"column":35},"end":{"line":440,"column":1}},"38":{"start":{"line":361,"column":8},"end":{"line":363,"column":9}},"39":{"start":{"line":362,"column":10},"end":{"line":362,"column":71}},"40":{"start":{"line":364,"column":8},"end":{"line":364,"column":20}},"41":{"start":{"line":381,"column":8},"end":{"line":383,"column":9}},"42":{"start":{"line":382,"column":10},"end":{"line":382,"column":56}},"43":{"start":{"line":384,"column":8},"end":{"line":384,"column":20}},"44":{"start":{"line":443,"column":36},"end":{"line":496,"column":1}},"45":{"start":{"line":499,"column":36},"end":{"line":550,"column":1}},"46":{"start":{"line":553,"column":35},"end":{"line":570,"column":1}},"47":{"start":{"line":573,"column":33},"end":{"line":597,"column":1}}},"fnMap":{"0":{"name":"(anonymous_0)","decl":{"start":{"line":35,"column":14},"end":{"line":35,"column":15}},"loc":{"start":{"line":35,"column":23},"end":{"line":48,"column":7}},"line":35},"1":{"name":"(anonymous_1)","decl":{"start":{"line":54,"column":14},"end":{"line":54,"column":15}},"loc":{"start":{"line":54,"column":34},"end":{"line":67,"column":7}},"line":54},"2":{"name":"(anonymous_2)","decl":{"start":{"line":89,"column":14},"end":{"line":89,"column":15}},"loc":{"start":{"line":89,"column":34},"end":{"line":97,"column":7}},"line":89},"3":{"name":"(anonymous_3)","decl":{"start":{"line":113,"column":14},"end":{"line":113,"column":15}},"loc":{"start":{"line":113,"column":34},"end":{"line":122,"column":7}},"line":113},"4":{"name":"(anonymous_4)","decl":{"start":{"line":246,"column":14},"end":{"line":246,"column":15}},"loc":{"start":{"line":246,"column":23},"end":{"line":251,"column":7}},"line":246},"5":{"name":"(anonymous_5)","decl":{"start":{"line":360,"column":14},"end":{"line":360,"column":15}},"loc":{"start":{"line":360,"column":23},"end":{"line":365,"column":7}},"line":360},"6":{"name":"(anonymous_6)","decl":{"start":{"line":380,"column":14},"end":{"line":380,"column":15}},"loc":{"start":{"line":380,"column":23},"end":{"line":385,"column":7}},"line":380}},"branchMap":{"0":{"loc":{"start":{"line":41,"column":8},"end":{"line":43,"column":9}},"type":"if","locations":[{"start":{"line":41,"column":8},"end":{"line":43,"column":9}},{"start":{},"end":{}}],"line":41},"1":{"loc":{"start":{"line":44,"column":8},"end":{"line":46,"column":9}},"type":"if","locations":[{"start":{"line":44,"column":8},"end":{"line":46,"column":9}},{"start":{},"end":{}}],"line":44},"2":{"loc":{"start":{"line":55,"column":8},"end":{"line":65,"column":9}},"type":"if","locations":[{"start":{"line":55,"column":8},"end":{"line":65,"column":9}},{"start":{},"end":{}}],"line":55},"3":{"loc":{"start":{"line":58,"column":10},"end":{"line":60,"column":11}},"type":"if","locations":[{"start":{"line":58,"column":10},"end":{"line":60,"column":11}},{"start":{},"end":{}}],"line":58},"4":{"loc":{"start":{"line":62,"column":10},"end":{"line":64,"column":11}},"type":"if","locations":[{"start":{"line":62,"column":10},"end":{"line":64,"column":11}},{"start":{},"end":{}}],"line":62},"5":{"loc":{"start":{"line":90,"column":8},"end":{"line":92,"column":9}},"type":"if","locations":[{"start":{"line":90,"column":8},"end":{"line":92,"column":9}},{"start":{},"end":{}}],"line":90},"6":{"loc":{"start":{"line":90,"column":12},"end":{"line":90,"column":44}},"type":"binary-expr","locations":[{"start":{"line":90,"column":12},"end":{"line":90,"column":34}},{"start":{"line":90,"column":38},"end":{"line":90,"column":44}}],"line":90},"7":{"loc":{"start":{"line":93,"column":8},"end":{"line":95,"column":9}},"type":"if","locations":[{"start":{"line":93,"column":8},"end":{"line":95,"column":9}},{"start":{},"end":{}}],"line":93},"8":{"loc":{"start":{"line":93,"column":12},"end":{"line":93,"column":44}},"type":"binary-expr","locations":[{"start":{"line":93,"column":12},"end":{"line":93,"column":17}},{"start":{"line":93,"column":21},"end":{"line":93,"column":44}}],"line":93},"9":{"loc":{"start":{"line":114,"column":8},"end":{"line":120,"column":9}},"type":"if","locations":[{"start":{"line":114,"column":8},"end":{"line":120,"column":9}},{"start":{},"end":{}}],"line":114},"10":{"loc":{"start":{"line":117,"column":10},"end":{"line":119,"column":11}},"type":"if","locations":[{"start":{"line":117,"column":10},"end":{"line":119,"column":11}},{"start":{},"end":{}}],"line":117},"11":{"loc":{"start":{"line":247,"column":8},"end":{"line":249,"column":9}},"type":"if","locations":[{"start":{"line":247,"column":8},"end":{"line":249,"column":9}},{"start":{},"end":{}}],"line":247},"12":{"loc":{"start":{"line":361,"column":8},"end":{"line":363,"column":9}},"type":"if","locations":[{"start":{"line":361,"column":8},"end":{"line":363,"column":9}},{"start":{},"end":{}}],"line":361},"13":{"loc":{"start":{"line":361,"column":12},"end":{"line":361,"column":44}},"type":"binary-expr","locations":[{"start":{"line":361,"column":12},"end":{"line":361,"column":17}},{"start":{"line":361,"column":21},"end":{"line":361,"column":44}}],"line":361},"14":{"loc":{"start":{"line":381,"column":8},"end":{"line":383,"column":9}},"type":"if","locations":[{"start":{"line":381,"column":8},"end":{"line":383,"column":9}},{"start":{},"end":{}}],"line":381},"15":{"loc":{"start":{"line":381,"column":12},"end":{"line":381,"column":44}},"type":"binary-expr","locations":[{"start":{"line":381,"column":12},"end":{"line":381,"column":17}},{"start":{"line":381,"column":21},"end":{"line":381,"column":44}}],"line":381}},"s":{"0":0,"1":0,"2":0,"3":0,"4":0,"5":0,"6":0,"7":0,"8":0,"9":0,"10":0,"11":0,"12":0,"13":0,"14":0,"15":0,"16":0,"17":0,"18":0,"19":0,"20":0,"21":0,"22":0,"23":0,"24":0,"25":0,"26":0,"27":0,"28":0,"29":0,"30":0,"31":0,"32":0,"33":0,"34":0,"35":0,"36":0,"37":0,"38":0,"39":0,"40":0,"41":0,"42":0,"43":0,"44":0,"45":0,"46":0,"47":0},"f":{"0":0,"1":0,"2":0,"3":0,"4":0,"5":0,"6":0},"b":{"0":[0,0],"1":[0,0],"2":[0,0],"3":[0,0],"4":[0,0],"5":[0,0],"6":[0,0],"7":[0,0],"8":[0,0],"9":[0,0],"10":[0,0],"11":[0,0],"12":[0,0],"13":[0,0],"14":[0,0],"15":[0,0]}}
,"/home/ec2-user/workspace/lightningtalk-circle/server/middleware/validation.js": {"path":"/home/ec2-user/workspace/lightningtalk-circle/server/middleware/validation.js","statementMap":{"0":{"start":{"line":7,"column":31},"end":{"line":23,"column":1}},"1":{"start":{"line":8,"column":19},"end":{"line":8,"column":40}},"2":{"start":{"line":10,"column":4},"end":{"line":20,"column":5}},"3":{"start":{"line":11,"column":8},"end":{"line":19,"column":11}},"4":{"start":{"line":14,"column":50},"end":{"line":18,"column":13}},"5":{"start":{"line":22,"column":4},"end":{"line":22,"column":11}},"6":{"start":{"line":26,"column":32},"end":{"line":45,"column":1}},"7":{"start":{"line":28,"column":21},"end":{"line":28,"column":36}},"8":{"start":{"line":29,"column":8},"end":{"line":29,"column":59}},"9":{"start":{"line":33,"column":27},"end":{"line":33,"column":55}},"10":{"start":{"line":34,"column":8},"end":{"line":34,"column":38}},"11":{"start":{"line":38,"column":8},"end":{"line":43,"column":9}},"12":{"start":{"line":39,"column":12},"end":{"line":39,"column":27}},"13":{"start":{"line":40,"column":12},"end":{"line":40,"column":24}},"14":{"start":{"line":42,"column":12},"end":{"line":42,"column":25}}},"fnMap":{"0":{"name":"(anonymous_0)","decl":{"start":{"line":7,"column":31},"end":{"line":7,"column":32}},"loc":{"start":{"line":7,"column":51},"end":{"line":23,"column":1}},"line":7},"1":{"name":"(anonymous_1)","decl":{"start":{"line":14,"column":40},"end":{"line":14,"column":41}},"loc":{"start":{"line":14,"column":50},"end":{"line":18,"column":13}},"line":14},"2":{"name":"(anonymous_2)","decl":{"start":{"line":27,"column":17},"end":{"line":27,"column":18}},"loc":{"start":{"line":27,"column":28},"end":{"line":30,"column":5}},"line":27},"3":{"name":"(anonymous_3)","decl":{"start":{"line":32,"column":18},"end":{"line":32,"column":19}},"loc":{"start":{"line":32,"column":29},"end":{"line":35,"column":5}},"line":32},"4":{"name":"(anonymous_4)","decl":{"start":{"line":37,"column":16},"end":{"line":37,"column":17}},"loc":{"start":{"line":37,"column":27},"end":{"line":44,"column":5}},"line":37}},"branchMap":{"0":{"loc":{"start":{"line":10,"column":4},"end":{"line":20,"column":5}},"type":"if","locations":[{"start":{"line":10,"column":4},"end":{"line":20,"column":5}},{"start":{},"end":{}}],"line":10},"1":{"loc":{"start":{"line":29,"column":15},"end":{"line":29,"column":58}},"type":"binary-expr","locations":[{"start":{"line":29,"column":15},"end":{"line":29,"column":37}},{"start":{"line":29,"column":41},"end":{"line":29,"column":58}}],"line":29}},"s":{"0":0,"1":0,"2":0,"3":0,"4":0,"5":0,"6":0,"7":0,"8":0,"9":0,"10":0,"11":0,"12":0,"13":0,"14":0},"f":{"0":0,"1":0,"2":0,"3":0,"4":0},"b":{"0":[0,0],"1":[0,0]}}
,"/home/ec2-user/workspace/lightningtalk-circle/server/routes/admin.js": {"path":"/home/ec2-user/workspace/lightningtalk-circle/server/routes/admin.js","statementMap":{"0":{"start":{"line":9,"column":15},"end":{"line":9,"column":31}},"1":{"start":{"line":12,"column":31},"end":{"line":21,"column":1}},"2":{"start":{"line":13,"column":19},"end":{"line":13,"column":40}},"3":{"start":{"line":14,"column":4},"end":{"line":19,"column":5}},"4":{"start":{"line":15,"column":8},"end":{"line":18,"column":11}},"5":{"start":{"line":20,"column":4},"end":{"line":20,"column":11}},"6":{"start":{"line":27,"column":0},"end":{"line":112,"column":3}},"7":{"start":{"line":28,"column":4},"end":{"line":111,"column":5}},"8":{"start":{"line":29,"column":29},"end":{"line":29,"column":43}},"9":{"start":{"line":32,"column":29},"end":{"line":32,"column":61}},"10":{"start":{"line":41,"column":12},"end":{"line":51,"column":10}},"11":{"start":{"line":46,"column":16},"end":{"line":46,"column":103}},"12":{"start":{"line":46,"column":44},"end":{"line":46,"column":89}},"13":{"start":{"line":49,"column":16},"end":{"line":49,"column":96}},"14":{"start":{"line":49,"column":37},"end":{"line":49,"column":82}},"15":{"start":{"line":54,"column":32},"end":{"line":54,"column":36}},"16":{"start":{"line":55,"column":8},"end":{"line":68,"column":9}},"17":{"start":{"line":56,"column":68},"end":{"line":60,"column":14}},"18":{"start":{"line":62,"column":12},"end":{"line":67,"column":14}},"19":{"start":{"line":70,"column":8},"end":{"line":103,"column":11}},"20":{"start":{"line":82,"column":59},"end":{"line":88,"column":17}},"21":{"start":{"line":89,"column":45},"end":{"line":96,"column":17}},"22":{"start":{"line":106,"column":8},"end":{"line":106,"column":63}},"23":{"start":{"line":107,"column":8},"end":{"line":110,"column":11}},"24":{"start":{"line":118,"column":0},"end":{"line":169,"column":2}},"25":{"start":{"line":123,"column":8},"end":{"line":167,"column":9}},"26":{"start":{"line":124,"column":47},"end":{"line":124,"column":61}},"27":{"start":{"line":125,"column":51},"end":{"line":125,"column":60}},"28":{"start":{"line":129,"column":12},"end":{"line":149,"column":13}},"29":{"start":{"line":131,"column":16},"end":{"line":131,"column":78}},"30":{"start":{"line":134,"column":37},"end":{"line":134,"column":72}},"31":{"start":{"line":137,"column":40},"end":{"line":137,"column":52}},"32":{"start":{"line":138,"column":16},"end":{"line":146,"column":17}},"33":{"start":{"line":139,"column":33},"end":{"line":139,"column":69}},"34":{"start":{"line":140,"column":39},"end":{"line":140,"column":49}},"35":{"start":{"line":141,"column":20},"end":{"line":141,"column":68}},"36":{"start":{"line":143,"column":20},"end":{"line":145,"column":22}},"37":{"start":{"line":144,"column":24},"end":{"line":144,"column":62}},"38":{"start":{"line":148,"column":16},"end":{"line":148,"column":81}},"39":{"start":{"line":152,"column":29},"end":{"line":152,"column":81}},"40":{"start":{"line":154,"column":12},"end":{"line":159,"column":15}},"41":{"start":{"line":162,"column":12},"end":{"line":162,"column":62}},"42":{"start":{"line":163,"column":12},"end":{"line":166,"column":15}},"43":{"start":{"line":175,"column":0},"end":{"line":231,"column":2}},"44":{"start":{"line":181,"column":8},"end":{"line":229,"column":9}},"45":{"start":{"line":182,"column":33},"end":{"line":182,"column":47}},"46":{"start":{"line":183,"column":55},"end":{"line":183,"column":64}},"47":{"start":{"line":188,"column":12},"end":{"line":205,"column":13}},"48":{"start":{"line":190,"column":20},"end":{"line":190,"column":94}},"49":{"start":{"line":191,"column":20},"end":{"line":191,"column":108}},"50":{"start":{"line":192,"column":20},"end":{"line":192,"column":26}},"51":{"start":{"line":194,"column":20},"end":{"line":194,"column":87}},"52":{"start":{"line":195,"column":20},"end":{"line":195,"column":101}},"53":{"start":{"line":196,"column":20},"end":{"line":196,"column":26}},"54":{"start":{"line":198,"column":20},"end":{"line":198,"column":60}},"55":{"start":{"line":199,"column":20},"end":{"line":199,"column":82}},"56":{"start":{"line":200,"column":20},"end":{"line":200,"column":26}},"57":{"start":{"line":202,"column":20},"end":{"line":202,"column":55}},"58":{"start":{"line":203,"column":20},"end":{"line":203,"column":87}},"59":{"start":{"line":204,"column":20},"end":{"line":204,"column":26}},"60":{"start":{"line":207,"column":12},"end":{"line":221,"column":13}},"61":{"start":{"line":208,"column":28},"end":{"line":208,"column":51}},"62":{"start":{"line":209,"column":16},"end":{"line":209,"column":58}},"63":{"start":{"line":210,"column":16},"end":{"line":210,"column":95}},"64":{"start":{"line":211,"column":16},"end":{"line":211,"column":30}},"65":{"start":{"line":213,"column":16},"end":{"line":213,"column":66}},"66":{"start":{"line":214,"column":16},"end":{"line":214,"column":96}},"67":{"start":{"line":215,"column":16},"end":{"line":220,"column":19}},"68":{"start":{"line":224,"column":12},"end":{"line":224,"column":58}},"69":{"start":{"line":225,"column":12},"end":{"line":228,"column":15}},"70":{"start":{"line":237,"column":0},"end":{"line":253,"column":3}},"71":{"start":{"line":238,"column":4},"end":{"line":252,"column":5}},"72":{"start":{"line":239,"column":29},"end":{"line":239,"column":43}},"73":{"start":{"line":240,"column":25},"end":{"line":240,"column":53}},"74":{"start":{"line":242,"column":8},"end":{"line":244,"column":11}},"75":{"start":{"line":247,"column":8},"end":{"line":247,"column":57}},"76":{"start":{"line":248,"column":8},"end":{"line":251,"column":11}},"77":{"start":{"line":259,"column":0},"end":{"line":279,"column":3}},"78":{"start":{"line":260,"column":4},"end":{"line":278,"column":5}},"79":{"start":{"line":261,"column":29},"end":{"line":261,"column":43}},"80":{"start":{"line":262,"column":24},"end":{"line":262,"column":32}},"81":{"start":{"line":264,"column":32},"end":{"line":264,"column":70}},"82":{"start":{"line":266,"column":8},"end":{"line":270,"column":11}},"83":{"start":{"line":273,"column":8},"end":{"line":273,"column":57}},"84":{"start":{"line":274,"column":8},"end":{"line":277,"column":11}},"85":{"start":{"line":285,"column":0},"end":{"line":322,"column":3}},"86":{"start":{"line":286,"column":4},"end":{"line":321,"column":5}},"87":{"start":{"line":287,"column":29},"end":{"line":287,"column":43}},"88":{"start":{"line":288,"column":27},"end":{"line":288,"column":35}},"89":{"start":{"line":292,"column":8},"end":{"line":307,"column":9}},"90":{"start":{"line":294,"column":16},"end":{"line":294,"column":61}},"91":{"start":{"line":295,"column":16},"end":{"line":295,"column":22}},"92":{"start":{"line":297,"column":16},"end":{"line":297,"column":60}},"93":{"start":{"line":298,"column":16},"end":{"line":298,"column":22}},"94":{"start":{"line":300,"column":16},"end":{"line":300,"column":66}},"95":{"start":{"line":301,"column":16},"end":{"line":301,"column":22}},"96":{"start":{"line":303,"column":16},"end":{"line":306,"column":19}},"97":{"start":{"line":309,"column":8},"end":{"line":313,"column":11}},"98":{"start":{"line":316,"column":8},"end":{"line":316,"column":62}},"99":{"start":{"line":317,"column":8},"end":{"line":320,"column":11}},"100":{"start":{"line":326,"column":21},"end":{"line":326,"column":23}},"101":{"start":{"line":329,"column":4},"end":{"line":341,"column":5}},"102":{"start":{"line":330,"column":22},"end":{"line":330,"column":65}},"103":{"start":{"line":331,"column":38},"end":{"line":332,"column":101}},"104":{"start":{"line":332,"column":39},"end":{"line":332,"column":78}},"105":{"start":{"line":334,"column":8},"end":{"line":340,"column":11}},"106":{"start":{"line":344,"column":23},"end":{"line":344,"column":55}},"107":{"start":{"line":345,"column":23},"end":{"line":345,"column":53}},"108":{"start":{"line":346,"column":4},"end":{"line":354,"column":5}},"109":{"start":{"line":347,"column":8},"end":{"line":353,"column":11}},"110":{"start":{"line":356,"column":4},"end":{"line":356,"column":20}},"111":{"start":{"line":360,"column":4},"end":{"line":362,"column":5}},"112":{"start":{"line":361,"column":8},"end":{"line":361,"column":18}},"113":{"start":{"line":364,"column":20},"end":{"line":364,"column":40}},"114":{"start":{"line":365,"column":20},"end":{"line":365,"column":39}},"115":{"start":{"line":367,"column":4},"end":{"line":373,"column":5}},"116":{"start":{"line":368,"column":23},"end":{"line":371,"column":10}},"117":{"start":{"line":369,"column":26},"end":{"line":369,"column":37}},"118":{"start":{"line":370,"column":12},"end":{"line":370,"column":88}},"119":{"start":{"line":372,"column":8},"end":{"line":372,"column":39}},"120":{"start":{"line":375,"column":4},"end":{"line":375,"column":30}},"121":{"start":{"line":380,"column":23},"end":{"line":380,"column":33}},"122":{"start":{"line":381,"column":4},"end":{"line":381,"column":57}},"123":{"start":{"line":383,"column":22},"end":{"line":383,"column":57}},"124":{"start":{"line":384,"column":25},"end":{"line":384,"column":88}},"125":{"start":{"line":384,"column":50},"end":{"line":384,"column":87}},"126":{"start":{"line":386,"column":4},"end":{"line":388,"column":5}},"127":{"start":{"line":387,"column":8},"end":{"line":387,"column":52}},"128":{"start":{"line":390,"column":4},"end":{"line":394,"column":6}},"129":{"start":{"line":398,"column":23},"end":{"line":398,"column":50}},"130":{"start":{"line":399,"column":21},"end":{"line":399,"column":43}},"131":{"start":{"line":402,"column":4},"end":{"line":402,"column":47}},"132":{"start":{"line":404,"column":4},"end":{"line":409,"column":6}},"133":{"start":{"line":407,"column":68},"end":{"line":407,"column":111}},"134":{"start":{"line":414,"column":4},"end":{"line":414,"column":60}},"135":{"start":{"line":414,"column":33},"end":{"line":414,"column":58}},"136":{"start":{"line":416,"column":4},"end":{"line":420,"column":6}}},"fnMap":{"0":{"name":"(anonymous_0)","decl":{"start":{"line":12,"column":31},"end":{"line":12,"column":32}},"loc":{"start":{"line":12,"column":51},"end":{"line":21,"column":1}},"line":12},"1":{"name":"(anonymous_1)","decl":{"start":{"line":27,"column":25},"end":{"line":27,"column":26}},"loc":{"start":{"line":27,"column":45},"end":{"line":112,"column":1}},"line":27},"2":{"name":"(anonymous_2)","decl":{"start":{"line":45,"column":54},"end":{"line":45,"column":55}},"loc":{"start":{"line":46,"column":16},"end":{"line":46,"column":103}},"line":46},"3":{"name":"(anonymous_3)","decl":{"start":{"line":46,"column":34},"end":{"line":46,"column":35}},"loc":{"start":{"line":46,"column":44},"end":{"line":46,"column":89}},"line":46},"4":{"name":"(anonymous_4)","decl":{"start":{"line":48,"column":47},"end":{"line":48,"column":48}},"loc":{"start":{"line":49,"column":16},"end":{"line":49,"column":96}},"line":49},"5":{"name":"(anonymous_5)","decl":{"start":{"line":49,"column":27},"end":{"line":49,"column":28}},"loc":{"start":{"line":49,"column":37},"end":{"line":49,"column":82}},"line":49},"6":{"name":"(anonymous_6)","decl":{"start":{"line":82,"column":53},"end":{"line":82,"column":54}},"loc":{"start":{"line":82,"column":59},"end":{"line":88,"column":17}},"line":82},"7":{"name":"(anonymous_7)","decl":{"start":{"line":89,"column":39},"end":{"line":89,"column":40}},"loc":{"start":{"line":89,"column":45},"end":{"line":96,"column":17}},"line":89},"8":{"name":"(anonymous_8)","decl":{"start":{"line":122,"column":4},"end":{"line":122,"column":5}},"loc":{"start":{"line":122,"column":24},"end":{"line":168,"column":5}},"line":122},"9":{"name":"(anonymous_9)","decl":{"start":{"line":143,"column":60},"end":{"line":143,"column":61}},"loc":{"start":{"line":144,"column":24},"end":{"line":144,"column":62}},"line":144},"10":{"name":"(anonymous_10)","decl":{"start":{"line":180,"column":4},"end":{"line":180,"column":5}},"loc":{"start":{"line":180,"column":24},"end":{"line":230,"column":5}},"line":180},"11":{"name":"(anonymous_11)","decl":{"start":{"line":237,"column":24},"end":{"line":237,"column":25}},"loc":{"start":{"line":237,"column":44},"end":{"line":253,"column":1}},"line":237},"12":{"name":"(anonymous_12)","decl":{"start":{"line":259,"column":24},"end":{"line":259,"column":25}},"loc":{"start":{"line":259,"column":44},"end":{"line":279,"column":1}},"line":259},"13":{"name":"(anonymous_13)","decl":{"start":{"line":285,"column":28},"end":{"line":285,"column":29}},"loc":{"start":{"line":285,"column":48},"end":{"line":322,"column":1}},"line":285},"14":{"name":"generateInsights","decl":{"start":{"line":325,"column":15},"end":{"line":325,"column":31}},"loc":{"start":{"line":325,"column":57},"end":{"line":357,"column":1}},"line":325},"15":{"name":"(anonymous_15)","decl":{"start":{"line":332,"column":25},"end":{"line":332,"column":26}},"loc":{"start":{"line":332,"column":39},"end":{"line":332,"column":78}},"line":332},"16":{"name":"convertToCSV","decl":{"start":{"line":359,"column":9},"end":{"line":359,"column":21}},"loc":{"start":{"line":359,"column":28},"end":{"line":376,"column":1}},"line":359},"17":{"name":"(anonymous_17)","decl":{"start":{"line":368,"column":35},"end":{"line":368,"column":36}},"loc":{"start":{"line":368,"column":45},"end":{"line":371,"column":9}},"line":368},"18":{"name":"performCleanup","decl":{"start":{"line":378,"column":15},"end":{"line":378,"column":29}},"loc":{"start":{"line":378,"column":40},"end":{"line":395,"column":1}},"line":378},"19":{"name":"(anonymous_19)","decl":{"start":{"line":384,"column":42},"end":{"line":384,"column":43}},"loc":{"start":{"line":384,"column":50},"end":{"line":384,"column":87}},"line":384},"20":{"name":"performBackup","decl":{"start":{"line":397,"column":15},"end":{"line":397,"column":28}},"loc":{"start":{"line":397,"column":39},"end":{"line":410,"column":1}},"line":397},"21":{"name":"(anonymous_21)","decl":{"start":{"line":407,"column":54},"end":{"line":407,"column":55}},"loc":{"start":{"line":407,"column":68},"end":{"line":407,"column":111}},"line":407},"22":{"name":"performOptimization","decl":{"start":{"line":412,"column":15},"end":{"line":412,"column":34}},"loc":{"start":{"line":412,"column":45},"end":{"line":421,"column":1}},"line":412},"23":{"name":"(anonymous_23)","decl":{"start":{"line":414,"column":22},"end":{"line":414,"column":23}},"loc":{"start":{"line":414,"column":33},"end":{"line":414,"column":58}},"line":414}},"branchMap":{"0":{"loc":{"start":{"line":14,"column":4},"end":{"line":19,"column":5}},"type":"if","locations":[{"start":{"line":14,"column":4},"end":{"line":19,"column":5}},{"start":{},"end":{}}],"line":14},"1":{"loc":{"start":{"line":55,"column":8},"end":{"line":68,"column":9}},"type":"if","locations":[{"start":{"line":55,"column":8},"end":{"line":68,"column":9}},{"start":{},"end":{}}],"line":55},"2":{"loc":{"start":{"line":65,"column":45},"end":{"line":65,"column":72}},"type":"binary-expr","locations":[{"start":{"line":65,"column":45},"end":{"line":65,"column":66}},{"start":{"line":65,"column":70},"end":{"line":65,"column":72}}],"line":65},"3":{"loc":{"start":{"line":77,"column":26},"end":{"line":80,"column":20}},"type":"cond-expr","locations":[{"start":{"line":77,"column":41},"end":{"line":80,"column":13}},{"start":{"line":80,"column":16},"end":{"line":80,"column":20}}],"line":77},"4":{"loc":{"start":{"line":125,"column":29},"end":{"line":125,"column":46}},"type":"default-arg","locations":[{"start":{"line":125,"column":41},"end":{"line":125,"column":46}}],"line":125},"5":{"loc":{"start":{"line":129,"column":12},"end":{"line":149,"column":13}},"type":"if","locations":[{"start":{"line":129,"column":12},"end":{"line":149,"column":13}},{"start":{"line":132,"column":19},"end":{"line":149,"column":13}}],"line":129},"6":{"loc":{"start":{"line":138,"column":16},"end":{"line":146,"column":17}},"type":"if","locations":[{"start":{"line":138,"column":16},"end":{"line":146,"column":17}},{"start":{},"end":{}}],"line":138},"7":{"loc":{"start":{"line":183,"column":35},"end":{"line":183,"column":50}},"type":"default-arg","locations":[{"start":{"line":183,"column":44},"end":{"line":183,"column":50}}],"line":183},"8":{"loc":{"start":{"line":188,"column":12},"end":{"line":205,"column":13}},"type":"switch","locations":[{"start":{"line":189,"column":16},"end":{"line":192,"column":26}},{"start":{"line":193,"column":16},"end":{"line":196,"column":26}},{"start":{"line":197,"column":16},"end":{"line":200,"column":26}},{"start":{"line":201,"column":16},"end":{"line":204,"column":26}}],"line":188},"9":{"loc":{"start":{"line":190,"column":66},"end":{"line":190,"column":92}},"type":"cond-expr","locations":[{"start":{"line":190,"column":76},"end":{"line":190,"column":87}},{"start":{"line":190,"column":90},"end":{"line":190,"column":92}}],"line":190},"10":{"loc":{"start":{"line":191,"column":47},"end":{"line":191,"column":63}},"type":"binary-expr","locations":[{"start":{"line":191,"column":47},"end":{"line":191,"column":54}},{"start":{"line":191,"column":58},"end":{"line":191,"column":63}}],"line":191},"11":{"loc":{"start":{"line":194,"column":59},"end":{"line":194,"column":85}},"type":"cond-expr","locations":[{"start":{"line":194,"column":69},"end":{"line":194,"column":80}},{"start":{"line":194,"column":83},"end":{"line":194,"column":85}}],"line":194},"12":{"loc":{"start":{"line":195,"column":40},"end":{"line":195,"column":56}},"type":"binary-expr","locations":[{"start":{"line":195,"column":40},"end":{"line":195,"column":47}},{"start":{"line":195,"column":51},"end":{"line":195,"column":56}}],"line":195},"13":{"loc":{"start":{"line":207,"column":12},"end":{"line":221,"column":13}},"type":"if","locations":[{"start":{"line":207,"column":12},"end":{"line":221,"column":13}},{"start":{"line":212,"column":19},"end":{"line":221,"column":13}}],"line":207},"14":{"loc":{"start":{"line":218,"column":33},"end":{"line":218,"column":93}},"type":"cond-expr","locations":[{"start":{"line":218,"column":55},"end":{"line":218,"column":66}},{"start":{"line":218,"column":69},"end":{"line":218,"column":93}}],"line":218},"15":{"loc":{"start":{"line":292,"column":8},"end":{"line":307,"column":9}},"type":"switch","locations":[{"start":{"line":293,"column":12},"end":{"line":295,"column":22}},{"start":{"line":296,"column":12},"end":{"line":298,"column":22}},{"start":{"line":299,"column":12},"end":{"line":301,"column":22}},{"start":{"line":302,"column":12},"end":{"line":306,"column":19}}],"line":292},"16":{"loc":{"start":{"line":329,"column":4},"end":{"line":341,"column":5}},"type":"if","locations":[{"start":{"line":329,"column":4},"end":{"line":341,"column":5}},{"start":{},"end":{}}],"line":329},"17":{"loc":{"start":{"line":330,"column":36},"end":{"line":330,"column":64}},"type":"binary-expr","locations":[{"start":{"line":330,"column":36},"end":{"line":330,"column":58}},{"start":{"line":330,"column":62},"end":{"line":330,"column":64}}],"line":330},"18":{"loc":{"start":{"line":331,"column":38},"end":{"line":332,"column":101}},"type":"cond-expr","locations":[{"start":{"line":332,"column":12},"end":{"line":332,"column":97}},{"start":{"line":332,"column":100},"end":{"line":332,"column":101}}],"line":331},"19":{"loc":{"start":{"line":332,"column":46},"end":{"line":332,"column":77}},"type":"binary-expr","locations":[{"start":{"line":332,"column":46},"end":{"line":332,"column":72}},{"start":{"line":332,"column":76},"end":{"line":332,"column":77}}],"line":332},"20":{"loc":{"start":{"line":339,"column":20},"end":{"line":339,"column":111}},"type":"cond-expr","locations":[{"start":{"line":339,"column":48},"end":{"line":339,"column":58}},{"start":{"line":339,"column":61},"end":{"line":339,"column":111}}],"line":339},"21":{"loc":{"start":{"line":339,"column":61},"end":{"line":339,"column":111}},"type":"cond-expr","locations":[{"start":{"line":339,"column":89},"end":{"line":339,"column":98}},{"start":{"line":339,"column":101},"end":{"line":339,"column":111}}],"line":339},"22":{"loc":{"start":{"line":344,"column":23},"end":{"line":344,"column":55}},"type":"binary-expr","locations":[{"start":{"line":344,"column":23},"end":{"line":344,"column":49}},{"start":{"line":344,"column":53},"end":{"line":344,"column":55}}],"line":344},"23":{"loc":{"start":{"line":345,"column":23},"end":{"line":345,"column":53}},"type":"binary-expr","locations":[{"start":{"line":345,"column":23},"end":{"line":345,"column":48}},{"start":{"line":345,"column":52},"end":{"line":345,"column":53}}],"line":345},"24":{"loc":{"start":{"line":346,"column":4},"end":{"line":354,"column":5}},"type":"if","locations":[{"start":{"line":346,"column":4},"end":{"line":354,"column":5}},{"start":{},"end":{}}],"line":346},"25":{"loc":{"start":{"line":360,"column":4},"end":{"line":362,"column":5}},"type":"if","locations":[{"start":{"line":360,"column":4},"end":{"line":362,"column":5}},{"start":{},"end":{}}],"line":360},"26":{"loc":{"start":{"line":360,"column":8},"end":{"line":360,"column":49}},"type":"binary-expr","locations":[{"start":{"line":360,"column":8},"end":{"line":360,"column":28}},{"start":{"line":360,"column":32},"end":{"line":360,"column":49}}],"line":360},"27":{"loc":{"start":{"line":370,"column":19},"end":{"line":370,"column":87}},"type":"cond-expr","locations":[{"start":{"line":370,"column":47},"end":{"line":370,"column":79}},{"start":{"line":370,"column":82},"end":{"line":370,"column":87}}],"line":370},"28":{"loc":{"start":{"line":407,"column":75},"end":{"line":407,"column":110}},"type":"cond-expr","locations":[{"start":{"line":407,"column":96},"end":{"line":407,"column":106}},{"start":{"line":407,"column":109},"end":{"line":407,"column":110}}],"line":407}},"s":{"0":0,"1":0,"2":0,"3":0,"4":0,"5":0,"6":0,"7":0,"8":0,"9":0,"10":0,"11":0,"12":0,"13":0,"14":0,"15":0,"16":0,"17":0,"18":0,"19":0,"20":0,"21":0,"22":0,"23":0,"24":0,"25":0,"26":0,"27":0,"28":0,"29":0,"30":0,"31":0,"32":0,"33":0,"34":0,"35":0,"36":0,"37":0,"38":0,"39":0,"40":0,"41":0,"42":0,"43":0,"44":0,"45":0,"46":0,"47":0,"48":0,"49":0,"50":0,"51":0,"52":0,"53":0,"54":0,"55":0,"56":0,"57":0,"58":0,"59":0,"60":0,"61":0,"62":0,"63":0,"64":0,"65":0,"66":0,"67":0,"68":0,"69":0,"70":0,"71":0,"72":0,"73":0,"74":0,"75":0,"76":0,"77":0,"78":0,"79":0,"80":0,"81":0,"82":0,"83":0,"84":0,"85":0,"86":0,"87":0,"88":0,"89":0,"90":0,"91":0,"92":0,"93":0,"94":0,"95":0,"96":0,"97":0,"98":0,"99":0,"100":0,"101":0,"102":0,"103":0,"104":0,"105":0,"106":0,"107":0,"108":0,"109":0,"110":0,"111":0,"112":0,"113":0,"114":0,"115":0,"116":0,"117":0,"118":0,"119":0,"120":0,"121":0,"122":0,"123":0,"124":0,"125":0,"126":0,"127":0,"128":0,"129":0,"130":0,"131":0,"132":0,"133":0,"134":0,"135":0,"136":0},"f":{"0":0,"1":0,"2":0,"3":0,"4":0,"5":0,"6":0,"7":0,"8":0,"9":0,"10":0,"11":0,"12":0,"13":0,"14":0,"15":0,"16":0,"17":0,"18":0,"19":0,"20":0,"21":0,"22":0,"23":0},"b":{"0":[0,0],"1":[0,0],"2":[0,0],"3":[0,0],"4":[0],"5":[0,0],"6":[0,0],"7":[0],"8":[0,0,0,0],"9":[0,0],"10":[0,0],"11":[0,0],"12":[0,0],"13":[0,0],"14":[0,0],"15":[0,0,0,0],"16":[0,0],"17":[0,0],"18":[0,0],"19":[0,0],"20":[0,0],"21":[0,0],"22":[0,0],"23":[0,0],"24":[0,0],"25":[0,0],"26":[0,0],"27":[0,0],"28":[0,0]}}
,"/home/ec2-user/workspace/lightningtalk-circle/server/routes/docs.js": {"path":"/home/ec2-user/workspace/lightningtalk-circle/server/routes/docs.js","statementMap":{"0":{"start":{"line":6,"column":16},"end":{"line":6,"column":34}},"1":{"start":{"line":7,"column":18},"end":{"line":7,"column":47}},"2":{"start":{"line":8,"column":13},"end":{"line":8,"column":30}},"3":{"start":{"line":9,"column":13},"end":{"line":9,"column":28}},"4":{"start":{"line":10,"column":11},"end":{"line":10,"column":24}},"5":{"start":{"line":11,"column":19},"end":{"line":11,"column":50}},"6":{"start":{"line":13,"column":15},"end":{"line":13,"column":31}},"7":{"start":{"line":17,"column":0},"end":{"line":32,"column":1}},"8":{"start":{"line":18,"column":22},"end":{"line":18,"column":73}},"9":{"start":{"line":19,"column":2},"end":{"line":19,"column":43}},"10":{"start":{"line":20,"column":2},"end":{"line":20,"column":59}},"11":{"start":{"line":22,"column":2},"end":{"line":22,"column":63}},"12":{"start":{"line":23,"column":2},"end":{"line":31,"column":4}},"13":{"start":{"line":35,"column":23},"end":{"line":59,"column":1}},"14":{"start":{"line":65,"column":0},"end":{"line":65,"column":33}},"15":{"start":{"line":66,"column":0},"end":{"line":66,"column":66}},"16":{"start":{"line":72,"column":0},"end":{"line":83,"column":3}},"17":{"start":{"line":73,"column":2},"end":{"line":82,"column":3}},"18":{"start":{"line":74,"column":4},"end":{"line":74,"column":30}},"19":{"start":{"line":76,"column":4},"end":{"line":76,"column":57}},"20":{"start":{"line":77,"column":4},"end":{"line":81,"column":7}},"21":{"start":{"line":89,"column":0},"end":{"line":110,"column":3}},"22":{"start":{"line":90,"column":2},"end":{"line":109,"column":3}},"23":{"start":{"line":91,"column":24},"end":{"line":91,"column":75}},"24":{"start":{"line":93,"column":4},"end":{"line":101,"column":5}},"25":{"start":{"line":94,"column":6},"end":{"line":94,"column":58}},"26":{"start":{"line":95,"column":6},"end":{"line":95,"column":32}},"27":{"start":{"line":97,"column":6},"end":{"line":100,"column":9}},"28":{"start":{"line":103,"column":4},"end":{"line":103,"column":57}},"29":{"start":{"line":104,"column":4},"end":{"line":108,"column":7}},"30":{"start":{"line":116,"column":0},"end":{"line":281,"column":3}},"31":{"start":{"line":117,"column":2},"end":{"line":280,"column":3}},"32":{"start":{"line":118,"column":28},"end":{"line":267,"column":5}},"33":{"start":{"line":269,"column":4},"end":{"line":272,"column":7}},"34":{"start":{"line":274,"column":4},"end":{"line":274,"column":64}},"35":{"start":{"line":275,"column":4},"end":{"line":279,"column":7}},"36":{"start":{"line":287,"column":0},"end":{"line":346,"column":3}},"37":{"start":{"line":288,"column":2},"end":{"line":345,"column":3}},"38":{"start":{"line":289,"column":22},"end":{"line":315,"column":5}},"39":{"start":{"line":318,"column":4},"end":{"line":332,"column":5}},"40":{"start":{"line":319,"column":6},"end":{"line":331,"column":9}},"41":{"start":{"line":320,"column":8},"end":{"line":330,"column":11}},"42":{"start":{"line":321,"column":10},"end":{"line":329,"column":11}}
[...]
":422,"column":24},"end":{"line":422,"column":95}},"137":{"start":{"line":425,"column":4},"end":{"line":441,"column":7}},"138":{"start":{"line":426,"column":6},"end":{"line":440,"column":7}},"139":{"start":{"line":427,"column":8},"end":{"line":434,"column":10}},"140":{"start":{"line":436,"column":8},"end":{"line":439,"column":10}},"141":{"start":{"line":448,"column":4},"end":{"line":448,"column":48}},"142":{"start":{"line":451,"column":4},"end":{"line":453,"column":5}},"143":{"start":{"line":452,"column":6},"end":{"line":452,"column":86}},"144":{"start":{"line":460,"column":19},"end":{"line":460,"column":45}},"145":{"start":{"line":461,"column":4},"end":{"line":468,"column":5}},"146":{"start":{"line":462,"column":6},"end":{"line":466,"column":7}},"147":{"start":{"line":463,"column":8},"end":{"line":463,"column":30}},"148":{"start":{"line":467,"column":6},"end":{"line":467,"column":36}},"149":{"start":{"line":475,"column":4},"end":{"line":481,"column":6}},"150":{"start":{"line":488,"column":16},"end":{"line":488,"column":26}},"151":{"start":{"line":489,"column":22},"end":{"line":489,"column":35}},"152":{"start":{"line":492,"column":4},"end":{"line":497,"column":7}},"153":{"start":{"line":493,"column":6},"end":{"line":496,"column":7}},"154":{"start":{"line":494,"column":8},"end":{"line":494,"column":68}},"155":{"start":{"line":495,"column":8},"end":{"line":495,"column":39}},"156":{"start":{"line":500,"column":4},"end":{"line":510,"column":7}},"157":{"start":{"line":501,"column":6},"end":{"line":509,"column":7}},"158":{"start":{"line":502,"column":8},"end":{"line":502,"column":77}},"159":{"start":{"line":503,"column":8},"end":{"line":503,"column":34}},"160":{"start":{"line":504,"column":8},"end":{"line":508,"column":9}},"161":{"start":{"line":505,"column":10},"end":{"line":505,"column":21}},"162":{"start":{"line":517,"column":4},"end":{"line":519,"column":14}},"163":{"start":{"line":518,"column":6},"end":{"line":518,"column":36}},"164":{"start":{"line":526,"column":4},"end":{"line":526,"column":57}},"165":{"start":{"line":529,"column":4},"end":{"line":531,"column":7}},"166":{"start":{"line":530,"column":6},"end":{"line":530,"column":37}},"167":{"start":{"line":534,"column":4},"end":{"line":540,"column":7}},"168":{"start":{"line":535,"column":6},"end":{"line":539,"column":7}},"169":{"start":{"line":536,"column":8},"end":{"line":536,"column":19}},"170":{"start":{"line":542,"column":4},"end":{"line":542,"column":27}},"171":{"start":{"line":543,"column":4},"end":{"line":543,"column":31}},"172":{"start":{"line":544,"column":4},"end":{"line":544,"column":34}},"173":{"start":{"line":546,"column":4},"end":{"line":546,"column":58}},"174":{"start":{"line":551,"column":28},"end":{"line":551,"column":53}},"175":{"start":{"line":554,"column":0},"end":{"line":554,"column":43}},"176":{"start":{"line":557,"column":0},"end":{"line":560,"column":3}},"177":{"start":{"line":558,"column":2},"end":{"line":558,"column":33}},"178":{"start":{"line":559,"column":2},"end":{"line":559,"column":18}},"179":{"start":{"line":562,"column":0},"end":{"line":565,"column":3}},"180":{"start":{"line":563,"column":2},"end":{"line":563,"column":33}},"181":{"start":{"line":564,"column":2},"end":{"line":564,"column":18}},"182":{"start":{"line":567,"column":0},"end":{"line":567,"column":37}}},"fnMap":{"0":{"name":"(anonymous_0)","decl":{"start":{"line":11,"column":2},"end":{"line":11,"column":3}},"loc":{"start":{"line":11,"column":16},"end":{"line":21,"column":3}},"line":11},"1":{"name":"(anonymous_1)","decl":{"start":{"line":26,"column":2},"end":{"line":26,"column":3}},"loc":{"start":{"line":26,"column":24},"end":{"line":71,"column":3}},"line":26},"2":{"name":"(anonymous_2)","decl":{"start":{"line":28,"column":38},"end":{"line":28,"column":39}},"loc":{"start":{"line":28,"column":46},"end":{"line":34,"column":5}},"line":28},"3":{"name":"(anonymous_3)","decl":{"start":{"line":37,"column":30},"end":{"line":37,"column":31}},"loc":{"start":{"line":37,"column":38},"end":{"line":43,"column":5}},"line":37},"4":{"name":"(anonymous_4)","decl":{"start":{"line":46,"column":29},"end":{"line":46,"column":30}},"loc":{"start":{"line":46,"column":37},"end":{"line":52,"column":5}},"line":46},"5":{"name":"(anonymous_5)","decl":{"start":{"line":55,"column":35},"end":{"line":55,"column":36}},"loc":{"start":{"line":55,"column":43},"end":{"line":61,"column":5}},"line":55},"6":{"name":"(anonymous_6)","decl":{"start":{"line":64,"column":28},"end":{"line":64,"column":29}},"loc":{"start":{"line":64,"column":36},"end":{"line":70,"column":5}},"line":64},"7":{"name":"(anonymous_7)","decl":{"start":{"line":76,"column":2},"end":{"line":76,"column":3}},"loc":{"start":{"line":76,"column":21},"end":{"line":146,"column":3}},"line":76},"8":{"name":"(anonymous_8)","decl":{"start":{"line":116,"column":34},"end":{"line":116,"column":35}},"loc":{"start":{"line":116,"column":40},"end":{"line":130,"column":5}},"line":116},"9":{"name":"(anonymous_9)","decl":{"start":{"line":133,"column":20},"end":{"line":133,"column":21}},"loc":{"start":{"line":133,"column":26},"end":{"line":137,"column":5}},"line":133},"10":{"name":"(anonymous_10)","decl":{"start":{"line":139,"column":20},"end":{"line":139,"column":21}},"loc":{"start":{"line":139,"column":29},"end":{"line":143,"column":5}},"line":139},"11":{"name":"(anonymous_11)","decl":{"start":{"line":151,"column":2},"end":{"line":151,"column":3}},"loc":{"start":{"line":151,"column":22},"end":{"line":210,"column":3}},"line":151},"12":{"name":"(anonymous_12)","decl":{"start":{"line":152,"column":25},"end":{"line":152,"column":26}},"loc":{"start":{"line":152,"column":38},"end":{"line":209,"column":5}},"line":152},"13":{"name":"(anonymous_13)","decl":{"start":{"line":177,"column":23},"end":{"line":177,"column":24}},"loc":{"start":{"line":177,"column":34},"end":{"line":184,"column":7}},"line":177},"14":{"name":"(anonymous_14)","decl":{"start":{"line":187,"column":21},"end":{"line":187,"column":22}},"loc":{"start":{"line":187,"column":27},"end":{"line":190,"column":7}},"line":187},"15":{"name":"(anonymous_15)","decl":{"start":{"line":192,"column":21},"end":{"line":192,"column":22}},"loc":{"start":{"line":192,"column":30},"end":{"line":195,"column":7}},"line":192},"16":{"name":"(anonymous_16)","decl":{"start":{"line":198,"column":36},"end":{"line":198,"column":37}},"loc":{"start":{"line":198,"column":42},"end":{"line":204,"column":7}},"line":198},"17":{"name":"(anonymous_17)","decl":{"start":{"line":206,"column":20},"end":{"line":206,"column":21}},"loc":{"start":{"line":206,"column":26},"end":{"line":208,"column":7}},"line":206},"18":{"name":"(anonymous_18)","decl":{"start":{"line":215,"column":2},"end":{"line":215,"column":3}},"loc":{"start":{"line":215,"column":35},"end":{"line":232,"column":3}},"line":215},"19":{"name":"(anonymous_19)","decl":{"start":{"line":237,"column":2},"end":{"line":237,"column":3}},"loc":{"start":{"line":237,"column":33},"end":{"line":262,"column":3}},"line":237},"20":{"name":"(anonymous_20)","decl":{"start":{"line":239,"column":21},"end":{"line":239,"column":22}},"loc":{"start":{"line":239,"column":30},"end":{"line":247,"column":7}},"line":239},"21":{"name":"(anonymous_21)","decl":{"start":{"line":267,"column":2},"end":{"line":267,"column":3}},"loc":{"start":{"line":267,"column":35},"end":{"line":290,"column":3}},"line":267},"22":{"name":"(anonymous_22)","decl":{"start":{"line":269,"column":21},"end":{"line":269,"column":22}},"loc":{"start":{"line":269,"column":30},"end":{"line":275,"column":7}},"line":269},"23":{"name":"(anonymous_23)","decl":{"start":{"line":295,"column":2},"end":{"line":295,"column":3}},"loc":{"start":{"line":295,"column":30},"end":{"line":310,"column":3}},"line":295},"24":{"name":"(anonymous_24)","decl":{"start":{"line":315,"column":2},"end":{"line":315,"column":3}},"loc":{"start":{"line":315,"column":40},"end":{"line":334,"column":3}},"line":315},"25":{"name":"(anonymous_25)","decl":{"start":{"line":339,"column":2},"end":{"line":339,"column":3}},"loc":{"start":{"line":339,"column":29},"end":{"line":353,"column":3}},"line":339},"26":{"name":"(anonymous_26)","decl":{"start":{"line":342,"column":25},"end":{"line":342,"column":26}},"loc":{"start":{"line":342,"column":47},"end":{"line":352,"column":5}},"line":342},"27":{"name":"(anonymous_27)","decl":{"start":{"line":358,"column":2},"end":{"line":358,"column":3}},"loc":{"start":{"line":358,"column":35},"end":{"line":380,"column":3}},"line":358},"28":{"name":"(anonymous_28)","decl":{"start":{"line":366,"column":27},"end":{"line":366,"column":28}},"loc":{"start":{"line":366,"column":33},"end":{"line":379,"column":5}},"line":366},"29":{"name":"(anonymous_29)","decl":{"start":{"line":385,"column":2},"end":{"line":385,"column":3}},"loc":{"start":{"line":385,"column":39},"end":{"line":387,"column":3}},"line":385},"30":{"name":"(anonymous_30)","decl":{"start":{"line":392,"column":2},"end":{"line":392,"column":3}},"loc":{"start":{"line":392,"column":36},"end":{"line":413,"column":3}},"line":392},"31":{"name":"(anonymous_31)","decl":{"start":{"line":401,"column":8},"end":{"line":401,"column":9}},"loc":{"start":{"line":402,"column":10},"end":{"line":402,"column":89}},"line":402},"32":{"name":"(anonymous_32)","decl":{"start":{"line":405,"column":32},"end":{"line":405,"column":33}},"loc":{"start":{"line":405,"column":48},"end":{"line":412,"column":5}},"line":405},"33":{"name":"(anonymous_33)","decl":{"start":{"line":418,"column":2},"end":{"line":418,"column":3}},"loc":{"start":{"line":418,"column":32},"end":{"line":442,"column":3}},"line":418},"34":{"name":"(anonymous_34)","decl":{"start":{"line":422,"column":8},"end":{"line":422,"column":9}},"loc":{"start":{"line":422,"column":24},"end":{"line":422,"column":95}},"line":422},"35":{"name":"(anonymous_35)","decl":{"start":{"line":425,"column":32},"end":{"line":425,"column":33}},"loc":{"start":{"line":425,"column":48},"end":{"line":441,"column":5}},"line":425},"36":{"name":"(anonymous_36)","decl":{"start":{"line":447,"column":2},"end":{"line":447,"column":3}},"loc":{"start":{"line":447,"column":29},"end":{"line":454,"column":3}},"line":447},"37":{"name":"(anonymous_37)","decl":{"start":{"line":459,"column":2},"end":{"line":459,"column":3}},"loc":{"start":{"line":459,"column":28},"end":{"line":469,"column":3}},"line":459},"38":{"name":"(anonymous_38)","decl":{"start":{"line":474,"column":2},"end":{"line":474,"column":3}},"loc":{"start":{"line":474,"column":23},"end":{"line":482,"column":3}},"line":474},"39":{"name":"(anonymous_39)","decl":{"start":{"line":487,"column":2},"end":{"line":487,"column":3}},"loc":{"start":{"line":487,"column":27},"end":{"line":511,"column":3}},"line":487},"40":{"name":"(anonymous_40)","decl":{"start":{"line":492,"column":25},"end":{"line":492,"column":26}},"loc":{"start":{"line":492,"column":47},"end":{"line":497,"column":5}},"line":492},"41":{"name":"(anonymous_41)","decl":{"start":{"line":500,"column":27},"end":{"line":500,"column":28}},"loc":{"start":{"line":500,"column":33},"end":{"line":510,"column":5}},"line":500},"42":{"name":"(anonymous_42)","decl":{"start":{"line":516,"column":2},"end":{"line":516,"column":3}},"loc":{"start":{"line":516,"column":25},"end":{"line":520,"column":3}},"line":516},"43":{"name":"(anonymous_43)","decl":{"start":{"line":517,"column":16},"end":{"line":517,"column":17}},"loc":{"start":{"line":517,"column":22},"end":{"line":519,"column":5}},"line":517},"44":{"name":"(anonymous_44)","decl":{"start":{"line":525,"column":2},"end":{"line":525,"column":3}},"loc":{"start":{"line":525,"column":13},"end":{"line":547,"column":3}},"line":525},"45":{"name":"(anonymous_45)","decl":{"start":{"line":529,"column":25},"end":{"line":529,"column":26}},"loc":{"start":{"line":529,"column":47},"end":{"line":531,"column":5}},"line":529},"46":{"name":"(anonymous_46)","decl":{"start":{"line":534,"column":27},"end":{"line":534,"column":28}},"loc":{"start":{"line":534,"column":33},"end":{"line":540,"column":5}},"line":534},"47":{"name":"(anonymous_47)","decl":{"start":{"line":557,"column":21},"end":{"line":557,"column":22}},"loc":{"start":{"line":557,"column":27},"end":{"line":560,"column":1}},"line":557},"48":{"name":"(anonymous_48)","decl":{"start":{"line":562,"column":22},"end":{"line":562,"column":23}},"loc":{"start":{"line":562,"column":28},"end":{"line":565,"column":1}},"line":562}},"branchMap":{"0":{"loc":{"start":{"line":58,"column":14},"end":{"line":58,"column":33}},"type":"binary-expr","locations":[{"start":{"line":58,"column":14},"end":{"line":58,"column":23}},{"start":{"line":58,"column":27},"end":{"line":58,"column":33}}],"line":58},"1":{"loc":{"start":{"line":117,"column":6},"end":{"line":129,"column":7}},"type":"if","locations":[{"start":{"line":117,"column":6},"end":{"line":129,"column":7}},{"start":{"line":127,"column":13},"end":{"line":129,"column":7}}],"line":117},"2":{"loc":{"start":{"line":199,"column":8},"end":{"line":203,"column":9}},"type":"if","locations":[{"start":{"line":199,"column":8},"end":{"line":203,"column":9}},{"start":{"line":201,"column":15},"end":{"line":203,"column":9}}],"line":199},"3":{"loc":{"start":{"line":216,"column":4},"end":{"line":231,"column":5}},"type":"switch","locations":[{"start":{"line":217,"column":6},"end":{"line":219,"column":14}},{"start":{"line":220,"column":6},"end":{"line":222,"column":14}},{"start":{"line":223,"column":6},"end":{"line":225,"column":14}},{"start":{"line":226,"column":6},"end":{"line":228,"column":14}},{"start":{"line":229,"column":6},"end":{"line":230,"column":68}}],"line":216},"4":{"loc":{"start":{"line":238,"column":4},"end":{"line":261,"column":5}},"type":"if","locations":[{"start":{"line":238,"column":4},"end":{"line":261,"column":5}},{"start":{},"end":{}}],"line":238},"5":{"loc":{"start":{"line":243,"column":8},"end":{"line":245,"column":9}},"type":"if","locations":[{"start":{"line":243,"column":8},"end":{"line":245,"column":9}},{"start":{},"end":{}}],"line":243},"6":{"loc":{"start":{"line":268,"column":4},"end":{"line":289,"column":5}},"type":"if","locations":[{"start":{"line":268,"column":4},"end":{"line":289,"column":5}},{"start":{},"end":{}}],"line":268},"7":{"loc":{"start":{"line":272,"column":8},"end":{"line":274,"column":9}},"type":"if","locations":[{"start":{"line":272,"column":8},"end":{"line":274,"column":9}},{"start":{},"end":{}}],"line":272},"8":{"loc":{"start":{"line":296,"column":4},"end":{"line":309,"column":5}},"type":"if","locations":[{"start":{"line":296,"column":4},"end":{"line":309,"column":5}},{"start":{},"end":{}}],"line":296},"9":{"loc":{"start":{"line":296,"column":8},"end":{"line":296,"column":43}},"type":"binary-expr","locations":[{"start":{"line":296,"column":8},"end":{"line":296,"column":20}},{"start":{"line":296,"column":24},"end":{"line":296,"column":43}}],"line":296},"10":{"loc":{"start":{"line":300,"column":16},"end":{"line":300,"column":42}},"type":"binary-expr","locations":[{"start":{"line":300,"column":16},"end":{"line":300,"column":27}},{"start":{"line":300,"column":31},"end":{"line":300,"column":42}}],"line":300},"11":{"loc":{"start":{"line":315,"column":25},"end":{"line":315,"column":38}},"type":"default-arg","locations":[{"start":{"line":315,"column":33},"end":{"line":315,"column":38}}],"line":315},"12":{"loc":{"start":{"line":343,"column":6},"end":{"line":351,"column":7}},"type":"if","locations":[{"start":{"line":343,"column":6},"end":{"line":351,"column":7}},{"start":{},"end":{}}],"line":343},"13":{"loc":{"start":{"line":343,"column":10},"end":{"line":343,"column":89}},"type":"binary-expr","locations":[{"start":{"line":343,"column":10},"end":{"line":343,"column":41}},{"start":{"line":343,"column":45},"end":{"line":343,"column":89}}],"line":343},"14":{"loc":{"start":{"line":367,"column":6},"end":{"line":378,"column":7}},"type":"if","locations":[{"start":{"line":367,"column":6},"end":{"line":378,"column":7}},{"start":{},"end":{}}],"line":367},"15":{"loc":{"start":{"line":368,"column":8},"end":{"line":369,"column":81}},"type":"binary-expr","locations":[{"start":{"line":368,"column":8},"end":{"line":368,"column":33}},{"start":{"line":369,"column":9},"end":{"line":369,"column":36}},{"start":{"line":369,"column":40},"end":{"line":369,"column":80}}],"line":368},"16":{"loc":{"start":{"line":394,"column":4},"end":{"line":396,"column":5}},"type":"if","locations":[{"start":{"line":394,"column":4},"end":{"line":396,"column":5}},{"start":{},"end":{}}],"line":394},"17":{"loc":{"start":{"line":402,"column":10},"end":{"line":402,"column":89}},"type":"binary-expr","locations":[{"start":{"line":402,"column":10},"end":{"line":402,"column":41}},{"start":{"line":402,"column":45},"end":{"line":402,"column":89}}],"line":402},"18":{"loc":{"start":{"line":422,"column":24},"end":{"line":422,"column":95}},"type":"binary-expr","locations":[{"start":{"line":422,"column":24},"end":{"line":422,"column":51}},{"start":{"line":422,"column":55},"end":{"line":422,"column":95}}],"line":422},"19":{"loc":{"start":{"line":451,"column":4},"end":{"line":453,"column":5}},"type":"if","locations":[{"start":{"line":451,"column":4},"end":{"line":453,"column":5}},{"start":{},"end":{}}],"line":451},"20":{"loc":{"start":{"line":461,"column":4},"end":{"line":468,"column":5}},"type":"if","locations":[{"start":{"line":461,"column":4},"end":{"line":468,"column":5}},{"start":{},"end":{}}],"line":461},"21":{"loc":{"start":{"line":493,"column":6},"end":{"line":496,"column":7}},"type":"if","locations":[{"start":{"line":493,"column":6},"end":{"line":496,"column":7}},{"start":{},"end":{}}],"line":493},"22":{"loc":{"start":{"line":501,"column":6},"end":{"line":509,"column":7}},"type":"if","locations":[{"start":{"line":501,"column":6},"end":{"line":509,"column":7}},{"start":{},"end":{}}],"line":501},"23":{"loc":{"start":{"line":501,"column":10},"end":{"line":501,"column":93}},"type":"binary-expr","locations":[{"start":{"line":501,"column":10},"end":{"line":501,"column":35}},{"start":{"line":501,"column":40},"end":{"line":501,"column":55}},{"start":{"line":501,"column":59},"end":{"line":501,"column":92}}],"line":501}},"s":{"0":0,"1":0,"2":0,"3":0,"4":0,"5":0,"6":0,"7":0,"8":0,"9":0,"10":0,"11":0,"12":0,"13":0,"14":0,"15":0,"16":0,"17":0,"18":0,"19":0,"20":0,"21":0,"22":0,"23":0,"24":0,"25":0,"26":0,"27":0,"28":0,"29":0,"30":0,"31":0,"32":0,"33":0,"34":0,"35":0,"36":0,"37":0,"38":0,"39":0,"40":0,"41":0,"42":0,"43":0,"44":0,"45":0,"46":0,"47":0,"48":0,"49":0,"50":0,"51":0,"52":0,"53":0,"54":0,"55":0,"56":0,"57":0,"58":0,"59":0,"60":0,"61":0,"62":0,"63":0,"64":0,"65":0,"66":0,"67":0,"68":0,"69":0,"70":0,"71":0,"72":0,"73":0,"74":0,"75":0,"76":0,"77":0,"78":0,"79":0,"80":0,"81":0,"82":0,"83":0,"84":0,"85":0,"86":0,"87":0,"88":0,"89":0,"90":0,"91":0,"92":0,"93":0,"94":0,"95":0,"96":0,"97":0,"98":0,"99":0,"100":0,"101":0,"102":0,"103":0,"104":0,"105":0,"106":0,"107":0,"108":0,"109":0,"110":0,"111":0,"112":0,"113":0,"114":0,"115":0,"116":0,"117":0,"118":0,"119":0,"120":0,"121":0,"122":0,"123":0,"124":0,"125":0,"126":0,"127":0,"128":0,"129":0,"130":0,"131":0,"132":0,"133":0,"134":0,"135":0,"136":0,"137":0,"138":0,"139":0,"140":0,"141":0,"142":0,"143":0,"144":0,"145":0,"146":0,"147":0,"148":0,"149":0,"150":0,"151":0,"152":0,"153":0,"154":0,"155":0,"156":0,"157":0,"158":0,"159":0,"160":0,"161":0,"162":0,"163":0,"164":0,"165":0,"166":0,"167":0,"168":0,"169":0,"170":0,"171":0,"172":0,"173":0,"174":0,"175":0,"176":0,"177":0,"178":0,"179":0,"180":0,"181":0,"182":0},"f":{"0":0,"1":0,"2":0,"3":0,"4":0,"5":0,"6":0,"7":0,"8":0,"9":0,"10":0,"11":0,"12":0,"13":0,"14":0,"15":0,"16":0,"17":0,"18":0,"19":0,"20":0,"21":0,"22":0,"23":0,"24":0,"25":0,"26":0,"27":0,"28":0,"29":0,"30":0,"31":0,"32":0,"33":0,"34":0,"35":0,"36":0,"37":0,"38":0,"39":0,"40":0,"41":0,"42":0,"43":0,"44":0,"45":0,"46":0,"47":0,"48":0},"b":{"0":[0,0],"1":[0,0],"2":[0,0],"3":[0,0,0,0,0],"4":[0,0],"5":[0,0],"6":[0,0],"7":[0,0],"8":[0,0],"9":[0,0],"10":[0,0],"11":[0],"12":[0,0],"13":[0,0],"14":[0,0],"15":[0,0,0],"16":[0,0],"17":[0,0],"18":[0,0],"19":[0,0],"20":[0,0],"21":[0,0],"22":[0,0],"23":[0,0,0]}}
}
