{"/home/ec2-user/workspace/lightningtalk-circle/scripts/auto-workflow.js": {"path":"/home/ec2-user/workspace/lightningtalk-circle/scripts/auto-workflow.js","statementMap":{"0":{"start":{"line":14,"column":0},"end":{"line":14,"column":16}},"1":{"start":{"line":18,"column":4},"end":{"line":20,"column":7}},"2":{"start":{"line":22,"column":4},"end":{"line":29,"column":6}},"3":{"start":{"line":31,"column":4},"end":{"line":37,"column":6}},"4":{"start":{"line":32,"column":21},"end":{"line":32,"column":56}},"5":{"start":{"line":33,"column":24},"end":{"line":33,"column":58}},"6":{"start":{"line":34,"column":24},"end":{"line":34,"column":61}},"7":{"start":{"line":35,"column":22},"end":{"line":35,"column":54}},"8":{"start":{"line":36,"column":21},"end":{"line":36,"column":55}},"9":{"start":{"line":44,"column":21},"end":{"line":57,"column":5}},"10":{"start":{"line":59,"column":4},"end":{"line":69,"column":5}},"11":{"start":{"line":60,"column":20},"end":{"line":60,"column":46}},"12":{"start":{"line":61,"column":6},"end":{"line":68,"column":7}},"13":{"start":{"line":62,"column":8},"end":{"line":67,"column":10}},"14":{"start":{"line":72,"column":4},"end":{"line":77,"column":6}},"15":{"start":{"line":84,"column":22},"end":{"line":88,"column":23}},"16":{"start":{"line":90,"column":22},"end":{"line":90,"column":53}},"17":{"start":{"line":91,"column":4},"end":{"line":91,"column":47}},"18":{"start":{"line":98,"column":4},"end":{"line":98,"column":65}},"19":{"start":{"line":100,"column":4},"end":{"line":122,"column":5}},"20":{"start":{"line":101,"column":27},"end":{"line":101,"column":55}},"21":{"start":{"line":102,"column":27},"end":{"line":102,"column":76}},"22":{"start":{"line":105,"column":6},"end":{"line":107,"column":7}},"23":{"start":{"line":106,"column":8},"end":{"line":106,"column":68}},"24":{"start":{"line":110,"column":6},"end":{"line":110,"column":90}},"25":{"start":{"line":113,"column":6},"end":{"line":115,"column":7}},"26":{"start":{"line":114,"column":8},"end":{"line":114,"column":73}},"27":{"start":{"line":117,"column":6},"end":{"line":117,"column":63}},"28":{"start":{"line":118,"column":6},"end":{"line":118,"column":44}},"29":{"start":{"line":120,"column":6},"end":{"line":120,"column":68}},"30":{"start":{"line":121,"column":6},"end":{"line":121,"column":18}},"31":{"start":{"line":129,"column":4},"end":{"line":129,"column":69}},"32":{"start":{"line":131,"column":24},"end":{"line":131,"column":37}},"33":{"start":{"line":132,"column":4},"end":{"line":132,"column":32}},"34":{"start":{"line":134,"column":4},"end":{"line":162,"column":5}},"35":{"start":{"line":136,"column":6},"end":{"line":157,"column":7}},"36":{"start":{"line":138,"column":10},"end":{"line":138,"column":44}},"37":{"start":{"line":139,"column":10},"end":{"line":139,"column":16}},"38":{"start":{"line":141,"column":10},"end":{"line":141,"column":34}},"39":{"start":{"line":142,"column":10},"end":{"line":142,"column":16}},"40":{"start":{"line":144,"column":10},"end":{"line":144,"column":43}},"41":{"start":{"line":145,"column":10},"end":{"line":145,"column":16}},"42":{"start":{"line":147,"column":10},"end":{"line":147,"column":46}},"43":{"start":{"line":148,"column":10},"end":{"line":148,"column":16}},"44":{"start":{"line":150,"column":10},"end":{"line":150,"column":47}},"45":{"start":{"line":151,"column":10},"end":{"line":151,"column":16}},"46":{"start":{"line":153,"column":10},"end":{"line":153,"column":36}},"47":{"start":{"line":154,"column":10},"end":{"line":154,"column":16}},"48":{"start":{"line":156,"column":10},"end":{"line":156,"column":44}},"49":{"start":{"line":159,"column":6},"end":{"line":159,"column":53}},"50":{"start":{"line":161,"column":6},"end":{"line":161,"column":33}},"51":{"start":{"line":170,"column":28},"end":{"line":189,"column":1}},"52":{"start":{"line":191,"column":23},"end":{"line":191,"column":37}},"53":{"start":{"line":192,"column":4},"end":{"line":194,"column":5}},"54":{"start":{"line":193,"column":6},"end":{"line":193,"column":52}},"55":{"start":{"line":196,"column":21},"end":{"line":196,"column":80}},"56":{"start":{"line":197,"column":4},"end":{"line":197,"column":71}},"57":{"start":{"line":200,"column":4},"end":{"line":200,"column":33}},"58":{"start":{"line":208,"column":22},"end":{"line":224,"column":1}},"59":{"start":{"line":226,"column":4},"end":{"line":228,"column":5}},"60":{"start":{"line":227,"column":6},"end":{"line":227,"column":31}},"61":{"start":{"line":230,"column":20},"end":{"line":230,"column":88}},"62":{"start":{"line":231,"column":4},"end":{"line":231,"column":41}},"63":{"start":{"line":239,"column":23},"end":{"line":245,"column":5}},"64":{"start":{"line":247,"column":4},"end":{"line":247,"column":73}},"65":{"start":{"line":248,"column":4},"end":{"line":248,"column":38}},"66":{"start":{"line":255,"column":24},"end":{"line":271,"column":1}},"67":{"start":{"line":273,"column":4},"end":{"line":273,"column":52}},"68":{"start":{"line":280,"column":20},"end":{"line":280,"column":41}},"69":{"start":{"line":281,"column":4},"end":{"line":283,"column":5}},"70":{"start":{"line":282,"column":6},"end":{"line":282,"column":49}},"71":{"start":{"line":285,"column":23},"end":{"line":299,"column":1}},"72":{"start":{"line":301,"column":21},"end":{"line":301,"column":80}},"73":{"start":{"line":302,"column":4},"end":{"line":302,"column":63}},"74":{"start":{"line":309,"column":25},"end":{"line":325,"column":1}},"75":{"start":{"line":327,"column":20},"end":{"line":327,"column":42}},"76":{"start":{"line":328,"column":4},"end":{"line":330,"column":5}},"77":{"start":{"line":329,"column":6},"end":{"line":329,"column":49}},"78":{"start":{"line":332,"column":21},"end":{"line":332,"column":85}},"79":{"start":{"line":333,"column":4},"end":{"line":333,"column":65}},"80":{"start":{"line":340,"column":4},"end":{"line":355,"column":5}},"81":{"start":{"line":341,"column":26},"end":{"line":341,"column":40}},"82":{"start":{"line":342,"column":6},"end":{"line":352,"column":7}},"83":{"start":{"line":343,"column":28},"end":{"line":343,"column":76}},"84":{"start":{"line":346,"column":8},"end":{"line":346,"column":59}},"85":{"start":{"line":346,"column":34},"end":{"line":346,"column":59}},"86":{"start":{"line":348,"column":27},"end":{"line":348,"column":78}},"87":{"start":{"line":349,"column":8},"end":{"line":349,"column":79}},"88":{"start":{"line":351,"column":8},"end":{"line":351,"column":76}},"89":{"start":{"line":354,"column":6},"end":{"line":354,"column":74}},"90":{"start":{"line":362,"column":4},"end":{"line":362,"column":48}},"91":{"start":{"line":364,"column":24},"end":{"line":364,"column":37}},"92":{"start":{"line":365,"column":4},"end":{"line":365,"column":32}},"93":{"start":{"line":367,"column":4},"end":{"line":379,"column":5}},"94":{"start":{"line":369,"column":6},"end":{"line":370,"column":30}},"95":{"start":{"line":372,"column":6},"end":{"line":372,"column":43}},"96":{"start":{"line":373,"column":6},"end":{"line":373,"column":18}},"97":{"start":{"line":375,"column":6},"end":{"line":375,"column":37}},"98":{"start":{"line":376,"column":6},"end":{"line":376,"column":19}},"99":{"start":{"line":378,"column":6},"end":{"line":378,"column":33}},"100":{"start":{"line":386,"column":4},"end":{"line":386,"column":43}},"101":{"start":{"line":388,"column":24},"end":{"line":388,"column":37}},"102":{"start":{"line":389,"column":4},"end":{"line":389,"column":32}},"103":{"start":{"line":391,"column":4},"end":{"line":408,"column":5}},"104":{"start":{"line":392,"column":6},"end":{"line":392,"column":50}},"105":{"start":{"line":394,"column":28},"end":{"line":400,"column":47}},"106":{"start":{"line":402,"column":6},"end":{"line":402,"column":73}},"107":{"start":{"line":403,"column":6},"end":{"line":403,"column":78}},"108":{"start":{"line":405,"column":6},"end":{"line":405,"column":55}},"109":{"start":{"line":407,"column":6},"end":{"line":407,"column":33}},"110":{"start":{"line":415,"column":4},"end":{"line":415,"column":46}},"111":{"start":{"line":417,"column":4},"end":{"line":475,"column":5}},"112":{"start":{"line":418,"column":22},"end":{"line":418,"column":102}},"113":{"start":{"line":419,"column":21},"end":{"line":447,"column":47}},"114":{"start":{"line":449,"column":21},"end":{"line":449,"column":43}},"115":{"start":{"line":451,"column":27},"end":{"line":458,"column":8}},"116":{"start":{"line":461,"column":6},"end":{"line":468,"column":7}},"117":{"start":{"line":462,"column":8},"end":{"line":467,"column":11}},"118":{"start":{"line":470,"column":6},"end":{"line":470,"column":63}},"119":{"start":{"line":471,"column":6},"end":{"line":471,"column":16}},"120":{"start":{"line":473,"column":6},"end":{"line":473,"column":72}},"121":{"start":{"line":474,"column":6},"end":{"line":474,"column":18}},"122":{"start":{"line":482,"column":21},"end":{"line":489,"column":5}},"123":{"start":{"line":491,"column":4},"end":{"line":491,"column":50}},"124":{"start":{"line":498,"column":4},"end":{"line":498,"column":52}},"125":{"start":{"line":500,"column":4},"end":{"line":556,"column":5}},"126":{"start":{"line":502,"column":28},"end":{"line":502,"column":72}},"127":{"start":{"line":505,"column":29},"end":{"line":505,"column":72}},"128":{"start":{"line":508,"column":32},"end":{"line":508,"column":79}},"129":{"start":{"line":510,"column":29},"end":{"line":510,"column":31}},"130":{"start":{"line":512,"column":6},"end":{"line":516,"column":7}},"131":{"start":{"line":513,"column":8},"end":{"line":513,"column":94}},"132":{"start":{"line":515,"column":8},"end":{"line":515,"column":69}},"133":{"start":{"line":518,"column":6},"end":{"line":522,"column":7}},"134":{"start":{"line":519,"column":8},"end":{"line":519,"column":91}},"135":{"start":{"line":521,"column":8},"end":{"line":521,"column":63}},"136":{"start":{"line":524,"column":6},"end":{"line":528,"column":7}},"137":{"start":{"line":525,"column":8},"end":{"line":525,"column":91}},"138":{"start":{"line":527,"column":8},"end":{"line":527,"column":75}},"139":{"start":{"line":530,"column":30},"end":{"line":530,"column":103}},"140":{"start":{"line":532,"column":25},"end":{"line":540,"column":71}},"141":{"start":{"line":543,"column":6},"end":{"line":549,"column":9}},"142":{"start":{"line":551,"column":6},"end":{"line":551,"column":108}},"143":{"start":{"line":552,"column":6},"end":{"line":552,"column":47}},"144":{"start":{"line":554,"column":6},"end":{"line":554,"column":66}},"145":{"start":{"line":555,"column":6},"end":{"line":555,"column":18}},"146":{"start":{"line":563,"column":4},"end":{"line":579,"column":5}},"147":{"start":{"line":565,"column":21},"end":{"line":565,"column":23}},"148":{"start":{"line":568,"column":6},"end":{"line":568,"column":54}},"149":{"start":{"line":570,"column":6},"end":{"line":573,"column":8}},"150":{"start":{"line":575,"column":6},"end":{"line":578,"column":8}},"151":{"start":{"line":586,"column":4},"end":{"line":599,"column":5}},"152":{"start":{"line":587,"column":6},"end":{"line":587,"column":48}},"153":{"start":{"line":590,"column":6},"end":{"line":593,"column":8}},"154":{"start":{"line":595,"column":6},"end":{"line":598,"column":8}},"155":{"start":{"line":606,"column":4},"end":{"line":619,"column":5}},"156":{"start":{"line":607,"column":6},"end":{"line":607,"column":52}},"157":{"start":{"line":610,"column":6},"end":{"line":613,"column":8}},"158":{"start":{"line":615,"column":6},"end":{"line":618,"column":8}},"159":{"start":{"line":626,"column":4},"end":{"line":629,"column":5}},"160":{"start":{"line":627,"column":6},"end":{"line":627,"column":74}},"161":{"start":{"line":628,"column":6},"end":{"line":628,"column":19}},"162":{"start":{"line":631,"column":4},"end":{"line":631,"column":46}},"163":{"start":{"line":633,"column":4},"end":{"line":660,"column":5}},"164":{"start":{"line":635,"column":31},"end":{"line":639,"column":8}},"165":{"start":{"line":641,"column":6},"end":{"line":644,"column":7}},"166":{"start":{"line":642,"column":8},"end":{"line":642,"column":79}},"167":{"start":{"line":643,"column":8},"end":{"line":643,"column":21}},"168":{"start":{"line":647,"column":6},"end":{"line":653,"column":9}},"169":{"start":{"line":655,"column":6},"end":{"line":655,"column":63}},"170":{"start":{"line":656,"column":6},"end":{"line":656,"column":18}},"171":{"start":{"line":658,"column":6},"end":{"line":658,"column":60}},"172":{"start":{"line":659,"column":6},"end":{"line":659,"column":19}},"173":{"start":{"line":667,"column":4},"end":{"line":667,"column":45}},"174":{"start":{"line":669,"column":4},"end":{"line":682,"column":5}},"175":{"start":{"line":671,"column":6},"end":{"line":671,"column":76}},"176":{"start":{"line":674,"column":6},"end":{"line":677,"column":7}},"177":{"start":{"line":675,"column":8},"end":{"line":675,"column":70}},"178":{"start":{"line":676,"column":8},"end":{"line":676,"column":81}},"179":{"start":{"line":679,"column":6},"end":{"line":679,"column":53}},"180":{"start":{"line":681,"column":6},"end":{"line":681,"column":60}},"181":{"start":{"line":689,"column":4},"end":{"line":689,"column":74}},"182":{"start":{"line":691,"column":4},"end":{"line":747,"column":5}},"183":{"start":{"line":693,"column":19},"end":{"line":693,"column":53}},"184":{"start":{"line":694,"column":6},"end":{"line":694,"column":78}},"185":{"start":{"line":697,"column":45},"end":{"line":697,"column":87}},"186":{"start":{"line":700,"column":6},"end":{"line":700,"column":60}},"187":{"start":{"line":703,"column":24},"end":{"line":703,"column":66}},"188":{"start":{"line":704,"column":6},"end":{"line":706,"column":7}},"189":{"start":{"line":705,"column":8},"end":{"line":705,"column":50}},"190":{"start":{"line":709,"column":6},"end":{"line":709,"column":51}},"191":{"start":{"line":712,"column":17},"end":{"line":712,"column":51}},"192":{"start":{"line":715,"column":27},"end":{"line":715,"column":70}},"193":{"start":{"line":718,"column":19},"end":{"line":718,"column":24}},"194":{"start":{"line":719,"column":6},"end":{"line":721,"column":7}},"195":{"start":{"line":720,"column":8},"end":{"line":720,"column":49}},"196":{"start":{"line":724,"column":6},"end":{"line":724,"column":72}},"197":{"start":{"line":726,"column":6},"end":{"line":726,"column":62}},"198":{"start":{"line":727,"column":6},"end":{"line":727,"column":35}},"199":{"start":{"line":728,"column":6},"end":{"line":728,"column":54}},"200":{"start":{"line":729,"column":6},"end":{"line":729,"column":47}},"201":{"start":{"line":730,"column":6},"end":{"line":730,"column":76}},"202":{"start":{"line":732,"column":6},"end":{"line":738,"column":8}},"203":{"start":{"line":741,"column":6},"end":{"line":741,"column":60}},"204":{"start":{"line":742,"column":6},"end":{"line":746,"column":8}},"205":{"start":{"line":752,"column":0},"end":{"line":780,"column":1}},"206":{"start":{"line":753,"column":22},"end":{"line":753,"column":37}},"207":{"start":{"line":755,"column":2},"end":{"line":766,"column":3}},"208":{"start":{"line":756,"column":4},"end":{"line":764,"column":3}},"209":{"start":{"line":765,"column":4},"end":{"line":765,"column":20}},"210":{"start":{"line":768,"column":23},"end":{"line":768,"column":53}},"211":{"start":{"line":769,"column":2},"end":{"line":779,"column":7}},"212":{"start":{"line":771,"column":6},"end":{"line":771,"column":54}},"213":{"start":{"line":772,"column":6},"end":{"line":772,"column":62}},"214":{"start":{"line":773,"column":6},"end":{"line":773,"column":47}},"215":{"start":{"line":774,"column":6},"end":{"line":774,"column":43}},"216":{"start":{"line":777,"column":6},"end":{"line":777,"column":62}},"217":{"start":{"line":778,"column":6},"end":{"line":778,"column":22}}},"fnMap":{"0":{"name":"(anonymous_0)","decl":{"start":{"line":17,"column":2},"end":{"line":17,"column":3}},"loc":{"start":{"line":17,"column":16},"end":{"line":38,"column":3}},"line":17},"1":{"name":"(anonymous_1)","decl":{"start":{"line":32,"column":12},"end":{"line":32,"column":13}},"loc":{"start":{"line":32,"column":21},"end":{"line":32,"column":56}},"line":32},"2":{"name":"(anonymous_2)","decl":{"start":{"line":33,"column":15},"end":{"line":33,"column":16}},"loc":{"start":{"line":33,"column":24},"end":{"line":33,"column":58}},"line":33},"3":{"name":"(anonymous_3)","decl":{"start":{"line":34,"column":15},"end":{"line":34,"column":16}},"loc":{"start":{"line":34,"column":24},"end":{"line":34,"column":61}},"line":34},"4":{"name":"(anonymous_4)","decl":{"start":{"line":35,"column":13},"end":{"line":35,"column":14}},"loc":{"start":{"line":35,"column":22},"end":{"line":35,"column":54}},"line":35},"5":{"name":"(anonymous_5)","decl":{"start":{"line":36,"column":12},"end":{"line":36,"column":13}},"loc":{"start":{"line":36,"column":21},"end":{"line":36,"column":55}},"line":36},"6":{"name":"(anonymous_6)","decl":{"start":{"line":43,"column":2},"end":{"line":43,"column":3}},"loc":{"start":{"line":43,"column":32},"end":{"line":78,"column":3}},"line":43},"7":{"name":"(anonymous_7)","decl":{"start":{"line":83,"column":2},"end":{"line":83,"column":3}},"loc":{"start":{"line":83,"column":40},"end":{"line":92,"column":3}},"line":83},"8":{"name":"(anonymous_8)","decl":{"start":{"line":97,"column":2},"end":{"line":97,"column":3}},"loc":{"start":{"line":97,"column":35},"end":{"line":123,"column":3}},"line":97},"9":{"name":"(anonymous_9)","decl":{"start":{"line":128,"column":2},"end":{"line":128,"column":3}},"loc":{"start":{"line":128,"column":51},"end":{"line":163,"column":3}},"line":128},"10":{"name":"(anonymous_10)","decl":{"start":{"line":168,"column":2},"end":{"line":168,"column":3}},"loc":{"start":{"line":168,"column":31},"end":{"line":201,"column":3}},"line":168},"11":{"name":"(anonymous_11)","decl":{"start":{"line":206,"column":2},"end":{"line":206,"column":3}},"loc":{"start":{"line":206,"column":21},"end":{"line":232,"column":3}},"line":206},"12":{"name":"(anonymous_12)","decl":{"start":{"line":237,"column":2},"end":{"line":237,"column":3}},"loc":{"start":{"line":237,"column":30},"end":{"line":249,"column":3}},"line":237},"13":{"name":"(anonymous_13)","decl":{"start":{"line":254,"column":2},"end":{"line":254,"column":3}},"loc":{"start":{"line":254,"column":33},"end":{"line":274,"column":3}},"line":254},"14":{"name":"(anonymous_14)","decl":{"start":{"line":279,"column":2},"end":{"line":279,"column":3}},"loc":{"start":{"line":279,"column":34},"end":{"line":303,"column":3}},"line":279},"15":{"name":"(anonymous_15)","decl":{"start":{"line":308,"column":2},"end":{"line":308,"column":3}},"loc":{"start":{"line":308,"column":23},"end":{"line":334,"column":3}},"line":308},"16":{"name":"(anonymous_16)","decl":{"start":{"line":339,"column":2},"end":{"line":339,"column":3}},"loc":{"start":{"line":339,"column":26},"end":{"line":356,"column":3}},"line":339},"17":{"name":"(anonymous_17)","decl":{"start":{"line":361,"column":2},"end":{"line":361,"column":3}},"loc":{"start":{"line":361,"column":40},"end":{"line":380,"column":3}},"line":361},"18":{"name":"(anonymous_18)","decl":{"start":{"line":385,"column":2},"end":{"line":385,"column":3}},"loc":{"start":{"line":385,"column":42},"end":{"line":409,"column":3}},"line":385},"19":{"name":"(anonymous_19)","decl":{"start":{"line":414,"column":2},"end":{"line":414,"column":3}},"loc":{"start":{"line":414,"column":32},"end":{"line":476,"column":3}},"line":414},"20":{"name":"(anonymous_20)","decl":{"start":{"line":481,"column":2},"end":{"line":481,"column":3}},"loc":{"start":{"line":481,"column":20},"end":{"line":492,"column":3}},"line":481},"21":{"name":"(anonymous_21)","decl":{"start":{"line":497,"column":2},"end":{"line":497,"column":3}},"loc":{"start":{"line":497,"column":41},"end":{"line":557,"column":3}},"line":497},"22":{"name":"(anonymous_22)","decl":{"start":{"line":562,"column":2},"end":{"line":562,"column":3}},"loc":{"start":{"line":562,"column":37},"end":{"line":580,"column":3}},"line":562},"23":{"name":"(anonymous_23)","decl":{"start":{"line":585,"column":2},"end":{"line":585,"column":3}},"loc":{"start":{"line":585,"column":36},"end":{"line":600,"column":3}},"line":585},"24":{"name":"(anonymous_24)","decl":{"start":{"line":605,"column":2},"end":{"line":605,"column":3}},"loc":{"start":{"line":605,"column":40},"end":{"line":620,"column":3}},"line":605},"25":{"name":"(anonymous_25)","decl":{"start":{"line":625,"column":2},"end":{"line":625,"column":3}},"loc":{"start":{"line":625,"column":29},"end":{"line":661,"column":3}},"line":625},"26":{"name":"(anonymous_26)","decl":{"start":{"line":666,"column":2},"end":{"line":666,"column":3}},"loc":{"start":{"line":666,"column":66},"end":{"line":683,"column":3}},"line":666},"27":{"name":"(anonymous_27)","decl":{"start":{"line":688,"column":2},"end":{"line":688,"column":3}},"loc":{"start":{"line":688,"column":37},"end":{"line":748,"column":3}},"line":688},"28":{"name":"(anonymous_28)","decl":{"start":{"line":770,"column":10},"end":{"line":770,"column":11}},"loc":{"start":{"line":770,"column":20},"end":{"line":775,"column":5}},"line":770},"29":{"name":"(anonymous_29)","decl":{"start":{"line":776,"column":11},"end":{"line":776,"column":12}},"loc":{"start":{"line":776,"column":20},"end":{"line":779,"column":5}},"line":776}},"branchMap":{"0":{"loc":{"start":{"line":23,"column":13},"end":{"line":23,"column":48}},"type":"binary-expr","locations":[{"start":{"line":23,"column":13},"end":{"line":23,"column":37}},{"start":{"line":23,"column":41},"end":{"line":23,"column":48}}],"line":23},"1":{"loc":{"start":{"line":24,"column":12},"end":{"line":24,"column":61}},"type":"binary-expr","locations":[{"start":{"line":24,"column":12},"end":{"line":24,"column":35}},{"start":{"line":24,"column":39},"end":{"line":24,"column":61}}],"line":24},"2":{"loc":{"start":{"line":61,"column":6},"end":{"line":68,"column":7}},"type":"if","locations":[{"start":{"line":61,"column":6},"end":{"line":68,"column":7}},{"start":{},"end":{}}],"line":61},"3":{"loc":{"start":{"line":105,"column":6},"end":{"line":107,"column":7}},"type":"if","locations":[{"start":{"line":105,"column":6},"end":{"line":107,"column":7}},{"start":{},"end":{}}],"line":105},"4":{"loc":{"start":{"line":113,"column":6},"end":{"line":115,"column":7}},"type":"if","locations":[{"start":{"line":113,"column":6},"end":{"line":115,"column":7}},{"start":{},"end":{}}],"line":113},"5":{"loc":{"start":{"line":136,"column":6},"end":{"line":157,"column":7}},"type":"switch","locations":[{"start":{"line":137,"column":8},"end":{"line":139,"column":16}},{"start":{"line":140,"column":8},"end":{"line":142,"column":16}},{"start":{"line":143,"column":8},"end":{"line":145,"column":16}},{"start":{"line":146,"column":8},"end":{"line":148,"column":16}},{"start":{"line":149,"column":8},"end":{"line":151,"column":16}},{"start":{"line":152,"column":8},"end":{"line":154,"column":16}},{"start":{"line":155,"column":8},"end":{"line":156,"column":44}}],"line":136},"6":{"loc":{"start":{"line":192,"column":4},"end":{"line":194,"column":5}},"type":"if","locations":[{"start":{"line":192,"column":4},"end":{"line":194,"column":5}},{"start":{},"end":{}}],"line":192},"7":{"loc":{"start":{"line":226,"column":4},"end":{"line":228,"column":5}},"type":"if","locations":[{"start":{"line":226,"column":4},"end":{"line":228,"column":5}},{"start":{},"end":{}}],"line":226},"8":{"loc":{"start":{"line":281,"column":4},"end":{"line":283,"column":5}},"type":"if","locations":[{"start":{"line":281,"column":4},"end":{"line":283,"column":5}},{"start":{},"end":{}}],"line":281},"9":{"loc":{"start":{"line":328,"column":4},"end":{"line":330,"column":5}},"type":"if","locations":[{"start":{"line":328,"column":4},"end":{"line":330,"column":5}},{"start":{},"end":{}}],"line":328},"10":{"loc":{"start":{"line":342,"column":6},"end":{"line":352,"column":7}},"type":"if","locations":[{"start":{"line":342,"column":6},"end":{"line":352,"column":7}},{"start":{},"end":{}}],"line":342},"11":{"loc":{"start":{"line":346,"column":8},"end":{"line":346,"column":59}},"type":"if","locations":[{"start":{"line":346,"column":8},"end":{"line":346,"column":59}},{"start":{},"end":{}}],"line":346},"12":{"loc":{"start":{"line":428,"column":5},"end":{"line":428,"column":40}},"type":"cond-expr","locations":[{"start":{"line":428,"column":31},"end":{"line":428,"column":34}},{"start":{"line":428,"column":37},"end":{"line":428,"column":40}}],"line":428},"13":{"loc":{"start":{"line":429,"column":5},"end":{"line":429,"column":39}},"type":"cond-expr","locations":[{"start":{"line":429,"column":30},"end":{"line":429,"column":33}},{"start":{"line":429,"column":36},"end":{"line":429,"column":39}}],"line":429},"14":{"loc":{"start":{"line":430,"column":5},"end":{"line":430,"column":39}},"type":"cond-expr","locations":[{"start":{"line":430,"column":30},"end":{"line":430,"column":33}},{"start":{"line":430,"column":36},"end":{"line":430,"column":39}}],"line":430},"15":{"loc":{"start":{"line":431,"column":5},"end":{"line":431,"column":41}},"type":"cond-expr","locations":[{"start":{"line":431,"column":32},"end":{"line":431,"column":35}},{"start":{"line":431,"column":38},"end":{"line":431,"column":41}}],"line":431},"16":{"loc":{"start":{"line":432,"column":5},"end":{"line":432,"column":37}},"type":"cond-expr","locations":[{"start":{"line":432,"column":28},"end":{"line":432,"column":31}},{"start":{"line":432,"column":34},"end":{"line":432,"column":37}}],"line":432},"17":{"loc":{"start":{"line":433,"column":5},"end":{"line":433,"column":37}},"type":"cond-expr","locations":[{"start":{"line":433,"column":28},"end":{"line":433,"column":31}},{"start":{"line":433,"column":34},"end":{"line":433,"column":37}}],"line":433},"18":{"loc":{"start":{"line":461,"column":6},"end":{"line":468,"column":7}},"type":"if","locations":[{"start":{"line":461,"column":6},"end":{"line":468,"column":7}},{"start":{},"end":{}}],"line":461},"19":{"loc":{"start":{"line":491,"column":11},"end":{"line":491,"column":49}},"type":"binary-expr","locations":[{"start":{"line":491,"column":11},"end":{"line":491,"column":30}},{"start":{"line":491,"column":34},"end":{"line":491,"column":49}}],"line":491},"20":{"loc":{"start":{"line":512,"column":6},"end":{"line":516,"column":7}},"type":"if","locations":[{"start":{"line":512,"column":6},"end":{"line":516,"column":7}},{"start":{"line":514,"column":13},"end":{"line":516,"column":7}}],"line":512},"21":{"loc":{"start":{"line":518,"column":6},"end":{"line":522,"column":7}},"type":"if","locations":[{"start":{"line":518,"column":6},"end":{"line":522,"column":7}},{"start":{"line":520,"column":13},"end":{"line":522,"column":7}}],"line":518},"22":{"loc":{"start":{"line":524,"column":6},"end":{"line":528,"column":7}},"type":"if","locations":[{"start":{"line":524,"column":6},"end":{"line":528,"column":7}},{"start":{"line":526,"column":13},"end":{"line":528,"column":7}}],"line":524},"23":{"loc":{"start":{"line":530,"column":30},"end":{"line":530,"column":103}},"type":"binary-expr","locations":[{"start":{"line":530,"column":30},"end":{"line":530,"column":50}},{"start":{"line":530,"column":54},"end":{"line":530,"column":75}},{"start":{"line":530,"column":79},"end":{"line":530,"column":103}}],"line":530},"24":{"loc":{"start":{"line":537,"column":2},"end":{"line":537,"column":129}},"type":"cond-expr","locations":[{"start":{"line":537,"column":20},"end":{"line":537,"column":66}},{"start":{"line":537,"column":69},"end":{"line":537,"column":129}}],"line":537},"25":{"loc":{"start":{"line":548,"column":15},"end":{"line":548,"column":62}},"type":"cond-expr","locations":[{"start":{"line":548,"column":33},"end":{"line":548,"column":42}},{"start":{"line":548,"column":45},"end":{"line":548,"column":62}}],"line":548},"26":{"loc":{"start":{"line":551,"column":54},"end":{"line":551,"column":104}},"type":"cond-expr","locations":[{"start":{"line":551,"column":72},"end":{"line":551,"column":82}},{"start":{"line":551,"column":85},"end":{"line":551,"column":104}}],"line":551},"27":{"loc":{"start":{"line":626,"column":4},"end":{"line":629,"column":5}},"type":"if","locations":[{"start":{"line":626,"column":4},"end":{"line":629,"column":5}},{"start":{},"end":{}}],"line":626},"28":{"loc":{"start":{"line":641,"column":6},"end":{"line":644,"column":7}},"type":"if","locations":[{"start":{"line":641,"column":6},"end":{"line":644,"column":7}},{"start":{},"end":{}}],"line":641},"29":{"loc":{"start":{"line":666,"column":50},"end":{"line":666,"column":64}},"type":"default-arg","locations":[{"start":{"line":666,"column":59},"end":{"line":666,"column":64}}],"line":666},"30":{"loc":{"start":{"line":674,"column":6},"end":{"line":677,"column":7}},"type":"if","locations":[{"start":{"line":674,"column":6},"end":{"line":677,"column":7}},{"start":{},"end":{}}],"line":674},"31":{"loc":{"start":{"line":704,"column":6},"end":{"line":706,"column":7}},"type":"if","locations":[{"start":{"line":704,"column":6},"end":{"line":706,"column":7}},{"start":{},"end":{}}],"line":704},"32":{"loc":{"start":{"line":719,"column":6},"end":{"line":721,"column":7}},"type":"if","locations":[{"start":{"line":719,"column":6},"end":{"line":721,"column":7}},{"start":{},"end":{}}],"line":719},"33":{"loc":{"start":{"line":730,"column":36},"end":{"line":730,"column":72}},"type":"cond-expr","locations":[{"start":{"line":730,"column":45},"end":{"line":730,"column":53}},{"start":{"line":730,"column":56},"end":{"line":730,"column":72}}],"line":730},"34":{"loc":{"start":{"line":752,"column":0},"end":{"line":780,"column":1}},"type":"if","locations":[{"start":{"line":752,"column":0},"end":{"line":780,"column":1}},{"start":{},"end":{}}],"line":752},"35":{"loc":{"start":{"line":755,"column":2},"end":{"line":766,"column":3}},"type":"if","locations":[{"start":{"line":755,"column":2},"end":{"line":766,"column":3}},{"start":{},"end":{}}],"line":755},"36":{"loc":{"start":{"line":774,"column":19},"end":{"line":774,"column":41}},"type":"cond-expr","locations":[{"start":{"line":774,"column":36},"end":{"line":774,"column":37}},{"start":{"line":774,"column":40},"end":{"line":774,"column":41}}],"line":774}},"s":{"0":0,"1":0,"2":0,"3":0,"4":0,"5":0,"6":0,"7":0,"8":0,"9":0,"10":0,"11":0,"12":0,"13":0,"14":0,"15":0,"16":0,"17":0,"18":0,"19":0,"20":0,"21":0,"22":0,"23":0,"24":0,"25":0,"26":0,"27":0,"28":0,"29":0,"30":0,"31":0,"32":0,"33":0,"34":0,"35":0,"36":0,"37":0,"38":0,"39":0,"40":0,"41":0,"42":0,"43":0,"44":0,"45":0,"46":0,"47":0,"48":0,"49":0,"50":0,"51":0,"52":0,"53":0,"54":0,"55":0,"56":0,"57":0,"58":0,"59":0,"60":0,"61":0,"62":0,"63":0,"64":0,"65":0,"66":0,"67":0,"68":0,"69":0,"70":0,"71":0,"72":0,"73":0,"74":0,"75":0,"76":0,"77":0,"78":0,"79":0,"80":0,"81":0,"82":0,"83":0,"84":0,"85":0,"86":0,"87":0,"88":0,"89":0,"90":0,"91":0,"92":0,"93":0,"94":0,"95":0,"96":0,"97":0,"98":0,"99":0,"100":0,"101":0,"102":0,"103":0,"104":0,"105":0,"106":0,"107":0,"108":0,"109":0,"110":0,"111":0,"112":0,"113":0,"114":0,"115":0,"116":0,"117":0,"118":0,"119":0,"120":0,"121":0,"122":0,"123":0,"124":0,"125":0,"126":0,"127":0,"128":0,"129":0,"130":0,"131":0,"132":0,"133":0,"134":0,"135":0,"136":0,"137":0,"138":0,"139":0,"140":0,"141":0,"142":0,"143":0,"144":0,"145":0,"146":0,"147":0,"148":0,"149":0,"150":0,"151":0,"152":0,"153":0,"154":0,"155":0,"156":0,"157":0,"158":0,"159":0,"160":0,"161":0,"162":0,"163":0,"164":0,"165":0,"166":0,"167":0,"168":0,"169":0,"170":0,"171":0,"172":0,"173":0,"174":0,"175":0,"176":0,"177":0,"178":0,"179":0,"180":0,"181":0,"182":0,"183":0,"184":0,"185":0,"186":0,"187":0,"188":0,"189":0,"190":0,"191":0,"192":0,"193":0,"194":0,"195":0,"196":0,"197":0,"198":0,"199":0,"200":0,"201":0,"202":0,"203":0,"204":0,"205":0,"206":0,"207":0,"208":0,"209":0,"210":0,"211":0,"212":0,"213":0,"214":0,"215":0,"216":0,"217":0},"f":{"0":0,"1":0,"2":0,"3":0,"4":0,"5":0,"6":0,"7":0,"8":0,"9":0,"10":0,"11":0,"12":0,"13":0,"14":0,"15":0,"16":0,"17":0,"18":0,"19":0,"20":0,"21":0,"22":0,"23":0,"24":0,"25":0,"26":0,"27":0,"28":0,"29":0},"b":{"0":[0,0],"1":[0,0],"2":[0,0],"3":[0,0],"4":[0,0],"5":[0,0,0,0,0,0,0],"6":[0,0],"7":[0,0],"8":[0,0],"9":[0,0],"10":[0,0],"11":[0,0],"12":[0,0],"13":[0,0],"14":[0,0],"15":[0,0],"16":[0,0],"17":[0,0],"18":[0,0],"19":[0,0],"20":[0,0],"21":[0,0],"22":[0,0],"23":[0,0,0],"24":[0,0],"25":[0,0],"26":[0,0],"27":[0,0],"28":[0,0],"29":[0],"30":[0,0],"31":[0,0],"32":[0,0],"33":[0,0],"34":[0,0],"35":[0,0],"36":[0,0]},"inputSourceMap":null}
,"/home/ec2-user/workspace/lightningtalk-circle/scripts/build-theme.js": {"path":"/home/ec2-user/workspace/lightningtalk-circle/scripts/build-theme.js","statementMap":{"0":{"start":{"line":9,"column":11},"end":{"line":9,"column":30}},"1":{"start":{"line":10,"column":13},"end":{"line":10,"column":28}},"2":{"start":{"line":11,"column":17},"end":{"line":11,"column":36}},"3":{"start":{"line":12,"column":21},"end":{"line":12,"column":45}},"4":{"start":{"line":16,"column":16},"end":{"line":16,"column":26}},"5":{"start":{"line":17,"column":17},"end":{"line":17,"column":34}},"6":{"start":{"line":18,"column":18},"end":{"line":18,"column":61}},"7":{"start":{"line":19,"column":16},"end":{"line":19,"column":54}},"8":{"start":{"line":20,"column":18},"end":{"line":20,"column":57}},"9":{"start":{"line":21,"column":20},"end":{"line":21,"column":61}},"10":{"start":{"line":22,"column":20},"end":{"line":22,"column":61}},"11":{"start":{"line":24,"column":4},"end":{"line":24,"column":64}},"12":{"start":{"line":28,"column":15},"end":{"line":34,"column":1}},"13":{"start":{"line":37,"column":18},"end":{"line":42,"column":1}},"14":{"start":{"line":45,"column":24},"end":{"line":64,"column":1}},"15":{"start":{"line":67,"column":4},"end":{"line":67,"column":40}},"16":{"start":{"line":70,"column":17},"end":{"line":76,"column":5}},"17":{"start":{"line":78,"column":4},"end":{"line":80,"column":5}},"18":{"start":{"line":79,"column":8},"end":{"line":79,"column":32}},"19":{"start":{"line":84,"column":4},"end":{"line":84,"column":47}},"20":{"start":{"line":85,"column":4},"end":{"line":85,"column":36}},"21":{"start":{"line":86,"column":4},"end":{"line":86,"column":39}},"22":{"start":{"line":90,"column":4},"end":{"line":90,"column":42}},"23":{"start":{"line":92,"column":22},"end":{"line":92,"column":65}},"24":{"start":{"line":93,"column":4},"end":{"line":93,"column":34}},"25":{"start":{"line":96,"column":4},"end":{"line":98,"column":5}},"26":{"start":{"line":97,"column":8},"end":{"line":97,"column":66}},"27":{"start":{"line":101,"column":18},"end":{"line":101,"column":52}},"28":{"start":{"line":103,"column":4},"end":{"line":117,"column":5}},"29":{"start":{"line":104,"column":30},"end":{"line":110,"column":10}},"30":{"start":{"line":105,"column":12},"end":{"line":108,"column":13}},"31":{"start":{"line":106,"column":30},"end":{"line":106,"column":68}},"32":{"start":{"line":107,"column":16},"end":{"line":107,"column":40}},"33":{"start":{"line":109,"column":12},"end":{"line":109,"column":36}},"34":{"start":{"line":112,"column":8},"end":{"line":116,"column":9}},"35":{"start":{"line":113,"column":31},"end":{"line":113,"column":64}},"36":{"start":{"line":114,"column":31},"end":{"line":114,"column":57}},"37":{"start":{"line":115,"column":12},"end":{"line":115,"column":50}},"38":{"start":{"line":120,"column":26},"end":{"line":120,"column":65}},"39":{"start":{"line":121,"column":4},"end":{"line":121,"column":64}},"40":{"start":{"line":125,"column":4},"end":{"line":125,"column":39}},"41":{"start":{"line":127,"column":4},"end":{"line":137,"column":5}},"42":{"start":{"line":129,"column":8},"end":{"line":134,"column":9}},"43":{"start":{"line":130,"column":12},"end":{"line":133,"column":15}},"44":{"start":{"line":136,"column":8},"end":{"line":136,"column":61}},"45":{"start":{"line":141,"column":4},"end":{"line":141,"column":42}},"46":{"start":{"line":143,"column":24},"end":{"line":143,"column":69}},"47":{"start":{"line":144,"column":20},"end":{"line":144,"column":68}},"48":{"start":{"line":146,"column":4},"end":{"line":165,"column":7}},"49":{"start":{"line":147,"column":23},"end":{"line":147,"column":52}},"50":{"start":{"line":148,"column":24},"end":{"line":150,"column":10}},"51":{"start":{"line":152,"column":8},"end":{"line":156,"column":11}},"52":{"start":{"line":153,"column":25},"end":{"line":153,"column":62}},"53":{"start":{"line":154,"column":12},"end":{"line":154,"column":70}},"54":{"start":{"line":155,"column":12},"end":{"line":155,"column":87}},"55":{"start":{"line":158,"column":8},"end":{"line":160,"column":11}},"56":{"start":{"line":159,"column":12},"end":{"line":159,"column":24}},"57":{"start":{"line":162,"column":8},"end":{"line":162,"column":29}},"58":{"start":{"line":163,"column":8},"end":{"line":163,"column":49}},"59":{"start":{"line":164,"column":8},"end":{"line":164,"column":27}},"60":{"start":{"line":169,"column":4},"end":{"line":169,"column":43}},"61":{"start":{"line":171,"column":21},"end":{"line":194,"column":5}},"62":{"start":{"line":196,"column":25},"end":{"line":196,"column":103}},"63":{"start":{"line":197,"column":4},"end":{"line":197,"column":62}},"64":{"start":{"line":200,"column":4},"end":{"line":212,"column":5}},"65":{"start":{"line":201,"column":27},"end":{"line":201,"column":96}},"66":{"start":{"line":202,"column":31},"end":{"line":202,"column":96}},"67":{"start":{"line":204,"column":8},"end":{"line":211,"column":9}},"68":{"start":{"line":205,"column":12},"end":{"line":205,"column":40}},"69":{"start":{"line":206,"column":12},"end":{"line":206,"column":44}},"70":{"start":{"line":207,"column":12},"end":{"line":207,"column":55}},"71":{"start":{"line":208,"column":12},"end":{"line":208,"column":59}},"72":{"start":{"line":210,"column":12},"end":{"line":210,"column":54}},"73":{"start":{"line":214,"column":4},"end":{"line":214,"column":20}},"74":{"start":{"line":218,"column":19},"end":{"line":218,"column":36}},"75":{"start":{"line":219,"column":23},"end":{"line":219,"column":50}},"76":{"start":{"line":220,"column":17},"end":{"line":220,"column":45}},"77":{"start":{"line":221,"column":4},"end":{"line":221,"column":28}},"78":{"start":{"line":222,"column":4},"end":{"line":222,"column":30}},"79":{"start":{"line":226,"column":4},"end":{"line":226,"column":44}},"80":{"start":{"line":228,"column":22},"end":{"line":228,"column":57}},"81":{"start":{"line":229,"column":18},"end":{"line":229,"column":45}},"82":{"start":{"line":232,"column":23},"end":{"line":234,"column":60}},"83":{"start":{"line":233,"column":21},"end":{"line":233,"column":73}},"84":{"start":{"line":234,"column":21},"end":{"line":234,"column":59}},"85":{"start":{"line":237,"column":4},"end":{"line":247,"column":5}},"86":{"start":{"line":238,"column":28},"end":{"line":238,"column":55}},"87":{"start":{"line":239,"column":26},"end":{"line":239,"column":46}},"88":{"start":{"line":241,"column":8},"end":{"line":246,"column":9}},"89":{"start":{"line":242,"column":31},"end":{"line":242,"column":57}},"90":{"start":{"line":243,"column":32},"end":{"line":243,"column":75}},"91":{"start":{"line":244,"column":12},"end":{"line":244,"column":51}},"92":{"start":{"line":245,"column":12},"end":{"line":245,"column":47}},"93":{"start":{"line":251,"column":4},"end":{"line":251,"column":41}},"94":{"start":{"line":253,"column":19},"end":{"line":285,"column":1}},"95":{"start":{"line":287,"column":23},"end":{"line":287,"column":97}},"96":{"start":{"line":288,"column":4},"end":{"line":288,"column":50}},"97":{"start":{"line":290,"column":4},"end":{"line":290,"column":31}},"98":{"start":{"line":294,"column":4},"end":{"line":294,"column":50}},"99":{"start":{"line":296,"column":4},"end":{"line":330,"column":5}},"100":{"start":{"line":298,"column":8},"end":{"line":298,"column":34}},"101":{"start":{"line":301,"column":8},"end":{"line":301,"column":35}},"102":{"start":{"line":304,"column":8},"end":{"line":304,"column":31}},"103":{"start":{"line":307,"column":8},"end":{"line":307,"column":30}},"104":{"start":{"line":310,"column":24},"end":{"line":310,"column":48}},"105":{"start":{"line":313,"column":25},"end":{"line":313,"column":59}},"106":{"start":{"line":316,"column":8},"end":{"line":316,"column":33}},"107":{"start":{"line":319,"column":8},"end":{"line":319,"column":44}},"108":{"start":{"line":322,"column":8},"end":{"line":322,"column":35}},"109":{"start":{"line":324,"column":8},"end":{"line":324,"column":42}},"110":{"start":{"line":325,"column":8},"end":{"line":325,"column":63}},"111":{"start":{"line":328,"column":8},"end":{"line":328,"column":50}},"112":{"start":{"line":329,"column":8},"end":{"line":329,"column":24}},"113":{"start":{"line":334,"column":0},"end":{"line":336,"column":1}},"114":{"start":{"line":335,"column":4},"end":{"line":335,"column":11}},"115":{"start":{"line":338,"column":0},"end":{"line":338,"column":42}}},"fnMap":{"0":{"name":"getTimestamp","decl":{"start":{"line":15,"column":9},"end":{"line":15,"column":21}},"loc":{"start":{"line":15,"column":24},"end":{"line":25,"column":1}},"line":15},"1":{"name":"ensureDirectories","decl":{"start":{"line":66,"column":15},"end":{"line":66,"column":32}},"loc":{"start":{"line":66,"column":35},"end":{"line":81,"column":1}},"line":66},"2":{"name":"cleanTempDirectory","decl":{"start":{"line":83,"column":15},"end":{"line":83,"column":33}},"loc":{"start":{"line":83,"column":36},"end":{"line":87,"column":1}},"line":83},"3":{"name":"copyThemeFiles","decl":{"start":{"line":89,"column":15},"end":{"line":89,"column":29}},"loc":{"start":{"line":89,"column":32},"end":{"line":122,"column":1}},"line":89},"4":{"name":"(anonymous_4)","decl":{"start":{"line":104,"column":51},"end":{"line":104,"column":52}},"loc":{"start":{"line":104,"column":62},"end":{"line":110,"column":9}},"line":104},"5":{"name":"runAssetBuild","decl":{"start":{"line":124,"column":15},"end":{"line":124,"column":28}},"loc":{"start":{"line":124,"column":31},"end":{"line":138,"column":1}},"line":124},"6":{"name":"createZipArchive","decl":{"start":{"line":140,"column":15},"end":{"line":140,"column":31}},"loc":{"start":{"line":140,"column":34},"end":{"line":166,"column":1}},"line":140},"7":{"name":"(anonymous_7)","decl":{"start":{"line":146,"column":23},"end":{"line":146,"column":24}},"loc":{"start":{"line":146,"column":44},"end":{"line":165,"column":5}},"line":146},"8":{"name":"(anonymous_8)","decl":{"start":{"line":152,"column":27},"end":{"line":152,"column":28}},"loc":{"start":{"line":152,"column":33},"end":{"line":156,"column":9}},"line":152},"9":{"name":"(anonymous_9)","decl":{"start":{"line":158,"column":28},"end":{"line":158,"column":29}},"loc":{"start":{"line":158,"column":37},"end":{"line":160,"column":9}},"line":158},"10":{"name":"createBuildManifest","decl":{"start":{"line":168,"column":15},"end":{"line":168,"column":34}},"loc":{"start":{"line":168,"column":44},"end":{"line":215,"column":1}},"line":168},"11":{"name":"generateChecksum","decl":{"start":{"line":217,"column":15},"end":{"line":217,"column":31}},"loc":{"start":{"line":217,"column":53},"end":{"line":223,"column":1}},"line":217},"12":{"name":"archiveOldBuilds","decl":{"start":{"line":225,"column":15},"end":{"line":225,"column":31}},"loc":{"start":{"line":225,"column":34},"end":{"line":248,"column":1}},"line":225},"13":{"name":"(anonymous_13)","decl":{"start":{"line":233,"column":16},"end":{"line":233,"column":17}},"loc":{"start":{"line":233,"column":21},"end":{"line":233,"column":73}},"line":233},"14":{"name":"(anonymous_14)","decl":{"start":{"line":234,"column":16},"end":{"line":234,"column":17}},"loc":{"start":{"line":234,"column":21},"end":{"line":234,"column":59}},"line":234},"15":{"name":"generateBuildReport","decl":{"start":{"line":250,"column":15},"end":{"line":250,"column":34}},"loc":{"start":{"line":250,"column":45},"end":{"line":291,"column":1}},"line":250},"16":{"name":"main","decl":{"start":{"line":293,"column":15},"end":{"line":293,"column":19}},"loc":{"start":{"line":293,"column":22},"end":{"line":331,"column":1}},"line":293}},"branchMap":{"0":{"loc":{"start":{"line":41,"column":17},"end":{"line":41,"column":53}},"type":"binary-expr","locations":[{"start":{"line":41,"column":17},"end":{"line":41,"column":37}},{"start":{"line":41,"column":41},"end":{"line":41,"column":53}}],"line":41},"1":{"loc":{"start":{"line":96,"column":4},"end":{"line":98,"column":5}},"type":"if","locations":[{"start":{"line":96,"column":4},"end":{"line":98,"column":5}},{"start":{},"end":{}}],"line":96},"2":{"loc":{"start":{"line":105,"column":12},"end":{"line":108,"column":13}},"type":"if","locations":[{"start":{"line":105,"column":12},"end":{"line":108,"column":13}},{"start":{},"end":{}}],"line":105},"3":{"loc":{"start":{"line":112,"column":8},"end":{"line":116,"column":9}},"type":"if","locations":[{"start":{"line":112,"column":8},"end":{"line":116,"column":9}},{"start":{},"end":{}}],"line":112},"4":{"loc":{"start":{"line":129,"column":8},"end":{"line":134,"column":9}},"type":"if","locations":[{"start":{"line":129,"column":8},"end":{"line":134,"column":9}},{"start":{},"end":{}}],"line":129},"5":{"loc":{"start":{"line":187,"column":23},"end":{"line":187,"column":75}},"type":"binary-expr","locations":[{"start":{"line":187,"column":23},"end":{"line":187,"column":46}},{"start":{"line":187,"column":50},"end":{"line":187,"column":75}}],"line":187},"6":{"loc":{"start":{"line":200,"column":4},"end":{"line":212,"column":5}},"type":"if","locations":[{"start":{"line":200,"column":4},"end":{"line":212,"column":5}},{"start":{},"end":{}}],"line":200},"7":{"loc":{"start":{"line":233,"column":21},"end":{"line":233,"column":73}},"type":"binary-expr","locations":[{"start":{"line":233,"column":21},"end":{"line":233,"column":51}},{"start":{"line":233,"column":55},"end":{"line":233,"column":73}}],"line":233},"8":{"loc":{"start":{"line":237,"column":4},"end":{"line":247,"column":5}},"type":"if","locations":[{"start":{"line":237,"column":4},"end":{"line":247,"column":5}},{"start":{},"end":{}}],"line":237},"9":{"loc":{"start":{"line":334,"column":0},"end":{"line":336,"column":1}},"type":"if","locations":[{"start":{"line":334,"column":0},"end":{"line":336,"column":1}},{"start":{},"end":{}}],"line":334}},"s":{"0":0,"1":0,"2":0,"3":0,"4":0,"5":0,"6":0,"7":0,"8":0,"9":0,"10":0,"11":0,"12":0,"13":0,"14":0,"15":0,"16":0,"17":0,"18":0,"19":0,"20":0,"21":0,"22":0,"23":0,"24":0,"25":0,"26":0,"27":0,"28":0,"29":0,"30":0,"31":0,"32":0,"33":0,"34":0,"35":0,"36":0,"37":0,"38":0,"39":0,"40":0,"41":0,"42":0,"43":0,"44":0,"45":0,"46":0,"47":0,"48":0,"49":0,"50":0,"51":0,"52":0,"53":0,"54":0,"55":0,"56":0,"57":0,"58":0,"59":0,"60":0,"61":0,"62":0,"63":0,"64":0,"65":0,"66":0,"67":0,"68":0,"69":0,"70":0,"71":0,"72":0,"73":0,"74":0,"75":0,"76":0,"77":0,"78":0,"79":0,"80":0,"81":0,"82":0,"83":0,"84":0,"85":0,"86":0,"87":0,"88":0,"89":0,"90":0,"91":0,"92":0,"93":0,"94":0,"95":0,"96":0,"97":0,"98":0,"99":0,"100":0,"101":0,"102":0,"103":0,"104":0,"105":0,"106":0,"107":0,"108":0,"109":0,"110":0,"111":0,"112":0,"113":0,"114":0,"115":0},"f":{"0":0,"1":0,"2":0,"3":0,"4":0,"5":0,"6":0,"7":0,"8":0,"9":0,"10":0,"11":0,"12":0,"13":0,"14":0,"15":0,"16":0},"b":{"0":[0,0],"1":[0,0],"2":[0,0],"3":[0,0],"4":[0,0],"5":[0,0],"6":[0,0],"7":[0,0],"8":[0,0],"9":[0,0]},"inputSourceMap":null}
,"/home/ec2-user/workspace/lightningtalk-circle/scripts/clean-dist.js": {"path":"/home/ec2-user/workspace/lightningtalk-circle/scripts/clean-dist.js","statementMap":{"0":{"start":{"line":9,"column":11},"end":{"line":9,"column":30}},"1":{"start":{"line":10,"column":13},"end":{"line":10,"column":28}},"2":{"start":{"line":11,"column":17},"end":{"line":11,"column":36}},"3":{"start":{"line":13,"column":11},"end":{"line":16,"column":2}},"4":{"start":{"line":18,"column":16},"end":{"line":18,"column":47}},"5":{"start":{"line":21,"column":15},"end":{"line":21,"column":16}},"6":{"start":{"line":23,"column":4},"end":{"line":25,"column":5}},"7":{"start":{"line":24,"column":8},"end":{"line":24,"column":17}},"8":{"start":{"line":27,"column":18},"end":{"line":27,"column":39}},"9":{"start":{"line":29,"column":4},"end":{"line":38,"column":5}},"10":{"start":{"line":30,"column":25},"end":{"line":30,"column":45}},"11":{"start":{"line":31,"column":21},"end":{"line":31,"column":44}},"12":{"start":{"line":33,"column":8},"end":{"line":37,"column":9}},"13":{"start":{"line":34,"column":12},"end":{"line":34,"column":53}},"14":{"start":{"line":36,"column":12},"end":{"line":36,"column":30}},"15":{"start":{"line":40,"column":4},"end":{"line":40,"column":16}},"16":{"start":{"line":44,"column":4},"end":{"line":44,"column":38}},"17":{"start":{"line":44,"column":21},"end":{"line":44,"column":38}},"18":{"start":{"line":46,"column":14},"end":{"line":46,"column":18}},"19":{"start":{"line":47,"column":18},"end":{"line":47,"column":45}},"20":{"start":{"line":48,"column":14},"end":{"line":48,"column":55}},"21":{"start":{"line":50,"column":4},"end":{"line":50,"column":76}},"22":{"start":{"line":54,"column":4},"end":{"line":54,"column":46}},"23":{"start":{"line":56,"column":17},"end":{"line":56,"column":49}},"24":{"start":{"line":57,"column":20},"end":{"line":57,"column":21}},"25":{"start":{"line":59,"column":4},"end":{"line":71,"column":5}},"26":{"start":{"line":60,"column":24},"end":{"line":60,"column":47}},"27":{"start":{"line":61,"column":21},"end":{"line":61,"column":52}},"28":{"start":{"line":62,"column":8},"end":{"line":62,"column":26}},"29":{"start":{"line":64,"column":8},"end":{"line":70,"column":9}},"30":{"start":{"line":65,"column":26},"end":{"line":65,"column":51}},"31":{"start":{"line":66,"column":12},"end":{"line":66,"column":38}},"32":{"start":{"line":67,"column":12},"end":{"line":67,"column":53}},"33":{"start":{"line":68,"column":12},"end":{"line":68,"column":56}},"34":{"start":{"line":69,"column":12},"end":{"line":69,"column":28}},"35":{"start":{"line":73,"column":4},"end":{"line":73,"column":57}},"36":{"start":{"line":77,"column":24},"end":{"line":77,"column":54}},"37":{"start":{"line":79,"column":4},"end":{"line":82,"column":5}},"38":{"start":{"line":80,"column":8},"end":{"line":80,"column":43}},"39":{"start":{"line":81,"column":8},"end":{"line":81,"column":15}},"40":{"start":{"line":84,"column":18},"end":{"line":84,"column":47}},"41":{"start":{"line":85,"column":21},"end":{"line":88,"column":18}},"42":{"start":{"line":86,"column":21},"end":{"line":86,"column":39}},"43":{"start":{"line":90,"column":4},"end":{"line":93,"column":5}},"44":{"start":{"line":91,"column":8},"end":{"line":91,"column":66}},"45":{"start":{"line":92,"column":8},"end":{"line":92,"column":15}},"46":{"start":{"line":95,"column":21},"end":{"line":95,"column":46}},"47":{"start":{"line":96,"column":4},"end":{"line":96,"column":61}},"48":{"start":{"line":98,"column":4},"end":{"line":102,"column":5}},"49":{"start":{"line":99,"column":25},"end":{"line":99,"column":53}},"50":{"start":{"line":100,"column":8},"end":{"line":100,"column":34}},"51":{"start":{"line":101,"column":8},"end":{"line":101,"column":38}},"52":{"start":{"line":106,"column":22},"end":{"line":106,"column":50}},"53":{"start":{"line":108,"column":4},"end":{"line":111,"column":5}},"54":{"start":{"line":109,"column":8},"end":{"line":109,"column":41}},"55":{"start":{"line":110,"column":8},"end":{"line":110,"column":15}},"56":{"start":{"line":113,"column":18},"end":{"line":113,"column":45}},"57":{"start":{"line":114,"column":16},"end":{"line":114,"column":26}},"58":{"start":{"line":115,"column":19},"end":{"line":115,"column":49}},"59":{"start":{"line":117,"column":23},"end":{"line":117,"column":24}},"60":{"start":{"line":119,"column":4},"end":{"line":131,"column":5}},"61":{"start":{"line":120,"column":8},"end":{"line":120,"column":46}},"62":{"start":{"line":120,"column":37},"end":{"line":120,"column":46}},"63":{"start":{"line":122,"column":25},"end":{"line":122,"column":51}},"64":{"start":{"line":123,"column":21},"end":{"line":123,"column":44}},"65":{"start":{"line":124,"column":20},"end":{"line":124,"column":46}},"66":{"start":{"line":126,"column":8},"end":{"line":130,"column":9}},"67":{"start":{"line":127,"column":12},"end":{"line":127,"column":38}},"68":{"start":{"line":128,"column":12},"end":{"line":128,"column":27}},"69":{"start":{"line":129,"column":12},"end":{"line":129,"column":89}},"70":{"start":{"line":133,"column":4},"end":{"line":137,"column":5}},"71":{"start":{"line":134,"column":8},"end":{"line":134,"column":63}},"72":{"start":{"line":136,"column":8},"end":{"line":136,"column":65}},"73":{"start":{"line":141,"column":4},"end":{"line":141,"column":55}},"74":{"start":{"line":143,"column":19},"end":{"line":145,"column":6}},"75":{"start":{"line":144,"column":8},"end":{"line":144,"column":51}},"76":{"start":{"line":147,"column":4},"end":{"line":150,"column":5}},"77":{"start":{"line":148,"column":8},"end":{"line":148,"column":34}},"78":{"start":{"line":149,"column":8},"end":{"line":149,"column":15}},"79":{"start":{"line":152,"column":4},"end":{"line":152,"column":48}},"80":{"start":{"line":153,"column":4},"end":{"line":153,"column":29}},"81":{"start":{"line":156,"column":17},"end":{"line":161,"column":5}},"82":{"start":{"line":163,"column":4},"end":{"line":165,"column":5}},"83":{"start":{"line":164,"column":8},"end":{"line":164,"column":32}},"84":{"start":{"line":168,"column":4},"end":{"line":171,"column":5}},"85":{"start":{"line":169,"column":28},"end":{"line":169,"column":66}},"86":{"start":{"line":170,"column":8},"end":{"line":170,"column":44}},"87":{"start":{"line":173,"column":4},"end":{"line":173,"column":42}},"88":{"start":{"line":177,"column":4},"end":{"line":177,"column":52}},"89":{"start":{"line":179,"column":17},"end":{"line":179,"column":38}},"90":{"start":{"line":180,"column":20},"end":{"line":180,"column":27}},"91":{"start":{"line":182,"column":4},"end":{"line":220,"column":5}},"92":{"start":{"line":183,"column":8},"end":{"line":214,"column":9}},"93":{"start":{"line":185,"column":16},"end":{"line":185,"column":41}},"94":{"start":{"line":186,"column":16},"end":{"line":186,"column":22}},"95":{"start":{"line":189,"column":34},"end":{"line":189,"column":57}},"96":{"start":{"line":190,"column":16},"end":{"line":190,"column":47}},"97":{"start":{"line":191,"column":16},"end":{"line":191,"column":22}},"98":{"start":{"line":194,"column":33},"end":{"line":194,"column":55}},"99":{"start":{"line":195,"column":16},"end":{"line":195,"column":44}},"100":{"start":{"line":196,"column":16},"end":{"line":196,"column":22}},"101":{"start":{"line":199,"column":16},"end":{"line":199,"column":40}},"102":{"start":{"line":200,"column":16},"end":{"line":200,"column":37}},"103":{"start":{"line":201,"column":16},"end":{"line":201,"column":22}},"104":{"start":{"line":204,"column":16},"end":{"line":204,"column":34}},"105":{"start":{"line":205,"column":16},"end":{"line":205,"column":22}},"106":{"start":{"line":208,"column":16},"end":{"line":208,"column":37}},"107":{"start":{"line":209,"column":16},"end":{"line":209,"column":84}},"108":{"start":{"line":210,"column":16},"end":{"line":210,"column":100}},"109":{"start":{"line":211,"column":16},"end":{"line":211,"column":96}},"110":{"start":{"line":212,"column":16},"end":{"line":212,"column":93}},"111":{"start":{"line":213,"column":16},"end":{"line":213,"column":93}},"112":{"start":{"line":216,"column":8},"end":{"line":216,"column":47}},"113":{"start":{"line":217,"column":8},"end":{"line":217,"column":24}},"114":{"start":{"line":219,"column":8},"end":{"line":219,"column":19}},"115":{"start":{"line":223,"column":0},"end":{"line":225,"column":1}},"116":{"start":{"line":224,"column":4},"end":{"line":224,"column":11}}},"fnMap":{"0":{"name":"getDirectorySize","decl":{"start":{"line":20,"column":15},"end":{"line":20,"column":31}},"loc":{"start":{"line":20,"column":37},"end":{"line":41,"column":1}},"line":20},"1":{"name":"formatBytes","decl":{"start":{"line":43,"column":9},"end":{"line":43,"column":20}},"loc":{"start":{"line":43,"column":28},"end":{"line":51,"column":1}},"line":43},"2":{"name":"analyzeDirectory","decl":{"start":{"line":53,"column":15},"end":{"line":53,"column":31}},"loc":{"start":{"line":53,"column":34},"end":{"line":74,"column":1}},"line":53},"3":{"name":"cleanArchives","decl":{"start":{"line":76,"column":15},"end":{"line":76,"column":28}},"loc":{"start":{"line":76,"column":45},"end":{"line":103,"column":1}},"line":76},"4":{"name":"(anonymous_4)","decl":{"start":{"line":86,"column":16},"end":{"line":86,"column":17}},"loc":{"start":{"line":86,"column":21},"end":{"line":86,"column":39}},"line":86},"5":{"name":"cleanBuilds","decl":{"start":{"line":105,"column":15},"end":{"line":105,"column":26}},"loc":{"start":{"line":105,"column":41},"end":{"line":138,"column":1}},"line":105},"6":{"name":"resetDist","decl":{"start":{"line":140,"column":15},"end":{"line":140,"column":24}},"loc":{"start":{"line":140,"column":27},"end":{"line":174,"column":1}},"line":140},"7":{"name":"(anonymous_7)","decl":{"start":{"line":143,"column":37},"end":{"line":143,"column":38}},"loc":{"start":{"line":143,"column":48},"end":{"line":145,"column":5}},"line":143},"8":{"name":"main","decl":{"start":{"line":176,"column":15},"end":{"line":176,"column":19}},"loc":{"start":{"line":176,"column":22},"end":{"line":221,"column":1}},"line":176}},"branchMap":{"0":{"loc":{"start":{"line":23,"column":4},"end":{"line":25,"column":5}},"type":"if","locations":[{"start":{"line":23,"column":4},"end":{"line":25,"column":5}},{"start":{},"end":{}}],"line":23},"1":{"loc":{"start":{"line":33,"column":8},"end":{"line":37,"column":9}},"type":"if","locations":[{"start":{"line":33,"column":8},"end":{"line":37,"column":9}},{"start":{"line":35,"column":15},"end":{"line":37,"column":9}}],"line":33},"2":{"loc":{"start":{"line":44,"column":4},"end":{"line":44,"column":38}},"type":"if","locations":[{"start":{"line":44,"column":4},"end":{"line":44,"column":38}},{"start":{},"end":{}}],"line":44},"3":{"loc":{"start":{"line":64,"column":8},"end":{"line":70,"column":9}},"type":"if","locations":[{"start":{"line":64,"column":8},"end":{"line":70,"column":9}},{"start":{},"end":{}}],"line":64},"4":{"loc":{"start":{"line":76,"column":29},"end":{"line":76,"column":43}},"type":"default-arg","locations":[{"start":{"line":76,"column":41},"end":{"line":76,"column":43}}],"line":76},"5":{"loc":{"start":{"line":79,"column":4},"end":{"line":82,"column":5}},"type":"if","locations":[{"start":{"line":79,"column":4},"end":{"line":82,"column":5}},{"start":{},"end":{}}],"line":79},"6":{"loc":{"start":{"line":90,"column":4},"end":{"line":93,"column":5}},"type":"if","locations":[{"start":{"line":90,"column":4},"end":{"line":93,"column":5}},{"start":{},"end":{}}],"line":90},"7":{"loc":{"start":{"line":105,"column":27},"end":{"line":105,"column":39}},"type":"default-arg","locations":[{"start":{"line":105,"column":38},"end":{"line":105,"column":39}}],"line":105},"8":{"loc":{"start":{"line":108,"column":4},"end":{"line":111,"column":5}},"type":"if","locations":[{"start":{"line":108,"column":4},"end":{"line":111,"column":5}},{"start":{},"end":{}}],"line":108},"9":{"loc":{"start":{"line":120,"column":8},"end":{"line":120,"column":46}},"type":"if","locations":[{"start":{"line":120,"column":8},"end":{"line":120,"column":46}},{"start":{},"end":{}}],"line":120},"10":{"loc":{"start":{"line":126,"column":8},"end":{"line":130,"column":9}},"type":"if","locations":[{"start":{"line":126,"column":8},"end":{"line":130,"column":9}},{"start":{},"end":{}}],"line":126},"11":{"loc":{"start":{"line":133,"column":4},"end":{"line":137,"column":5}},"type":"if","locations":[{"start":{"line":133,"column":4},"end":{"line":137,"column":5}},{"start":{"line":135,"column":11},"end":{"line":137,"column":5}}],"line":133},"12":{"loc":{"start":{"line":147,"column":4},"end":{"line":150,"column":5}},"type":"if","locations":[{"start":{"line":147,"column":4},"end":{"line":150,"column":5}},{"start":{},"end":{}}],"line":147},"13":{"loc":{"start":{"line":183,"column":8},"end":{"line":214,"column":9}},"type":"switch","locations":[{"start":{"line":184,"column":12},"end":{"line":186,"column":22}},{"start":{"line":188,"column":12},"end":{"line":191,"column":22}},{"start":{"line":193,"column":12},"end":{"line":196,"column":22}},{"start":{"line":198,"column":12},"end":{"line":201,"column":22}},{"start":{"line":203,"column":12},"end":{"line":205,"column":22}},{"start":{"line":207,"column":12},"end":{"line":213,"column":93}}],"line":183},"14":{"loc":{"start":{"line":189,"column":34},"end":{"line":189,"column":57}},"type":"binary-expr","locations":[{"start":{"line":189,"column":34},"end":{"line":189,"column":51}},{"start":{"line":189,"column":55},"end":{"line":189,"column":57}}],"line":189},"15":{"loc":{"start":{"line":194,"column":33},"end":{"line":194,"column":55}},"type":"binary-expr","locations":[{"start":{"line":194,"column":33},"end":{"line":194,"column":50}},{"start":{"line":194,"column":54},"end":{"line":194,"column":55}}],"line":194},"16":{"loc":{"start":{"line":223,"column":0},"end":{"line":225,"column":1}},"type":"if","locations":[{"start":{"line":223,"column":0},"end":{"line":225,"column":1}},{"start":{},"end":{}}],"line":223}},"s":{"0":0,"1":0,"2":0,"3":0,"4":0,"5":0,"6":0,"7":0,"8":0,"9":0,"10":0,"11":0,"12":0,"13":0,"14":0,"15":0,"16":0,"17":0,"18":0,"19":0,"20":0,"21":0,"22":0,"23":0,"24":0,"25":0,"26":0,"27":0,"28":0,"29":0,"30":0,"31":0,"32":0,"33":0,"34":0,"35":0,"36":0,"37":0,"38":0,"39":0,"40":0,"41":0,"42":0,"43":0,"44":0,"45":0,"46":0,"47":0,"48":0,"49":0,"50":0,"51":0,"52":0,"53":0,"54":0,"55":0,"56":0,"57":0,"58":0,"59":0,"60":0,"61":0,"62":0,"63":0,"64":0,"65":0,"66":0,"67":0,"68":0,"69":0,"70":0,"71":0,"72":0,"73":0,"74":0,"75":0,"76":0,"77":0,"78":0,"79":0,"80":0,"81":0,"82":0,"83":0,"84":0,"85":0,"86":0,"87":0,"88":0,"89":0,"90":0,"91":0,"92":0,"93":0,"94":0,"95":0,"96":0,"97":0,"98":0,"99":0,"100":0,"101":0,"102":0,"103":0,"104":0,"105":0,"106":0,"107":0,"108":0,"109":0,"110":0,"111":0,"112":0,"113":0,"114":0,"115":0,"116":0},"f":{"0":0,"1":0,"2":0,"3":0,"4":0,"5":0,"6":0,"7":0,"8":0},"b":{"0":[0,0],"1":[0,0],"2":[0,0],"3":[0,0],"4":[0],"5":[0,0],"6":[0,0],"7":[0],"8":[0,0],"9":[0,0],"10":[0,0],"11":[0,0],"12":[0,0],"13":[0,0,0,0,0,0],"14":[0,0],"15":[0,0],"16":[0,0]},"inputSourceMap":null}
,"/home/ec2-user/workspace/lightningtalk-circle/scripts/configure-wordpress.js": {"path":"/home/ec2-user/workspace/lightningtalk-circle/scripts/configure-wordpress.js","statementMap":{"0":{"start":{"line":7,"column":0},"end":{"line":7,"column":27}},"1":{"start":{"line":10,"column":18},"end":{"line":10,"column":54}},"2":{"start":{"line":11,"column":23},"end":{"line":11,"column":114}},"3":{"start":{"line":13,"column":4},"end":{"line":13,"column":37}},"4":{"start":{"line":14,"column":4},"end":{"line":14,"column":41}},"5":{"start":{"line":15,"column":4},"end":{"line":15,"column":20}},"6":{"start":{"line":17,"column":4},"end":{"line":58,"column":5}},"7":{"start":{"line":19,"column":8},"end":{"line":19,"column":38}},"8":{"start":{"line":20,"column":34},"end":{"line":29,"column":10}},"9":{"start":{"line":31,"column":8},"end":{"line":35,"column":9}},"10":{"start":{"line":32,"column":12},"end":{"line":32,"column":45}},"11":{"start":{"line":34,"column":12},"end":{"line":34,"column":52}},"12":{"start":{"line":38,"column":8},"end":{"line":38,"column":40}},"13":{"start":{"line":39,"column":29},"end":{"line":43,"column":10}},"14":{"start":{"line":45,"column":8},"end":{"line":49,"column":9}},"15":{"start":{"line":46,"column":29},"end":{"line":46,"column":54}},"16":{"start":{"line":47,"column":12},"end":{"line":47,"column":53}},"17":{"start":{"line":48,"column":12},"end":{"line":48,"column":50}},"18":{"start":{"line":51,"column":8},"end":{"line":51,"column":44}},"19":{"start":{"line":52,"column":8},"end":{"line":52,"column":70}},"20":{"start":{"line":55,"column":8},"end":{"line":55,"column":49}},"21":{"start":{"line":56,"column":8},"end":{"line":56,"column":37}},"22":{"start":{"line":57,"column":8},"end":{"line":57,"column":51}},"23":{"start":{"line":61,"column":0},"end":{"line":61,"column":21}}},"fnMap":{"0":{"name":"configureWordPress","decl":{"start":{"line":9,"column":15},"end":{"line":9,"column":33}},"loc":{"start":{"line":9,"column":36},"end":{"line":59,"column":1}},"line":9}},"branchMap":{"0":{"loc":{"start":{"line":31,"column":8},"end":{"line":35,"column":9}},"type":"if","locations":[{"start":{"line":31,"column":8},"end":{"line":35,"column":9}},{"start":{"line":33,"column":15},"end":{"line":35,"column":9}}],"line":31},"1":{"loc":{"start":{"line":45,"column":8},"end":{"line":49,"column":9}},"type":"if","locations":[{"start":{"line":45,"column":8},"end":{"line":49,"column":9}},{"start":{},"end":{}}],"line":45}},"s":{"0":0,"1":0,"2":0,"3":0,"4":0,"5":0,"6":0,"7":0,"8":0,"9":0,"10":0,"11":0,"12":0,"13":0,"14":0,"15":0,"16":0,"17":0,"18":0,"19":0,"20":0,"21":0,"22":0,"23":0},"f":{"0":0},"b":{"0":[0,0],"1":[0,0]},"inputSourceMap":null}
,"/home/ec2-user/workspace/lightningtalk-circle/scripts/create-issues.js": {"path":"/home/ec2-user/workspace/lightningtalk-circle/scripts/create-issues.js","statementMap":{"0":{"start":{"line":26,"column":0},"end":{"line":26,"column":16}},"1":{"start":{"line":30,"column":0},"end":{"line":42,"column":1}},"2":{"start":{"line":31,"column":2},"end":{"line":31,"column":32}},"3":{"start":{"line":32,"column":2},"end":{"line":32,"column":24}},"4":{"start":{"line":35,"column":2},"end":{"line":41,"column":4}},"5":{"start":{"line":36,"column":20},"end":{"line":36,"column":24}},"6":{"start":{"line":37,"column":21},"end":{"line":37,"column":25}},"7":{"start":{"line":38,"column":22},"end":{"line":38,"column":26}},"8":{"start":{"line":39,"column":19},"end":{"line":39,"column":23}},"9":{"start":{"line":40,"column":20},"end":{"line":40,"column":24}},"10":{"start":{"line":45,"column":19},"end":{"line":45,"column":26}},"11":{"start":{"line":46,"column":18},"end":{"line":46,"column":40}},"12":{"start":{"line":49,"column":19},"end":{"line":49,"column":49}},"13":{"start":{"line":50,"column":18},"end":{"line":50,"column":42}},"14":{"start":{"line":53,"column":24},"end":{"line":53,"column":61}},"15":{"start":{"line":56,"column":25},"end":{"line":56,"column":85}},"16":{"start":{"line":59,"column":0},"end":{"line":64,"column":1}},"17":{"start":{"line":60,"column":2},"end":{"line":60,"column":70}},"18":{"start":{"line":61,"column":2},"end":{"line":61,"column":60}},"19":{"start":{"line":62,"column":2},"end":{"line":62,"column":105}},"20":{"start":{"line":63,"column":2},"end":{"line":63,"column":72}},"21":{"start":{"line":67,"column":16},"end":{"line":69,"column":2}},"22":{"start":{"line":72,"column":14},"end":{"line":77,"column":1}},"23":{"start":{"line":83,"column":2},"end":{"line":145,"column":3}},"24":{"start":{"line":85,"column":4},"end":{"line":87,"column":5}},"25":{"start":{"line":86,"column":6},"end":{"line":86,"column":119}},"26":{"start":{"line":90,"column":23},"end":{"line":90,"column":76}},"27":{"start":{"line":92,"column":4},"end":{"line":92,"column":58}},"28":{"start":{"line":95,"column":24},"end":{"line":100,"column":5}},"29":{"start":{"line":103,"column":4},"end":{"line":109,"column":5}},"30":{"start":{"line":104,"column":6},"end":{"line":104,"column":77}},"31":{"start":{"line":105,"column":6},"end":{"line":108,"column":7}},"32":{"start":{"line":106,"column":8},"end":{"line":106,"column":22}},"33":{"start":{"line":107,"column":8},"end":{"line":107,"column":62}},"34":{"start":{"line":112,"column":4},"end":{"line":118,"column":5}},"35":{"start":{"line":113,"column":6},"end":{"line":113,"column":64}},"36":{"start":{"line":114,"column":6},"end":{"line":117,"column":7}},"37":{"start":{"line":115,"column":8},"end":{"line":115,"column":22}},"38":{"start":{"line":116,"column":8},"end":{"line":116,"column":49}},"39":{"start":{"line":121,"column":4},"end":{"line":127,"column":5}},"40":{"start":{"line":122,"column":6},"end":{"line":122,"column":76}},"41":{"start":{"line":123,"column":6},"end":{"line":126,"column":7}},"42":{"start":{"line":124,"column":8},"end":{"line":124,"column":22}},"43":{"start":{"line":125,"column":8},"end":{"line":125,"column":61}},"44":{"start":{"line":130,"column":4},"end":{"line":136,"column":5}},"45":{"start":{"line":131,"column":6},"end":{"line":131,"column":74}},"46":{"start":{"line":132,"column":6},"end":{"line":135,"column":7}},"47":{"start":{"line":133,"column":8},"end":{"line":133,"column":22}},"48":{"start":{"line":134,"column":8},"end":{"line":134,"column":59}},"49":{"start":{"line":138,"column":4},"end":{"line":138,"column":52}},"50":{"start":{"line":139,"column":4},"end":{"line":139,"column":19}},"51":{"start":{"line":142,"column":4},"end":{"line":142,"column":62}},"52":{"start":{"line":143,"column":4},"end":{"line":143,"column":42}},"53":{"start":{"line":144,"column":4},"end":{"line":144,"column":20}},"54":{"start":{"line":152,"column":2},"end":{"line":172,"column":3}},"55":{"start":{"line":153,"column":21},"end":{"line":159,"column":6}},"56":{"start":{"line":161,"column":4},"end":{"line":161,"column":81}},"57":{"start":{"line":162,"column":4},"end":{"line":162,"column":20}},"58":{"start":{"line":163,"column":4},"end":{"line":163,"column":25}},"59":{"start":{"line":165,"column":4},"end":{"line":165,"column":82}},"60":{"start":{"line":166,"column":4},"end":{"line":166,"column":19}},"61":{"start":{"line":169,"column":4},"end":{"line":171,"column":5}},"62":{"start":{"line":170,"column":6},"end":{"line":170,"column":90}},"63":{"start":{"line":179,"column":2},"end":{"line":212,"column":3}},"64":{"start":{"line":180,"column":19},"end":{"line":185,"column":6}},"65":{"start":{"line":187,"column":4},"end":{"line":199,"column":5}},"66":{"start":{"line":188,"column":6},"end":{"line":188,"column":72}},"67":{"start":{"line":191,"column":6},"end":{"line":194,"column":7}},"68":{"start":{"line":192,"column":8},"end":{"line":192,"column":76}},"69":{"start":{"line":193,"column":8},"end":{"line":193,"column":20}},"70":{"start":{"line":197,"column":22},"end":{"line":197,"column":97}},"71":{"start":{"line":198,"column":6},"end":{"line":198,"column":43}},"72":{"start":{"line":201,"column":4},"end":{"line":201,"column":16}},"73":{"start":{"line":203,"column":4},"end":{"line":203,"column":71}},"74":{"start":{"line":205,"column":4},"end":{"line":209,"column":5}},"75":{"start":{"line":207,"column":6},"end":{"line":207,"column":81}},"76":{"start":{"line":208,"column":6},"end":{"line":208,"column":18}},"77":{"start":{"line":211,"column":4},"end":{"line":211,"column":17}},"78":{"start":{"line":220,"column":2},"end":{"line":222,"column":3}},"79":{"start":{"line":221,"column":4},"end":{"line":221,"column":32}},"80":{"start":{"line":225,"column":2},"end":{"line":237,"column":5}},"81":{"start":{"line":226,"column":15},"end":{"line":229,"column":6}},"82":{"start":{"line":231,"column":4},"end":{"line":236,"column":7}},"83":{"start":{"line":232,"column":6},"end":{"line":235,"column":9}},"84":{"start":{"line":233,"column":8},"end":{"line":233,"column":19}},"85":{"start":{"line":234,"column":8},"end":{"line":234,"column":24}},"86":{"start":{"line":244,"column":2},"end":{"line":244,"column":42}},"87":{"start":{"line":245,"column":2},"end":{"line":245,"column":38}},"88":{"start":{"line":246,"column":2},"end":{"line":246,"column":48}},"89":{"start":{"line":248,"column":2},"end":{"line":250,"column":3}},"90":{"start":{"line":249,"column":4},"end":{"line":249,"column":46}},"91":{"start":{"line":252,"column":2},"end":{"line":254,"column":3}},"92":{"start":{"line":253,"column":4},"end":{"line":253,"column":51}},"93":{"start":{"line":256,"column":2},"end":{"line":282,"column":3}},"94":{"start":{"line":257,"column":20},"end":{"line":266,"column":1}},"95":{"start":{"line":269,"column":24},"end":{"line":269,"column":55}},"96":{"start":{"line":270,"column":4},"end":{"line":276,"column":5}},"97":{"start":{"line":271,"column":6},"end":{"line":275,"column":7}},"98":{"start":{"line":272,"column":8},"end":{"line":272,"column":48}},"99":{"start":{"line":274,"column":8},"end":{"line":274,"column":79}},"100":{"start":{"line":279,"column":4},"end":{"line":281,"column":5}},"101":{"start":{"line":280,"column":6},"end":{"line":280,"column":72}},"102":{"start":{"line":289,"column":2},"end":{"line":289,"column":23}},"103":{"start":{"line":296,"column":2},"end":{"line":298,"column":3}},"104":{"start":{"line":297,"column":4},"end":{"line":297,"column":39}},"105":{"start":{"line":305,"column":2},"end":{"line":305,"column":50}},"106":{"start":{"line":306,"column":2},"end":{"line":306,"column":50}},"107":{"start":{"line":309,"column":2},"end":{"line":314,"column":3}},"108":{"start":{"line":310,"column":4},"end":{"line":310,"column":75}},"109":{"start":{"line":311,"column":4},"end":{"line":311,"column":91}},"110":{"start":{"line":312,"column":4},"end":{"line":312,"column":75}},"111":{"start":{"line":313,"column":4},"end":{"line":313,"column":20}},"112":{"start":{"line":317,"column":2},"end":{"line":322,"column":3}},"113":{"start":{"line":318,"column":4},"end":{"line":318,"column":70}},"114":{"start":{"line":319,"column":4},"end":{"line":319,"column":55}},"115":{"start":{"line":320,"column":4},"end":{"line":320,"column":71}},"116":{"start":{"line":321,"column":4},"end":{"line":321,"column":20}},"117":{"start":{"line":325,"column":23},"end":{"line":325,"column":27}},"118":{"start":{"line":326,"column":26},"end":{"line":326,"column":81}},"119":{"start":{"line":328,"column":2},"end":{"line":337,"column":3}},"120":{"start":{"line":329,"column":30},"end":{"line":329,"column":59}},"121":{"start":{"line":330,"column":4},"end":{"line":336,"column":5}},"122":{"start":{"line":331,"column":6},"end":{"line":331,"column":41}},"123":{"start":{"line":332,"column":6},"end":{"line":332,"column":73}},"124":{"start":{"line":334,"column":6},"end":{"line":334,"column":99}},"125":{"start":{"line":335,"column":6},"end":{"line":335,"column":79}},"126":{"start":{"line":340,"column":24},"end":{"line":340,"column":52}},"127":{"start":{"line":342,"column":2},"end":{"line":346,"column":3}},"128":{"start":{"line":343,"column":4},"end":{"line":343,"column":39}},"129":{"start":{"line":345,"column":4},"end":{"line":345,"column":37}},"130":{"start":{"line":350,"column":0},"end":{"line":354,"column":3}},"131":{"start":{"line":351,"column":2},"end":{"line":351,"column":54}},"132":{"start":{"line":352,"column":2},"end":{"line":352,"column":62}},"133":{"start":{"line":353,"column":2},"end":{"line":353,"column":18}}},"fnMap":{"0":{"name":"(anonymous_0)","decl":{"start":{"line":36,"column":10},"end":{"line":36,"column":11}},"loc":{"start":{"line":36,"column":20},"end":{"line":36,"column":24}},"line":36},"1":{"name":"(anonymous_1)","decl":{"start":{"line":37,"column":11},"end":{"line":37,"column":12}},"loc":{"start":{"line":37,"column":21},"end":{"line":37,"column":25}},"line":37},"2":{"name":"(anonymous_2)","decl":{"start":{"line":38,"column":12},"end":{"line":38,"column":13}},"loc":{"start":{"line":38,"column":22},"end":{"line":38,"column":26}},"line":38},"3":{"name":"(anonymous_3)","decl":{"start":{"line":39,"column":9},"end":{"line":39,"column":10}},"loc":{"start":{"line":39,"column":19},"end":{"line":39,"column":23}},"line":39},"4":{"name":"(anonymous_4)","decl":{"start":{"line":40,"column":10},"end":{"line":40,"column":11}},"loc":{"start":{"line":40,"column":20},"end":{"line":40,"column":24}},"line":40},"5":{"name":"createIssues","decl":{"start":{"line":82,"column":15},"end":{"line":82,"column":27}},"loc":{"start":{"line":82,"column":51},"end":{"line":146,"column":1}},"line":82},"6":{"name":"createIssue","decl":{"start":{"line":151,"column":15},"end":{"line":151,"column":26}},"loc":{"start":{"line":151,"column":44},"end":{"line":173,"column":1}},"line":151},"7":{"name":"verifyExistingIssues","decl":{"start":{"line":178,"column":15},"end":{"line":178,"column":35}},"loc":{"start":{"line":178,"column":38},"end":{"line":213,"column":1}},"line":178},"8":{"name":"promptUser","decl":{"start":{"line":218,"column":9},"end":{"line":218,"column":19}},"loc":{"start":{"line":218,"column":30},"end":{"line":238,"column":1}},"line":218},"9":{"name":"(anonymous_9)","decl":{"start":{"line":225,"column":33},"end":{"line":225,"column":34}},"loc":{"start":{"line":225,"column":45},"end":{"line":237,"column":3}},"line":225},"10":{"name":"(anonymous_10)","decl":{"start":{"line":231,"column":23},"end":{"line":231,"column":24}},"loc":{"start":{"line":231,"column":34},"end":{"line":236,"column":5}},"line":231},"11":{"name":"(anonymous_11)","decl":{"start":{"line":232,"column":28},"end":{"line":232,"column":29}},"loc":{"start":{"line":232,"column":38},"end":{"line":235,"column":7}},"line":232},"12":{"name":"printSummary","decl":{"start":{"line":243,"column":9},"end":{"line":243,"column":21}},"loc":{"start":{"line":243,"column":24},"end":{"line":283,"column":1}},"line":243},"13":{"name":"log","decl":{"start":{"line":288,"column":9},"end":{"line":288,"column":12}},"loc":{"start":{"line":288,"column":22},"end":{"line":290,"column":1}},"line":288},"14":{"name":"setGitHubActionsFailed","decl":{"start":{"line":295,"column":9},"end":{"line":295,"column":31}},"loc":{"start":{"line":295,"column":41},"end":{"line":299,"column":1}},"line":295},"15":{"name":"main","decl":{"start":{"line":304,"column":15},"end":{"line":304,"column":19}},"loc":{"start":{"line":304,"column":22},"end":{"line":347,"column":1}},"line":304},"16":{"name":"(anonymous_16)","decl":{"start":{"line":350,"column":13},"end":{"line":350,"column":14}},"loc":{"start":{"line":350,"column":22},"end":{"line":354,"column":1}},"line":350}},"branchMap":{"0":{"loc":{"start":{"line":59,"column":0},"end":{"line":64,"column":1}},"type":"if","locations":[{"start":{"line":59,"column":0},"end":{"line":64,"column":1}},{"start":{},"end":{}}],"line":59},"1":{"loc":{"start":{"line":82,"column":28},"end":{"line":82,"column":49}},"type":"default-arg","locations":[{"start":{"line":82,"column":45},"end":{"line":82,"column":49}}],"line":82},"2":{"loc":{"start":{"line":85,"column":4},"end":{"line":87,"column":5}},"type":"if","locations":[{"start":{"line":85,"column":4},"end":{"line":87,"column":5}},{"start":{},"end":{}}],"line":85},"3":{"loc":{"start":{"line":103,"column":4},"end":{"line":109,"column":5}},"type":"if","locations":[{"start":{"line":103,"column":4},"end":{"line":109,"column":5}},{"start":{},"end":{}}],"line":103},"4":{"loc":{"start":{"line":103,"column":8},"end":{"line":103,"column":62}},"type":"binary-expr","locations":[{"start":{"line":103,"column":8},"end":{"line":103,"column":23}},{"start":{"line":103,"column":27},"end":{"line":103,"column":62}}],"line":103},"5":{"loc":{"start":{"line":112,"column":4},"end":{"line":118,"column":5}},"type":"if","locations":[{"start":{"line":112,"column":4},"end":{"line":118,"column":5}},{"start":{},"end":{}}],"line":112},"6":{"loc":{"start":{"line":112,"column":8},"end":{"line":112,"column":52}},"type":"binary-expr","locations":[{"start":{"line":112,"column":8},"end":{"line":112,"column":23}},{"start":{"line":112,"column":27},"end":{"line":112,"column":52}}],"line":112},"7":{"loc":{"start":{"line":121,"column":4},"end":{"line":127,"column":5}},"type":"if","locations":[{"start":{"line":121,"column":4},"end":{"line":127,"column":5}},{"start":{},"end":{}}],"line":121},"8":{"loc":{"start":{"line":121,"column":8},"end":{"line":121,"column":59}},"type":"binary-expr","locations":[{"start":{"line":121,"column":8},"end":{"line":121,"column":23}},{"start":{"line":121,"column":27},"end":{"line":121,"column":59}}],"line":121},"9":{"loc":{"start":{"line":130,"column":4},"end":{"line":136,"column":5}},"type":"if","locations":[{"start":{"line":130,"column":4},"end":{"line":136,"column":5}},{"start":{},"end":{}}],"line":130},"10":{"loc":{"start":{"line":130,"column":8},"end":{"line":130,"column":58}},"type":"binary-expr","locations":[{"start":{"line":130,"column":8},"end":{"line":130,"column":23}},{"start":{"line":130,"column":27},"end":{"line":130,"column":58}}],"line":130},"11":{"loc":{"start":{"line":169,"column":4},"end":{"line":171,"column":5}},"type":"if","locations":[{"start":{"line":169,"column":4},"end":{"line":171,"column":5}},{"start":{},"end":{}}],"line":169},"12":{"loc":{"start":{"line":187,"column":4},"end":{"line":199,"column":5}},"type":"if","locations":[{"start":{"line":187,"column":4},"end":{"line":199,"column":5}},{"start":{},"end":{}}],"line":187},"13":{"loc":{"start":{"line":191,"column":6},"end":{"line":194,"column":7}},"type":"if","locations":[{"start":{"line":191,"column":6},"end":{"line":194,"column":7}},{"start":{},"end":{}}],"line":191},"14":{"loc":{"start":{"line":205,"column":4},"end":{"line":209,"column":5}},"type":
[...]
olumn":25},"end":{"line":270,"column":45}},"98":{"start":{"line":272,"column":8},"end":{"line":274,"column":9}},"99":{"start":{"line":273,"column":12},"end":{"line":273,"column":57}},"100":{"start":{"line":279,"column":8},"end":{"line":289,"column":9}},"101":{"start":{"line":280,"column":12},"end":{"line":286,"column":15}},"102":{"start":{"line":288,"column":12},"end":{"line":288,"column":63}},"103":{"start":{"line":293,"column":24},"end":{"line":293,"column":77}},"104":{"start":{"line":296,"column":8},"end":{"line":302,"column":9}},"105":{"start":{"line":297,"column":35},"end":{"line":297,"column":44}},"106":{"start":{"line":298,"column":12},"end":{"line":301,"column":15}},"107":{"start":{"line":299,"column":29},"end":{"line":299,"column":53}},"108":{"start":{"line":300,"column":16},"end":{"line":300,"column":72}},"109":{"start":{"line":304,"column":8},"end":{"line":304,"column":48}},"110":{"start":{"line":308,"column":24},"end":{"line":315,"column":9}},"111":{"start":{"line":310,"column":51},"end":{"line":310,"column":57}},"112":{"start":{"line":318,"column":8},"end":{"line":330,"column":11}},"113":{"start":{"line":319,"column":12},"end":{"line":319,"column":93}},"114":{"start":{"line":322,"column":12},"end":{"line":324,"column":13}},"115":{"start":{"line":323,"column":16},"end":{"line":323,"column":49}},"116":{"start":{"line":325,"column":12},"end":{"line":325,"column":107}},"117":{"start":{"line":328,"column":25},"end":{"line":328,"column":60}},"118":{"start":{"line":329,"column":12},"end":{"line":329,"column":91}},"119":{"start":{"line":333,"column":8},"end":{"line":336,"column":59}},"120":{"start":{"line":334,"column":34},"end":{"line":334,"column":39}},"121":{"start":{"line":336,"column":39},"end":{"line":336,"column":56}},"122":{"start":{"line":338,"column":8},"end":{"line":338,"column":23}},"123":{"start":{"line":342,"column":22},"end":{"line":342,"column":69}},"124":{"start":{"line":343,"column":8},"end":{"line":345,"column":9}},"125":{"start":{"line":344,"column":12},"end":{"line":344,"column":47}},"126":{"start":{"line":347,"column":49},"end":{"line":351,"column":10}},"127":{"start":{"line":353,"column":8},"end":{"line":388,"column":10}},"128":{"start":{"line":363,"column":64},"end":{"line":363,"column":88}},"129":{"start":{"line":365,"column":50},"end":{"line":365,"column":74}},"130":{"start":{"line":371,"column":49},"end":{"line":378,"column":13}},"131":{"start":{"line":379,"column":35},"end":{"line":386,"column":13}},"132":{"start":{"line":393,"column":23},"end":{"line":393,"column":25}},"133":{"start":{"line":394,"column":8},"end":{"line":397,"column":11}},"134":{"start":{"line":395,"column":26},"end":{"line":395,"column":50}},"135":{"start":{"line":396,"column":12},"end":{"line":396,"column":53}},"136":{"start":{"line":398,"column":8},"end":{"line":398,"column":22}},"137":{"start":{"line":402,"column":22},"end":{"line":402,"column":24}},"138":{"start":{"line":403,"column":8},"end":{"line":406,"column":11}},"139":{"start":{"line":404,"column":25},"end":{"line":404,"column":71}},"140":{"start":{"line":405,"column":12},"end":{"line":405,"column":49}},"141":{"start":{"line":407,"column":8},"end":{"line":407,"column":21}},"142":{"start":{"line":411,"column":20},"end":{"line":411,"column":30}},"143":{"start":{"line":412,"column":22},"end":{"line":412,"column":41}},"144":{"start":{"line":413,"column":25},"end":{"line":413,"column":36}},"145":{"start":{"line":414,"column":8},"end":{"line":414,"column":59}},"146":{"start":{"line":418,"column":25},"end":{"line":423,"column":9}},"147":{"start":{"line":424,"column":8},"end":{"line":424,"column":42}}},"fnMap":{"0":{"name":"(anonymous_0)","decl":{"start":{"line":7,"column":4},"end":{"line":7,"column":5}},"loc":{"start":{"line":7,"column":40},"end":{"line":12,"column":5}},"line":7},"1":{"name":"(anonymous_1)","decl":{"start":{"line":15,"column":4},"end":{"line":15,"column":5}},"loc":{"start":{"line":15,"column":33},"end":{"line":29,"column":5}},"line":15},"2":{"name":"(anonymous_2)","decl":{"start":{"line":31,"column":4},"end":{"line":31,"column":5}},"loc":{"start":{"line":31,"column":40},"end":{"line":40,"column":5}},"line":31},"3":{"name":"(anonymous_3)","decl":{"start":{"line":42,"column":4},"end":{"line":42,"column":5}},"loc":{"start":{"line":42,"column":44},"end":{"line":81,"column":5}},"line":42},"4":{"name":"(anonymous_4)","decl":{"start":{"line":84,"column":4},"end":{"line":84,"column":5}},"loc":{"start":{"line":84,"column":35},"end":{"line":101,"column":5}},"line":84},"5":{"name":"(anonymous_5)","decl":{"start":{"line":103,"column":4},"end":{"line":103,"column":5}},"loc":{"start":{"line":103,"column":58},"end":{"line":114,"column":5}},"line":103},"6":{"name":"(anonymous_6)","decl":{"start":{"line":107,"column":41},"end":{"line":107,"column":42}},"loc":{"start":{"line":107,"column":53},"end":{"line":110,"column":13}},"line":107},"7":{"name":"(anonymous_7)","decl":{"start":{"line":116,"column":4},"end":{"line":116,"column":5}},"loc":{"start":{"line":116,"column":49},"end":{"line":147,"column":5}},"line":116},"8":{"name":"(anonymous_8)","decl":{"start":{"line":149,"column":4},"end":{"line":149,"column":5}},"loc":{"start":{"line":149,"column":37},"end":{"line":155,"column":5}},"line":149},"9":{"name":"(anonymous_9)","decl":{"start":{"line":157,"column":4},"end":{"line":157,"column":5}},"loc":{"start":{"line":157,"column":29},"end":{"line":164,"column":5}},"line":157},"10":{"name":"(anonymous_10)","decl":{"start":{"line":166,"column":4},"end":{"line":166,"column":5}},"loc":{"start":{"line":166,"column":29},"end":{"line":171,"column":5}},"line":166},"11":{"name":"(anonymous_11)","decl":{"start":{"line":168,"column":20},"end":{"line":168,"column":21}},"loc":{"start":{"line":168,"column":32},"end":{"line":170,"column":9}},"line":168},"12":{"name":"(anonymous_12)","decl":{"start":{"line":173,"column":4},"end":{"line":173,"column":5}},"loc":{"start":{"line":173,"column":34},"end":{"line":183,"column":5}},"line":173},"13":{"name":"(anonymous_13)","decl":{"start":{"line":186,"column":4},"end":{"line":186,"column":5}},"loc":{"start":{"line":186,"column":48},"end":{"line":234,"column":5}},"line":186},"14":{"name":"(anonymous_14)","decl":{"start":{"line":236,"column":4},"end":{"line":236,"column":5}},"loc":{"start":{"line":236,"column":55},"end":{"line":260,"column":5}},"line":236},"15":{"name":"(anonymous_15)","decl":{"start":{"line":262,"column":4},"end":{"line":262,"column":5}},"loc":{"start":{"line":262,"column":50},"end":{"line":275,"column":5}},"line":262},"16":{"name":"(anonymous_16)","decl":{"start":{"line":278,"column":4},"end":{"line":278,"column":5}},"loc":{"start":{"line":278,"column":53},"end":{"line":290,"column":5}},"line":278},"17":{"name":"(anonymous_17)","decl":{"start":{"line":292,"column":4},"end":{"line":292,"column":5}},"loc":{"start":{"line":292,"column":55},"end":{"line":305,"column":5}},"line":292},"18":{"name":"(anonymous_18)","decl":{"start":{"line":298,"column":41},"end":{"line":298,"column":42}},"loc":{"start":{"line":298,"column":49},"end":{"line":301,"column":13}},"line":298},"19":{"name":"(anonymous_19)","decl":{"start":{"line":307,"column":4},"end":{"line":307,"column":5}},"loc":{"start":{"line":307,"column":32},"end":{"line":339,"column":5}},"line":307},"20":{"name":"(anonymous_20)","decl":{"start":{"line":310,"column":46},"end":{"line":310,"column":47}},"loc":{"start":{"line":310,"column":51},"end":{"line":310,"column":57}},"line":310},"21":{"name":"(anonymous_21)","decl":{"start":{"line":318,"column":26},"end":{"line":318,"column":27}},"loc":{"start":{"line":318,"column":34},"end":{"line":330,"column":9}},"line":318},"22":{"name":"(anonymous_22)","decl":{"start":{"line":334,"column":18},"end":{"line":334,"column":19}},"loc":{"start":{"line":334,"column":34},"end":{"line":334,"column":39}},"line":334},"23":{"name":"(anonymous_23)","decl":{"start":{"line":336,"column":17},"end":{"line":336,"column":18}},"loc":{"start":{"line":336,"column":39},"end":{"line":336,"column":56}},"line":336},"24":{"name":"(anonymous_24)","decl":{"start":{"line":341,"column":4},"end":{"line":341,"column":5}},"loc":{"start":{"line":341,"column":39},"end":{"line":389,"column":5}},"line":341},"25":{"name":"(anonymous_25)","decl":{"start":{"line":363,"column":59},"end":{"line":363,"column":60}},"loc":{"start":{"line":363,"column":64},"end":{"line":363,"column":88}},"line":363},"26":{"name":"(anonymous_26)","decl":{"start":{"line":365,"column":45},"end":{"line":365,"column":46}},"loc":{"start":{"line":365,"column":50},"end":{"line":365,"column":74}},"line":365},"27":{"name":"(anonymous_27)","decl":{"start":{"line":371,"column":43},"end":{"line":371,"column":44}},"loc":{"start":{"line":371,"column":49},"end":{"line":378,"column":13}},"line":371},"28":{"name":"(anonymous_28)","decl":{"start":{"line":379,"column":29},"end":{"line":379,"column":30}},"loc":{"start":{"line":379,"column":35},"end":{"line":386,"column":13}},"line":379},"29":{"name":"(anonymous_29)","decl":{"start":{"line":392,"column":4},"end":{"line":392,"column":5}},"loc":{"start":{"line":392,"column":31},"end":{"line":399,"column":5}},"line":392},"30":{"name":"(anonymous_30)","decl":{"start":{"line":394,"column":22},"end":{"line":394,"column":23}},"loc":{"start":{"line":394,"column":30},"end":{"line":397,"column":9}},"line":394},"31":{"name":"(anonymous_31)","decl":{"start":{"line":401,"column":4},"end":{"line":401,"column":5}},"loc":{"start":{"line":401,"column":39},"end":{"line":408,"column":5}},"line":401},"32":{"name":"(anonymous_32)","decl":{"start":{"line":403,"column":29},"end":{"line":403,"column":30}},"loc":{"start":{"line":403,"column":44},"end":{"line":406,"column":9}},"line":403},"33":{"name":"(anonymous_33)","decl":{"start":{"line":410,"column":4},"end":{"line":410,"column":5}},"loc":{"start":{"line":410,"column":33},"end":{"line":415,"column":5}},"line":410},"34":{"name":"(anonymous_34)","decl":{"start":{"line":417,"column":4},"end":{"line":417,"column":5}},"loc":{"start":{"line":417,"column":30},"end":{"line":425,"column":5}},"line":417}},"branchMap":{"0":{"loc":{"start":{"line":35,"column":8},"end":{"line":37,"column":9}},"type":"if","locations":[{"start":{"line":35,"column":8},"end":{"line":37,"column":9}},{"start":{},"end":{}}],"line":35},"1":{"loc":{"start":{"line":42,"column":31},"end":{"line":42,"column":42}},"type":"default-arg","locations":[{"start":{"line":42,"column":40},"end":{"line":42,"column":42}}],"line":42},"2":{"loc":{"start":{"line":44,"column":8},"end":{"line":46,"column":9}},"type":"if","locations":[{"start":{"line":44,"column":8},"end":{"line":46,"column":9}},{"start":{},"end":{}}],"line":44},"3":{"loc":{"start":{"line":60,"column":8},"end":{"line":68,"column":9}},"type":"if","locations":[{"start":{"line":60,"column":8},"end":{"line":68,"column":9}},{"start":{},"end":{}}],"line":60},"4":{"loc":{"start":{"line":86,"column":8},"end":{"line":88,"column":9}},"type":"if","locations":[{"start":{"line":86,"column":8},"end":{"line":88,"column":9}},{"start":{},"end":{}}],"line":86},"5":{"loc":{"start":{"line":86,"column":12},"end":{"line":86,"column":84}},"type":"binary-expr","locations":[{"start":{"line":86,"column":12},"end":{"line":86,"column":34}},{"start":{"line":86,"column":38},"end":{"line":86,"column":84}}],"line":86},"6":{"loc":{"start":{"line":90,"column":29},"end":{"line":90,"column":81}},"type":"binary-expr","locations":[{"start":{"line":90,"column":29},"end":{"line":90,"column":71}},{"start":{"line":90,"column":75},"end":{"line":90,"column":81}}],"line":90},"7":{"loc":{"start":{"line":97,"column":12},"end":{"line":99,"column":13}},"type":"if","locations":[{"start":{"line":97,"column":12},"end":{"line":99,"column":13}},{"start":{},"end":{}}],"line":97},"8":{"loc":{"start":{"line":106,"column":8},"end":{"line":113,"column":9}},"type":"if","locations":[{"start":{"line":106,"column":8},"end":{"line":113,"column":9}},{"start":{},"end":{}}],"line":106},"9":{"loc":{"start":{"line":119,"column":12},"end":{"line":121,"column":13}},"type":"if","locations":[{"start":{"line":119,"column":12},"end":{"line":121,"column":13}},{"start":{},"end":{}}],"line":119},"10":{"loc":{"start":{"line":119,"column":16},"end":{"line":119,"column":53}},"type":"binary-expr","locations":[{"start":{"line":119,"column":16},"end":{"line":119,"column":22}},{"start":{"line":119,"column":26},"end":{"line":119,"column":53}}],"line":119},"11":{"loc":{"start":{"line":159,"column":12},"end":{"line":162,"column":13}},"type":"if","locations":[{"start":{"line":159,"column":12},"end":{"line":162,"column":13}},{"start":{},"end":{}}],"line":159},"12":{"loc":{"start":{"line":190,"column":8},"end":{"line":192,"column":9}},"type":"if","locations":[{"start":{"line":190,"column":8},"end":{"line":192,"column":9}},{"start":{},"end":{}}],"line":190},"13":{"loc":{"start":{"line":205,"column":8},"end":{"line":214,"column":9}},"type":"if","locations":[{"start":{"line":205,"column":8},"end":{"line":214,"column":9}},{"start":{},"end":{}}],"line":205},"14":{"loc":{"start":{"line":218,"column":8},"end":{"line":224,"column":9}},"type":"if","locations":[{"start":{"line":218,"column":8},"end":{"line":224,"column":9}},{"start":{},"end":{}}],"line":218},"15":{"loc":{"start":{"line":219,"column":12},"end":{"line":223,"column":13}},"type":"if","locations":[{"start":{"line":219,"column":12},"end":{"line":223,"column":13}},{"start":{"line":221,"column":19},"end":{"line":223,"column":13}}],"line":219},"16":{"loc":{"start":{"line":238,"column":8},"end":{"line":240,"column":9}},"type":"if","locations":[{"start":{"line":238,"column":8},"end":{"line":240,"column":9}},{"start":{},"end":{}}],"line":238},"17":{"loc":{"start":{"line":245,"column":32},"end":{"line":245,"column":85}},"type":"binary-expr","locations":[{"start":{"line":245,"column":32},"end":{"line":245,"column":78}},{"start":{"line":245,"column":82},"end":{"line":245,"column":85}}],"line":245},"18":{"loc":{"start":{"line":247,"column":8},"end":{"line":249,"column":9}},"type":"if","locations":[{"start":{"line":247,"column":8},"end":{"line":249,"column":9}},{"start":{},"end":{}}],"line":247},"19":{"loc":{"start":{"line":257,"column":8},"end":{"line":259,"column":9}},"type":"if","locations":[{"start":{"line":257,"column":8},"end":{"line":259,"column":9}},{"start":{},"end":{}}],"line":257},"20":{"loc":{"start":{"line":264,"column":8},"end":{"line":266,"column":9}},"type":"if","locations":[{"start":{"line":264,"column":8},"end":{"line":266,"column":9}},{"start":{},"end":{}}],"line":264},"21":{"loc":{"start":{"line":270,"column":25},"end":{"line":270,"column":45}},"type":"binary-expr","locations":[{"start":{"line":270,"column":25},"end":{"line":270,"column":39}},{"start":{"line":270,"column":43},"end":{"line":270,"column":45}}],"line":270},"22":{"loc":{"start":{"line":272,"column":8},"end":{"line":274,"column":9}},"type":"if","locations":[{"start":{"line":272,"column":8},"end":{"line":274,"column":9}},{"start":{},"end":{}}],"line":272},"23":{"loc":{"start":{"line":278,"column":42},"end":{"line":278,"column":51}},"type":"default-arg","locations":[{"start":{"line":278,"column":49},"end":{"line":278,"column":51}}],"line":278},"24":{"loc":{"start":{"line":292,"column":37},"end":{"line":292,"column":53}},"type":"default-arg","locations":[{"start":{"line":292,"column":49},"end":{"line":292,"column":53}}],"line":292},"25":{"loc":{"start":{"line":296,"column":8},"end":{"line":302,"column":9}},"type":"if","locations":[{"start":{"line":296,"column":8},"end":{"line":302,"column":9}},{"start":{},"end":{}}],"line":296},"26":{"loc":{"start":{"line":300,"column":23},"end":{"line":300,"column":71}},"type":"binary-expr","locations":[{"start":{"line":300,"column":23},"end":{"line":300,"column":46}},{"start":{"line":300,"column":50},"end":{"line":300,"column":71}}],"line":300},"27":{"loc":{"start":{"line":319,"column":49},"end":{"line":319,"column":87}},"type":"binary-expr","locations":[{"start":{"line":319,"column":49},"end":{"line":319,"column":82}},{"start":{"line":319,"column":86},"end":{"line":319,"column":87}}],"line":319},"28":{"loc":{"start":{"line":322,"column":12},"end":{"line":324,"column":13}},"type":"if","locations":[{"start":{"line":322,"column":12},"end":{"line":324,"column":13}},{"start":{},"end":{}}],"line":322},"29":{"loc":{"start":{"line":325,"column":56},"end":{"line":325,"column":101}},"type":"binary-expr","locations":[{"start":{"line":325,"column":56},"end":{"line":325,"column":96}},{"start":{"line":325,"column":100},"end":{"line":325,"column":101}}],"line":325},"30":{"loc":{"start":{"line":329,"column":48},"end":{"line":329,"column":85}},"type":"binary-expr","locations":[{"start":{"line":329,"column":48},"end":{"line":329,"column":80}},{"start":{"line":329,"column":84},"end":{"line":329,"column":85}}],"line":329},"31":{"loc":{"start":{"line":343,"column":8},"end":{"line":345,"column":9}},"type":"if","locations":[{"start":{"line":343,"column":8},"end":{"line":345,"column":9}},{"start":{},"end":{}}],"line":343},"32":{"loc":{"start":{"line":376,"column":27},"end":{"line":376,"column":47}},"type":"binary-expr","locations":[{"start":{"line":376,"column":27},"end":{"line":376,"column":38}},{"start":{"line":376,"column":42},"end":{"line":376,"column":47}}],"line":376},"33":{"loc":{"start":{"line":395,"column":26},"end":{"line":395,"column":50}},"type":"binary-expr","locations":[{"start":{"line":395,"column":26},"end":{"line":395,"column":37}},{"start":{"line":395,"column":41},"end":{"line":395,"column":50}}],"line":395},"34":{"loc":{"start":{"line":396,"column":29},"end":{"line":396,"column":47}},"type":"binary-expr","locations":[{"start":{"line":396,"column":29},"end":{"line":396,"column":42}},{"start":{"line":396,"column":46},"end":{"line":396,"column":47}}],"line":396},"35":{"loc":{"start":{"line":405,"column":27},"end":{"line":405,"column":43}},"type":"binary-expr","locations":[{"start":{"line":405,"column":27},"end":{"line":405,"column":38}},{"start":{"line":405,"column":42},"end":{"line":405,"column":43}}],"line":405},"36":{"loc":{"start":{"line":424,"column":15},"end":{"line":424,"column":41}},"type":"binary-expr","locations":[{"start":{"line":424,"column":15},"end":{"line":424,"column":31}},{"start":{"line":424,"column":35},"end":{"line":424,"column":41}}],"line":424}},"s":{"0":0,"1":0,"2":0,"3":0,"4":0,"5":0,"6":0,"7":0,"8":0,"9":0,"10":0,"11":0,"12":0,"13":0,"14":0,"15":0,"16":0,"17":0,"18":0,"19":0,"20":0,"21":0,"22":0,"23":0,"24":0,"25":0,"26":0,"27":0,"28":0,"29":0,"30":0,"31":0,"32":0,"33":0,"34":0,"35":0,"36":0,"37":0,"38":0,"39":0,"40":0,"41":0,"42":0,"43":0,"44":0,"45":0,"46":0,"47":0,"48":0,"49":0,"50":0,"51":0,"52":0,"53":0,"54":0,"55":0,"56":0,"57":0,"58":0,"59":0,"60":0,"61":0,"62":0,"63":0,"64":0,"65":0,"66":0,"67":0,"68":0,"69":0,"70":0,"71":0,"72":0,"73":0,"74":0,"75":0,"76":0,"77":0,"78":0,"79":0,"80":0,"81":0,"82":0,"83":0,"84":0,"85":0,"86":0,"87":0,"88":0,"89":0,"90":0,"91":0,"92":0,"93":0,"94":0,"95":0,"96":0,"97":0,"98":0,"99":0,"100":0,"101":0,"102":0,"103":0,"104":0,"105":0,"106":0,"107":0,"108":0,"109":0,"110":0,"111":0,"112":0,"113":0,"114":0,"115":0,"116":0,"117":0,"118":0,"119":0,"120":0,"121":0,"122":0,"123":0,"124":0,"125":0,"126":0,"127":0,"128":0,"129":0,"130":0,"131":0,"132":0,"133":0,"134":0,"135":0,"136":0,"137":0,"138":0,"139":0,"140":0,"141":0,"142":0,"143":0,"144":0,"145":0,"146":0,"147":0},"f":{"0":0,"1":0,"2":0,"3":0,"4":0,"5":0,"6":0,"7":0,"8":0,"9":0,"10":0,"11":0,"12":0,"13":0,"14":0,"15":0,"16":0,"17":0,"18":0,"19":0,"20":0,"21":0,"22":0,"23":0,"24":0,"25":0,"26":0,"27":0,"28":0,"29":0,"30":0,"31":0,"32":0,"33":0,"34":0},"b":{"0":[0,0],"1":[0],"2":[0,0],"3":[0,0],"4":[0,0],"5":[0,0],"6":[0,0],"7":[0,0],"8":[0,0],"9":[0,0],"10":[0,0],"11":[0,0],"12":[0,0],"13":[0,0],"14":[0,0],"15":[0,0],"16":[0,0],"17":[0,0],"18":[0,0],"19":[0,0],"20":[0,0],"21":[0,0],"22":[0,0],"23":[0],"24":[0],"25":[0,0],"26":[0,0],"27":[0,0],"28":[0,0],"29":[0,0],"30":[0,0],"31":[0,0],"32":[0,0],"33":[0,0],"34":[0,0],"35":[0,0],"36":[0,0]},"inputSourceMap":null}
}
