TN:
SF:scripts/auto-workflow.js
FN:17,(anonymous_0)
FN:32,(anonymous_1)
FN:33,(anonymous_2)
FN:34,(anonymous_3)
FN:35,(anonymous_4)
FN:36,(anonymous_5)
FN:43,(anonymous_6)
FN:83,(anonymous_7)
FN:97,(anonymous_8)
FN:128,(anonymous_9)
FN:168,(anonymous_10)
FN:206,(anonymous_11)
FN:237,(anonymous_12)
FN:254,(anonymous_13)
FN:279,(anonymous_14)
FN:308,(anonymous_15)
FN:339,(anonymous_16)
FN:361,(anonymous_17)
FN:385,(anonymous_18)
FN:414,(anonymous_19)
FN:481,(anonymous_20)
FN:497,(anonymous_21)
FN:562,(anonymous_22)
FN:585,(anonymous_23)
FN:605,(anonymous_24)
FN:625,(anonymous_25)
FN:666,(anonymous_26)
FN:688,(anonymous_27)
FN:770,(anonymous_28)
FN:776,(anonymous_29)
FNF:30
FNH:0
FNDA:0,(anonymous_0)
FNDA:0,(anonymous_1)
FNDA:0,(anonymous_2)
FNDA:0,(anonymous_3)
FNDA:0,(anonymous_4)
FNDA:0,(anonymous_5)
FNDA:0,(anonymous_6)
FNDA:0,(anonymous_7)
FNDA:0,(anonymous_8)
FNDA:0,(anonymous_9)
FNDA:0,(anonymous_10)
FNDA:0,(anonymous_11)
FNDA:0,(anonymous_12)
FNDA:0,(anonymous_13)
FNDA:0,(anonymous_14)
FNDA:0,(anonymous_15)
FNDA:0,(anonymous_16)
FNDA:0,(anonymous_17)
FNDA:0,(anonymous_18)
FNDA:0,(anonymous_19)
FNDA:0,(anonymous_20)
FNDA:0,(anonymous_21)
FNDA:0,(anonymous_22)
FNDA:0,(anonymous_23)
FNDA:0,(anonymous_24)
FNDA:0,(anonymous_25)
FNDA:0,(anonymous_26)
FNDA:0,(anonymous_27)
FNDA:0,(anonymous_28)
FNDA:0,(anonymous_29)
DA:14,0
DA:18,0
DA:22,0
DA:31,0
DA:32,0
DA:33,0
DA:34,0
DA:35,0
DA:36,0
DA:44,0
DA:59,0
DA:60,0
DA:61,0
DA:62,0
DA:72,0
DA:84,0
DA:90,0
DA:91,0
DA:98,0
DA:100,0
DA:101,0
DA:102,0
DA:105,0
DA:106,0
DA:110,0
DA:113,0
DA:114,0
DA:117,0
DA:118,0
DA:120,0
DA:121,0
DA:129,0
DA:131,0
DA:132,0
DA:134,0
DA:136,0
DA:138,0
DA:139,0
DA:141,0
DA:142,0
DA:144,0
DA:145,0
DA:147,0
DA:148,0
DA:150,0
DA:151,0
DA:153,0
DA:154,0
DA:156,0
DA:159,0
DA:161,0
DA:170,0
DA:191,0
DA:192,0
DA:193,0
DA:196,0
DA:197,0
DA:200,0
DA:208,0
DA:226,0
DA:227,0
DA:230,0
DA:231,0
DA:239,0
DA:247,0
DA:248,0
DA:255,0
DA:273,0
DA:280,0
DA:281,0
DA:282,0
DA:285,0
DA:301,0
DA:302,0
DA:309,0
DA:327,0
DA:328,0
DA:329,0
DA:332,0
DA:333,0
DA:340,0
DA:341,0
DA:342,0
DA:343,0
DA:346,0
DA:348,0
DA:349,0
DA:351,0
DA:354,0
DA:362,0
DA:364,0
DA:365,0
DA:367,0
DA:369,0
DA:372,0
DA:373,0
DA:375,0
DA:376,0
DA:378,0
DA:386,0
DA:388,0
DA:389,0
DA:391,0
DA:392,0
DA:394,0
DA:402,0
DA:403,0
DA:405,0
DA:407,0
DA:415,0
DA:417,0
DA:418,0
DA:419,0
DA:449,0
DA:451,0
DA:461,0
DA:462,0
DA:470,0
DA:471,0
DA:473,0
DA:474,0
DA:482,0
DA:491,0
DA:498,0
DA:500,0
DA:502,0
DA:505,0
DA:508,0
DA:510,0
DA:512,0
DA:513,0
DA:515,0
DA:518,0
DA:519,0
DA:521,0
DA:524,0
DA:525,0
DA:527,0
DA:530,0
DA:532,0
DA:543,0
DA:551,0
DA:552,0
DA:554,0
DA:555,0
DA:563,0
DA:565,0
DA:568,0
DA:570,0
DA:575,0
DA:586,0
DA:587,0
DA:590,0
DA:595,0
DA:606,0
DA:607,0
DA:610,0
DA:615,0
DA:626,0
DA:627,0
DA:628,0
DA:631,0
DA:633,0
DA:635,0
DA:641,0
DA:642,0
DA:643,0
DA:647,0
DA:655,0
DA:656,0
DA:658,0
DA:659,0
DA:667,0
DA:669,0
DA:671,0
DA:674,0
DA:675,0
DA:676,0
DA:679,0
DA:681,0
DA:689,0
DA:691,0
DA:693,0
DA:694,0
DA:697,0
DA:700,0
DA:703,0
DA:704,0
DA:705,0
DA:709,0
DA:712,0
DA:715,0
DA:718,0
DA:719,0
DA:720,0
DA:724,0
DA:726,0
DA:727,0
DA:728,0
DA:729,0
DA:730,0
DA:732,0
DA:741,0
DA:742,0
DA:752,0
DA:753,0
DA:755,0
DA:756,0
DA:765,0
DA:768,0
DA:769,0
DA:771,0
DA:772,0
DA:773,0
DA:774,0
DA:777,0
DA:778,0
LF:217
LH:0
BRDA:23,0,0,0
BRDA:23,0,1,0
BRDA:24,1,0,0
BRDA:24,1,1,0
BRDA:61,2,0,0
BRDA:61,2,1,0
BRDA:105,3,0,0
BRDA:105,3,1,0
BRDA:113,4,0,0
BRDA:113,4,1,0
BRDA:136,5,0,0
BRDA:136,5,1,0
BRDA:136,5,2,0
BRDA:136,5,3,0
BRDA:136,5,4,0
BRDA:136,5,5,0
BRDA:136,5,6,0
BRDA:192,6,0,0
BRDA:192,6,1,0
BRDA:226,7,0,0
BRDA:226,7,1,0
BRDA:281,8,0,0
BRDA:281,8,1,0
BRDA:328,9,0,0
BRDA:328,9,1,0
BRDA:342,10,0,0
BRDA:342,10,1,0
BRDA:346,11,0,0
BRDA:346,11,1,0
BRDA:428,12,0,0
BRDA:428,12,1,0
BRDA:429,13,0,0
BRDA:429,13,1,0
BRDA:430,14,0,0
BRDA:430,14,1,0
BRDA:431,15,0,0
BRDA:431,15,1,0
BRDA:432,16,0,0
BRDA:432,16,1,0
BRDA:433,17,0,0
BRDA:433,17,1,0
BRDA:461,18,0,0
BRDA:461,18,1,0
BRDA:491,19,0,0
BRDA:491,19,1,0
BRDA:512,20,0,0
BRDA:512,20,1,0
BRDA:518,21,0,0
BRDA:518,21,1,0
BRDA:524,22,0,0
BRDA:524,22,1,0
BRDA:530,23,0,0
BRDA:530,23,1,0
BRDA:530,23,2,0
BRDA:537,24,0,0
BRDA:537,24,1,0
BRDA:548,25,0,0
BRDA:548,25,1,0
BRDA:551,26,0,0
BRDA:551,26,1,0
BRDA:626,27,0,0
BRDA:626,27,1,0
BRDA:641,28,0,0
BRDA:641,28,1,0
BRDA:666,29,0,0
BRDA:674,30,0,0
BRDA:674,30,1,0
BRDA:704,31,0,0
BRDA:704,31,1,0
BRDA:719,32,0,0
BRDA:719,32,1,0
BRDA:730,33,0,0
BRDA:730,33,1,0
BRDA:752,34,0,0
BRDA:752,34,1,0
BRDA:755,35,0,0
BRDA:755,35,1,0
BRDA:774,36,0,0
BRDA:774,36,1,0
BRF:79
BRH:0
end_of_record
TN:
SF:scripts/build-theme.js
FN:15,getTimestamp
FN:66,ensureDirectories
FN:83,cleanTempDirectory
FN:89,copyThemeFiles
FN:104,(anonymous_4)
FN:124,runAssetBuild
FN:140,createZipArchive
FN:146,(anonymous_7)
FN:152,(anonymous_8)
FN:158,(anonymous_9)
FN:168,createBuildManifest
FN:217,generateChecksum
FN:225,archiveOldBuilds
FN:233,(anonymous_13)
FN:234,(anonymous_14)
FN:250,generateBuildReport
FN:293,main
FNF:17
FNH:0
FNDA:0,getTimestamp
FNDA:0,ensureDirectories
FNDA:0,cleanTempDirectory
FNDA:0,copyThemeFiles
FNDA:0,(anonymous_4)
FNDA:0,runAssetBuild
FNDA:0,createZipArchive
FNDA:0,(anonymous_7)
FNDA:0,(anonymous_8)
FNDA:0,(anonymous_9)
FNDA:0,createBuildManifest
FNDA:0,generateChecksum
FNDA:0,archiveOldBuilds
FNDA:0,(anonymous_13)
FNDA:0,(anonymous_14)
FNDA:0,generateBuildReport
FNDA:0,main
DA:9,0
DA:10,0
DA:11,0
DA:12,0
DA:16,0
DA:17,0
DA:18,0
DA:19,0
DA:20,0
DA:21,0
DA:22,0
DA:24,0
DA:28,0
DA:37,0
DA:45,0
DA:67,0
DA:70,0
DA:78,0
DA:79,0
DA:84,0
DA:85,0
DA:86,0
DA:90,0
DA:92,0
DA:93,0
DA:96,0
DA:97,0
DA:101,0
DA:103,0
DA:104,0
DA:105,0
DA:106,0
DA:107,0
DA:109,0
DA:112,0
DA:113,0
DA:114,0
DA:115,0
DA:120,0
DA:121,0
DA:125,0
DA:127,0
DA:129,0
DA:130,0
DA:136,0
DA:141,0
DA:143,0
DA:144,0
DA:146,0
DA:147,0
DA:148,0
DA:152,0
DA:153,0
DA:154,0
DA:155,0
DA:158,0
DA:159,0
DA:162,0
DA:163,0
DA:164,0
DA:169,0
DA:171,0
DA:196,0
DA:197,0
DA:200,0
DA:201,0
DA:202,0
DA:204,0
DA:205,0
DA:206,0
DA:207,0
DA:208,0
DA:210,0
DA:214,0
DA:218,0
DA:219,0
DA:220,0
DA:221,0
DA:222,0
DA:226,0
DA:228,0
DA:229,0
DA:232,0
DA:233,0
DA:234,0
DA:237,0
DA:238,0
DA:239,0
DA:241,0
DA:242,0
DA:243,0
DA:244,0
DA:245,0
DA:251,0
DA:253,0
DA:287,0
DA:288,0
DA:290,0
DA:294,0
DA:296,0
DA:298,0
DA:301,0
DA:304,0
DA:307,0
DA:310,0
DA:313,0
DA:316,0
DA:319,0
DA:322,0
DA:324,0
DA:325,0
DA:328,0
DA:329,0
DA:334,0
DA:335,0
DA:338,0
LF:116
LH:0
BRDA:41,0,0,0
BRDA:41,0,1,0
BRDA:96,1,0,0
BRDA:96,1,1,0
BRDA:105,2,0,0
BRDA:105,2,1,0
BRDA:112,3,0,0
BRDA:112,3,1,0
BRDA:129,4,0,0
BRDA:129,4,1,0
BRDA:187,5,0,0
BRDA:187,5,1,0
BRDA:200,6,0,0
BRDA:200,6,1,0
BRDA:233,7,0,0
BRDA:233,7,1,0
BRDA:237,8,0,0
BRDA:237,8,1,0
BRDA:334,9,0,0
BRDA:334,9,1,0
BRF:20
BRH:0
end_of_record
TN:
SF:scripts/clean-dist.js
FN:20,getDirectorySize
FN:43,formatBytes
FN:53,analyzeDirectory
FN:76,cleanArchives
FN:86,(anonymous_4)
FN:105,cleanBuilds
FN:140,resetDist
FN:143,(anonymous_7)
FN:176,main
FNF:9
FNH:0
FNDA:0,getDirectorySize
FNDA:0,formatBytes
FNDA:0,analyzeDirectory
FNDA:0,cleanArchives
FNDA:0,(anonymous_4)
FNDA:0,cleanBuilds
FNDA:0,resetDist
FNDA:0,(anonymous_7)
FNDA:0,main
DA:9,0
DA:10,0
DA:11,0
DA:13,0
DA:18,0
DA:21,0
DA:23,0
DA:24,0
DA:27,0
DA:29,0
DA:30,0
DA:31,0
DA:33,0
DA:34,0
DA:36,0
DA:40,0
DA:44,0
DA:46,0
DA:47,0
DA:48,0
DA:50,0
DA:54,0
DA:56,0
DA:57,0
DA:59,0
DA:60,0
DA:61,0
DA:62,0
DA:64,0
DA:65,0
DA:66,0
DA:67,0
DA:68,0
DA:69,0
DA:73,0
DA:77,0
DA:79,0
DA:80,0
DA:81,0
DA:84,0
DA:85,0
DA:86,0
DA:90,0
DA:91,0
DA:92,0
DA:95,0
DA:96,0
DA:98,0
DA:99,0
DA:100,0
DA:101,0
DA:106,0
DA:108,0
DA:109,0
DA:110,0
DA:113,0
DA:114,0
DA:115,0
DA:117,0
DA:119,0
DA:120,0
DA:122,0
DA:123,0
DA:124,0
DA:126,0
DA:127,0
DA:128,0
DA:129,0
DA:133,0
DA:134,0
DA:136,0
DA:141,0
DA:143,0
DA:144,0
DA:147,0
DA:148,0
DA:149,0
DA:152,0
DA:153,0
DA:156,0
DA:163,0
DA:164,0
DA:168,0
DA:169,0
DA:170,0
DA:173,0
DA:177,0
DA:179,0
DA:180,0
DA:182,0
DA:183,0
DA:185,0
DA:186,0
DA:189,0
DA:190,0
DA:191,0
DA:194,0
DA:195,0
DA:196,0
DA:199,0
DA:200,0
DA:201,0
DA:204,0
DA:205,0
DA:208,0
DA:209,0
DA:210,0
DA:211,0
DA:212,0
DA:213,0
DA:216,0
DA:217,0
DA:219,0
DA:223,0
DA:224,0
LF:115
LH:0
BRDA:23,0,0,0
BRDA:23,0,1,0
BRDA:33,1,0,0
BRDA:33,1,1,0
BRDA:44,2,0,0
BRDA:44,2,1,0
BRDA:64,3,0,0
BRDA:64,3,1,0
BRDA:76,4,0,0
BRDA:79,5,0,0
BRDA:79,5,1,0
BRDA:90,6,0,0
BRDA:90,6,1,0
BRDA:105,7,0,0
BRDA:108,8,0,0
BRDA:108,8,1,0
BRDA:120,9,0,0
BRDA:120,9,1,0
BRDA:126,10,0,0
BRDA:126,10,1,0
BRDA:133,11,0,0
BRDA:133,11,1,0
BRDA:147,12,0,0
BRDA:147,12,1,0
BRDA:183,13,0,0
BRDA:183,13,1,0
BRDA:183,13,2,0
BRDA:183,13,3,0
BRDA:183,13,4,0
BRDA:183,13,5,0
BRDA:189,14,0,0
BRDA:189,14,1,0
BRDA:194,15,0,0
BRDA:194,15,1,0
BRDA:223,16,0,0
BRDA:223,16,1,0
BRF:36
BRH:0
end_of_record
TN:
SF:scripts/configure-wordpress.js
FN:9,configureWordPress
FNF:1
FNH:0
FNDA:0,configureWordPress
DA:7,0
DA:10,0
DA:11,0
DA:13,0
DA:14,0
DA:15,0
DA:17,0
DA:19,0
DA:20,0
DA:31,0
DA:32,0
DA:34,0
DA:38,0
DA:39,0
DA:45,0
DA:46,0
DA:47,0
DA:48,0
DA:51,0
DA:52,0
DA:55,0
DA:56,0
DA:57,0
DA:61,0
LF:24
LH:0
BRDA:31,0,0,0
BRDA:31,0,1,0
BRDA:45,1,0,0
BRDA:45,1,1,0
BRF:4
BRH:0
end_of_record
TN:
SF:scripts/create-issues.js
FN:36,(anonymous_0)
FN:37,(anonymous_1)
FN:38,(anonymous_2)
FN:39,(anonymous_3)
FN:40,(anonymous_4)
FN:82,createIssues
FN:151,createIssue
FN:178,verifyExistingIssues
FN:218,promptUser
FN:225,(anonymous_9)
FN:231,(anonymous_10)
FN:232,(anonymous_11)
FN:243,printSummary
FN:288,log
FN:295,setGitHubActionsFailed
FN:304,main
FN:350,(anonymous_16)
FNF:17
FNH:0
FNDA:0,(anonymous_0)
FNDA:0,(anonymous_1)
FNDA:0,(anonymous_2)
FNDA:0,(anonymous_3)
FNDA:0,(anonymous_4)
FNDA:0,createIssues
FNDA:0,createIssue
FNDA:0,verifyExistingIssues
FNDA:0,promptUser
FNDA:0,(anonymous_9)
FNDA:0,(anonymous_10)
FNDA:0,(anonymous_11)
FNDA:0,printSummary
FNDA:0,log
FNDA:0,setGitHubActionsFailed
FNDA:0,main
FNDA:0,(anonymous_16)
DA:26,0
DA:30,0
DA:31,0
DA:32,0
DA:35,0
DA:36,0
DA:37,0
DA:38,0
DA:39,0
DA:40,0
DA:45,0
DA:46,0
DA:49,0
DA:50,0
DA:53,0
DA:56,0
DA:59,0
DA:60,0
DA:61,0
DA:62,0
DA:63,0
DA:67,0
DA:72,0
DA:83,0
DA:85,0
DA:86,0
DA:90,0
DA:92,0
DA:95,0
DA:103,0
DA:104,0
DA:105,0
DA:106,0
DA:107,0
DA:112,0
DA:113,0
DA:114,0
DA:115,0
DA:116,0
DA:121,0
DA:122,0
DA:123,0
DA:124,0
DA:125,0
DA:130,0
DA:131,0
DA:132,0
DA:133,0
DA:134,0
DA:138,0
DA:139,0
DA:142,0
DA:143,0
DA:144,0
DA:152,0
DA:153,0
DA:161,0
DA:162,0
DA:163,0
DA:165,0
DA:166,0
DA:169,0
DA:170,0
DA:179,0
DA:180,0
DA:187,0
DA:188,0
DA:191,0
DA:192,0
DA:193,0
DA:197,0
DA:198,0
DA:201,0
DA:203,0
DA:205,0
DA:207,0
DA:208,0
DA:211,0
DA:220,0
DA:221,0
DA:225,0
DA:226,0
DA:231,0
DA:232,0
DA:233,0
DA:234,0
DA:244,0
DA:245,0
DA:246,0
DA:248,0
DA:249,0
DA:252,0
DA:253,0
DA:256,0
DA:257,0
DA:269,0
DA:270,0
DA:271,0
DA:272,0
DA:274,0
DA:279,0
DA:280,0
DA:289,0
DA:296,0
DA:297,0
DA:305,0
DA:306,0
DA:309,0
DA:310,0
DA:311,0
DA:312,0
DA:313,0
DA:317,0
DA:318,0
DA:319,0
DA:320,0
DA:321,0
DA:325,0
DA:326,0
DA:328,0
DA:329,0
DA:330,0
DA:331,0
DA:332,0
DA:334,0
DA:335,0
DA:340,0
DA:342,0
DA:343,0
DA:345,0
DA:350,0
DA:351,0
DA:352,0
DA:353,0
LF:134
LH:0
BRDA:59,0,0,0
BRDA:59,0,1,0
BRDA:82,1,0,0
BRDA:85,2,0,0
BRDA:85,2,1,0
BRDA:103,3,0,0
BRDA:103,3,1,0
BRDA:103,4,0,0
BRDA:103,4,1,0
BRDA:112,5,0,0
BRDA:112,5,1,0
BRDA:112,6,0,0
BRDA:112,6,1,0
BRDA:121,7,0,0
BRDA:121,7,1,0
BRDA:121,8,0,0
BRDA:121,8,1,0
BRDA:130,9,0,0
BRDA:130,9,1,0
BRDA:130,10,0,0
BRDA:130,10,1,0
BRDA:169,11,0,0
BRDA:169,11,1,0
BRDA:187,12,0,0
BRDA:187,12,1,0
BRDA:191,13,0,0
BRDA:191,13,1,0
BRDA:205,14,0,0
BRDA:205,14,1,0
BRDA:220,15,0,0
BRDA:220,15,1,0
BRDA:248,16,0,0
BRDA:248,16,1,0
BRDA:252,17,0,0
BRDA:252,17,1,0
BRDA:256,18,0,0
BRDA:256,18,1,0
BRDA:270,19,0,0
BRDA:270,19,1,0
BRDA:279,20,0,0
BRDA:279,20,1,0
BRDA:296,21,0,0
BRDA:296,21,1,0
BRDA:309,22,0,0
BRDA:309,22,1,0
BRDA:317,23,0,0
BRDA:317,23,1,0
BRDA:328,24,0,0
BRDA:328,24,1,0
BRDA:330,25,0,0
BRDA:330,25,1,0
BRDA:342,26,0,0
BRDA:342,26,1,0
BRF:53
BRH:0
end_of_record
TN:
SF:scripts/create-sample-event.js
FN:9,createSampleEvent
FNF:1
FNH:0
FNDA:0,createSampleEvent
DA:7,0
DA:10,0
DA:11,0
DA:13,0
DA:14,0
DA:15,0
DA:17,0
DA:19,0
DA:21,0
DA:38,0
DA:47,0
DA:48,0
DA:49,0
DA:50,0
DA:51,0
DA:54,0
DA:55,0
DA:56,0
DA:57,0
DA:67,0
DA:69,0
DA:74,0
DA:77,0
DA:78,0
DA:81,0
DA:82,0
DA:83,0
DA:84,0
DA:88,0
LF:29
LH:0
BRDA:47,0,0,0
BRDA:47,0,1,0
BRF:2
BRH:0
end_of_record
TN:
SF:scripts/instruction-dispatcher.js
FN:12,(anonymous_0)
FN:17,(anonymous_1)
FN:18,(anonymous_2)
FN:19,(anonymous_3)
FN:20,(anonymous_4)
FN:27,(anonymous_5)
FN:154,(anonymous_6)
FN:187,(anonymous_7)
FN:188,(anonymous_8)
FN:196,(anonymous_9)
FN:197,(anonymous_10)
FN:210,(anonymous_11)
FN:265,(anonymous_12)
FN:270,(anonymous_13)
FN:290,(anonymous_14)
FN:301,(anonymous_15)
FN:317,(anonymous_16)
FN:325,(anonymous_17)
FN:339,(anonymous_18)
FN:381,(anonymous_19)
FN:413,(anonymous_20)
FN:457,(anonymous_21)
FN:474,(anonymous_22)
FN:481,(anonymous_23)
FN:491,(anonymous_24)
FN:502,(anonymous_25)
FN:522,(anonymous_26)
FN:535,(anonymous_27)
FNF:28
FNH:0
FNDA:0,(anonymous_0)
FNDA:0,(anonymous_1)
FNDA:0,(anonymous_2)
FNDA:0,(anonymous_3)
FNDA:0,(anonymous_4)
FNDA:0,(anonymous_5)
FNDA:0,(anonymous_6)
FNDA:0,(anonymous_7)
FNDA:0,(anonymous_8)
FNDA:0,(anonymous_9)
FNDA:0,(anonymous_10)
FNDA:0,(anonymous_11)
FNDA:0,(anonymous_12)
FNDA:0,(anonymous_13)
FNDA:0,(anonymous_14)
FNDA:0,(anonymous_15)
FNDA:0,(anonymous_16)
FNDA:0,(anonymous_17)
FNDA:0,(anonymous_18)
FNDA:0,(anonymous_19)
FNDA:0,(anonymous_20)
FNDA:0,(anonymous_21)
FNDA:0,(anonymous_22)
FNDA:0,(anonymous_23)
FNDA:0,(anonymous_24)
FNDA:0,(anonymous_25)
FNDA:0,(anonymous_26)
FNDA:0,(anonymous_27)
DA:13,0
DA:14,0
DA:16,0
DA:17,0
DA:18,0
DA:19,0
DA:20,0
DA:28,0
DA:155,0
DA:163,0
DA:165,0
DA:166,0
DA:168,0
DA:169,0
DA:171,0
DA:172,0
DA:173,0
DA:174,0
DA:175,0
DA:176,0
DA:181,0
DA:182,0
DA:183,0
DA:184,0
DA:185,0
DA:187,0
DA:188,0
DA:193,0
DA:194,0
DA:195,0
DA:196,0
DA:197,0
DA:201,0
DA:204,0
DA:211,0
DA:223,0
DA:224,0
DA:227,0
DA:228,0
DA:229,0
DA:230,0
DA:231,0
DA:233,0
DA:234,0
DA:235,0
DA:247,0
DA:248,0
DA:249,0
DA:252,0
DA:253,0
DA:257,0
DA:259,0
DA:266,0
DA:269,0
DA:270,0
DA:271,0
DA:274,0
DA:277,0
DA:278,0
DA:282,0
DA:289,0
DA:290,0
DA:291,0
DA:295,0
DA:302,0
DA:304,0
DA:306,0
DA:307,0
DA:309,0
DA:310,0
DA:311,0
DA:316,0
DA:317,0
DA:319,0
DA:327,0
DA:330,0
DA:333,0
DA:340,0
DA:341,0
DA:344,0
DA:353,0
DA:354,0
DA:355,0
DA:360,0
DA:362,0
DA:363,0
DA:365,0
DA:366,0
DA:368,0
DA:369,0
DA:371,0
DA:372,0
DA:375,0
DA:382,0
DA:383,0
DA:386,0
DA:387,0
DA:390,0
DA:391,0
DA:394,0
DA:395,0
DA:398,0
DA:399,0
DA:403,0
DA:404,0
DA:407,0
DA:414,0
DA:417,0
DA:419,0
DA:420,0
DA:421,0
DA:424,0
DA:425,0
DA:426,0
DA:429,0
DA:430,0
DA:431,0
DA:434,0
DA:435,0
DA:436,0
DA:440,0
DA:441,0
DA:442,0
DA:446,0
DA:447,0
DA:448,0
DA:451,0
DA:458,0
DA:459,0
DA:460,0
DA:462,0
DA:463,0
DA:465,0
DA:466,0
DA:467,0
DA:468,0
DA:469,0
DA:470,0
DA:472,0
DA:473,0
DA:474,0
DA:475,0
DA:479,0
DA:480,0
DA:481,0
DA:482,0
DA:484,0
DA:485,0
DA:489,0
DA:490,0
DA:491,0
DA:492,0
DA:496,0
DA:503,0
DA:516,0
DA:523,0
DA:529,0
DA:536,0
DA:542,0
DA:543,0
DA:544,0
DA:547,0
DA:552,0
DA:553,0
DA:554,0
DA:556,0
DA:557,0
DA:565,0
DA:568,0
DA:569,0
DA:571,0
DA:573,0
DA:574,0
LF:173
LH:0
BRDA:165,0,0,0
BRDA:165,0,1,0
BRDA:168,1,0,0
BRDA:168,1,1,0
BRDA:171,2,0,0
BRDA:171,2,1,0
BRDA:172,3,0,0
BRDA:172,3,1,0
BRDA:173,4,0,0
BRDA:173,4,1,0
BRDA:174,5,0,0
BRDA:174,5,1,0
BRDA:175,6,0,0
BRDA:175,6,1,0
BRDA:176,7,0,0
BRDA:176,7,1,0
BRDA:181,8,0,0
BRDA:181,8,1,0
BRDA:184,9,0,0
BRDA:184,9,1,0
BRDA:193,10,0,0
BRDA:193,10,1,0
BRDA:230,11,0,0
BRDA:230,11,1,0
BRDA:233,12,0,0
BRDA:233,12,1,0
BRDA:237,13,0,0
BRDA:237,13,1,0
BRDA:247,14,0,0
BRDA:247,14,1,0
BRDA:277,15,0,0
BRDA:277,15,1,0
BRDA:277,16,0,0
BRDA:277,16,1,0
BRDA:290,17,0,0
BRDA:290,17,1,0
BRDA:310,18,0,0
BRDA:310,18,1,0
BRDA:319,19,0,0
BRDA:319,19,1,0
BRDA:354,20,0,0
BRDA:354,20,1,0
BRDA:360,21,0,0
BRDA:360,21,1,0
BRDA:360,21,2,0
BRDA:360,21,3,0
BRDA:386,22,0,0
BRDA:386,22,1,0
BRDA:386,23,0,0
BRDA:386,23,1,0
BRDA:390,24,0,0
BRDA:390,24,1,0
BRDA:390,25,0,0
BRDA:390,25,1,0
BRDA:394,26,0,0
BRDA:394,26,1,0
BRDA:394,27,0,0
BRDA:394,27,1,0
BRDA:398,28,0,0
BRDA:398,28,1,0
BRDA:398,29,0,0
BRDA:398,29,1,0
BRDA:403,30,0,0
BRDA:403,30,1,0
BRDA:403,31,0,0
BRDA:403,31,1,0
BRDA:417,32,0,0
BRDA:417,32,1,0
BRDA:417,32,2,0
BRDA:417,32,3,0
BRDA:440,33,0,0
BRDA:440,33,1,0
BRDA:446,34,0,0
BRDA:446,34,1,0
BRDA:472,35,0,0
BRDA:472,35,1,0
BRDA:479,36,0,0
BRDA:479,36,1,0
BRDA:484,37,0,0
BRDA:484,37,1,0
BRDA:489,38,0,0
BRDA:489,38,1,0
BRDA:516,39,0,0
BRDA:516,39,1,0
BRDA:529,40,0,0
BRDA:529,40,1,0
BRDA:535,41,0,0
BRDA:542,42,0,0
BRDA:542,42,1,0
BRDA:552,43,0,0
BRDA:552,43,1,0
BRDA:556,44,0,0
BRDA:556,44,1,0
BRDA:573,45,0,0
BRDA:573,45,1,0
BRF:95
BRH:0
end_of_record
TN:
SF:scripts/prepare-manual-deployment.js
FN:12,prepareManualDeployment
FNF:1
FNH:0
FNDA:0,prepareManualDeployment
DA:8,0
DA:9,0
DA:10,0
DA:13,0
DA:14,0
DA:15,0
DA:18,0
DA:19,0
DA:20,0
DA:21,0
DA:22,0
DA:24,0
DA:25,0
DA:27,0
DA:30,0
DA:31,0
DA:32,0
DA:33,0
DA:34,0
DA:36,0
DA:38,0
DA:41,0
DA:42,0
DA:43,0
DA:44,0
DA:45,0
DA:46,0
DA:47,0
DA:49,0
DA:50,0
DA:51,0
DA:53,0
DA:54,0
DA:55,0
DA:56,0
DA:59,0
DA:60,0
DA:61,0
DA:62,0
DA:63,0
DA:64,0
DA:65,0
DA:66,0
DA:67,0
DA:68,0
DA:69,0
DA:70,0
DA:71,0
DA:72,0
DA:73,0
DA:76,0
DA:77,0
DA:78,0
DA:79,0
DA:80,0
DA:81,0
DA:83,0
DA:86,0
LF:58
LH:0
BRDA:20,0,0,0
BRDA:20,0,1,0
BRF:2
BRH:0
end_of_record
TN:
SF:scripts/quality-gates.js
FN:13,(anonymous_0)
FN:36,(anonymous_1)
FN:37,(anonymous_2)
FN:38,(anonymous_3)
FN:39,(anonymous_4)
FN:40,(anonymous_5)
FN:47,(anonymous_6)
FN:54,(anonymous_7)
FN:55,(anonymous_8)
FN:56,(anonymous_9)
FN:57,(anonymous_10)
FN:58,(anonymous_11)
FN:59,(anonymous_12)
FN:60,(anonymous_13)
FN:61,(anonymous_14)
FN:80,(anonymous_15)
FN:81,(anonymous_16)
FN:101,(anonymous_17)
FN:126,(anonymous_18)
FN:159,(anonymous_19)
FN:196,(anonymous_20)
FN:238,(anonymous_21)
FN:273,(anonymous_22)
FN:283,(anonymous_23)
FN:284,(anonymous_24)
FN:316,(anonymous_25)
FN:317,(anonymous_26)
FN:329,(anonymous_27)
FN:345,(anonymous_28)
FN:372,(anonymous_29)
FN:373,(anonymous_30)
FN:385,(anonymous_31)
FN:422,(anonymous_32)
FN:458,(anonymous_33)
FN:508,(anonymous_34)
FN:509,(anonymous_35)
FN:521,(anonymous_36)
FN:551,(anonymous_37)
FN:567,(anonymous_38)
FN:589,(anonymous_39)
FN:611,(anonymous_40)
FN:619,(anonymous_41)
FN:641,(anonymous_42)
FN:647,(anonymous_43)
FN:685,(anonymous_44)
FN:686,(anonymous_45)
FN:708,(anonymous_46)
FN:758,(anonymous_47)
FN:781,(anonymous_48)
FN:788,(anonymous_49)
FNF:50
FNH:0
FNDA:0,(anonymous_0)
FNDA:0,(anonymous_1)
FNDA:0,(anonymous_2)
FNDA:0,(anonymous_3)
FNDA:0,(anonymous_4)
FNDA:0,(anonymous_5)
FNDA:0,(anonymous_6)
FNDA:0,(anonymous_7)
FNDA:0,(anonymous_8)
FNDA:0,(anonymous_9)
FNDA:0,(anonymous_10)
FNDA:0,(anonymous_11)
FNDA:0,(anonymous_12)
FNDA:0,(anonymous_13)
FNDA:0,(anonymous_14)
FNDA:0,(anonymous_15)
FNDA:0,(anonymous_16)
FNDA:0,(anonymous_17)
FNDA:0,(anonymous_18)
FNDA:0,(anonymous_19)
FNDA:0,(anonymous_20)
FNDA:0,(anonymous_21)
FNDA:0,(anonymous_22)
FNDA:0,(anonymous_23)
FNDA:0,(anonymous_24)
FNDA:0,(anonymous_25)
FNDA:0,(anonymous_26)
FNDA:0,(anonymous_27)
FNDA:0,(anonymous_28)
FNDA:0,(anonymous_29)
FNDA:0,(anonymous_30)
FNDA:0,(anonymous_31)
FNDA:0,(anonymous_32)
FNDA:0,(anonymous_33)
FNDA:0,(anonymous_34)
FNDA:0,(anonymous_35)
FNDA:0,(anonymous_36)
FNDA:0,(anonymous_37)
FNDA:0,(anonymous_38)
FNDA:0,(anonymous_39)
FNDA:0,(anonymous_40)
FNDA:0,(anonymous_41)
FNDA:0,(anonymous_42)
FNDA:0,(anonymous_43)
FNDA:0,(anonymous_44)
FNDA:0,(anonymous_45)
FNDA:0,(anonymous_46)
FNDA:0,(anonymous_47)
FNDA:0,(anonymous_48)
FNDA:0,(anonymous_49)
DA:14,0
DA:26,0
DA:35,0
DA:36,0
DA:37,0
DA:38,0
DA:39,0
DA:40,0
DA:48,0
DA:50,0
DA:51,0
DA:53,0
DA:54,0
DA:55,0
DA:56,0
DA:57,0
DA:58,0
DA:59,0
DA:60,0
DA:61,0
DA:64,0
DA:65,0
DA:67,0
DA:70,0
DA:71,0
DA:72,0
DA:74,0
DA:81,0
DA:82,0
DA:83,0
DA:84,0
DA:86,0
DA:95,0
DA:102,0
DA:103,0
DA:104,0
DA:105,0
DA:108,0
DA:109,0
DA:110,0
DA:113,0
DA:127,0
DA:128,0
DA:130,0
DA:131,0
DA:132,0
DA:134,0
DA:136,0
DA:144,0
DA:145,0
DA:147,0
DA:160,0
DA:161,0
DA:166,0
DA:167,0
DA:169,0
DA:170,0
DA:172,0
DA:173,0
DA:175,0
DA:185,0
DA:197,0
DA:198,0
DA:203,0
DA:204,0
DA:206,0
DA:207,0
DA:209,0
DA:210,0
DA:212,0
DA:219,0
DA:220,0
DA:227,0
DA:239,0
DA:240,0
DA:246,0
DA:247,0
DA:249,0
DA:250,0
DA:252,0
DA:262,0
DA:274,0
DA:277,0
DA:278,0
DA:282,0
DA:283,0
DA:284,0
DA:286,0
DA:293,0
DA:301,0
DA:302,0
DA:303,0
DA:309,0
DA:316,0
DA:317,0
DA:319,0
DA:330,0
DA:333,0
DA:334,0
DA:335,0
DA:337,0
DA:338,0
DA:340,0
DA:345,0
DA:349,0
DA:350,0
DA:351,0
DA:353,0
DA:360,0
DA:369,0
DA:370,0
DA:372,0
DA:373,0
DA:375,0
DA:386,0
DA:388,0
DA:390,0
DA:392,0
DA:393,0
DA:396,0
DA:402,0
DA:403,0
DA:404,0
DA:409,0
DA:412,0
DA:423,0
DA:424,0
DA:430,0
DA:431,0
DA:433,0
DA:434,0
DA:436,0
DA:447,0
DA:459,0
DA:462,0
DA:463,0
DA:470,0
DA:473,0
DA:474,0
DA:475,0
DA:476,0
DA:478,0
DA:485,0
DA:493,0
DA:494,0
DA:495,0
DA:501,0
DA:508,0
DA:509,0
DA:511,0
DA:522,0
DA:524,0
DA:526,0
DA:527,0
DA:528,0
DA:530,0
DA:540,0
DA:553,0
DA:555,0
DA:568,0
DA:570,0
DA:571,0
DA:573,0
DA:574,0
DA:576,0
DA:577,0
DA:579,0
DA:583,0
DA:590,0
DA:592,0
DA:593,0
DA:595,0
DA:596,0
DA:598,0
DA:599,0
DA:600,0
DA:601,0
DA:605,0
DA:612,0
DA:613,0
DA:620,0
DA:631,0
DA:632,0
DA:634,0
DA:635,0
DA:636,0
DA:637,0
DA:640,0
DA:641,0
DA:648,0
DA:649,0
DA:650,0
DA:653,0
DA:654,0
DA:655,0
DA:656,0
DA:657,0
DA:659,0
DA:661,0
DA:662,0
DA:667,0
DA:668,0
DA:672,0
DA:673,0
DA:674,0
DA:677,0
DA:679,0
DA:686,0
DA:688,0
DA:689,0
DA:690,0
DA:693,0
DA:695,0
DA:696,0
DA:697,0
DA:699,0
DA:700,0
DA:709,0
DA:752,0
DA:759,0
DA:765,0
DA:766,0
DA:771,0
DA:772,0
DA:778,0
DA:780,0
DA:782,0
DA:784,0
DA:785,0
DA:789,0
DA:790,0
LF:231
LH:0
BRDA:13,0,0,0
BRDA:16,1,0,0
BRDA:16,1,1,0
BRDA:17,2,0,0
BRDA:17,2,1,0
BRDA:18,3,0,0
BRDA:18,3,1,0
BRDA:19,4,0,0
BRDA:19,4,1,0
BRDA:21,5,0,0
BRDA:21,5,1,0
BRDA:64,6,0,0
BRDA:64,6,1,0
BRDA:108,7,0,0
BRDA:108,7,1,0
BRDA:108,8,0,0
BRDA:108,8,1,0
BRDA:139,9,0,0
BRDA:139,9,1,0
BRDA:140,10,0,0
BRDA:140,10,1,0
BRDA:169,11,0,0
BRDA:169,11,1,0
BRDA:170,12,0,0
BRDA:170,12,1,0
BRDA:206,13,0,0
BRDA:206,13,1,0
BRDA:207,14,0,0
BRDA:207,14,1,0
BRDA:219,15,0,0
BRDA:219,15,1,0
BRDA:247,16,0,0
BRDA:247,16,1,0
BRDA:337,17,0,0
BRDA:337,17,1,0
BRDA:338,18,0,0
BRDA:338,18,1,0
BRDA:342,19,0,0
BRDA:342,19,1,0
BRDA:345,20,0,0
BRDA:345,20,1,0
BRDA:351,21,0,0
BRDA:351,21,1,0
BRDA:403,22,0,0
BRDA:403,22,1,0
BRDA:431,23,0,0
BRDA:431,23,1,0
BRDA:433,24,0,0
BRDA:433,24,1,0
BRDA:434,25,0,0
BRDA:434,25,1,0
BRDA:442,26,0,0
BRDA:442,26,1,0
BRDA:462,27,0,0
BRDA:462,27,1,0
BRDA:568,28,0,0
BRDA:568,28,1,0
BRDA:576,29,0,0
BRDA:576,29,1,0
BRDA:590,30,0,0
BRDA:590,30,1,0
BRDA:598,31,0,0
BRDA:598,31,1,0
BRDA:600,32,0,0
BRDA:600,32,1,0
BRDA:600,33,0,0
BRDA:600,33,1,0
BRDA:635,34,0,0
BRDA:635,34,1,0
BRDA:636,35,0,0
BRDA:636,35,1,0
BRDA:640,36,0,0
BRDA:640,36,1,0
BRDA:655,37,0,0
BRDA:655,37,1,0
BRDA:656,38,0,0
BRDA:656,38,1,0
BRDA:661,39,0,0
BRDA:661,39,1,0
BRDA:668,40,0,0
BRDA:668,40,1,0
BRDA:688,41,0,0
BRDA:688,41,1,0
BRDA:752,42,0,0
BRDA:752,42,1,0
BRDA:758,43,0,0
BRDA:771,44,0,0
BRDA:771,44,1,0
BRDA:773,45,0,0
BRDA:773,45,1,0
BRDA:784,46,0,0
BRDA:784,46,1,0
BRDA:784,47,0,0
BRDA:784,47,1,0
BRF:94
BRH:0
end_of_record
TN:
SF:scripts/test-wordpress-api.js
FN:9,testWordPressAPI
FN:45,(anonymous_1)
FN:76,(anonymous_2)
FNF:3
FNH:0
FNDA:0,testWordPressAPI
FNDA:0,(anonymous_1)
FNDA:0,(anonymous_2)
DA:7,0
DA:10,0
DA:12,0
DA:14,0
DA:15,0
DA:17,0
DA:19,0
DA:20,0
DA:27,0
DA:28,0
DA:29,0
DA:30,0
DA:31,0
DA:32,0
DA:36,0
DA:37,0
DA:43,0
DA:44,0
DA:45,0
DA:46,0
DA:47,0
DA:52,0
DA:53,0
DA:59,0
DA:60,0
DA:61,0
DA:62,0
DA:63,0
DA:67,0
DA:68,0
DA:74,0
DA:75,0
DA:76,0
DA:77,0
DA:78,0
DA:82,0
DA:85,0
DA:89,0
LF:38
LH:0
BRDA:27,0,0,0
BRDA:27,0,1,0
BRDA:43,1,0,0
BRDA:43,1,1,0
BRDA:46,2,0,0
BRDA:46,2,1,0
BRDA:59,3,0,0
BRDA:59,3,1,0
BRDA:74,4,0,0
BRDA:74,4,1,0
BRDA:77,5,0,0
BRDA:77,5,1,0
BRF:12
BRH:0
end_of_record
TN:
SF:scripts/verify-issues.js
FN:36,(anonymous_0)
FN:37,(anonymous_1)
FN:38,(anonymous_2)
FN:39,(anonymous_3)
FN:40,(anonymous_4)
FN:71,verifyIssues
FN:95,(anonymous_6)
FN:103,(anonymous_7)
FN:111,(anonymous_8)
FN:119,(anonymous_9)
FN:143,(anonymous_10)
FN:145,(anonymous_11)
FN:174,(anonymous_12)
FN:183,(anonymous_13)
FN:207,(anonymous_14)
FN:210,(anonymous_15)
FN:247,log
FN:254,setGitHubActionsFailed
FN:263,setGitHubActionsWarning
FN:270,main
FN:290,(anonymous_20)
FNF:21
FNH:0
FNDA:0,(anonymous_0)
FNDA:0,(anonymous_1)
FNDA:0,(anonymous_2)
FNDA:0,(anonymous_3)
FNDA:0,(anonymous_4)
FNDA:0,verifyIssues
FNDA:0,(anonymous_6)
FNDA:0,(anonymous_7)
FNDA:0,(anonymous_8)
FNDA:0,(anonymous_9)
FNDA:0,(anonymous_10)
FNDA:0,(anonymous_11)
FNDA:0,(anonymous_12)
FNDA:0,(anonymous_13)
FNDA:0,(anonymous_14)
FNDA:0,(anonymous_15)
FNDA:0,log
FNDA:0,setGitHubActionsFailed
FNDA:0,setGitHubActionsWarning
FNDA:0,main
FNDA:0,(anonymous_20)
DA:26,0
DA:30,0
DA:31,0
DA:32,0
DA:35,0
DA:36,0
DA:37,0
DA:38,0
DA:39,0
DA:40,0
DA:45,0
DA:46,0
DA:49,0
DA:50,0
DA:53,0
DA:56,0
DA:59,0
DA:60,0
DA:61,0
DA:62,0
DA:63,0
DA:67,0
DA:72,0
DA:74,0
DA:75,0
DA:79,0
DA:81,0
DA:84,0
DA:92,0
DA:95,0
DA:96,0
DA:103,0
DA:104,0
DA:111,0
DA:112,0
DA:119,0
DA:120,0
DA:126,0
DA:127,0
DA:130,0
DA:131,0
DA:132,0
DA:135,0
DA:136,0
DA:138,0
DA:139,0
DA:142,0
DA:143,0
DA:145,0
DA:147,0
DA:148,0
DA:158,0
DA:159,0
DA:160,0
DA:168,0
DA:170,0
DA:171,0
DA:173,0
DA:174,0
DA:175,0
DA:179,0
DA:180,0
DA:182,0
DA:183,0
DA:184,0
DA:188,0
DA:189,0
DA:190,0
DA:191,0
DA:192,0
DA:195,0
DA:196,0
DA:207,0
DA:210,0
DA:214,0
DA:215,0
DA:216,0
DA:217,0
DA:219,0
DA:224,0
DA:225,0
DA:229,0
DA:230,0
DA:231,0
DA:233,0
DA:234,0
DA:238,0
DA:239,0
DA:240,0
DA:248,0
DA:255,0
DA:256,0
DA:264,0
DA:265,0
DA:271,0
DA:272,0
DA:275,0
DA:276,0
DA:277,0
DA:278,0
DA:279,0
DA:282,0
DA:284,0
DA:286,0
DA:290,0
DA:291,0
DA:292,0
DA:293,0
LF:108
LH:0
BRDA:59,0,0,0
BRDA:59,0,1,0
BRDA:74,1,0,0
BRDA:74,1,1,0
BRDA:138,2,0,0
BRDA:138,2,1,0
BRDA:147,3,0,0
BRDA:147,3,1,0
BRDA:159,4,0,0
BRDA:159,4,1,0
BRDA:170,5,0,0
BRDA:170,5,1,0
BRDA:179,6,0,0
BRDA:179,6,1,0
BRDA:195,7,0,0
BRDA:195,7,1,0
BRDA:206,8,0,0
BRDA:206,8,1,0
BRDA:209,9,0,0
BRDA:209,9,1,0
BRDA:215,10,0,0
BRDA:215,10,1,0
BRDA:224,11,0,0
BRDA:224,11,1,0
BRDA:224,12,0,0
BRDA:224,12,1,0
BRDA:229,13,0,0
BRDA:229,13,1,0
BRDA:229,14,0,0
BRDA:229,14,1,0
BRDA:255,15,0,0
BRDA:255,15,1,0
BRDA:264,16,0,0
BRDA:264,16,1,0
BRDA:275,17,0,0
BRDA:275,17,1,0
BRDA:284,18,0,0
BRDA:284,18,1,0
BRDA:284,19,0,0
BRDA:284,19,1,0
BRF:40
BRH:0
end_of_record
TN:
SF:scripts/wordpress-deploy.js
FN:15,(anonymous_0)
FN:32,main
FN:70,validateEnvironmentVariables
FN:79,(anonymous_3)
FN:83,(anonymous_4)
FN:91,verifyWordPressSite
FN:110,verifyThemeFile
FN:123,testWordPressAuth
FN:148,uploadTheme
FN:168,configureWordPress
FN:178,(anonymous_10)
FN:188,createSampleContent
FN:221,showDeploymentGuide
FNF:13
FNH:0
FNDA:0,(anonymous_0)
FNDA:0,main
FNDA:0,validateEnvironmentVariables
FNDA:0,(anonymous_3)
FNDA:0,(anonymous_4)
FNDA:0,verifyWordPressSite
FNDA:0,verifyThemeFile
FNDA:0,testWordPressAuth
FNDA:0,uploadTheme
FNDA:0,configureWordPress
FNDA:0,(anonymous_10)
FNDA:0,createSampleContent
FNDA:0,showDeploymentGuide
DA:8,0
DA:9,0
DA:10,0
DA:15,0
DA:16,0
DA:18,0
DA:19,0
DA:21,0
DA:22,0
DA:24,0
DA:26,0
DA:27,0
DA:28,0
DA:33,0
DA:34,0
DA:37,0
DA:38,0
DA:41,0
DA:43,0
DA:46,0
DA:49,0
DA:52,0
DA:55,0
DA:58,0
DA:60,0
DA:61,0
DA:62,0
DA:65,0
DA:66,0
DA:71,0
DA:79,0
DA:81,0
DA:82,0
DA:83,0
DA:84,0
DA:87,0
DA:88,0
DA:92,0
DA:94,0
DA:95,0
DA:100,0
DA:101,0
DA:103,0
DA:106,0
DA:111,0
DA:113,0
DA:115,0
DA:116,0
DA:119,0
DA:120,0
DA:124,0
DA:126,0
DA:127,0
DA:129,0
DA:136,0
DA:137,0
DA:138,0
DA:140,0
DA:143,0
DA:144,0
DA:149,0
DA:154,0
DA:155,0
DA:156,0
DA:157,0
DA:158,0
DA:159,0
DA:162,0
DA:163,0
DA:164,0
DA:169,0
DA:171,0
DA:177,0
DA:178,0
DA:179,0
DA:182,0
DA:183,0
DA:184,0
DA:185,0
DA:189,0
DA:191,0
DA:206,0
DA:207,0
DA:208,0
DA:209,0
DA:210,0
DA:211,0
DA:213,0
DA:214,0
DA:215,0
DA:216,0
DA:217,0
DA:222,0
DA:223,0
DA:224,0
DA:225,0
DA:226,0
DA:227,0
DA:228,0
DA:229,0
DA:230,0
DA:231,0
DA:232,0
DA:233,0
DA:234,0
DA:235,0
DA:236,0
DA:237,0
LF:108
LH:0
BRDA:37,0,0,0
BRDA:37,0,1,0
BRDA:81,1,0,0
BRDA:81,1,1,0
BRDA:100,2,0,0
BRDA:100,2,1,0
BRDA:115,3,0,0
BRDA:115,3,1,0
BRDA:136,4,0,0
BRDA:136,4,1,0
BRDA:163,5,0,0
BRDA:163,5,1,0
BRDA:174,6,0,0
BRDA:174,6,1,0
BRF:14
BRH:0
end_of_record
TN:
SF:scripts/wordpress-theme-upload.js
FN:11,uploadThemeGuide
FNF:1
FNH:0
FNDA:0,uploadThemeGuide
DA:7,0
DA:8,0
DA:9,0
DA:12,0
DA:13,0
DA:14,0
DA:17,0
DA:18,0
DA:19,0
DA:20,0
DA:21,0
DA:24,0
DA:25,0
DA:26,0
DA:27,0
DA:28,0
DA:29,0
DA:30,0
DA:31,0
DA:33,0
DA:34,0
DA:35,0
DA:36,0
DA:40,0
DA:41,0
DA:42,0
DA:43,0
DA:44,0
DA:45,0
DA:46,0
DA:48,0
DA:49,0
DA:50,0
DA:52,0
DA:53,0
DA:54,0
DA:56,0
DA:57,0
DA:58,0
DA:59,0
DA:60,0
DA:62,0
DA:63,0
DA:64,0
DA:65,0
DA:68,0
DA:69,0
DA:70,0
DA:71,0
DA:72,0
DA:74,0
DA:75,0
DA:76,0
DA:77,0
DA:78,0
DA:81,0
DA:82,0
DA:83,0
DA:84,0
DA:85,0
DA:87,0
DA:88,0
DA:89,0
DA:90,0
DA:92,0
DA:93,0
DA:94,0
DA:95,0
DA:96,0
DA:97,0
DA:98,0
DA:99,0
DA:100,0
DA:101,0
DA:104,0
DA:105,0
DA:106,0
DA:107,0
DA:108,0
DA:109,0
DA:110,0
DA:112,0
DA:113,0
DA:114,0
DA:116,0
DA:117,0
DA:118,0
DA:119,0
DA:120,0
DA:121,0
DA:122,0
DA:125,0
DA:126,0
DA:127,0
DA:128,0
DA:129,0
DA:130,0
DA:131,0
DA:132,0
DA:133,0
DA:134,0
DA:136,0
DA:137,0
DA:138,0
DA:139,0
DA:140,0
DA:141,0
DA:142,0
DA:144,0
DA:145,0
DA:146,0
DA:149,0
LF:112
LH:0
BRDA:25,0,0,0
BRDA:25,0,1,0
BRF:2
BRH:0
end_of_record
TN:
SF:scripts/workflow-cli.js
FN:14,(anonymous_0)
FN:18,(anonymous_1)
FN:31,(anonymous_2)
FN:40,(anonymous_3)
FN:51,(anonymous_4)
FN:59,(anonymous_5)
FN:68,(anonymous_6)
FN:77,(anonymous_7)
FN:87,(anonymous_8)
FN:130,(anonymous_9)
FN:144,(anonymous_10)
FN:162,(anonymous_11)
FN:185,(anonymous_12)
FN:185,(anonymous_13)
FN:201,(anonymous_14)
FN:216,(anonymous_15)
FN:231,(anonymous_16)
FN:275,(anonymous_17)
FN:285,(anonymous_18)
FN:307,(anonymous_19)
FN:346,(anonymous_20)
FN:363,(anonymous_21)
FN:397,(anonymous_22)
FN:434,(anonymous_23)
FN:442,(anonymous_24)
FNF:25
FNH:0
FNDA:0,(anonymous_0)
FNDA:0,(anonymous_1)
FNDA:0,(anonymous_2)
FNDA:0,(anonymous_3)
FNDA:0,(anonymous_4)
FNDA:0,(anonymous_5)
FNDA:0,(anonymous_6)
FNDA:0,(anonymous_7)
FNDA:0,(anonymous_8)
FNDA:0,(anonymous_9)
FNDA:0,(anonymous_10)
FNDA:0,(anonymous_11)
FNDA:0,(anonymous_12)
FNDA:0,(anonymous_13)
FNDA:0,(anonymous_14)
FNDA:0,(anonymous_15)
FNDA:0,(anonymous_16)
FNDA:0,(anonymous_17)
FNDA:0,(anonymous_18)
FNDA:0,(anonymous_19)
FNDA:0,(anonymous_20)
FNDA:0,(anonymous_21)
FNDA:0,(anonymous_22)
FNDA:0,(anonymous_23)
FNDA:0,(anonymous_24)
DA:15,0
DA:19,0
DA:25,0
DA:32,0
DA:36,0
DA:41,0
DA:45,0
DA:52,0
DA:56,0
DA:60,0
DA:64,0
DA:69,0
DA:73,0
DA:78,0
DA:81,0
DA:88,0
DA:89,0
DA:91,0
DA:93,0
DA:94,0
DA:95,0
DA:97,0
DA:98,0
DA:99,0
DA:100,0
DA:104,0
DA:105,0
DA:108,0
DA:109,0
DA:112,0
DA:115,0
DA:116,0
DA:119,0
DA:122,0
DA:123,0
DA:131,0
DA:132,0
DA:134,0
DA:136,0
DA:137,0
DA:145,0
DA:150,0
DA:152,0
DA:153,0
DA:156,0
DA:163,0
DA:164,0
DA:167,0
DA:168,0
DA:169,0
DA:171,0
DA:172,0
DA:174,0
DA:175,0
DA:176,0
DA:178,0
DA:182,0
DA:183,0
DA:184,0
DA:185,0
DA:186,0
DA:189,0
DA:193,0
DA:197,0
DA:198,0
DA:199,0
DA:200,0
DA:201,0
DA:202,0
DA:205,0
DA:208,0
DA:212,0
DA:213,0
DA:214,0
DA:215,0
DA:216,0
DA:217,0
DA:218,0
DA:221,0
DA:224,0
DA:232,0
DA:234,0
DA:235,0
DA:237,0
DA:238,0
DA:239,0
DA:255,0
DA:256,0
DA:257,0
DA:260,0
DA:263,0
DA:264,0
DA:265,0
DA:267,0
DA:276,0
DA:278,0
DA:280,0
DA:285,0
DA:289,0
DA:298,0
DA:299,0
DA:302,0
DA:307,0
DA:311,0
DA:312,0
DA:315,0
DA:316,0
DA:319,0
DA:320,0
DA:323,0
DA:324,0
DA:328,0
DA:337,0
DA:338,0
DA:339,0
DA:347,0
DA:348,0
DA:349,0
DA:350,0
DA:351,0
DA:352,0
DA:353,0
DA:355,0
DA:356,0
DA:364,0
DA:366,0
DA:367,0
DA:368,0
DA:370,0
DA:371,0
DA:373,0
DA:374,0
DA:376,0
DA:377,0
DA:378,0
DA:380,0
DA:381,0
DA:382,0
DA:384,0
DA:385,0
DA:390,0
DA:398,0
DA:400,0
DA:401,0
DA:403,0
DA:404,0
DA:405,0
DA:410,0
DA:417,0
DA:420,0
DA:421,0
DA:424,0
DA:427,0
DA:436,0
DA:444,0
DA:449,0
DA:450,0
LF:157
LH:0
BRDA:97,0,0,0
BRDA:97,0,1,0
BRDA:108,1,0,0
BRDA:108,1,1,0
BRDA:136,2,0,0
BRDA:136,2,1,0
BRDA:152,3,0,0
BRDA:152,3,1,0
BRDA:175,4,0,0
BRDA:175,4,1,0
BRDA:200,5,0,0
BRDA:200,5,1,0
BRDA:215,6,0,0
BRDA:215,6,1,0
BRDA:217,7,0,0
BRDA:217,7,1,0
BRDA:217,8,0,0
BRDA:217,8,1,0
BRDA:255,9,0,0
BRDA:255,9,1,0
BRDA:263,10,0,0
BRDA:263,10,1,0
BRDA:278,11,0,0
BRDA:278,11,1,0
BRDA:278,11,2,0
BRDA:278,11,3,0
BRDA:278,11,4,0
BRDA:285,12,0,0
BRDA:285,12,1,0
BRDA:307,13,0,0
BRDA:307,13,1,0
BRDA:337,14,0,0
BRDA:337,14,1,0
BRDA:347,15,0,0
BRDA:347,15,1,0
BRDA:350,16,0,0
BRDA:350,16,1,0
BRDA:351,17,0,0
BRDA:351,17,1,0
BRDA:352,18,0,0
BRDA:352,18,1,0
BRDA:353,19,0,0
BRDA:353,19,1,0
BRDA:377,20,0,0
BRDA:377,20,1,0
BRDA:384,21,0,0
BRDA:384,21,1,0
BRDA:420,22,0,0
BRDA:420,22,1,0
BRDA:449,23,0,0
BRDA:449,23,1,0
BRF:51
BRH:0
end_of_record
TN:
SF:server/middleware/errorHandler.js
FN:5,(anonymous_0)
FN:26,(anonymous_1)
FNF:2
FNH:0
FNDA:0,(anonymous_0)
FNDA:0,(anonymous_1)
DA:5,0
DA:6,0
DA:7,0
DA:10,0
DA:13,0
DA:14,0
DA:15,0
DA:19,0
DA:20,0
DA:21,0
DA:25,0
DA:26,0
DA:27,0
DA:30,0
LF:14
LH:0
BRDA:13,0,0,0
BRDA:13,0,1,0
BRDA:19,1,0,0
BRDA:19,1,1,0
BRDA:25,2,0,0
BRDA:25,2,1,0
BRDA:30,3,0,0
BRDA:30,3,1,0
BRDA:32,4,0,0
BRDA:32,4,1,0
BRDA:33,5,0,0
BRDA:33,5,1,0
BRF:12
BRH:0
end_of_record
TN:
SF:server/middleware/logger.js
FN:5,(anonymous_0)
FN:14,(anonymous_1)
FNF:2
FNH:0
FNDA:0,(anonymous_0)
FNDA:0,(anonymous_1)
DA:5,0
DA:6,0
DA:7,0
DA:10,0
DA:13,0
DA:14,0
DA:15,0
DA:16,0
DA:18,0
DA:20,0
DA:23,0
LF:11
LH:0
BRDA:16,0,0,0
BRDA:16,0,1,0
BRDA:16,1,0,0
BRDA:16,1,1,0
BRF:4
BRH:0
end_of_record
TN:
SF:server/middleware/validation.js
FN:7,(anonymous_0)
FN:14,(anonymous_1)
FN:27,(anonymous_2)
FN:32,(anonymous_3)
FN:37,(anonymous_4)
FNF:5
FNH:0
FNDA:0,(anonymous_0)
FNDA:0,(anonymous_1)
FNDA:0,(anonymous_2)
FNDA:0,(anonymous_3)
FNDA:0,(anonymous_4)
DA:7,0
DA:8,0
DA:10,0
DA:11,0
DA:14,0
DA:22,0
DA:26,0
DA:28,0
DA:29,0
DA:33,0
DA:34,0
DA:38,0
DA:39,0
DA:40,0
DA:42,0
LF:15
LH:0
BRDA:10,0,0,0
BRDA:10,0,1,0
BRDA:29,1,0,0
BRDA:29,1,1,0
BRF:4
BRH:0
end_of_record
TN:
SF:server/routes/admin.js
FN:12,(anonymous_0)
FN:27,(anonymous_1)
FN:45,(anonymous_2)
FN:46,(anonymous_3)
FN:48,(anonymous_4)
FN:49,(anonymous_5)
FN:82,(anonymous_6)
FN:89,(anonymous_7)
FN:122,(anonymous_8)
FN:143,(anonymous_9)
FN:180,(anonymous_10)
FN:237,(anonymous_11)
FN:259,(anonymous_12)
FN:285,(anonymous_13)
FN:325,generateInsights
FN:332,(anonymous_15)
FN:359,convertToCSV
FN:368,(anonymous_17)
FN:378,performCleanup
FN:384,(anonymous_19)
FN:397,performBackup
FN:407,(anonymous_21)
FN:412,performOptimization
FN:414,(anonymous_23)
FNF:24
FNH:0
FNDA:0,(anonymous_0)
FNDA:0,(anonymous_1)
FNDA:0,(anonymous_2)
FNDA:0,(anonymous_3)
FNDA:0,(anonymous_4)
FNDA:0,(anonymous_5)
FNDA:0,(anonymous_6)
FNDA:0,(anonymous_7)
FNDA:0,(anonymous_8)
FNDA:0,(anonymous_9)
FNDA:0,(anonymous_10)
FNDA:0,(anonymous_11)
FNDA:0,(anonymous_12)
FNDA:0,(anonymous_13)
FNDA:0,generateInsights
FNDA:0,(anonymous_15)
FNDA:0,convertToCSV
FNDA:0,(anonymous_17)
FNDA:0,performCleanup
FNDA:0,(anonymous_19)
FNDA:0,performBackup
FNDA:0,(anonymous_21)
FNDA:0,performOptimization
FNDA:0,(anonymous_23)
DA:9,0
DA:12,0
DA:13,0
DA:14,0
DA:15,0
DA:20,0
DA:27,0
DA:28,0
DA:29,0
DA:32,0
DA:41,0
DA:46,0
DA:49,0
DA:54,0
DA:55,0
DA:56,0
DA:62,0
DA:70,0
DA:82,0
DA:89,0
DA:106,0
DA:107,0
DA:118,0
DA:123,0
DA:124,0
DA:125,0
DA:129,0
DA:131,0
DA:134,0
DA:137,0
DA:138,0
DA:139,0
DA:140,0
DA:141,0
DA:143,0
DA:144,0
DA:148,0
DA:152,0
DA:154,0
DA:162,0
DA:163,0
DA:175,0
DA:181,0
DA:182,0
DA:183,0
DA:188,0
DA:190,0
DA:191,0
DA:192,0
DA:194,0
DA:195,0
DA:196,0
DA:198,0
DA:199,0
DA:200,0
DA:202,0
DA:203,0
DA:204,0
DA:207,0
DA:208,0
DA:209,0
DA:210,0
DA:211,0
DA:213,0
DA:214,0
DA:215,0
DA:224,0
DA:225,0
DA:237,0
DA:238,0
DA:239,0
DA:240,0
DA:242,0
DA:247,0
DA:248,0
DA:259,0
DA:260,0
DA:261,0
DA:262,0
DA:264,0
DA:266,0
DA:273,0
DA:274,0
DA:285,0
DA:286,0
DA:287,0
DA:288,0
DA:292,0
DA:294,0
DA:295,0
DA:297,0
DA:298,0
DA:300,0
DA:301,0
DA:303,0
DA:309,0
DA:316,0
DA:317,0
DA:326,0
DA:329,0
DA:330,0
DA:331,0
DA:332,0
DA:334,0
DA:344,0
DA:345,0
DA:346,0
DA:347,0
DA:356,0
DA:360,0
DA:361,0
DA:364,0
DA:365,0
DA:367,0
DA:368,0
DA:369,0
DA:370,0
DA:372,0
DA:375,0
DA:380,0
DA:381,0
DA:383,0
DA:384,0
DA:386,0
DA:387,0
DA:390,0
DA:398,0
DA:399,0
DA:402,0
DA:404,0
DA:407,0
DA:414,0
DA:416,0
LF:133
LH:0
BRDA:14,0,0,0
BRDA:14,0,1,0
BRDA:55,1,0,0
BRDA:55,1,1,0
BRDA:65,2,0,0
BRDA:65,2,1,0
BRDA:77,3,0,0
BRDA:77,3,1,0
BRDA:125,4,0,0
BRDA:129,5,0,0
BRDA:129,5,1,0
BRDA:138,6,0,0
BRDA:138,6,1,0
BRDA:183,7,0,0
BRDA:188,8,0,0
BRDA:188,8,1,0
BRDA:188,8,2,0
BRDA:188,8,3,0
BRDA:190,9,0,0
BRDA:190,9,1,0
BRDA:191,10,0,0
BRDA:191,10,1,0
BRDA:194,11,0,0
BRDA:194,11,1,0
BRDA:195,12,0,0
BRDA:195,12,1,0
BRDA:207,13,0,0
BRDA:207,13,1,0
BRDA:218,14,0,0
BRDA:218,14,1,0
BRDA:292,15,0,0
BRDA:292,15,1,0
BRDA:292,15,2,0
BRDA:292,15,3,0
BRDA:329,16,0,0
BRDA:329,16,1,0
BRDA:330,17,0,0
BRDA:330,17,1,0
BRDA:331,18,0,0
BRDA:331,18,1,0
BRDA:332,19,0,0
BRDA:332,19,1,0
BRDA:339,20,0,0
BRDA:339,20,1,0
BRDA:339,21,0,0
BRDA:339,21,1,0
BRDA:344,22,0,0
BRDA:344,22,1,0
BRDA:345,23,0,0
BRDA:345,23,1,0
BRDA:346,24,0,0
BRDA:346,24,1,0
BRDA:360,25,0,0
BRDA:360,25,1,0
BRDA:360,26,0,0
BRDA:360,26,1,0
BRDA:370,27,0,0
BRDA:370,27,1,0
BRDA:407,28,0,0
BRDA:407,28,1,0
BRF:60
BRH:0
end_of_record
TN:
SF:server/routes/events.js
FN:12,(anonymous_0)
FN:27,(anonymous_1)
FN:49,(anonymous_2)
FN:53,(anonymous_3)
FN:71,(anonymous_4)
FN:111,(anonymous_5)
FN:161,(anonymous_6)
FN:194,(anonymous_7)
FN:207,(anonymous_8)
FN:272,(anonymous_9)
FN:346,(anonymous_10)
FN:410,(anonymous_11)
FN:472,(anonymous_12)
FN:509,(anonymous_13)
FN:551,(anonymous_14)
FNF:15
FNH:0
FNDA:0,(anonymous_0)
FNDA:0,(anonymous_1)
FNDA:0,(anonymous_2)
FNDA:0,(anonymous_3)
FNDA:0,(anonymous_4)
FNDA:0,(anonymous_5)
FNDA:0,(anonymous_6)
FNDA:0,(anonymous_7)
FNDA:0,(anonymous_8)
FNDA:0,(anonymous_9)
FNDA:0,(anonymous_10)
FNDA:0,(anonymous_11)
FNDA:0,(anonymous_12)
FNDA:0,(anonymous_13)
FNDA:0,(anonymous_14)
DA:9,0
DA:12,0
DA:13,0
DA:14,0
DA:15,0
DA:20,0
DA:27,0
DA:28,0
DA:29,0
DA:37,0
DA:40,0
DA:41,0
DA:44,0
DA:47,0
DA:48,0
DA:49,0
DA:53,0
DA:54,0
DA:55,0
DA:56,0
DA:57,0
DA:59,0
DA:63,0
DA:64,0
DA:70,0
DA:72,0
DA:77,0
DA:88,0
DA:99,0
DA:100,0
DA:111,0
DA:112,0
DA:113,0
DA:115,0
DA:117,0
DA:118,0
DA:125,0
DA:131,0
DA:141,0
DA:146,0
DA:147,0
DA:158,0
DA:162,0
DA:163,0
DA:164,0
DA:165,0
DA:167,0
DA:169,0
DA:170,0
DA:177,0
DA:182,0
DA:192,0
DA:193,0
DA:194,0
DA:205,0
DA:206,0
DA:207,0
DA:219,0
DA:224,0
DA:225,0
DA:237,0
DA:273,0
DA:274,0
DA:275,0
DA:278,0
DA:295,0
DA:296,0
DA:298,0
DA:299,0
DA:305,0
DA:308,0
DA:312,0
DA:319,0
DA:320,0
DA:332,0
DA:347,0
DA:348,0
DA:349,0
DA:350,0
DA:353,0
DA:354,0
DA:355,0
DA:362,0
DA:363,0
DA:364,0
DA:368,0
DA:369,0
DA:377,0
DA:380,0
DA:381,0
DA:387,0
DA:394,0
DA:395,0
DA:407,0
DA:411,0
DA:412,0
DA:413,0
DA:416,0
DA:417,0
DA:418,0
DA:425,0
DA:426,0
DA:427,0
DA:435,0
DA:436,0
DA:437,0
DA:441,0
DA:444,0
DA:449,0
DA:456,0
DA:457,0
DA:469,0
DA:473,0
DA:474,0
DA:475,0
DA:478,0
DA:479,0
DA:480,0
DA:487,0
DA:490,0
DA:491,0
DA:493,0
DA:509,0
DA:520,0
DA:531,0
DA:532,0
DA:544,0
DA:552,0
DA:553,0
DA:554,0
DA:555,0
DA:558,0
DA:559,0
DA:560,0
DA:567,0
DA:574,0
DA:575,0
DA:582,0
DA:589,0
DA:590,0
DA:592,0
DA:595,0
DA:601,0
DA:602,0
DA:603,0
DA:604,0
DA:606,0
DA:610,0
DA:614,0
DA:617,0
DA:621,0
DA:627,0
DA:628,0
DA:629,0
DA:630,0
DA:632,0
DA:636,0
DA:640,0
DA:647,0
DA:659,0
DA:660,0
LF:161
LH:0
BRDA:14,0,0,0
BRDA:14,0,1,0
BRDA:32,1,0,0
BRDA:33,2,0,0
BRDA:34,3,0,0
BRDA:35,4,0,0
BRDA:36,5,0,0
BRDA:41,6,0,0
BRDA:41,6,1,0
BRDA:47,7,0,0
BRDA:47,7,1,0
BRDA:56,8,0,0
BRDA:56,8,1,0
BRDA:82,9,0,0
BRDA:82,9,1,0
BRDA:117,10,0,0
BRDA:117,10,1,0
BRDA:136,11,0,0
BRDA:136,11,1,0
BRDA:165,12,0,0
BRDA:165,13,0,0
BRDA:169,14,0,0
BRDA:169,14,1,0
BRDA:187,15,0,0
BRDA:187,15,1,0
BRDA:192,16,0,0
BRDA:192,16,1,0
BRDA:199,17,0,0
BRDA:199,17,1,0
BRDA:205,18,0,0
BRDA:205,18,1,0
BRDA:280,19,0,0
BRDA:280,19,1,0
BRDA:283,20,0,0
BRDA:283,20,1,0
BRDA:284,21,0,0
BRDA:284,21,1,0
BRDA:287,22,0,0
BRDA:287,22,1,0
BRDA:288,23,0,0
BRDA:288,23,1,0
BRDA:289,24,0,0
BRDA:289,24,1,0
BRDA:290,25,0,0
BRDA:290,25,1,0
BRDA:296,26,0,0
BRDA:296,26,1,0
BRDA:298,27,0,0
BRDA:298,27,1,0
BRDA:298,28,0,0
BRDA:298,28,1,0
BRDA:354,29,0,0
BRDA:354,29,1,0
BRDA:362,30,0,0
BRDA:362,30,1,0
BRDA:362,31,0,0
BRDA:362,31,1,0
BRDA:363,32,0,0
BRDA:363,32,1,0
BRDA:364,33,0,0
BRDA:364,33,1,0
BRDA:366,34,0,0
BRDA:366,34,1,0
BRDA:368,35,0,0
BRDA:368,35,1,0
BRDA:368,36,0,0
BRDA:368,36,1,0
BRDA:380,37,0,0
BRDA:380,37,1,0
BRDA:380,38,0,0
BRDA:380,38,1,0
BRDA:417,39,0,0
BRDA:417,39,1,0
BRDA:426,40,0,0
BRDA:426,40,1,0
BRDA:479,41,0,0
BRDA:479,41,1,0
BRDA:503,42,0,0
BRDA:503,42,1,0
BRDA:513,43,0,0
BRDA:513,43,1,0
BRDA:514,44,0,0
BRDA:514,44,1,0
BRDA:515,45,0,0
BRDA:515,45,1,0
BRDA:555,46,0,0
BRDA:559,47,0,0
BRDA:559,47,1,0
BRDA:574,48,0,0
BRDA:574,48,1,0
BRDA:592,49,0,0
BRDA:592,49,1,0
BRDA:592,49,2,0
BRDA:601,50,0,0
BRDA:601,50,1,0
BRDA:627,51,0,0
BRDA:627,51,1,0
BRDA:652,52,0,0
BRDA:652,52,1,0
BRF:99
BRH:0
end_of_record
TN:
SF:server/routes/participants.js
FN:66,(anonymous_0)
FN:81,(anonymous_1)
FN:203,(anonymous_2)
FN:351,(anonymous_3)
FN:375,(anonymous_4)
FN:392,(anonymous_5)
FN:412,(anonymous_6)
FN:413,(anonymous_7)
FN:414,(anonymous_8)
FN:415,(anonymous_9)
FN:416,(anonymous_10)
FN:441,(anonymous_11)
FN:497,(anonymous_12)
FNF:13
FNH:0
FNDA:0,(anonymous_0)
FNDA:0,(anonymous_1)
FNDA:0,(anonymous_2)
FNDA:0,(anonymous_3)
FNDA:0,(anonymous_4)
FNDA:0,(anonymous_5)
FNDA:0,(anonymous_6)
FNDA:0,(anonymous_7)
FNDA:0,(anonymous_8)
FNDA:0,(anonymous_9)
FNDA:0,(anonymous_10)
FNDA:0,(anonymous_11)
FNDA:0,(anonymous_12)
DA:10,0
DA:13,0
DA:23,0
DA:49,0
DA:66,0
DA:67,0
DA:68,0
DA:69,0
DA:74,0
DA:81,0
DA:82,0
DA:83,0
DA:91,0
DA:94,0
DA:98,0
DA:99,0
DA:106,0
DA:107,0
DA:114,0
DA:119,0
DA:120,0
DA:131,0
DA:132,0
DA:133,0
DA:135,0
DA:136,0
DA:143,0
DA:158,0
DA:159,0
DA:160,0
DA:162,0
DA:168,0
DA:173,0
DA:191,0
DA:192,0
DA:203,0
DA:204,0
DA:205,0
DA:216,0
DA:219,0
DA:223,0
DA:224,0
DA:231,0
DA:232,0
DA:239,0
DA:244,0
DA:245,0
DA:252,0
DA:253,0
DA:255,0
DA:256,0
DA:262,0
DA:265,0
DA:281,0
DA:295,0
DA:296,0
DA:297,0
DA:299,0
DA:304,0
DA:310,0
DA:336,0
DA:337,0
DA:348,0
DA:352,0
DA:353,0
DA:354,0
DA:363,0
DA:366,0
DA:367,0
DA:368,0
DA:369,0
DA:372,0
DA:375,0
DA:376,0
DA:377,0
DA:378,0
DA:379,0
DA:381,0
DA:385,0
DA:386,0
DA:392,0
DA:402,0
DA:412,0
DA:413,0
DA:414,0
DA:415,0
DA:416,0
DA:421,0
DA:422,0
DA:434,0
DA:442,0
DA:443,0
DA:444,0
DA:445,0
DA:448,0
DA:449,0
DA:450,0
DA:457,0
DA:460,0
DA:461,0
DA:467,0
DA:481,0
DA:482,0
DA:494,0
DA:498,0
DA:499,0
DA:500,0
DA:503,0
DA:504,0
DA:505,0
DA:512,0
DA:513,0
DA:514,0
DA:515,0
DA:520,0
DA:523,0
DA:528,0
DA:535,0
DA:536,0
LF:119
LH:0
BRDA:68,0,0,0
BRDA:68,0,1,0
BRDA:89,1,0,0
BRDA:90,2,0,0
BRDA:94,3,0,0
BRDA:94,3,1,0
BRDA:98,4,0,0
BRDA:98,4,1,0
BRDA:106,5,0,0
BRDA:106,5,1,0
BRDA:119,6,0,0
BRDA:119,6,1,0
BRDA:133,7,0,0
BRDA:133,7,1,0
BRDA:135,8,0,0
BRDA:135,8,1,0
BRDA:150,9,0,0
BRDA:150,9,1,0
BRDA:158,10,0,0
BRDA:158,10,1,0
BRDA:158,11,0,0
BRDA:158,11,1,0
BRDA:211,12,0,0
BRDA:212,13,0,0
BRDA:215,14,0,0
BRDA:219,15,0,0
BRDA:219,15,1,0
BRDA:223,16,0,0
BRDA:223,16,1,0
BRDA:231,17,0,0
BRDA:231,17,1,0
BRDA:231,18,0,0
BRDA:231,18,1,0
BRDA:244,19,0,0
BRDA:244,19,1,0
BRDA:253,20,0,0
BRDA:253,20,1,0
BRDA:255,21,0,0
BRDA:255,21,1,0
BRDA:272,22,0,0
BRDA:272,22,1,0
BRDA:289,23,0,0
BRDA:289,23,1,0
BRDA:290,24,0,0
BRDA:290,24,1,0
BRDA:295,25,0,0
BRDA:295,25,1,0
BRDA:295,26,0,0
BRDA:295,26,1,0
BRDA:359,27,0,0
BRDA:360,28,0,0
BRDA:361,29,0,0
BRDA:362,30,0,0
BRDA:367,31,0,0
BRDA:367,31,1,0
BRDA:368,32,0,0
BRDA:368,32,1,0
BRDA:369,33,0,0
BRDA:369,33,1,0
BRDA:378,34,0,0
BRDA:378,34,1,0
BRDA:379,35,0,0
BRDA:379,35,1,0
BRDA:381,36,0,0
BRDA:381,36,1,0
BRDA:397,37,0,0
BRDA:397,37,1,0
BRDA:398,38,0,0
BRDA:398,38,1,0
BRDA:449,39,0,0
BRDA:449,39,1,0
BRDA:460,40,0,0
BRDA:460,40,1,0
BRDA:460,41,0,0
BRDA:460,41,1,0
BRDA:504,42,0,0
BRDA:504,42,1,0
BRDA:512,43,0,0
BRDA:512,43,1,0
BRF:79
BRH:0
end_of_record
TN:
SF:server/routes/talks.js
FN:12,(anonymous_0)
FN:30,(anonymous_1)
FN:52,(anonymous_2)
FN:78,(anonymous_3)
FN:79,(anonymous_4)
FN:80,(anonymous_5)
FN:127,(anonymous_6)
FN:195,(anonymous_7)
FN:244,(anonymous_8)
FNF:9
FNH:0
FNDA:0,(anonymous_0)
FNDA:0,(anonymous_1)
FNDA:0,(anonymous_2)
FNDA:0,(anonymous_3)
FNDA:0,(anonymous_4)
FNDA:0,(anonymous_5)
FNDA:0,(anonymous_6)
FNDA:0,(anonymous_7)
FNDA:0,(anonymous_8)
DA:9,0
DA:12,0
DA:13,0
DA:14,0
DA:15,0
DA:20,0
DA:27,0
DA:31,0
DA:32,0
DA:33,0
DA:41,0
DA:44,0
DA:45,0
DA:46,0
DA:49,0
DA:52,0
DA:53,0
DA:54,0
DA:55,0
DA:56,0
DA:58,0
DA:62,0
DA:63,0
DA:68,0
DA:78,0
DA:79,0
DA:81,0
DA:82,0
DA:88,0
DA:89,0
DA:101,0
DA:128,0
DA:129,0
DA:130,0
DA:133,0
DA:134,0
DA:135,0
DA:142,0
DA:144,0
DA:147,0
DA:155,0
DA:160,0
DA:173,0
DA:174,0
DA:186,0
DA:196,0
DA:197,0
DA:198,0
DA:199,0
DA:202,0
DA:203,0
DA:204,0
DA:211,0
DA:214,0
DA:215,0
DA:221,0
DA:228,0
DA:229,0
DA:241,0
DA:245,0
DA:246,0
DA:247,0
DA:250,0
DA:251,0
DA:252,0
DA:259,0
DA:262,0
DA:267,0
DA:274,0
DA:275,0
LF:70
LH:0
BRDA:14,0,0,0
BRDA:14,0,1,0
BRDA:37,1,0,0
BRDA:38,2,0,0
BRDA:39,3,0,0
BRDA:40,4,0,0
BRDA:45,5,0,0
BRDA:45,5,1,0
BRDA:46,6,0,0
BRDA:46,6,1,0
BRDA:55,7,0,0
BRDA:55,7,1,0
BRDA:56,8,0,0
BRDA:56,8,1,0
BRDA:58,9,0,0
BRDA:58,9,1,0
BRDA:81,10,0,0
BRDA:81,10,1,0
BRDA:134,11,0,0
BRDA:134,11,1,0
BRDA:149,12,0,0
BRDA:149,12,1,0
BRDA:150,13,0,0
BRDA:150,13,1,0
BRDA:203,14,0,0
BRDA:203,14,1,0
BRDA:214,15,0,0
BRDA:214,15,1,0
BRDA:214,16,0,0
BRDA:214,16,1,0
BRDA:251,17,0,0
BRDA:251,17,1,0
BRF:32
BRH:0
end_of_record
TN:
SF:server/services/database.js
FN:16,(anonymous_0)
FN:25,(anonymous_1)
FN:57,(anonymous_2)
FN:76,(anonymous_3)
FN:116,(anonymous_4)
FN:119,(anonymous_5)
FN:125,(anonymous_6)
FN:133,(anonymous_7)
FN:136,(anonymous_8)
FN:139,(anonymous_9)
FN:142,(anonymous_10)
FN:145,(anonymous_11)
FN:148,(anonymous_12)
FN:174,(anonymous_13)
FN:178,(anonymous_14)
FN:203,(anonymous_15)
FN:207,(anonymous_16)
FN:227,(anonymous_17)
FN:232,(anonymous_18)
FN:236,(anonymous_19)
FN:244,(anonymous_20)
FN:249,(anonymous_21)
FN:254,(anonymous_22)
FN:261,(anonymous_23)
FN:267,(anonymous_24)
FN:269,(anonymous_25)
FN:272,(anonymous_26)
FN:276,(anonymous_27)
FN:280,(anonymous_28)
FN:294,(anonymous_29)
FN:296,(anonymous_30)
FN:303,(anonymous_31)
FN:305,(anonymous_32)
FN:306,(anonymous_33)
FN:310,(anonymous_34)
FN:314,(anonymous_35)
FN:319,(anonymous_36)
FN:334,(anonymous_37)
FN:345,(anonymous_38)
FN:359,(anonymous_39)
FN:370,(anonymous_40)
FN:376,(anonymous_41)
FN:377,(anonymous_42)
FN:380,(anonymous_43)
FN:405,(anonymous_44)
FN:409,(anonymous_45)
FN:416,(anonymous_46)
FN:426,(anonymous_47)
FN:439,(anonymous_48)
FNF:49
FNH:0
FNDA:0,(anonymous_0)
FNDA:0,(anonymous_1)
FNDA:0,(anonymous_2)
FNDA:0,(anonymous_3)
FNDA:0,(anonymous_4)
FNDA:0,(anonymous_5)
FNDA:0,(anonymous_6)
FNDA:0,(anonymous_7)
FNDA:0,(anonymous_8)
FNDA:0,(anonymous_9)
FNDA:0,(anonymous_10)
FNDA:0,(anonymous_11)
FNDA:0,(anonymous_12)
FNDA:0,(anonymous_13)
FNDA:0,(anonymous_14)
FNDA:0,(anonymous_15)
FNDA:0,(anonymous_16)
FNDA:0,(anonymous_17)
FNDA:0,(anonymous_18)
FNDA:0,(anonymous_19)
FNDA:0,(anonymous_20)
FNDA:0,(anonymous_21)
FNDA:0,(anonymous_22)
FNDA:0,(anonymous_23)
FNDA:0,(anonymous_24)
FNDA:0,(anonymous_25)
FNDA:0,(anonymous_26)
FNDA:0,(anonymous_27)
FNDA:0,(anonymous_28)
FNDA:0,(anonymous_29)
FNDA:0,(anonymous_30)
FNDA:0,(anonymous_31)
FNDA:0,(anonymous_32)
FNDA:0,(anonymous_33)
FNDA:0,(anonymous_34)
FNDA:0,(anonymous_35)
FNDA:0,(anonymous_36)
FNDA:0,(anonymous_37)
FNDA:0,(anonymous_38)
FNDA:0,(anonymous_39)
FNDA:0,(anonymous_40)
FNDA:0,(anonymous_41)
FNDA:0,(anonymous_42)
FNDA:0,(anonymous_43)
FNDA:0,(anonymous_44)
FNDA:0,(anonymous_45)
FNDA:0,(anonymous_46)
FNDA:0,(anonymous_47)
FNDA:0,(anonymous_48)
DA:12,0
DA:13,0
DA:17,0
DA:18,0
DA:19,0
DA:20,0
DA:21,0
DA:22,0
DA:26,0
DA:28,0
DA:31,0
DA:40,0
DA:41,0
DA:45,0
DA:47,0
DA:48,0
DA:50,0
DA:52,0
DA:53,0
DA:58,0
DA:60,0
DA:61,0
DA:62,0
DA:64,0
DA:66,0
DA:67,0
DA:68,0
DA:69,0
DA:71,0
DA:77,0
DA:109,0
DA:110,0
DA:111,0
DA:112,0
DA:117,0
DA:119,0
DA:120,0
DA:126,0
DA:127,0
DA:129,0
DA:130,0
DA:133,0
DA:137,0
DA:138,0
DA:139,0
DA:143,0
DA:144,0
DA:145,0
DA:149,0
DA:152,0
DA:153,0
DA:161,0
DA:162,0
DA:163,0
DA:166,0
DA:169,0
DA:171,0
DA:175,0
DA:177,0
DA:178,0
DA:180,0
DA:181,0
DA:185,0
DA:191,0
DA:192,0
DA:195,0
DA:198,0
DA:200,0
DA:204,0
DA:206,0
DA:207,0
DA:209,0
DA:210,0
DA:213,0
DA:214,0
DA:215,0
DA:218,0
DA:221,0
DA:223,0
DA:228,0
DA:229,0
DA:233,0
DA:234,0
DA:236,0
DA:237,0
DA:238,0
DA:241,0
DA:245,0
DA:247,0
DA:250,0
DA:251,0
DA:252,0
DA:255,0
DA:256,0
DA:257,0
DA:258,0
DA:261,0
DA:268,0
DA:269,0
DA:273,0
DA:277,0
DA:281,0
DA:282,0
DA:284,0
DA:295,0
DA:296,0
DA:297,0
DA:298,0
DA:300,0
DA:304,0
DA:305,0
DA:306,0
DA:308,0
DA:310,0
DA:315,0
DA:316,0
DA:320,0
DA:321,0
DA:327,0
DA:328,0
DA:330,0
DA:335,0
DA:336,0
DA:337,0
DA:338,0
DA:339,0
DA:346,0
DA:348,0
DA:349,0
DA:352,0
DA:360,0
DA:361,0
DA:362,0
DA:363,0
DA:364,0
DA:371,0
DA:372,0
DA:377,0
DA:378,0
DA:380,0
DA:381,0
DA:383,0
DA:385,0
DA:387,0
DA:389,0
DA:391,0
DA:393,0
DA:395,0
DA:397,0
DA:401,0
DA:406,0
DA:410,0
DA:412,0
DA:413,0
DA:416,0
DA:417,0
DA:418,0
DA:420,0
DA:421,0
DA:427,0
DA:428,0
DA:429,0
DA:430,0
DA:432,0
DA:434,0
DA:435,0
DA:441,0
DA:442,0
DA:445,0
DA:446,0
DA:447,0
DA:450,0
LF:172
LH:0
BRDA:64,0,0,0
BRDA:64,0,1,0
BRDA:79,1,0,0
BRDA:79,1,1,0
BRDA:80,2,0,0
BRDA:80,2,1,0
BRDA:110,3,0,0
BRDA:110,3,1,0
BRDA:110,4,0,0
BRDA:110,4,1,0
BRDA:117,5,0,0
BRDA:117,5,1,0
BRDA:125,6,0,0
BRDA:127,7,0,0
BRDA:127,7,1,0
BRDA:129,8,0,0
BRDA:129,8,1,0
BRDA:138,9,0,0
BRDA:138,9,1,0
BRDA:144,10,0,0
BRDA:144,10,1,0
BRDA:161,11,0,0
BRDA:161,11,1,0
BRDA:177,12,0,0
BRDA:177,12,1,0
BRDA:180,13,0,0
BRDA:180,13,1,0
BRDA:206,14,0,0
BRDA:206,14,1,0
BRDA:209,15,0,0
BRDA:209,15,1,0
BRDA:227,16,0,0
BRDA:237,17,0,0
BRDA:237,17,1,0
BRDA:238,18,0,0
BRDA:238,18,1,0
BRDA:260,19,0,0
BRDA:260,19,1,0
BRDA:298,20,0,0
BRDA:298,20,1,0
BRDA:308,21,0,0
BRDA:308,21,1,0
BRDA:315,22,0,0
BRDA:315,22,1,0
BRDA:316,23,0,0
BRDA:316,23,1,0
BRDA:336,24,0,0
BRDA:336,24,1,0
BRDA:349,25,0,0
BRDA:349,25,1,0
BRDA:361,26,0,0
BRDA:361,26,1,0
BRDA:361,27,0,0
BRDA:361,27,1,0
BRDA:371,28,0,0
BRDA:371,28,1,0
BRDA:378,29,0,0
BRDA:378,29,1,0
BRDA:378,30,0,0
BRDA:378,30,1,0
BRDA:381,31,0,0
BRDA:381,31,1,0
BRDA:381,31,2,0
BRDA:381,31,3,0
BRDA:381,31,4,0
BRDA:381,31,5,0
BRDA:381,31,6,0
BRDA:381,31,7,0
BRDA:393,32,0,0
BRDA:393,32,1,0
BRDA:395,33,0,0
BRDA:395,33,1,0
BRDA:412,34,0,0
BRDA:412,34,1,0
BRDA:430,35,0,0
BRDA:430,35,1,0
BRDA:441,36,0,0
BRDA:441,36,1,0
BRF:78
BRH:0
end_of_record
TN:
SF:server/services/email.js
FN:7,(anonymous_0)
FN:17,(anonymous_1)
FN:23,(anonymous_2)
FN:48,(anonymous_3)
FN:70,(anonymous_4)
FN:92,(anonymous_5)
FN:114,(anonymous_6)
FN:134,(anonymous_7)
FN:153,(anonymous_8)
FN:160,(anonymous_9)
FN:170,(anonymous_10)
FN:217,(anonymous_11)
FN:273,(anonymous_12)
FN:318,(anonymous_13)
FN:360,(anonymous_14)
FN:408,(anonymous_15)
FN:420,(anonymous_16)
FN:429,(anonymous_17)
FNF:18
FNH:0
FNDA:0,(anonymous_0)
FNDA:0,(anonymous_1)
FNDA:0,(anonymous_2)
FNDA:0,(anonymous_3)
FNDA:0,(anonymous_4)
FNDA:0,(anonymous_5)
FNDA:0,(anonymous_6)
FNDA:0,(anonymous_7)
FNDA:0,(anonymous_8)
FNDA:0,(anonymous_9)
FNDA:0,(anonymous_10)
FNDA:0,(anonymous_11)
FNDA:0,(anonymous_12)
FNDA:0,(anonymous_13)
FNDA:0,(anonymous_14)
FNDA:0,(anonymous_15)
FNDA:0,(anonymous_16)
FNDA:0,(anonymous_17)
DA:8,0
DA:9,0
DA:10,0
DA:12,0
DA:13,0
DA:20,0
DA:24,0
DA:49,0
DA:50,0
DA:51,0
DA:54,0
DA:55,0
DA:63,0
DA:71,0
DA:72,0
DA:73,0
DA:76,0
DA:77,0
DA:85,0
DA:93,0
DA:94,0
DA:95,0
DA:98,0
DA:99,0
DA:107,0
DA:115,0
DA:116,0
DA:117,0
DA:120,0
DA:121,0
DA:127,0
DA:135,0
DA:136,0
DA:137,0
DA:140,0
DA:141,0
DA:146,0
DA:154,0
DA:156,0
DA:157,0
DA:160,0
DA:162,0
DA:164,0
DA:165,0
DA:171,0
DA:218,0
DA:274,0
DA:319,0
DA:361,0
DA:409,0
DA:410,0
DA:421,0
DA:426,0
DA:430,0
DA:445,0
LF:55
LH:0
BRDA:9,0,0,0
BRDA:9,0,1,0
BRDA:12,1,0,0
BRDA:12,1,1,0
BRDA:49,2,0,0
BRDA:49,2,1,0
BRDA:61,3,0,0
BRDA:61,3,1,0
BRDA:71,4,0,0
BRDA:71,4,1,0
BRDA:93,5,0,0
BRDA:93,5,1,0
BRDA:105,6,0,0
BRDA:105,6,1,0
BRDA:114,7,0,0
BRDA:115,8,0,0
BRDA:115,8,1,0
BRDA:125,9,0,0
BRDA:125,9,1,0
BRDA:135,10,0,0
BRDA:135,10,1,0
BRDA:144,11,0,0
BRDA:144,11,1,0
BRDA:426,12,0,0
BRDA:426,12,1,0
BRDA:445,13,0,0
BRDA:445,13,1,0
BRF:27
BRH:0
end_of_record
TN:
SF:server/services/event.js
FN:7,(anonymous_0)
FN:15,(anonymous_1)
FN:31,(anonymous_2)
FN:42,(anonymous_3)
FN:84,(anonymous_4)
FN:103,(anonymous_5)
FN:107,(anonymous_6)
FN:116,(anonymous_7)
FN:149,(anonymous_8)
FN:157,(anonymous_9)
FN:166,(anonymous_10)
FN:168,(anonymous_11)
FN:173,(anonymous_12)
FN:186,(anonymous_13)
FN:236,(anonymous_14)
FN:262,(anonymous_15)
FN:278,(anonymous_16)
FN:292,(anonymous_17)
FN:298,(anonymous_18)
FN:307,(anonymous_19)
FN:310,(anonymous_20)
FN:318,(anonymous_21)
FN:334,(anonymous_22)
FN:336,(anonymous_23)
FN:341,(anonymous_24)
FN:363,(anonymous_25)
FN:365,(anonymous_26)
FN:371,(anonymous_27)
FN:379,(anonymous_28)
FN:392,(anonymous_29)
FN:394,(anonymous_30)
FN:401,(anonymous_31)
FN:403,(anonymous_32)
FN:410,(anonymous_33)
FN:417,(anonymous_34)
FNF:35
FNH:0
FNDA:0,(anonymous_0)
FNDA:0,(anonymous_1)
FNDA:0,(anonymous_2)
FNDA:0,(anonymous_3)
FNDA:0,(anonymous_4)
FNDA:0,(anonymous_5)
FNDA:0,(anonymous_6)
FNDA:0,(anonymous_7)
FNDA:0,(anonymous_8)
FNDA:0,(anonymous_9)
FNDA:0,(anonymous_10)
FNDA:0,(anonymous_11)
FNDA:0,(anonymous_12)
FNDA:0,(anonymous_13)
FNDA:0,(anonymous_14)
FNDA:0,(anonymous_15)
FNDA:0,(anonymous_16)
FNDA:0,(anonymous_17)
FNDA:0,(anonymous_18)
FNDA:0,(anonymous_19)
FNDA:0,(anonymous_20)
FNDA:0,(anonymous_21)
FNDA:0,(anonymous_22)
FNDA:0,(anonymous_23)
FNDA:0,(anonymous_24)
FNDA:0,(anonymous_25)
FNDA:0,(anonymous_26)
FNDA:0,(anonymous_27)
FNDA:0,(anonymous_28)
FNDA:0,(anonymous_29)
FNDA:0,(anonymous_30)
FNDA:0,(anonymous_31)
FNDA:0,(anonymous_32)
FNDA:0,(anonymous_33)
FNDA:0,(anonymous_34)
DA:8,0
DA:9,0
DA:10,0
DA:11,0
DA:16,0
DA:19,0
DA:22,0
DA:28,0
DA:32,0
DA:35,0
DA:36,0
DA:39,0
DA:43,0
DA:44,0
DA:45,0
DA:49,0
DA:56,0
DA:59,0
DA:60,0
DA:61,0
DA:62,0
DA:63,0
DA:65,0
DA:71,0
DA:74,0
DA:80,0
DA:85,0
DA:86,0
DA:87,0
DA:90,0
DA:91,0
DA:93,0
DA:94,0
DA:95,0
DA:97,0
DA:98,0
DA:104,0
DA:106,0
DA:107,0
DA:108,0
DA:109,0
DA:112,0
DA:117,0
DA:118,0
DA:119,0
DA:120,0
DA:123,0
DA:128,0
DA:129,0
DA:130,0
DA:132,0
DA:137,0
DA:142,0
DA:145,0
DA:151,0
DA:154,0
DA:158,0
DA:159,0
DA:160,0
DA:161,0
DA:168,0
DA:169,0
DA:174,0
DA:175,0
DA:177,0
DA:178,0
DA:181,0
DA:187,0
DA:189,0
DA:190,0
DA:191,0
DA:195,0
DA:198,0
DA:204,0
DA:205,0
DA:206,0
DA:207,0
DA:217,0
DA:218,0
DA:219,0
DA:220,0
DA:222,0
DA:227,0
DA:233,0
DA:238,0
DA:239,0
DA:243,0
DA:244,0
DA:245,0
DA:247,0
DA:248,0
DA:252,0
DA:257,0
DA:258,0
DA:264,0
DA:265,0
DA:269,0
DA:270,0
DA:272,0
DA:273,0
DA:279,0
DA:280,0
DA:288,0
DA:293,0
DA:296,0
DA:297,0
DA:298,0
DA:299,0
DA:300,0
DA:304,0
DA:308,0
DA:310,0
DA:318,0
DA:319,0
DA:322,0
DA:323,0
DA:325,0
DA:328,0
DA:329,0
DA:333,0
DA:334,0
DA:336,0
DA:338,0
DA:342,0
DA:343,0
DA:344,0
DA:347,0
DA:353,0
DA:363,0
DA:365,0
DA:371,0
DA:379,0
DA:393,0
DA:394,0
DA:395,0
DA:396,0
DA:398,0
DA:402,0
DA:403,0
DA:404,0
DA:405,0
DA:407,0
DA:411,0
DA:412,0
DA:413,0
DA:414,0
DA:418,0
DA:424,0
LF:148
LH:0
BRDA:35,0,0,0
BRDA:35,0,1,0
BRDA:42,1,0,0
BRDA:44,2,0,0
BRDA:44,2,1,0
BRDA:60,3,0,0
BRDA:60,3,1,0
BRDA:86,4,0,0
BRDA:86,4,1,0
BRDA:86,5,0,0
BRDA:86,5,1,0
BRDA:90,6,0,0
BRDA:90,6,1,0
BRDA:97,7,0,0
BRDA:97,7,1,0
BRDA:106,8,0,0
BRDA:106,8,1,0
BRDA:119,9,0,0
BRDA:119,9,1,0
BRDA:119,10,0,0
BRDA:119,10,1,0
BRDA:159,11,0,0
BRDA:159,11,1,0
BRDA:190,12,0,0
BRDA:190,12,1,0
BRDA:205,13,0,0
BRDA:205,13,1,0
BRDA:218,14,0,0
BRDA:218,14,1,0
BRDA:219,15,0,0
BRDA:219,15,1,0
BRDA:238,16,0,0
BRDA:238,16,1,0
BRDA:245,17,0,0
BRDA:245,17,1,0
BRDA:247,18,0,0
BRDA:247,18,1,0
BRDA:257,19,0,0
BRDA:257,19,1,0
BRDA:264,20,0,0
BRDA:264,20,1,0
BRDA:270,21,0,0
BRDA:270,21,1,0
BRDA:272,22,0,0
BRDA:272,22,1,0
BRDA:278,23,0,0
BRDA:292,24,0,0
BRDA:296,25,0,0
BRDA:296,25,1,0
BRDA:300,26,0,0
BRDA:300,26,1,0
BRDA:319,27,0,0
BRDA:319,27,1,0
BRDA:322,28,0,0
BRDA:322,28,1,0
BRDA:325,29,0,0
BRDA:325,29,1,0
BRDA:329,30,0,0
BRDA:329,30,1,0
BRDA:343,31,0,0
BRDA:343,31,1,0
BRDA:376,32,0,0
BRDA:376,32,1,0
BRDA:395,33,0,0
BRDA:395,33,1,0
BRDA:396,34,0,0
BRDA:396,34,1,0
BRDA:405,35,0,0
BRDA:405,35,1,0
BRDA:424,36,0,0
BRDA:424,36,1,0
BRF:71
BRH:0
end_of_record
