TN:
SF:server/websocket.js
FN:13,setupWebSocketServer
FN:26,(anonymous_1)
FN:30,(anonymous_2)
FN:35,(anonymous_3)
FN:39,(anonymous_4)
FN:44,(anonymous_5)
FNF:6
FNH:0
FNDA:0,setupWebSocketServer
FNDA:0,(anonymous_1)
FNDA:0,(anonymous_2)
FNDA:0,(anonymous_3)
FNDA:0,(anonymous_4)
FNDA:0,(anonymous_5)
DA:14,0
DA:20,0
DA:23,0
DA:26,0
DA:27,0
DA:28,0
DA:30,0
DA:31,0
DA:35,0
DA:36,0
DA:39,0
DA:40,0
DA:44,0
DA:45,0
DA:46,0
DA:49,0
LF:16
LH:0
BRF:0
BRH:0
end_of_record
TN:
SF:server/middleware/cors-config.js
FN:49,(anonymous_0)
FN:54,(anonymous_1)
FN:79,(anonymous_2)
FN:84,(anonymous_3)
FN:100,(anonymous_4)
FN:134,(anonymous_5)
FN:156,(anonymous_6)
FN:173,(anonymous_7)
FNF:8
FNH:0
FNDA:0,(anonymous_0)
FNDA:0,(anonymous_1)
FNDA:0,(anonymous_2)
FNDA:0,(anonymous_3)
FNDA:0,(anonymous_4)
FNDA:0,(anonymous_5)
FNDA:0,(anonymous_6)
FNDA:0,(anonymous_7)
DA:9,0
DA:49,0
DA:50,0
DA:52,0
DA:56,0
DA:57,0
DA:61,0
DA:62,0
DA:64,0
DA:70,0
DA:79,0
DA:80,0
DA:81,0
DA:84,0
DA:85,0
DA:86,0
DA:93,0
DA:100,0
DA:101,0
DA:102,0
DA:103,0
DA:105,0
DA:106,0
DA:107,0
DA:108,0
DA:109,0
DA:111,0
DA:113,0
DA:119,0
DA:133,0
DA:135,0
DA:137,0
DA:138,0
DA:141,0
DA:142,0
DA:144,0
DA:145,0
DA:156,0
DA:158,0
DA:161,0
DA:162,0
DA:163,0
DA:164,0
DA:167,0
DA:173,0
DA:174,0
DA:175,0
DA:183,0
DA:190,0
LF:49
LH:0
BRDA:49,0,0,0
BRDA:49,1,0,0
BRDA:49,1,1,0
BRDA:50,2,0,0
BRDA:50,2,1,0
BRDA:56,3,0,0
BRDA:56,3,1,0
BRDA:56,4,0,0
BRDA:56,4,1,0
BRDA:61,5,0,0
BRDA:61,5,1,0
BRDA:80,6,0,0
BRDA:80,6,1,0
BRDA:85,7,0,0
BRDA:85,7,1,0
BRDA:101,8,0,0
BRDA:101,8,1,0
BRDA:102,9,0,0
BRDA:102,9,1,0
BRDA:137,10,0,0
BRDA:137,10,1,0
BRDA:141,11,0,0
BRDA:141,11,1,0
BRDA:141,12,0,0
BRDA:141,12,1,0
BRDA:161,13,0,0
BRDA:161,13,1,0
BRDA:174,14,0,0
BRDA:174,14,1,0
BRDA:174,15,0,0
BRDA:174,15,1,0
BRF:31
BRH:0
end_of_record
TN:
SF:server/middleware/errorHandler.js
FN:5,(anonymous_0)
FN:26,(anonymous_1)
FNF:2
FNH:0
FNDA:0,(anonymous_0)
FNDA:0,(anonymous_1)
DA:5,0
DA:6,0
DA:7,0
DA:10,0
DA:13,0
DA:14,0
DA:15,0
DA:19,0
DA:20,0
DA:21,0
DA:25,0
DA:26,0
DA:27,0
DA:30,0
LF:14
LH:0
BRDA:13,0,0,0
BRDA:13,0,1,0
BRDA:19,1,0,0
BRDA:19,1,1,0
BRDA:25,2,0,0
BRDA:25,2,1,0
BRDA:30,3,0,0
BRDA:30,3,1,0
BRDA:32,4,0,0
BRDA:32,4,1,0
BRDA:33,5,0,0
BRDA:33,5,1,0
BRF:12
BRH:0
end_of_record
TN:
SF:server/middleware/logger.js
FN:5,(anonymous_0)
FN:14,(anonymous_1)
FNF:2
FNH:0
FNDA:0,(anonymous_0)
FNDA:0,(anonymous_1)
DA:5,0
DA:6,0
DA:7,0
DA:10,0
DA:13,0
DA:14,0
DA:15,0
DA:16,0
DA:18,0
DA:20,0
DA:23,0
LF:11
LH:0
BRDA:16,0,0,0
BRDA:16,0,1,0
BRDA:16,1,0,0
BRDA:16,1,1,0
BRF:4
BRH:0
end_of_record
TN:
SF:server/middleware/rate-limiting.js
FN:16,(anonymous_0)
FN:26,(anonymous_1)
FN:27,(anonymous_2)
FN:82,(anonymous_3)
FN:89,(anonymous_4)
FN:208,(anonymous_5)
FN:218,(anonymous_6)
FN:236,(anonymous_7)
FN:237,(anonymous_8)
FN:257,(anonymous_9)
FN:287,(anonymous_10)
FN:293,(anonymous_11)
FN:294,(anonymous_12)
FN:303,(anonymous_13)
FN:308,(anonymous_14)
FN:317,(anonymous_15)
FNF:16
FNH:0
FNDA:0,(anonymous_0)
FNDA:0,(anonymous_1)
FNDA:0,(anonymous_2)
FNDA:0,(anonymous_3)
FNDA:0,(anonymous_4)
FNDA:0,(anonymous_5)
FNDA:0,(anonymous_6)
FNDA:0,(anonymous_7)
FNDA:0,(anonymous_8)
FNDA:0,(anonymous_9)
FNDA:0,(anonymous_10)
FNDA:0,(anonymous_11)
FNDA:0,(anonymous_12)
FNDA:0,(anonymous_13)
FNDA:0,(anonymous_14)
FNDA:0,(anonymous_15)
DA:10,0
DA:11,0
DA:16,0
DA:18,0
DA:19,0
DA:20,0
DA:26,0
DA:27,0
DA:28,0
DA:29,0
DA:32,0
DA:33,0
DA:36,0
DA:37,0
DA:38,0
DA:41,0
DA:42,0
DA:43,0
DA:54,0
DA:55,0
DA:59,0
DA:69,0
DA:82,0
DA:83,0
DA:91,0
DA:99,0
DA:194,0
DA:208,0
DA:209,0
DA:210,0
DA:213,0
DA:215,0
DA:218,0
DA:224,0
DA:227,0
DA:233,0
DA:236,0
DA:238,0
DA:244,0
DA:257,0
DA:258,0
DA:259,0
DA:262,0
DA:264,0
DA:267,0
DA:268,0
DA:271,0
DA:272,0
DA:275,0
DA:276,0
DA:280,0
DA:286,0
DA:288,0
DA:293,0
DA:294,0
DA:304,0
DA:305,0
DA:309,0
DA:310,0
DA:317,0
DA:318,0
DA:319,0
DA:322,0
DA:323,0
DA:324,0
DA:328,0
DA:332,0
LF:67
LH:0
BRDA:18,0,0,0
BRDA:18,0,1,0
BRDA:19,1,0,0
BRDA:19,1,1,0
BRDA:32,2,0,0
BRDA:32,2,1,0
BRDA:41,3,0,0
BRDA:41,3,1,0
BRDA:54,4,0,0
BRDA:54,4,1,0
BRDA:213,5,0,0
BRDA:213,5,1,0
BRDA:262,6,0,0
BRDA:262,6,1,0
BRDA:262,7,0,0
BRDA:262,7,1,0
BRDA:267,8,0,0
BRDA:267,8,1,0
BRDA:267,9,0,0
BRDA:267,9,1,0
BRDA:271,10,0,0
BRDA:271,10,1,0
BRDA:271,11,0,0
BRDA:271,11,1,0
BRDA:275,12,0,0
BRDA:275,12,1,0
BRDA:323,13,0,0
BRDA:323,13,1,0
BRF:28
BRH:0
end_of_record
TN:
SF:server/middleware/validation-enhanced.js
FN:15,(anonymous_0)
FN:19,(anonymous_1)
FN:51,(anonymous_2)
FN:53,(anonymous_3)
FN:58,(anonymous_4)
FN:75,(anonymous_5)
FN:92,(anonymous_6)
FN:131,(anonymous_7)
FN:146,(anonymous_8)
FN:157,(anonymous_9)
FN:225,(anonymous_10)
FN:227,(anonymous_11)
FN:261,(anonymous_12)
FN:280,(anonymous_13)
FN:293,(anonymous_14)
FN:307,(anonymous_15)
FNF:16
FNH:0
FNDA:0,(anonymous_0)
FNDA:0,(anonymous_1)
FNDA:0,(anonymous_2)
FNDA:0,(anonymous_3)
FNDA:0,(anonymous_4)
FNDA:0,(anonymous_5)
FNDA:0,(anonymous_6)
FNDA:0,(anonymous_7)
FNDA:0,(anonymous_8)
FNDA:0,(anonymous_9)
FNDA:0,(anonymous_10)
FNDA:0,(anonymous_11)
FNDA:0,(anonymous_12)
FNDA:0,(anonymous_13)
FNDA:0,(anonymous_14)
FNDA:0,(anonymous_15)
DA:15,0
DA:16,0
DA:18,0
DA:19,0
DA:27,0
DA:36,0
DA:45,0
DA:51,0
DA:53,0
DA:54,0
DA:55,0
DA:57,0
DA:58,0
DA:59,0
DA:62,0
DA:65,0
DA:66,0
DA:67,0
DA:69,0
DA:75,0
DA:76,0
DA:77,0
DA:78,0
DA:86,0
DA:92,0
DA:93,0
DA:94,0
DA:98,0
DA:100,0
DA:101,0
DA:109,0
DA:110,0
DA:111,0
DA:120,0
DA:131,0
DA:132,0
DA:140,0
DA:146,0
DA:147,0
DA:158,0
DA:166,0
DA:170,0
DA:176,0
DA:225,0
DA:226,0
DA:227,0
DA:229,0
DA:230,0
DA:231,0
DA:238,0
DA:239,0
DA:247,0
DA:255,0
DA:261,0
DA:263,0
DA:266,0
DA:274,0
DA:280,0
DA:281,0
DA:284,0
DA:292,0
DA:293,0
DA:295,0
DA:296,0
DA:307,0
DA:308,0
DA:309,0
DA:311,0
DA:320,0
LF:69
LH:0
BRDA:18,0,0,0
BRDA:18,0,1,0
BRDA:20,1,0,0
BRDA:20,1,1,0
BRDA:41,2,0,0
BRDA:41,2,1,0
BRDA:54,3,0,0
BRDA:54,3,1,0
BRDA:57,4,0,0
BRDA:57,4,1,0
BRDA:57,5,0,0
BRDA:57,5,1,0
BRDA:76,6,0,0
BRDA:76,6,1,0
BRDA:77,7,0,0
BRDA:77,7,1,0
BRDA:93,8,0,0
BRDA:93,8,1,0
BRDA:94,9,0,0
BRDA:94,9,1,0
BRDA:98,10,0,0
BRDA:98,10,1,0
BRDA:100,11,0,0
BRDA:100,11,1,0
BRDA:110,12,0,0
BRDA:110,12,1,0
BRDA:131,13,0,0
BRDA:131,13,1,0
BRDA:146,14,0,0
BRDA:153,15,0,0
BRDA:153,15,1,0
BRDA:226,16,0,0
BRDA:226,16,1,0
BRDA:227,17,0,0
BRDA:227,17,1,0
BRDA:229,18,0,0
BRDA:229,18,1,0
BRDA:229,19,0,0
BRDA:229,19,1,0
BRDA:230,20,0,0
BRDA:230,20,1,0
BRDA:238,21,0,0
BRDA:238,21,1,0
BRDA:295,22,0,0
BRDA:295,22,1,0
BRDA:309,23,0,0
BRDA:309,23,1,0
BRF:47
BRH:0
end_of_record
TN:
SF:server/middleware/validation-rules.js
FN:35,(anonymous_0)
FN:54,(anonymous_1)
FN:89,(anonymous_2)
FN:113,(anonymous_3)
FN:246,(anonymous_4)
FN:360,(anonymous_5)
FN:380,(anonymous_6)
FNF:7
FNH:0
FNDA:0,(anonymous_0)
FNDA:0,(anonymous_1)
FNDA:0,(anonymous_2)
FNDA:0,(anonymous_3)
FNDA:0,(anonymous_4)
FNDA:0,(anonymous_5)
FNDA:0,(anonymous_6)
DA:9,0
DA:10,0
DA:11,0
DA:12,0
DA:15,0
DA:36,0
DA:37,0
DA:38,0
DA:39,0
DA:41,0
DA:42,0
DA:44,0
DA:45,0
DA:47,0
DA:55,0
DA:56,0
DA:57,0
DA:58,0
DA:59,0
DA:62,0
DA:63,0
DA:66,0
DA:90,0
DA:91,0
DA:93,0
DA:94,0
DA:96,0
DA:114,0
DA:115,0
DA:116,0
DA:117,0
DA:118,0
DA:121,0
DA:170,0
DA:247,0
DA:248,0
DA:250,0
DA:297,0
DA:361,0
DA:362,0
DA:364,0
DA:381,0
DA:382,0
DA:384,0
DA:443,0
DA:499,0
DA:553,0
DA:573,0
LF:48
LH:0
BRDA:41,0,0,0
BRDA:41,0,1,0
BRDA:44,1,0,0
BRDA:44,1,1,0
BRDA:55,2,0,0
BRDA:55,2,1,0
BRDA:58,3,0,0
BRDA:58,3,1,0
BRDA:62,4,0,0
BRDA:62,4,1,0
BRDA:90,5,0,0
BRDA:90,5,1,0
BRDA:90,6,0,0
BRDA:90,6,1,0
BRDA:93,7,0,0
BRDA:93,7,1,0
BRDA:93,8,0,0
BRDA:93,8,1,0
BRDA:114,9,0,0
BRDA:114,9,1,0
BRDA:117,10,0,0
BRDA:117,10,1,0
BRDA:247,11,0,0
BRDA:247,11,1,0
BRDA:361,12,0,0
BRDA:361,12,1,0
BRDA:361,13,0,0
BRDA:361,13,1,0
BRDA:381,14,0,0
BRDA:381,14,1,0
BRDA:381,15,0,0
BRDA:381,15,1,0
BRF:32
BRH:0
end_of_record
TN:
SF:server/middleware/validation.js
FN:7,(anonymous_0)
FN:14,(anonymous_1)
FN:27,(anonymous_2)
FN:32,(anonymous_3)
FN:37,(anonymous_4)
FNF:5
FNH:0
FNDA:0,(anonymous_0)
FNDA:0,(anonymous_1)
FNDA:0,(anonymous_2)
FNDA:0,(anonymous_3)
FNDA:0,(anonymous_4)
DA:7,0
DA:8,0
DA:10,0
DA:11,0
DA:14,0
DA:22,0
DA:26,0
DA:28,0
DA:29,0
DA:33,0
DA:34,0
DA:38,0
DA:39,0
DA:40,0
DA:42,0
LF:15
LH:0
BRDA:10,0,0,0
BRDA:10,0,1,0
BRDA:29,1,0,0
BRDA:29,1,1,0
BRF:4
BRH:0
end_of_record
TN:
SF:server/routes/admin.js
FN:12,(anonymous_0)
FN:27,(anonymous_1)
FN:45,(anonymous_2)
FN:46,(anonymous_3)
FN:48,(anonymous_4)
FN:49,(anonymous_5)
FN:82,(anonymous_6)
FN:89,(anonymous_7)
FN:122,(anonymous_8)
FN:143,(anonymous_9)
FN:180,(anonymous_10)
FN:237,(anonymous_11)
FN:259,(anonymous_12)
FN:285,(anonymous_13)
FN:325,generateInsights
FN:332,(anonymous_15)
FN:359,convertToCSV
FN:368,(anonymous_17)
FN:378,performCleanup
FN:384,(anonymous_19)
FN:397,performBackup
FN:407,(anonymous_21)
FN:412,performOptimization
FN:414,(anonymous_23)
FNF:24
FNH:0
FNDA:0,(anonymous_0)
FNDA:0,(anonymous_1)
FNDA:0,(anonymous_2)
FNDA:0,(anonymous_3)
FNDA:0,(anonymous_4)
FNDA:0,(anonymous_5)
FNDA:0,(anonymous_6)
FNDA:0,(anonymous_7)
FNDA:0,(anonymous_8)
FNDA:0,(anonymous_9)
FNDA:0,(anonymous_10)
FNDA:0,(anonymous_11)
FNDA:0,(anonymous_12)
FNDA:0,(anonymous_13)
FNDA:0,generateInsights
FNDA:0,(anonymous_15)
FNDA:0,convertToCSV
FNDA:0,(anonymous_17)
FNDA:0,performCleanup
FNDA:0,(anonymous_19)
FNDA:0,performBackup
FNDA:0,(anonymous_21)
FNDA:0,performOptimization
FNDA:0,(anonymous_23)
DA:9,0
DA:12,0
DA:13,0
DA:14,0
DA:15,0
DA:20,0
DA:27,0
DA:28,0
DA:29,0
DA:32,0
DA:41,0
DA:46,0
DA:49,0
DA:54,0
DA:55,0
DA:56,0
DA:62,0
DA:70,0
DA:82,0
DA:89,0
DA:106,0
DA:107,0
DA:118,0
DA:123,0
DA:124,0
DA:125,0
DA:129,0
DA:131,0
DA:134,0
DA:137,0
DA:138,0
DA:139,0
DA:140,0
DA:141,0
DA:143,0
DA:144,0
DA:148,0
DA:152,0
DA:154,0
DA:162,0
DA:163,0
DA:175,0
DA:181,0
DA:182,0
DA:183,0
DA:188,0
DA:190,0
DA:191,0
DA:192,0
DA:194,0
DA:195,0
DA:196,0
DA:198,0
DA:199,0
DA:200,0
DA:202,0
DA:203,0
DA:204,0
DA:207,0
DA:208,0
DA:209,0
DA:210,0
DA:211,0
DA:213,0
DA:214,0
DA:215,0
DA:224,0
DA:225,0
DA:237,0
DA:238,0
DA:239,0
DA:240,0
DA:242,0
DA:247,0
DA:248,0
DA:259,0
DA:260,0
DA:261,0
DA:262,0
DA:264,0
DA:266,0
DA:273,0
DA:274,0
DA:285,0
DA:286,0
DA:287,0
DA:288,0
DA:292,0
DA:294,0
DA:295,0
DA:297,0
DA:298,0
DA:300,0
DA:301,0
DA:303,0
DA:309,0
DA:316,0
DA:317,0
DA:326,0
DA:329,0
DA:330,0
DA:331,0
DA:332,0
DA:334,0
DA:344,0
DA:345,0
DA:346,0
DA:347,0
DA:356,0
DA:360,0
DA:361,0
DA:364,0
DA:365,0
DA:367,0
DA:368,0
DA:369,0
DA:370,0
DA:372,0
DA:375,0
DA:380,0
DA:381,0
DA:383,0
DA:384,0
DA:386,0
DA:387,0
DA:390,0
DA:398,0
DA:399,0
DA:402,0
DA:404,0
DA:407,0
DA:414,0
DA:416,0
LF:133
LH:0
BRDA:14,0,0,0
BRDA:14,0,1,0
BRDA:55,1,0,0
BRDA:55,1,1,0
BRDA:65,2,0,0
BRDA:65,2,1,0
BRDA:77,3,0,0
BRDA:77,3,1,0
BRDA:125,4,0,0
BRDA:129,5,0,0
BRDA:129,5,1,0
BRDA:138,6,0,0
BRDA:138,6,1,0
BRDA:183,7,0,0
BRDA:188,8,0,0
BRDA:188,8,1,0
BRDA:188,8,2,0
BRDA:188,8,3,0
BRDA:190,9,0,0
BRDA:190,9,1,0
BRDA:191,10,0,0
BRDA:191,10,1,0
BRDA:194,11,0,0
BRDA:194,11,1,0
BRDA:195,12,0,0
BRDA:195,12,1,0
BRDA:207,13,0,0
BRDA:207,13,1,0
BRDA:218,14,0,0
BRDA:218,14,1,0
BRDA:292,15,0,0
BRDA:292,15,1,0
BRDA:292,15,2,0
BRDA:292,15,3,0
BRDA:329,16,0,0
BRDA:329,16,1,0
BRDA:330,17,0,0
BRDA:330,17,1,0
BRDA:331,18,0,0
BRDA:331,18,1,0
BRDA:332,19,0,0
BRDA:332,19,1,0
BRDA:339,20,0,0
BRDA:339,20,1,0
BRDA:339,21,0,0
BRDA:339,21,1,0
BRDA:344,22,0,0
BRDA:344,22,1,0
BRDA:345,23,0,0
BRDA:345,23,1,0
BRDA:346,24,0,0
BRDA:346,24,1,0
BRDA:360,25,0,0
BRDA:360,25,1,0
BRDA:360,26,0,0
BRDA:360,26,1,0
BRDA:370,27,0,0
BRDA:370,27,1,0
BRDA:407,28,0,0
BRDA:407,28,1,0
BRF:60
BRH:0
end_of_record
TN:
SF:server/routes/docs.js
FN:72,(anonymous_0)
FN:89,(anonymous_1)
FN:116,(anonymous_2)
FN:287,(anonymous_3)
FN:319,(anonymous_4)
FN:320,(anonymous_5)
FN:326,(anonymous_6)
FN:352,(anonymous_7)
FN:528,(anonymous_8)
FNF:9
FNH:0
FNDA:0,(anonymous_0)
FNDA:0,(anonymous_1)
FNDA:0,(anonymous_2)
FNDA:0,(anonymous_3)
FNDA:0,(anonymous_4)
FNDA:0,(anonymous_5)
FNDA:0,(anonymous_6)
FNDA:0,(anonymous_7)
FNDA:0,(anonymous_8)
DA:6,0
DA:7,0
DA:8,0
DA:9,0
DA:10,0
DA:11,0
DA:13,0
DA:17,0
DA:18,0
DA:19,0
DA:20,0
DA:22,0
DA:23,0
DA:35,0
DA:65,0
DA:66,0
DA:72,0
DA:73,0
DA:74,0
DA:76,0
DA:77,0
DA:89,0
DA:90,0
DA:91,0
DA:93,0
DA:94,0
DA:95,0
DA:97,0
DA:103,0
DA:104,0
DA:116,0
DA:117,0
DA:118,0
DA:269,0
DA:274,0
DA:275,0
DA:287,0
DA:288,0
DA:289,0
DA:318,0
DA:319,0
DA:320,0
DA:321,0
DA:322,0
DA:325,0
DA:326,0
DA:327,0
DA:334,0
DA:339,0
DA:340,0
DA:352,0
DA:353,0
DA:354,0
DA:510,0
DA:515,0
DA:516,0
DA:528,0
DA:529,0
DA:530,0
DA:597,0
DA:602,0
DA:603,0
DA:611,0
LF:63
LH:0
BRDA:93,0,0,0
BRDA:93,0,1,0
BRDA:223,1,0,0
BRDA:223,1,1,0
BRDA:298,2,0,0
BRDA:298,2,1,0
BRDA:318,3,0,0
BRDA:318,3,1,0
BRDA:321,4,0,0
BRDA:321,4,1,0
BRDA:323,5,0,0
BRDA:323,5,1,0
BRDA:325,6,0,0
BRDA:325,6,1,0
BRDA:327,7,0,0
BRDA:327,7,1,0
BRF:16
BRH:0
end_of_record
TN:
SF:server/routes/events.js
FN:12,(anonymous_0)
FN:27,(anonymous_1)
FN:49,(anonymous_2)
FN:53,(anonymous_3)
FN:71,(anonymous_4)
FN:111,(anonymous_5)
FN:161,(anonymous_6)
FN:194,(anonymous_7)
FN:207,(anonymous_8)
FN:272,(anonymous_9)
FN:346,(anonymous_10)
FN:410,(anonymous_11)
FN:472,(anonymous_12)
FN:509,(anonymous_13)
FN:551,(anonymous_14)
FNF:15
FNH:0
FNDA:0,(anonymous_0)
FNDA:0,(anonymous_1)
FNDA:0,(anonymous_2)
FNDA:0,(anonymous_3)
FNDA:0,(anonymous_4)
FNDA:0,(anonymous_5)
FNDA:0,(anonymous_6)
FNDA:0,(anonymous_7)
FNDA:0,(anonymous_8)
FNDA:0,(anonymous_9)
FNDA:0,(anonymous_10)
FNDA:0,(anonymous_11)
FNDA:0,(anonymous_12)
FNDA:0,(anonymous_13)
FNDA:0,(anonymous_14)
DA:9,0
DA:12,0
DA:13,0
DA:14,0
DA:15,0
DA:20,0
DA:27,0
DA:28,0
DA:29,0
DA:37,0
DA:40,0
DA:41,0
DA:44,0
DA:47,0
DA:48,0
DA:49,0
DA:53,0
DA:54,0
DA:55,0
DA:56,0
DA:57,0
DA:59,0
DA:63,0
DA:64,0
DA:70,0
DA:72,0
DA:77,0
DA:88,0
DA:99,0
DA:100,0
DA:111,0
DA:112,0
DA:113,0
DA:115,0
DA:117,0
DA:118,0
DA:125,0
DA:131,0
DA:141,0
DA:146,0
DA:147,0
DA:158,0
DA:162,0
DA:163,0
DA:164,0
DA:165,0
DA:167,0
DA:169,0
DA:170,0
DA:177,0
DA:182,0
DA:192,0
DA:193,0
DA:194,0
DA:205,0
DA:206,0
DA:207,0
DA:219,0
DA:224,0
DA:225,0
DA:237,0
DA:273,0
DA:274,0
DA:275,0
DA:278,0
DA:295,0
DA:296,0
DA:298,0
DA:299,0
DA:305,0
DA:308,0
DA:312,0
DA:319,0
DA:320,0
DA:332,0
DA:347,0
DA:348,0
DA:349,0
DA:350,0
DA:353,0
DA:354,0
DA:355,0
DA:362,0
DA:363,0
DA:364,0
DA:368,0
DA:369,0
DA:377,0
DA:380,0
DA:381,0
DA:387,0
DA:394,0
DA:395,0
DA:407,0
DA:411,0
DA:412,0
DA:413,0
DA:416,0
DA:417,0
DA:418,0
DA:425,0
DA:426,0
DA:427,0
DA:435,0
DA:436,0
DA:437,0
DA:441,0
DA:444,0
DA:449,0
DA:456,0
DA:457,0
DA:469,0
DA:473,0
DA:474,0
DA:475,0
DA:478,0
DA:479,0
DA:480,0
DA:487,0
DA:490,0
DA:491,0
DA:493,0
DA:509,0
DA:520,0
DA:531,0
DA:532,0
DA:544,0
DA:552,0
DA:553,0
DA:554,0
DA:555,0
DA:558,0
DA:559,0
DA:560,0
DA:567,0
DA:574,0
DA:575,0
DA:582,0
DA:589,0
DA:590,0
DA:592,0
DA:595,0
DA:601,0
DA:602,0
DA:603,0
DA:604,0
DA:606,0
DA:610,0
DA:614,0
DA:617,0
DA:621,0
DA:627,0
DA:628,0
DA:629,0
DA:630,0
DA:632,0
DA:636,0
DA:640,0
DA:647,0
DA:659,0
DA:660,0
LF:161
LH:0
BRDA:14,0,0,0
BRDA:14,0,1,0
BRDA:32,1,0,0
BRDA:33,2,0,0
BRDA:34,3,0,0
BRDA:35,4,0,0
BRDA:36,5,0,0
BRDA:41,6,0,0
BRDA:41,6,1,0
BRDA:47,7,0,0
BRDA:47,7,1,0
BRDA:56,8,0,0
BRDA:56,8,1,0
BRDA:82,9,0,0
BRDA:82,9,1,0
BRDA:117,10,0,0
BRDA:117,10,1,0
BRDA:136,11,0,0
BRDA:136,11,1,0
BRDA:165,12,0,0
BRDA:165,13,0,0
BRDA:169,14,0,0
BRDA:169,14,1,0
BRDA:187,15,0,0
BRDA:187,15,1,0
BRDA:192,16,0,0
BRDA:192,16,1,0
BRDA:199,17,0,0
BRDA:199,17,1,0
BRDA:205,18,0,0
BRDA:205,18,1,0
BRDA:280,19,0,0
BRDA:280,19,1,0
BRDA:283,20,0,0
BRDA:283,20,1,0
BRDA:284,21,0,0
BRDA:284,21,1,0
BRDA:287,22,0,0
BRDA:287,22,1,0
BRDA:288,23,0,0
BRDA:288,23,1,0
BRDA:289,24,0,0
BRDA:289,24,1,0
BRDA:290,25,0,0
BRDA:290,25,1,0
BRDA:296,26,0,0
BRDA:296,26,1,0
BRDA:298,27,0,0
BRDA:298,27,1,0
BRDA:298,28,0,0
BRDA:298,28,1,0
BRDA:354,29,0,0
BRDA:354,29,1,0
BRDA:362,30,0,0
BRDA:362,30,1,0
BRDA:362,31,0,0
BRDA:362,31,1,0
BRDA:363,32,0,0
BRDA:363,32,1,0
BRDA:364,33,0,0
BRDA:364,33,1,0
BRDA:366,34,0,0
BRDA:366,34,1,0
BRDA:368,35,0,0
BRDA:368,35,1,0
BRDA:368,36,0,0
BRDA:368,36,1,0
BRDA:380,37,0,0
BRDA:380,37,1,0
BRDA:380,38,0,0
BRDA:380,38,1,0
BRDA:417,39,0,0
BRDA:417,39,1,0
BRDA:426,40,0,0
BRDA:426,40,1,0
BRDA:479,41,0,0
BRDA:479,41,1,0
BRDA:503,42,0,0
BRDA:503,42,1,0
BRDA:513,43,0,0
BRDA:513,43,1,0
BRDA:514,44,0,0
BRDA:514,44,1,0
BRDA:515,45,0,0
BRDA:515,45,1,0
BRDA:555,46,0,0
BRDA:559,47,0,0
BRDA:559,47,1,0
BRDA:574,48,0,0
BRDA:574,48,1,0
BRDA:592,49,0,0
BRDA:592,49,1,0
BRDA:592,49,2,0
BRDA:601,50,0,0
BRDA:601,50,1,0
BRDA:627,51,0,0
BRDA:627,51,1,0
BRDA:652,52,0,0
BRDA:652,52,1,0
BRF:99
BRH:0
end_of_record
TN:
SF:server/routes/health.js
FN:13,(anonymous_0)
FN:30,(anonymous_1)
FN:47,(anonymous_2)
FN:74,(anonymous_3)
FN:84,(anonymous_4)
FN:98,performHealthChecks
FN:120,(anonymous_6)
FN:123,(anonymous_7)
FN:131,performDetailedHealthChecks
FN:172,performReadinessChecks
FN:200,(anonymous_10)
FN:217,getPerformanceMetrics
FNF:12
FNH:0
FNDA:0,(anonymous_0)
FNDA:0,(anonymous_1)
FNDA:0,(anonymous_2)
FNDA:0,(anonymous_3)
FNDA:0,(anonymous_4)
FNDA:0,performHealthChecks
FNDA:0,(anonymous_6)
FNDA:0,(anonymous_7)
FNDA:0,performDetailedHealthChecks
FNDA:0,performReadinessChecks
FNDA:0,(anonymous_10)
FNDA:0,getPerformanceMetrics
DA:10,0
DA:13,0
DA:14,0
DA:15,0
DA:17,0
DA:18,0
DA:20,0
DA:21,0
DA:30,0
DA:31,0
DA:32,0
DA:34,0
DA:35,0
DA:37,0
DA:38,0
DA:47,0
DA:48,0
DA:49,0
DA:51,0
DA:52,0
DA:58,0
DA:65,0
DA:74,0
DA:75,0
DA:84,0
DA:85,0
DA:86,0
DA:87,0
DA:89,0
DA:99,0
DA:108,0
DA:109,0
DA:110,0
DA:112,0
DA:119,0
DA:120,0
DA:123,0
DA:125,0
DA:127,0
DA:132,0
DA:135,0
DA:147,0
DA:155,0
DA:163,0
DA:173,0
DA:174,0
DA:177,0
DA:178,0
DA:179,0
DA:186,0
DA:187,0
DA:190,0
DA:194,0
DA:198,0
DA:200,0
DA:201,0
DA:206,0
DA:207,0
DA:210,0
DA:218,0
DA:219,0
DA:221,0
LF:62
LH:0
BRDA:17,0,0,0
BRDA:17,0,1,0
BRDA:34,1,0,0
BRDA:34,1,1,0
BRDA:51,2,0,0
BRDA:51,2,1,0
BRDA:103,3,0,0
BRDA:103,3,1,0
BRDA:104,4,0,0
BRDA:104,4,1,0
BRDA:125,5,0,0
BRDA:125,5,1,0
BRDA:186,6,0,0
BRDA:186,6,1,0
BRDA:206,7,0,0
BRDA:206,7,1,0
BRF:16
BRH:0
end_of_record
TN:
SF:server/routes/multiEvents.js
FN:29,(anonymous_0)
FN:75,(anonymous_1)
FN:132,(anonymous_2)
FN:176,(anonymous_3)
FN:231,(anonymous_4)
FN:279,(anonymous_5)
FN:322,(anonymous_6)
FN:373,(anonymous_7)
FN:443,(anonymous_8)
FN:453,(anonymous_9)
FN:458,(anonymous_10)
FN:463,(anonymous_11)
FN:468,(anonymous_12)
FN:482,(anonymous_13)
FNF:14
FNH:0
FNDA:0,(anonymous_0)
FNDA:0,(anonymous_1)
FNDA:0,(anonymous_2)
FNDA:0,(anonymous_3)
FNDA:0,(anonymous_4)
FNDA:0,(anonymous_5)
FNDA:0,(anonymous_6)
FNDA:0,(anonymous_7)
FNDA:0,(anonymous_8)
FNDA:0,(anonymous_9)
FNDA:0,(anonymous_10)
FNDA:0,(anonymous_11)
FNDA:0,(anonymous_12)
FNDA:0,(anonymous_13)
DA:6,0
DA:7,0
DA:8,0
DA:9,0
DA:11,0
DA:17,0
DA:30,0
DA:31,0
DA:32,0
DA:33,0
DA:40,0
DA:42,0
DA:44,0
DA:46,0
DA:52,0
DA:53,0
DA:66,0
DA:76,0
DA:77,0
DA:78,0
DA:79,0
DA:86,0
DA:98,0
DA:100,0
DA:106,0
DA:107,0
DA:120,0
DA:133,0
DA:134,0
DA:135,0
DA:136,0
DA:143,0
DA:145,0
DA:147,0
DA:153,0
DA:154,0
DA:167,0
DA:177,0
DA:178,0
DA:179,0
DA:180,0
DA:187,0
DA:199,0
DA:201,0
DA:207,0
DA:208,0
DA:221,0
DA:232,0
DA:233,0
DA:234,0
DA:235,0
DA:242,0
DA:244,0
DA:246,0
DA:248,0
DA:254,0
DA:255,0
DA:268,0
DA:280,0
DA:281,0
DA:282,0
DA:283,0
DA:290,0
DA:292,0
DA:294,0
DA:300,0
DA:301,0
DA:314,0
DA:323,0
DA:324,0
DA:325,0
DA:326,0
DA:333,0
DA:344,0
DA:346,0
DA:352,0
DA:353,0
DA:366,0
DA:374,0
DA:375,0
DA:376,0
DA:377,0
DA:384,0
DA:391,0
DA:397,0
DA:426,0
DA:432,0
DA:433,0
DA:443,0
DA:444,0
DA:445,0
DA:448,0
DA:450,0
DA:453,0
DA:455,0
DA:458,0
DA:460,0
DA:463,0
DA:465,0
DA:468,0
DA:469,0
DA:471,0
DA:472,0
DA:479,0
DA:482,0
DA:483,0
DA:485,0
DA:486,0
DA:493,0
DA:494,0
DA:501,0
DA:504,0
LF:112
LH:0
BRDA:32,0,0,0
BRDA:32,0,1,0
BRDA:40,1,0,0
BRDA:78,2,0,0
BRDA:78,2,1,0
BRDA:87,3,0,0
BRDA:87,3,1,0
BRDA:95,4,0,0
BRDA:95,4,1,0
BRDA:135,5,0,0
BRDA:135,5,1,0
BRDA:143,6,0,0
BRDA:179,7,0,0
BRDA:179,7,1,0
BRDA:188,8,0,0
BRDA:188,8,1,0
BRDA:234,9,0,0
BRDA:234,9,1,0
BRDA:242,10,0,0
BRDA:282,11,0,0
BRDA:282,11,1,0
BRDA:290,12,0,0
BRDA:325,13,0,0
BRDA:325,13,1,0
BRDA:334,14,0,0
BRDA:334,14,1,0
BRDA:335,15,0,0
BRDA:335,15,1,0
BRDA:341,16,0,0
BRDA:341,16,1,0
BRDA:376,17,0,0
BRDA:376,17,1,0
BRDA:385,18,0,0
BRDA:385,18,1,0
BRDA:403,19,0,0
BRDA:403,19,1,0
BRDA:406,20,0,0
BRDA:406,20,1,0
BRDA:413,21,0,0
BRDA:413,21,1,0
BRDA:444,22,0,0
BRDA:444,22,1,0
BRDA:448,23,0,0
BRDA:448,23,1,0
BRDA:471,24,0,0
BRDA:471,24,1,0
BRDA:485,25,0,0
BRDA:485,25,1,0
BRDA:493,26,0,0
BRDA:493,26,1,0
BRF:50
BRH:0
end_of_record
TN:
SF:server/routes/notifications.js
FN:16,(anonymous_0)
FN:41,(anonymous_1)
FN:95,(anonymous_2)
FN:135,(anonymous_3)
FN:170,(anonymous_4)
FN:208,(anonymous_5)
FN:246,(anonymous_6)
FN:278,(anonymous_7)
FN:310,(anonymous_8)
FN:323,(anonymous_9)
FN:327,(anonymous_10)
FN:350,(anonymous_11)
FN:372,(anonymous_12)
FN:425,(anonymous_13)
FNF:14
FNH:0
FNDA:0,(anonymous_0)
FNDA:0,(anonymous_1)
FNDA:0,(anonymous_2)
FNDA:0,(anonymous_3)
FNDA:0,(anonymous_4)
FNDA:0,(anonymous_5)
FNDA:0,(anonymous_6)
FNDA:0,(anonymous_7)
FNDA:0,(anonymous_8)
FNDA:0,(anonymous_9)
FNDA:0,(anonymous_10)
FNDA:0,(anonymous_11)
FNDA:0,(anonymous_12)
FNDA:0,(anonymous_13)
DA:6,0
DA:7,0
DA:8,0
DA:9,0
DA:10,0
DA:16,0
DA:17,0
DA:18,0
DA:19,0
DA:21,0
DA:22,0
DA:30,0
DA:42,0
DA:43,0
DA:44,0
DA:47,0
DA:48,0
DA:50,0
DA:57,0
DA:58,0
DA:60,0
DA:63,0
DA:70,0
DA:72,0
DA:73,0
DA:82,0
DA:96,0
DA:97,0
DA:98,0
DA:101,0
DA:102,0
DA:104,0
DA:111,0
DA:116,0
DA:118,0
DA:119,0
DA:128,0
DA:136,0
DA:137,0
DA:138,0
DA:141,0
DA:142,0
DA:144,0
DA:146,0
DA:151,0
DA:153,0
DA:154,0
DA:163,0
DA:171,0
DA:172,0
DA:173,0
DA:176,0
DA:177,0
DA:179,0
DA:181,0
DA:186,0
DA:188,0
DA:189,0
DA:198,0
DA:209,0
DA:210,0
DA:211,0
DA:214,0
DA:215,0
DA:217,0
DA:222,0
DA:227,0
DA:229,0
DA:230,0
DA:239,0
DA:247,0
DA:248,0
DA:249,0
DA:252,0
DA:253,0
DA:255,0
DA:261,0
DA:266,0
DA:268,0
DA:269,0
DA:278,0
DA:279,0
DA:280,0
DA:282,0
DA:291,0
DA:292,0
DA:300,0
DA:311,0
DA:312,0
DA:313,0
DA:316,0
DA:317,0
DA:319,0
DA:322,0
DA:323,0
DA:326,0
DA:327,0
DA:331,0
DA:333,0
DA:340,0
DA:341,0
DA:350,0
DA:351,0
DA:352,0
DA:354,0
DA:360,0
DA:361,0
DA:369,0
DA:373,0
DA:374,0
DA:375,0
DA:378,0
DA:379,0
DA:380,0
DA:387,0
DA:388,0
DA:397,0
DA:398,0
DA:407,0
DA:413,0
DA:415,0
DA:416,0
DA:425,0
DA:426,0
DA:427,0
DA:428,0
DA:437,0
DA:439,0
DA:440,0
DA:448,0
LF:130
LH:0
BRDA:43,0,0,0
BRDA:43,0,1,0
BRDA:48,1,0,0
BRDA:48,2,0,0
BRDA:48,3,0,0
BRDA:57,4,0,0
BRDA:57,4,1,0
BRDA:97,5,0,0
BRDA:97,5,1,0
BRDA:102,6,0,0
BRDA:102,7,0,0
BRDA:137,8,0,0
BRDA:137,8,1,0
BRDA:172,9,0,0
BRDA:172,9,1,0
BRDA:210,10,0,0
BRDA:210,10,1,0
BRDA:215,11,0,0
BRDA:248,12,0,0
BRDA:248,12,1,0
BRDA:253,13,0,0
BRDA:253,14,0,0
BRDA:312,15,0,0
BRDA:312,15,1,0
BRDA:317,16,0,0
BRDA:322,17,0,0
BRDA:322,17,1,0
BRDA:322,18,0,0
BRDA:322,18,1,0
BRDA:326,19,0,0
BRDA:326,19,1,0
BRDA:374,20,0,0
BRDA:374,20,1,0
BRDA:379,21,0,0
BRDA:387,22,0,0
BRDA:387,22,1,0
BRDA:387,23,0,0
BRDA:387,23,1,0
BRDA:397,24,0,0
BRDA:397,24,1,0
BRDA:397,25,0,0
BRDA:397,25,1,0
BRDA:434,26,0,0
BRDA:434,26,1,0
BRF:44
BRH:0
end_of_record
TN:
SF:server/routes/participants.js
FN:66,(anonymous_0)
FN:81,(anonymous_1)
FN:203,(anonymous_2)
FN:351,(anonymous_3)
FN:375,(anonymous_4)
FN:392,(anonymous_5)
FN:412,(anonymous_6)
FN:413,(anonymous_7)
FN:414,(anonymous_8)
FN:415,(anonymous_9)
FN:416,(anonymous_10)
FN:441,(anonymous_11)
FN:497,(anonymous_12)
FNF:13
FNH:0
FNDA:0,(anonymous_0)
FNDA:0,(anonymous_1)
FNDA:0,(anonymous_2)
FNDA:0,(anonymous_3)
FNDA:0,(anonymous_4)
FNDA:0,(anonymous_5)
FNDA:0,(anonymous_6)
FNDA:0,(anonymous_7)
FNDA:0,(anonymous_8)
FNDA:0,(anonymous_9)
FNDA:0,(anonymous_10)
FNDA:0,(anonymous_11)
FNDA:0,(anonymous_12)
DA:10,0
DA:13,0
DA:23,0
DA:49,0
DA:66,0
DA:67,0
DA:68,0
DA:69,0
DA:74,0
DA:81,0
DA:82,0
DA:83,0
DA:91,0
DA:94,0
DA:98,0
DA:99,0
DA:106,0
DA:107,0
DA:114,0
DA:119,0
DA:120,0
DA:131,0
DA:132,0
DA:133,0
DA:135,0
DA:136,0
DA:143,0
DA:158,0
DA:159,0
DA:160,0
DA:162,0
DA:168,0
DA:173,0
DA:191,0
DA:192,0
DA:203,0
DA:204,0
DA:205,0
DA:216,0
DA:219,0
DA:223,0
DA:224,0
DA:231,0
DA:232,0
DA:239,0
DA:244,0
DA:245,0
DA:252,0
DA:253,0
DA:255,0
DA:256,0
DA:262,0
DA:265,0
DA:281,0
DA:295,0
DA:296,0
DA:297,0
DA:299,0
DA:304,0
DA:310,0
DA:336,0
DA:337,0
DA:348,0
DA:352,0
DA:353,0
DA:354,0
DA:363,0
DA:366,0
DA:367,0
DA:368,0
DA:369,0
DA:372,0
DA:375,0
DA:376,0
DA:377,0
DA:378,0
DA:379,0
DA:381,0
DA:385,0
DA:386,0
DA:392,0
DA:402,0
DA:412,0
DA:413,0
DA:414,0
DA:415,0
DA:416,0
DA:421,0
DA:422,0
DA:434,0
DA:442,0
DA:443,0
DA:444,0
DA:445,0
DA:448,0
DA:449,0
DA:450,0
DA:457,0
DA:460,0
DA:461,0
DA:467,0
DA:481,0
DA:482,0
DA:494,0
DA:498,0
DA:499,0
DA:500,0
DA:503,0
DA:504,0
DA:505,0
DA:512,0
DA:513,0
DA:514,0
DA:515,0
DA:520,0
DA:523,0
DA:528,0
DA:535,0
DA:536,0
LF:119
LH:0
BRDA:68,0,0,0
BRDA:68,0,1,0
BRDA:89,1,0,0
BRDA:90,2,0,0
BRDA:94,3,0,0
BRDA:94,3,1,0
BRDA:98,4,0,0
BRDA:98,4,1,0
BRDA:106,5,0,0
BRDA:106,5,1,0
BRDA:119,6,0,0
BRDA:119,6,1,0
BRDA:133,7,0,0
BRDA:133,7,1,0
BRDA:135,8,0,0
BRDA:135,8,1,0
BRDA:150,9,0,0
BRDA:150,9,1,0
BRDA:158,10,0,0
BRDA:158,10,1,0
BRDA:158,11,0,0
BRDA:158,11,1,0
BRDA:211,12,0,0
BRDA:212,13,0,0
BRDA:215,14,0,0
BRDA:219,15,0,0
BRDA:219,15,1,0
BRDA:223,16,0,0
BRDA:223,16,1,0
BRDA:231,17,0,0
BRDA:231,17,1,0
BRDA:231,18,0,0
BRDA:231,18,1,0
BRDA:244,19,0,0
BRDA:244,19,1,0
BRDA:253,20,0,0
BRDA:253,20,1,0
BRDA:255,21,0,0
BRDA:255,21,1,0
BRDA:272,22,0,0
BRDA:272,22,1,0
BRDA:289,23,0,0
BRDA:289,23,1,0
BRDA:290,24,0,0
BRDA:290,24,1,0
BRDA:295,25,0,0
BRDA:295,25,1,0
BRDA:295,26,0,0
BRDA:295,26,1,0
BRDA:359,27,0,0
BRDA:360,28,0,0
BRDA:361,29,0,0
BRDA:362,30,0,0
BRDA:367,31,0,0
BRDA:367,31,1,0
BRDA:368,32,0,0
BRDA:368,32,1,0
BRDA:369,33,0,0
BRDA:369,33,1,0
BRDA:378,34,0,0
BRDA:378,34,1,0
BRDA:379,35,0,0
BRDA:379,35,1,0
BRDA:381,36,0,0
BRDA:381,36,1,0
BRDA:397,37,0,0
BRDA:397,37,1,0
BRDA:398,38,0,0
BRDA:398,38,1,0
BRDA:449,39,0,0
BRDA:449,39,1,0
BRDA:460,40,0,0
BRDA:460,40,1,0
BRDA:460,41,0,0
BRDA:460,41,1,0
BRDA:504,42,0,0
BRDA:504,42,1,0
BRDA:512,43,0,0
BRDA:512,43,1,0
BRF:79
BRH:0
end_of_record
TN:
SF:server/routes/talks.js
FN:12,(anonymous_0)
FN:30,(anonymous_1)
FN:52,(anonymous_2)
FN:78,(anonymous_3)
FN:79,(anonymous_4)
FN:80,(anonymous_5)
FN:127,(anonymous_6)
FN:195,(anonymous_7)
FN:244,(anonymous_8)
FNF:9
FNH:0
FNDA:0,(anonymous_0)
FNDA:0,(anonymous_1)
FNDA:0,(anonymous_2)
FNDA:0,(anonymous_3)
FNDA:0,(anonymous_4)
FNDA:0,(anonymous_5)
FNDA:0,(anonymous_6)
FNDA:0,(anonymous_7)
FNDA:0,(anonymous_8)
DA:9,0
DA:12,0
DA:13,0
DA:14,0
DA:15,0
DA:20,0
DA:27,0
DA:31,0
DA:32,0
DA:33,0
DA:41,0
DA:44,0
DA:45,0
DA:46,0
DA:49,0
DA:52,0
DA:53,0
DA:54,0
DA:55,0
DA:56,0
DA:58,0
DA:62,0
DA:63,0
DA:68,0
DA:78,0
DA:79,0
DA:81,0
DA:82,0
DA:88,0
DA:89,0
DA:101,0
DA:128,0
DA:129,0
DA:130,0
DA:133,0
DA:134,0
DA:135,0
DA:142,0
DA:144,0
DA:147,0
DA:155,0
DA:160,0
DA:173,0
DA:174,0
DA:186,0
DA:196,0
DA:197,0
DA:198,0
DA:199,0
DA:202,0
DA:203,0
DA:204,0
DA:211,0
DA:214,0
DA:215,0
DA:221,0
DA:228,0
DA:229,0
DA:241,0
DA:245,0
DA:246,0
DA:247,0
DA:250,0
DA:251,0
DA:252,0
DA:259,0
DA:262,0
DA:267,0
DA:274,0
DA:275,0
LF:70
LH:0
BRDA:14,0,0,0
BRDA:14,0,1,0
BRDA:37,1,0,0
BRDA:38,2,0,0
BRDA:39,3,0,0
BRDA:40,4,0,0
BRDA:45,5,0,0
BRDA:45,5,1,0
BRDA:46,6,0,0
BRDA:46,6,1,0
BRDA:55,7,0,0
BRDA:55,7,1,0
BRDA:56,8,0,0
BRDA:56,8,1,0
BRDA:58,9,0,0
BRDA:58,9,1,0
BRDA:81,10,0,0
BRDA:81,10,1,0
BRDA:134,11,0,0
BRDA:134,11,1,0
BRDA:149,12,0,0
BRDA:149,12,1,0
BRDA:150,13,0,0
BRDA:150,13,1,0
BRDA:203,14,0,0
BRDA:203,14,1,0
BRDA:214,15,0,0
BRDA:214,15,1,0
BRDA:214,16,0,0
BRDA:214,16,1,0
BRDA:251,17,0,0
BRDA:251,17,1,0
BRF:32
BRH:0
end_of_record
TN:
SF:server/services/analyticsService.js
FN:10,(anonymous_0)
FN:17,(anonymous_1)
FN:66,(anonymous_2)
FN:126,(anonymous_3)
FN:204,(anonymous_4)
FN:209,(anonymous_5)
FN:213,(anonymous_6)
FN:221,(anonymous_7)
FN:231,(anonymous_8)
FN:300,(anonymous_9)
FN:326,(anonymous_10)
FN:367,(anonymous_11)
FN:425,(anonymous_12)
FN:438,(anonymous_13)
FN:458,(anonymous_14)
FN:488,(anonymous_15)
FN:490,(anonymous_16)
FN:500,(anonymous_17)
FN:502,(anonymous_18)
FN:512,(anonymous_19)
FN:514,(anonymous_20)
FN:527,(anonymous_21)
FN:531,(anonymous_22)
FN:532,(anonymous_23)
FN:536,(anonymous_24)
FN:540,(anonymous_25)
FN:545,(anonymous_26)
FN:549,(anonymous_27)
FN:559,(anonymous_28)
FN:561,(anonymous_29)
FN:568,(anonymous_30)
FN:570,(anonymous_31)
FN:576,(anonymous_32)
FN:584,(anonymous_33)
FN:590,(anonymous_34)
FN:591,(anonymous_35)
FN:593,(anonymous_36)
FN:594,(anonymous_37)
FN:595,(anonymous_38)
FN:596,(anonymous_39)
FN:609,(anonymous_40)
FN:611,(anonymous_41)
FN:612,(anonymous_42)
FN:617,(anonymous_43)
FN:627,(anonymous_44)
FN:634,(anonymous_45)
FN:635,(anonymous_46)
FN:657,(anonymous_47)
FN:661,(anonymous_48)
FN:662,(anonymous_49)
FN:666,(anonymous_50)
FN:674,(anonymous_51)
FN:675,(anonymous_52)
FN:676,(anonymous_53)
FN:677,(anonymous_54)
FN:681,(anonymous_55)
FN:685,(anonymous_56)
FN:687,(anonymous_57)
FN:698,(anonymous_58)
FN:707,(anonymous_59)
FN:714,(anonymous_60)
FN:721,(anonymous_61)
FN:726,(anonymous_62)
FN:731,(anonymous_63)
FN:736,(anonymous_64)
FN:741,(anonymous_65)
FN:746,(anonymous_66)
FN:751,(anonymous_67)
FN:756,(anonymous_68)
FN:761,(anonymous_69)
FN:766,(anonymous_70)
FNF:71
FNH:0
FNDA:0,(anonymous_0)
FNDA:0,(anonymous_1)
FNDA:0,(anonymous_2)
FNDA:0,(anonymous_3)
FNDA:0,(anonymous_4)
FNDA:0,(anonymous_5)
FNDA:0,(anonymous_6)
FNDA:0,(anonymous_7)
FNDA:0,(anonymous_8)
FNDA:0,(anonymous_9)
FNDA:0,(anonymous_10)
FNDA:0,(anonymous_11)
FNDA:0,(anonymous_12)
FNDA:0,(anonymous_13)
FNDA:0,(anonymous_14)
FNDA:0,(anonymous_15)
FNDA:0,(anonymous_16)
FNDA:0,(anonymous_17)
FNDA:0,(anonymous_18)
FNDA:0,(anonymous_19)
FNDA:0,(anonymous_20)
FNDA:0,(anonymous_21)
FNDA:0,(anonymous_22)
FNDA:0,(anonymous_23)
FNDA:0,(anonymous_24)
FNDA:0,(anonymous_25)
FNDA:0,(anonymous_26)
FNDA:0,(anonymous_27)
FNDA:0,(anonymous_28)
FNDA:0,(anonymous_29)
FNDA:0,(anonymous_30)
FNDA:0,(anonymous_31)
FNDA:0,(anonymous_32)
FNDA:0,(anonymous_33)
FNDA:0,(anonymous_34)
FNDA:0,(anonymous_35)
FNDA:0,(anonymous_36)
FNDA:0,(anonymous_37)
FNDA:0,(anonymous_38)
FNDA:0,(anonymous_39)
FNDA:0,(anonymous_40)
FNDA:0,(anonymous_41)
FNDA:0,(anonymous_42)
FNDA:0,(anonymous_43)
FNDA:0,(anonymous_44)
FNDA:0,(anonymous_45)
FNDA:0,(anonymous_46)
FNDA:0,(anonymous_47)
FNDA:0,(anonymous_48)
FNDA:0,(anonymous_49)
FNDA:0,(anonymous_50)
FNDA:0,(anonymous_51)
FNDA:0,(anonymous_52)
FNDA:0,(anonymous_53)
FNDA:0,(anonymous_54)
FNDA:0,(anonymous_55)
FNDA:0,(anonymous_56)
FNDA:0,(anonymous_57)
FNDA:0,(anonymous_58)
FNDA:0,(anonymous_59)
FNDA:0,(anonymous_60)
FNDA:0,(anonymous_61)
FNDA:0,(anonymous_62)
FNDA:0,(anonymous_63)
FNDA:0,(anonymous_64)
FNDA:0,(anonymous_65)
FNDA:0,(anonymous_66)
FNDA:0,(anonymous_67)
FNDA:0,(anonymous_68)
FNDA:0,(anonymous_69)
FNDA:0,(anonymous_70)
DA:6,0
DA:7,0
DA:11,0
DA:18,0
DA:19,0
DA:22,0
DA:25,0
DA:28,0
DA:31,0
DA:32,0
DA:33,0
DA:37,0
DA:38,0
DA:39,0
DA:42,0
DA:58,0
DA:59,0
DA:67,0
DA:93,0
DA:94,0
DA:97,0
DA:99,0
DA:127,0
DA:129,0
DA:130,0
DA:132,0
DA:133,0
DA:134,0
DA:138,0
DA:152,0
DA:167,0
DA:181,0
DA:202,0
DA:204,0
DA:209,0
DA:213,0
DA:221,0
DA:233,0
DA:251,0
DA:266,0
DA:281,0
DA:296,0
DA:298,0
DA:300,0
DA:327,0
DA:330,0
DA:333,0
DA:336,0
DA:342,0
DA:344,0
DA:369,0
DA:388,0
DA:409,0
DA:411,0
DA:426,0
DA:428,0
DA:429,0
DA:430,0
DA:438,0
DA:446,0
DA:448,0
DA:459,0
DA:460,0
DA:466,0
DA:468,0
DA:470,0
DA:472,0
DA:474,0
DA:476,0
DA:478,0
DA:481,0
DA:482,0
DA:489,0
DA:490,0
DA:491,0
DA:492,0
DA:494,0
DA:495,0
DA:497,0
DA:501,0
DA:502,0
DA:503,0
DA:504,0
DA:506,0
DA:507,0
DA:509,0
DA:513,0
DA:514,0
DA:515,0
DA:516,0
DA:518,0
DA:524,0
DA:528,0
DA:529,0
DA:531,0
DA:532,0
DA:533,0
DA:537,0
DA:538,0
DA:540,0
DA:541,0
DA:546,0
DA:547,0
DA:549,0
DA:550,0
DA:551,0
DA:552,0
DA:556,0
DA:560,0
DA:561,0
DA:562,0
DA:563,0
DA:565,0
DA:569,0
DA:570,0
DA:578,0
DA:585,0
DA:586,0
DA:589,0
DA:590,0
DA:591,0
DA:593,0
DA:594,0
DA:595,0
DA:596,0
DA:598,0
DA:599,0
DA:601,0
DA:603,0
DA:611,0
DA:612,0
DA:614,0
DA:615,0
DA:617,0
DA:618,0
DA:619,0
DA:620,0
DA:623,0
DA:624,0
DA:628,0
DA:631,0
DA:632,0
DA:633,0
DA:634,0
DA:635,0
DA:637,0
DA:638,0
DA:644,0
DA:645,0
DA:654,0
DA:658,0
DA:659,0
DA:661,0
DA:662,0
DA:663,0
DA:666,0
DA:671,0
DA:675,0
DA:676,0
DA:677,0
DA:678,0
DA:682,0
DA:685,0
DA:686,0
DA:687,0
DA:689,0
DA:695,0
DA:699,0
DA:707,0
DA:714,0
DA:723,0
DA:728,0
DA:733,0
DA:738,0
DA:743,0
DA:748,0
DA:753,0
DA:758,0
DA:763,0
DA:768,0
DA:772,0
LF:181
LH:0
BRDA:17,0,0,0
BRDA:19,1,0,0
BRDA:19,2,0,0
BRDA:32,3,0,0
BRDA:32,3,1,0
BRDA:38,4,0,0
BRDA:38,4,1,0
BRDA:46,5,0,0
BRDA:46,5,1,0
BRDA:47,6,0,0
BRDA:47,6,1,0
BRDA:93,7,0,0
BRDA:93,7,1,0
BRDA:93,8,0,0
BRDA:93,8,1,0
BRDA:108,9,0,0
BRDA:108,9,1,0
BRDA:109,10,0,0
BRDA:109,10,1,0
BRDA:110,11,0,0
BRDA:110,11,1,0
BRDA:111,12,0,0
BRDA:111,12,1,0
BRDA:112,13,0,0
BRDA:112,13,1,0
BRDA:113,14,0,0
BRDA:113,14,1,0
BRDA:114,15,0,0
BRDA:114,15,1,0
BRDA:126,16,0,0
BRDA:132,17,0,0
BRDA:132,17,1,0
BRDA:132,18,0,0
BRDA:132,18,1,0
BRDA:216,19,0,0
BRDA:216,19,1,0
BRDA:304,20,0,0
BRDA:304,20,1,0
BRDA:309,21,0,0
BRDA:309,21,1,0
BRDA:310,22,0,0
BRDA:310,22,1,0
BRDA:311,23,0,0
BRDA:311,23,1,0
BRDA:312,24,0,0
BRDA:312,24,1,0
BRDA:313,25,0,0
BRDA:313,25,1,0
BRDA:326,26,0,0
BRDA:425,27,0,0
BRDA:438,28,0,0
BRDA:438,28,1,0
BRDA:458,29,0,0
BRDA:466,30,0,0
BRDA:466,30,1,0
BRDA:466,30,2,0
BRDA:466,30,3,0
BRDA:466,30,4,0
BRDA:466,30,5,0
BRDA:491,31,0,0
BRDA:491,31,1,0
BRDA:503,32,0,0
BRDA:503,32,1,0
BRDA:515,33,0,0
BRDA:515,33,1,0
BRDA:521,34,0,0
BRDA:521,34,1,0
BRDA:528,35,0,0
BRDA:528,35,1,0
BRDA:537,36,0,0
BRDA:537,36,1,0
BRDA:541,37,0,0
BRDA:541,37,1,0
BRDA:550,38,0,0
BRDA:550,38,1,0
BRDA:556,39,0,0
BRDA:556,39,1,0
BRDA:563,40,0,0
BRDA:563,40,1,0
BRDA:572,41,0,0
BRDA:572,41,1,0
BRDA:572,41,2,0
BRDA:572,41,3,0
BRDA:585,42,0,0
BRDA:585,42,1,0
BRDA:591,43,0,0
BRDA:591,43,1,0
BRDA:591,43,2,0
BRDA:591,43,3,0
BRDA:611,44,0,0
BRDA:611,44,1,0
BRDA:611,44,2,0
BRDA:611,44,3,0
BRDA:631,45,0,0
BRDA:631,45,1,0
BRDA:637,46,0,0
BRDA:637,46,1,0
BRDA:644,47,0,0
BRDA:644,47,1,0
BRDA:707,48,0,0
BRDA:707,48,1,0
BRDA:714,49,0,0
BRDA:714,49,1,0
BRF:103
BRH:0
end_of_record
TN:
SF:server/services/database-factory.js
FN:10,(anonymous_0)
FN:28,(anonymous_1)
FN:34,(anonymous_2)
FN:51,(anonymous_3)
FNF:4
FNH:0
FNDA:0,(anonymous_0)
FNDA:0,(anonymous_1)
FNDA:0,(anonymous_2)
FNDA:0,(anonymous_3)
DA:11,0
DA:13,0
DA:17,0
DA:18,0
DA:23,0
DA:24,0
DA:29,0
DA:30,0
DA:31,0
DA:35,0
DA:52,0
DA:53,0
DA:60,0
DA:65,0
DA:66,0
DA:67,0
DA:71,0
DA:72,0
DA:73,0
DA:77,0
DA:78,0
DA:79,0
DA:82,0
DA:87,0
DA:88,0
DA:90,0
DA:92,0
DA:93,0
DA:95,0
DA:98,0
DA:99,0
DA:102,0
LF:32
LH:0
BRDA:10,0,0,0
BRDA:11,1,0,0
BRDA:11,1,1,0
BRDA:11,1,2,0
BRDA:13,2,0,0
BRDA:13,2,1,0
BRDA:13,2,2,0
BRDA:13,2,3,0
BRDA:13,2,4,0
BRDA:13,2,5,0
BRDA:28,3,0,0
BRDA:51,4,0,0
BRDA:52,5,0,0
BRDA:52,5,1,0
BRDA:52,5,2,0
BRDA:60,6,0,0
BRDA:60,6,1,0
BRDA:60,6,2,0
BRDA:60,6,3,0
BRDA:60,6,4,0
BRDA:60,6,5,0
BRDA:65,7,0,0
BRDA:65,7,1,0
BRDA:71,8,0,0
BRDA:71,8,1,0
BRDA:71,9,0,0
BRDA:71,9,1,0
BRDA:78,10,0,0
BRDA:78,10,1,0
BRDA:78,11,0,0
BRDA:78,11,1,0
BRDA:78,11,2,0
BRDA:88,12,0,0
BRDA:88,12,1,0
BRF:34
BRH:0
end_of_record
TN:
SF:server/services/database-postgresql.js
FN:12,(anonymous_0)
FN:21,(anonymous_1)
FN:49,(anonymous_2)
FN:72,(anonymous_3)
FN:180,(anonymous_4)
FN:199,(anonymous_5)
FN:229,(anonymous_6)
FN:263,(anonymous_7)
FN:273,(anonymous_8)
FN:278,(anonymous_9)
FN:289,(anonymous_10)
FN:323,(anonymous_11)
FN:337,(anonymous_12)
FN:361,(anonymous_13)
FN:379,(anonymous_14)
FN:398,(anonymous_15)
FN:409,(anonymous_16)
FN:434,(anonymous_17)
FN:450,(anonymous_18)
FN:452,(anonymous_19)
FN:458,(anonymous_20)
FN:466,(anonymous_21)
FNF:22
FNH:0
FNDA:0,(anonymous_0)
FNDA:0,(anonymous_1)
FNDA:0,(anonymous_2)
FNDA:0,(anonymous_3)
FNDA:0,(anonymous_4)
FNDA:0,(anonymous_5)
FNDA:0,(anonymous_6)
FNDA:0,(anonymous_7)
FNDA:0,(anonymous_8)
FNDA:0,(anonymous_9)
FNDA:0,(anonymous_10)
FNDA:0,(anonymous_11)
FNDA:0,(anonymous_12)
FNDA:0,(anonymous_13)
FNDA:0,(anonymous_14)
FNDA:0,(anonymous_15)
FNDA:0,(anonymous_16)
FNDA:0,(anonymous_17)
FNDA:0,(anonymous_18)
FNDA:0,(anonymous_19)
FNDA:0,(anonymous_20)
FNDA:0,(anonymous_21)
DA:8,0
DA:13,0
DA:14,0
DA:15,0
DA:16,0
DA:22,0
DA:24,0
DA:32,0
DA:33,0
DA:34,0
DA:37,0
DA:39,0
DA:40,0
DA:42,0
DA:44,0
DA:45,0
DA:50,0
DA:52,0
DA:53,0
DA:56,0
DA:59,0
DA:61,0
DA:62,0
DA:64,0
DA:65,0
DA:66,0
DA:68,0
DA:74,0
DA:97,0
DA:116,0
DA:135,0
DA:145,0
DA:159,0
DA:169,0
DA:170,0
DA:171,0
DA:182,0
DA:183,0
DA:184,0
DA:187,0
DA:188,0
DA:189,0
DA:190,0
DA:193,0
DA:200,0
DA:201,0
DA:202,0
DA:208,0
DA:222,0
DA:223,0
DA:225,0
DA:230,0
DA:231,0
DA:232,0
DA:233,0
DA:234,0
DA:236,0
DA:237,0
DA:238,0
DA:241,0
DA:242,0
DA:245,0
DA:246,0
DA:249,0
DA:251,0
DA:252,0
DA:253,0
DA:256,0
DA:257,0
DA:259,0
DA:264,0
DA:265,0
DA:266,0
DA:267,0
DA:269,0
DA:274,0
DA:275,0
DA:276,0
DA:277,0
DA:278,0
DA:280,0
DA:281,0
DA:282,0
DA:284,0
DA:290,0
DA:291,0
DA:292,0
DA:299,0
DA:310,0
DA:311,0
DA:313,0
DA:315,0
DA:317,0
DA:319,0
DA:324,0
DA:325,0
DA:326,0
DA:330,0
DA:332,0
DA:338,0
DA:339,0
DA:340,0
DA:345,0
DA:354,0
DA:355,0
DA:357,0
DA:362,0
DA:363,0
DA:364,0
DA:371,0
DA:372,0
DA:374,0
DA:380,0
DA:381,0
DA:382,0
DA:391,0
DA:392,0
DA:394,0
DA:399,0
DA:400,0
DA:401,0
DA:402,0
DA:404,0
DA:410,0
DA:411,0
DA:412,0
DA:417,0
DA:426,0
DA:427,0
DA:429,0
DA:435,0
DA:436,0
DA:437,0
DA:438,0
DA:439,0
DA:440,0
DA:442,0
DA:443,0
DA:445,0
DA:451,0
DA:452,0
DA:453,0
DA:459,0
DA:460,0
DA:461,0
DA:467,0
DA:468,0
DA:469,0
DA:470,0
DA:471,0
DA:478,0
LF:151
LH:0
BRDA:17,0,0,0
BRDA:17,0,1,0
BRDA:18,1,0,0
BRDA:18,1,1,0
BRDA:18,2,0,0
BRDA:18,2,1,0
BRDA:18,3,0,0
BRDA:18,3,1,0
BRDA:18,4,0,0
BRDA:18,4,1,0
BRDA:18,5,0,0
BRDA:18,5,1,0
BRDA:215,6,0,0
BRDA:215,6,1,0
BRDA:216,7,0,0
BRDA:216,7,1,0
BRDA:218,8,0,0
BRDA:218,8,1,0
BRDA:219,9,0,0
BRDA:219,9,1,0
BRDA:229,10,0,0
BRDA:236,11,0,0
BRDA:236,11,1,0
BRDA:241,12,0,0
BRDA:241,12,1,0
BRDA:245,13,0,0
BRDA:245,13,1,0
BRDA:251,14,0,0
BRDA:251,14,1,0
BRDA:267,15,0,0
BRDA:267,15,1,0
BRDA:303,16,0,0
BRDA:303,16,1,0
BRDA:304,17,0,0
BRDA:304,17,1,0
BRDA:313,18,0,0
BRDA:313,18,1,0
BRDA:351,19,0,0
BRDA:351,19,1,0
BRDA:379,20,0,0
BRDA:402,21,0,0
BRDA:402,21,1,0
BRDA:409,22,0,0
BRDA:451,23,0,0
BRDA:451,23,1,0
BRDA:459,24,0,0
BRDA:459,24,1,0
BRF:47
BRH:0
end_of_record
TN:
SF:server/services/database.js
FN:16,(anonymous_0)
FN:25,(anonymous_1)
FN:57,(anonymous_2)
FN:76,(anonymous_3)
FN:116,(anonymous_4)
FN:119,(anonymous_5)
FN:125,(anonymous_6)
FN:133,(anonymous_7)
FN:136,(anonymous_8)
FN:139,(anonymous_9)
FN:142,(anonymous_10)
FN:145,(anonymous_11)
FN:148,(anonymous_12)
FN:174,(anonymous_13)
FN:178,(anonymous_14)
FN:203,(anonymous_15)
FN:207,(anonymous_16)
FN:227,(anonymous_17)
FN:232,(anonymous_18)
FN:236,(anonymous_19)
FN:244,(anonymous_20)
FN:249,(anonymous_21)
FN:254,(anonymous_22)
FN:261,(anonymous_23)
FN:267,(anonymous_24)
FN:269,(anonymous_25)
FN:272,(anonymous_26)
FN:276,(anonymous_27)
FN:280,(anonymous_28)
FN:294,(anonymous_29)
FN:296,(anonymous_30)
FN:303,(anonymous_31)
FN:305,(anonymous_32)
FN:306,(anonymous_33)
FN:310,(anonymous_34)
FN:314,(anonymous_35)
FN:319,(anonymous_36)
FN:334,(anonymous_37)
FN:345,(anonymous_38)
FN:359,(anonymous_39)
FN:370,(anonymous_40)
FN:376,(anonymous_41)
FN:377,(anonymous_42)
FN:380,(anonymous_43)
FN:405,(anonymous_44)
FN:409,(anonymous_45)
FN:416,(anonymous_46)
FN:426,(anonymous_47)
FN:439,(anonymous_48)
FNF:49
FNH:0
FNDA:0,(anonymous_0)
FNDA:0,(anonymous_1)
FNDA:0,(anonymous_2)
FNDA:0,(anonymous_3)
FNDA:0,(anonymous_4)
FNDA:0,(anonymous_5)
FNDA:0,(anonymous_6)
FNDA:0,(anonymous_7)
FNDA:0,(anonymous_8)
FNDA:0,(anonymous_9)
FNDA:0,(anonymous_10)
FNDA:0,(anonymous_11)
FNDA:0,(anonymous_12)
FNDA:0,(anonymous_13)
FNDA:0,(anonymous_14)
FNDA:0,(anonymous_15)
FNDA:0,(anonymous_16)
FNDA:0,(anonymous_17)
FNDA:0,(anonymous_18)
FNDA:0,(anonymous_19)
FNDA:0,(anonymous_20)
FNDA:0,(anonymous_21)
FNDA:0,(anonymous_22)
FNDA:0,(anonymous_23)
FNDA:0,(anonymous_24)
FNDA:0,(anonymous_25)
FNDA:0,(anonymous_26)
FNDA:0,(anonymous_27)
FNDA:0,(anonymous_28)
FNDA:0,(anonymous_29)
FNDA:0,(anonymous_30)
FNDA:0,(anonymous_31)
FNDA:0,(anonymous_32)
FNDA:0,(anonymous_33)
FNDA:0,(anonymous_34)
FNDA:0,(anonymous_35)
FNDA:0,(anonymous_36)
FNDA:0,(anonymous_37)
FNDA:0,(anonymous_38)
FNDA:0,(anonymous_39)
FNDA:0,(anonymous_40)
FNDA:0,(anonymous_41)
FNDA:0,(anonymous_42)
FNDA:0,(anonymous_43)
FNDA:0,(anonymous_44)
FNDA:0,(anonymous_45)
FNDA:0,(anonymous_46)
FNDA:0,(anonymous_47)
FNDA:0,(anonymous_48)
DA:12,0
DA:13,0
DA:17,0
DA:18,0
DA:19,0
DA:20,0
DA:21,0
DA:22,0
DA:26,0
DA:28,0
DA:31,0
DA:40,0
DA:41,0
DA:45,0
DA:47,0
DA:48,0
DA:50,0
DA:52,0
DA:53,0
DA:58,0
DA:60,0
DA:61,0
DA:62,0
DA:64,0
DA:66,0
DA:67,0
DA:68,0
DA:69,0
DA:71,0
DA:77,0
DA:109,0
DA:110,0
DA:111,0
DA:112,0
DA:117,0
DA:119,0
DA:120,0
DA:126,0
DA:127,0
DA:129,0
DA:130,0
DA:133,0
DA:137,0
DA:138,0
DA:139,0
DA:143,0
DA:144,0
DA:145,0
DA:149,0
DA:152,0
DA:153,0
DA:161,0
DA:162,0
DA:163,0
DA:166,0
DA:169,0
DA:171,0
DA:175,0
DA:177,0
DA:178,0
DA:180,0
DA:181,0
DA:185,0
DA:191,0
DA:192,0
DA:195,0
DA:198,0
DA:200,0
DA:204,0
DA:206,0
DA:207,0
DA:209,0
DA:210,0
DA:213,0
DA:214,0
DA:215,0
DA:218,0
DA:221,0
DA:223,0
DA:228,0
DA:229,0
DA:233,0
DA:234,0
DA:236,0
DA:237,0
DA:238,0
DA:241,0
DA:245,0
DA:247,0
DA:250,0
DA:251,0
DA:252,0
DA:255,0
DA:256,0
DA:257,0
DA:258,0
DA:261,0
DA:268,0
DA:269,0
DA:273,0
DA:277,0
DA:281,0
DA:282,0
DA:284,0
DA:295,0
DA:296,0
DA:297,0
DA:298,0
DA:300,0
DA:304,0
DA:305,0
DA:306,0
DA:308,0
DA:310,0
DA:315,0
DA:316,0
DA:320,0
DA:321,0
DA:327,0
DA:328,0
DA:330,0
DA:335,0
DA:336,0
DA:337,0
DA:338,0
DA:339,0
DA:346,0
DA:348,0
DA:349,0
DA:352,0
DA:360,0
DA:361,0
DA:362,0
DA:363,0
DA:364,0
DA:371,0
DA:372,0
DA:377,0
DA:378,0
DA:380,0
DA:381,0
DA:383,0
DA:385,0
DA:387,0
DA:389,0
DA:391,0
DA:393,0
DA:395,0
DA:397,0
DA:401,0
DA:406,0
DA:410,0
DA:412,0
DA:413,0
DA:416,0
DA:417,0
DA:418,0
DA:420,0
DA:421,0
DA:427,0
DA:428,0
DA:429,0
DA:430,0
DA:432,0
DA:434,0
DA:435,0
DA:441,0
DA:442,0
DA:445,0
DA:446,0
DA:447,0
DA:450,0
LF:172
LH:0
BRDA:64,0,0,0
BRDA:64,0,1,0
BRDA:79,1,0,0
BRDA:79,1,1,0
BRDA:80,2,0,0
BRDA:80,2,1,0
BRDA:110,3,0,0
BRDA:110,3,1,0
BRDA:110,4,0,0
BRDA:110,4,1,0
BRDA:117,5,0,0
BRDA:117,5,1,0
BRDA:125,6,0,0
BRDA:127,7,0,0
BRDA:127,7,1,0
BRDA:129,8,0,0
BRDA:129,8,1,0
BRDA:138,9,0,0
BRDA:138,9,1,0
BRDA:144,10,0,0
BRDA:144,10,1,0
BRDA:161,11,0,0
BRDA:161,11,1,0
BRDA:177,12,0,0
BRDA:177,12,1,0
BRDA:180,13,0,0
BRDA:180,13,1,0
BRDA:206,14,0,0
BRDA:206,14,1,0
BRDA:209,15,0,0
BRDA:209,15,1,0
BRDA:227,16,0,0
BRDA:237,17,0,0
BRDA:237,17,1,0
BRDA:238,18,0,0
BRDA:238,18,1,0
BRDA:260,19,0,0
BRDA:260,19,1,0
BRDA:298,20,0,0
BRDA:298,20,1,0
BRDA:308,21,0,0
BRDA:308,21,1,0
BRDA:315,22,0,0
BRDA:315,22,1,0
BRDA:316,23,0,0
BRDA:316,23,1,0
BRDA:336,24,0,0
BRDA:336,24,1,0
BRDA:349,25,0,0
BRDA:349,25,1,0
BRDA:361,26,0,0
BRDA:361,26,1,0
BRDA:361,27,0,0
BRDA:361,27,1,0
BRDA:371,28,0,0
BRDA:371,28,1,0
BRDA:378,29,0,0
BRDA:378,29,1,0
BRDA:378,30,0,0
BRDA:378,30,1,0
BRDA:381,31,0,0
BRDA:381,31,1,0
BRDA:381,31,2,0
BRDA:381,31,3,0
BRDA:381,31,4,0
BRDA:381,31,5,0
BRDA:381,31,6,0
BRDA:381,31,7,0
BRDA:393,32,0,0
BRDA:393,32,1,0
BRDA:395,33,0,0
BRDA:395,33,1,0
BRDA:412,34,0,0
BRDA:412,34,1,0
BRDA:430,35,0,0
BRDA:430,35,1,0
BRDA:441,36,0,0
BRDA:441,36,1,0
BRF:78
BRH:0
end_of_record
TN:
SF:server/services/email-factory.js
FN:10,(anonymous_0)
FN:31,(anonymous_1)
FN:36,(anonymous_2)
FN:48,(anonymous_3)
FN:76,(anonymous_4)
FN:106,(anonymous_5)
FN:147,(anonymous_6)
FNF:7
FNH:0
FNDA:0,(anonymous_0)
FNDA:0,(anonymous_1)
FNDA:0,(anonymous_2)
FNDA:0,(anonymous_3)
FNDA:0,(anonymous_4)
FNDA:0,(anonymous_5)
FNDA:0,(anonymous_6)
DA:11,0
DA:12,0
DA:15,0
DA:16,0
DA:17,0
DA:21,0
DA:22,0
DA:23,0
DA:27,0
DA:28,0
DA:32,0
DA:35,0
DA:36,0
DA:37,0
DA:38,0
DA:40,0
DA:45,0
DA:49,0
DA:77,0
DA:78,0
DA:85,0
DA:88,0
DA:89,0
DA:90,0
DA:93,0
DA:94,0
DA:98,0
DA:99,0
DA:101,0
DA:105,0
DA:106,0
DA:108,0
DA:109,0
DA:110,0
DA:113,0
DA:114,0
DA:116,0
DA:120,0
DA:121,0
DA:123,0
DA:126,0
DA:127,0
DA:131,0
DA:132,0
DA:133,0
DA:140,0
DA:141,0
DA:144,0
DA:148,0
DA:149,0
DA:152,0
DA:153,0
DA:156,0
DA:162,0
LF:54
LH:0
BRDA:10,0,0,0
BRDA:11,1,0,0
BRDA:11,1,1,0
BRDA:11,1,2,0
BRDA:12,2,0,0
BRDA:12,2,1,0
BRDA:12,2,2,0
BRDA:15,3,0,0
BRDA:15,3,1,0
BRDA:21,4,0,0
BRDA:21,4,1,0
BRDA:21,5,0,0
BRDA:21,5,1,0
BRDA:31,6,0,0
BRDA:35,7,0,0
BRDA:35,7,1,0
BRDA:35,8,0,0
BRDA:35,8,1,0
BRDA:37,9,0,0
BRDA:37,9,1,0
BRDA:76,10,0,0
BRDA:77,11,0,0
BRDA:77,11,1,0
BRDA:77,11,2,0
BRDA:85,12,0,0
BRDA:85,12,1,0
BRDA:85,12,2,0
BRDA:85,12,3,0
BRDA:88,13,0,0
BRDA:88,13,1,0
BRDA:93,14,0,0
BRDA:93,14,1,0
BRDA:98,15,0,0
BRDA:98,15,1,0
BRDA:98,16,0,0
BRDA:98,16,1,0
BRDA:108,17,0,0
BRDA:108,17,1,0
BRDA:113,18,0,0
BRDA:113,18,1,0
BRDA:120,19,0,0
BRDA:120,19,1,0
BRDA:131,20,0,0
BRDA:131,20,1,0
BRDA:132,21,0,0
BRDA:132,21,1,0
BRDA:140,22,0,0
BRDA:140,22,1,0
BRDA:140,23,0,0
BRDA:140,23,1,0
BRDA:147,24,0,0
BRDA:152,25,0,0
BRDA:152,25,1,0
BRDA:152,26,0,0
BRDA:152,26,1,0
BRDA:158,27,0,0
BRDA:158,27,1,0
BRDA:158,27,2,0
BRDA:164,28,0,0
BRDA:164,28,1,0
BRDA:164,28,2,0
BRF:61
BRH:0
end_of_record
TN:
SF:server/services/email-production.js
FN:12,(anonymous_0)
FN:29,(anonymous_1)
FN:42,(anonymous_2)
FN:70,(anonymous_3)
FN:84,(anonymous_4)
FN:114,(anonymous_5)
FN:119,(anonymous_6)
FN:124,(anonymous_7)
FN:137,(anonymous_8)
FN:149,(anonymous_9)
FN:177,(anonymous_10)
FN:212,(anonymous_11)
FN:221,(anonymous_12)
FN:229,(anonymous_13)
FN:239,(anonymous_14)
FN:522,(anonymous_15)
FN:539,(anonymous_16)
FN:560,(anonymous_17)
FN:565,(anonymous_18)
FN:570,(anonymous_19)
FN:579,(anonymous_20)
FN:587,(anonymous_21)
FNF:22
FNH:0
FNDA:0,(anonymous_0)
FNDA:0,(anonymous_1)
FNDA:0,(anonymous_2)
FNDA:0,(anonymous_3)
FNDA:0,(anonymous_4)
FNDA:0,(anonymous_5)
FNDA:0,(anonymous_6)
FNDA:0,(anonymous_7)
FNDA:0,(anonymous_8)
FNDA:0,(anonymous_9)
FNDA:0,(anonymous_10)
FNDA:0,(anonymous_11)
FNDA:0,(anonymous_12)
FNDA:0,(anonymous_13)
FNDA:0,(anonymous_14)
FNDA:0,(anonymous_15)
FNDA:0,(anonymous_16)
FNDA:0,(anonymous_17)
FNDA:0,(anonymous_18)
FNDA:0,(anonymous_19)
FNDA:0,(anonymous_20)
FNDA:0,(anonymous_21)
DA:13,0
DA:14,0
DA:15,0
DA:16,0
DA:17,0
DA:19,0
DA:20,0
DA:21,0
DA:23,0
DA:24,0
DA:25,0
DA:30,0
DA:32,0
DA:33,0
DA:35,0
DA:36,0
DA:38,0
DA:43,0
DA:44,0
DA:45,0
DA:48,0
DA:51,0
DA:52,0
DA:63,0
DA:65,0
DA:66,0
DA:73,0
DA:74,0
DA:75,0
DA:77,0
DA:78,0
DA:81,0
DA:85,0
DA:87,0
DA:91,0
DA:94,0
DA:111,0
DA:114,0
DA:115,0
DA:116,0
DA:119,0
DA:120,0
DA:121,0
DA:124,0
DA:125,0
DA:128,0
DA:129,0
DA:130,0
DA:132,0
DA:133,0
DA:138,0
DA:140,0
DA:141,0
DA:142,0
DA:144,0
DA:145,0
DA:150,0
DA:152,0
DA:166,0
DA:168,0
DA:170,0
DA:172,0
DA:178,0
DA:179,0
DA:180,0
DA:183,0
DA:184,0
DA:185,0
DA:188,0
DA:199,0
DA:207,0
DA:208,0
DA:213,0
DA:214,0
DA:215,0
DA:218,0
DA:221,0
DA:222,0
DA:223,0
DA:226,0
DA:231,0
DA:240,0
DA:523,0
DA:525,0
DA:526,0
DA:527,0
DA:531,0
DA:534,0
DA:535,0
DA:540,0
DA:541,0
DA:544,0
DA:551,0
DA:561,0
DA:562,0
DA:566,0
DA:567,0
DA:571,0
DA:572,0
DA:573,0
DA:575,0
DA:580,0
DA:581,0
DA:582,0
DA:588,0
DA:589,0
DA:590,0
DA:598,0
LF:108
LH:0
BRDA:15,0,0,0
BRDA:15,0,1,0
BRDA:16,1,0,0
BRDA:16,1,1,0
BRDA:17,2,0,0
BRDA:17,2,1,0
BRDA:23,3,0,0
BRDA:23,3,1,0
BRDA:30,4,0,0
BRDA:30,4,1,0
BRDA:30,4,2,0
BRDA:44,5,0,0
BRDA:44,5,1,0
BRDA:73,6,0,0
BRDA:73,6,1,0
BRDA:77,7,0,0
BRDA:77,7,1,0
BRDA:77,8,0,0
BRDA:77,8,1,0
BRDA:149,9,0,0
BRDA:154,10,0,0
BRDA:154,10,1,0
BRDA:158,11,0,0
BRDA:158,11,1,0
BRDA:166,12,0,0
BRDA:166,12,1,0
BRDA:166,12,2,0
BRDA:177,13,0,0
BRDA:177,14,0,0
BRDA:178,15,0,0
BRDA:178,15,1,0
BRDA:184,16,0,0
BRDA:184,16,1,0
BRDA:200,17,0,0
BRDA:200,17,1,0
BRDA:201,18,0,0
BRDA:201,18,1,0
BRDA:202,19,0,0
BRDA:202,19,1,0
BRDA:204,20,0,0
BRDA:204,20,1,0
BRDA:214,21,0,0
BRDA:214,21,1,0
BRDA:223,22,0,0
BRDA:223,22,1,0
BRDA:522,23,0,0
BRDA:522,24,0,0
BRDA:529,25,0,0
BRDA:529,25,1,0
BRDA:540,26,0,0
BRDA:540,26,1,0
BRDA:580,27,0,0
BRDA:580,27,1,0
BRF:53
BRH:0
end_of_record
TN:
SF:server/services/email.js
FN:7,(anonymous_0)
FN:17,(anonymous_1)
FN:23,(anonymous_2)
FN:48,(anonymous_3)
FN:70,(anonymous_4)
FN:92,(anonymous_5)
FN:114,(anonymous_6)
FN:134,(anonymous_7)
FN:153,(anonymous_8)
FN:160,(anonymous_9)
FN:170,(anonymous_10)
FN:217,(anonymous_11)
FN:273,(anonymous_12)
FN:318,(anonymous_13)
FN:360,(anonymous_14)
FN:408,(anonymous_15)
FN:420,(anonymous_16)
FN:429,(anonymous_17)
FNF:18
FNH:7
FNDA:24,(anonymous_0)
FNDA:0,(anonymous_1)
FNDA:24,(anonymous_2)
FNDA:0,(anonymous_3)
FNDA:0,(anonymous_4)
FNDA:0,(anonymous_5)
FNDA:0,(anonymous_6)
FNDA:0,(anonymous_7)
FNDA:0,(anonymous_8)
FNDA:0,(anonymous_9)
FNDA:24,(anonymous_10)
FNDA:24,(anonymous_11)
FNDA:24,(anonymous_12)
FNDA:24,(anonymous_13)
FNDA:24,(anonymous_14)
FNDA:0,(anonymous_15)
FNDA:0,(anonymous_16)
FNDA:0,(anonymous_17)
DA:8,24
DA:9,24
DA:10,24
DA:12,24
DA:13,0
DA:20,0
DA:24,24
DA:49,0
DA:50,0
DA:51,0
DA:54,0
DA:55,0
DA:63,0
DA:71,0
DA:72,0
DA:73,0
DA:76,0
DA:77,0
DA:85,0
DA:93,0
DA:94,0
DA:95,0
DA:98,0
DA:99,0
DA:107,0
DA:115,0
DA:116,0
DA:117,0
DA:120,0
DA:121,0
DA:127,0
DA:135,0
DA:136,0
DA:137,0
DA:140,0
DA:141,0
DA:146,0
DA:154,0
DA:156,0
DA:157,0
DA:160,0
DA:162,0
DA:164,0
DA:165,0
DA:171,24
DA:218,24
DA:274,24
DA:319,24
DA:361,24
DA:409,0
DA:410,0
DA:421,0
DA:426,0
DA:430,0
DA:445,0
LF:55
LH:10
BRDA:9,0,0,24
BRDA:9,0,1,24
BRDA:12,1,0,0
BRDA:12,1,1,24
BRDA:49,2,0,0
BRDA:49,2,1,0
BRDA:61,3,0,0
BRDA:61,3,1,0
BRDA:71,4,0,0
BRDA:71,4,1,0
BRDA:93,5,0,0
BRDA:93,5,1,0
BRDA:105,6,0,0
BRDA:105,6,1,0
BRDA:114,7,0,0
BRDA:115,8,0,0
BRDA:115,8,1,0
BRDA:125,9,0,0
BRDA:125,9,1,0
BRDA:135,10,0,0
BRDA:135,10,1,0
BRDA:144,11,0,0
BRDA:144,11,1,0
BRDA:426,12,0,0
BRDA:426,12,1,0
BRDA:445,13,0,0
BRDA:445,13,1,0
BRF:27
BRH:3
end_of_record
TN:
SF:server/services/event.js
FN:7,(anonymous_0)
FN:15,(anonymous_1)
FN:31,(anonymous_2)
FN:42,(anonymous_3)
FN:84,(anonymous_4)
FN:103,(anonymous_5)
FN:107,(anonymous_6)
FN:116,(anonymous_7)
FN:149,(anonymous_8)
FN:157,(anonymous_9)
FN:166,(anonymous_10)
FN:168,(anonymous_11)
FN:173,(anonymous_12)
FN:186,(anonymous_13)
FN:236,(anonymous_14)
FN:262,(anonymous_15)
FN:278,(anonymous_16)
FN:292,(anonymous_17)
FN:298,(anonymous_18)
FN:307,(anonymous_19)
FN:310,(anonymous_20)
FN:318,(anonymous_21)
FN:334,(anonymous_22)
FN:336,(anonymous_23)
FN:341,(anonymous_24)
FN:363,(anonymous_25)
FN:365,(anonymous_26)
FN:371,(anonymous_27)
FN:379,(anonymous_28)
FN:392,(anonymous_29)
FN:394,(anonymous_30)
FN:401,(anonymous_31)
FN:403,(anonymous_32)
FN:410,(anonymous_33)
FN:417,(anonymous_34)
FNF:35
FNH:0
FNDA:0,(anonymous_0)
FNDA:0,(anonymous_1)
FNDA:0,(anonymous_2)
FNDA:0,(anonymous_3)
FNDA:0,(anonymous_4)
FNDA:0,(anonymous_5)
FNDA:0,(anonymous_6)
FNDA:0,(anonymous_7)
FNDA:0,(anonymous_8)
FNDA:0,(anonymous_9)
FNDA:0,(anonymous_10)
FNDA:0,(anonymous_11)
FNDA:0,(anonymous_12)
FNDA:0,(anonymous_13)
FNDA:0,(anonymous_14)
FNDA:0,(anonymous_15)
FNDA:0,(anonymous_16)
FNDA:0,(anonymous_17)
FNDA:0,(anonymous_18)
FNDA:0,(anonymous_19)
FNDA:0,(anonymous_20)
FNDA:0,(anonymous_21)
FNDA:0,(anonymous_22)
FNDA:0,(anonymous_23)
FNDA:0,(anonymous_24)
FNDA:0,(anonymous_25)
FNDA:0,(anonymous_26)
FNDA:0,(anonymous_27)
FNDA:0,(anonymous_28)
FNDA:0,(anonymous_29)
FNDA:0,(anonymous_30)
FNDA:0,(anonymous_31)
FNDA:0,(anonymous_32)
FNDA:0,(anonymous_33)
FNDA:0,(anonymous_34)
DA:8,0
DA:9,0
DA:10,0
DA:11,0
DA:16,0
DA:19,0
DA:22,0
DA:28,0
DA:32,0
DA:35,0
DA:36,0
DA:39,0
DA:43,0
DA:44,0
DA:45,0
DA:49,0
DA:56,0
DA:59,0
DA:60,0
DA:61,0
DA:62,0
DA:63,0
DA:65,0
DA:71,0
DA:74,0
DA:80,0
DA:85,0
DA:86,0
DA:87,0
DA:90,0
DA:91,0
DA:93,0
DA:94,0
DA:95,0
DA:97,0
DA:98,0
DA:104,0
DA:106,0
DA:107,0
DA:108,0
DA:109,0
DA:112,0
DA:117,0
DA:118,0
DA:119,0
DA:120,0
DA:123,0
DA:128,0
DA:129,0
DA:130,0
DA:132,0
DA:137,0
DA:142,0
DA:145,0
DA:151,0
DA:154,0
DA:158,0
DA:159,0
DA:160,0
DA:161,0
DA:168,0
DA:169,0
DA:174,0
DA:175,0
DA:177,0
DA:178,0
DA:181,0
DA:187,0
DA:189,0
DA:190,0
DA:191,0
DA:195,0
DA:198,0
DA:204,0
DA:205,0
DA:206,0
DA:207,0
DA:217,0
DA:218,0
DA:219,0
DA:220,0
DA:222,0
DA:227,0
DA:233,0
DA:238,0
DA:239,0
DA:243,0
DA:244,0
DA:245,0
DA:247,0
DA:248,0
DA:252,0
DA:257,0
DA:258,0
DA:264,0
DA:265,0
DA:269,0
DA:270,0
DA:272,0
DA:273,0
DA:279,0
DA:280,0
DA:288,0
DA:293,0
DA:296,0
DA:297,0
DA:298,0
DA:299,0
DA:300,0
DA:304,0
DA:308,0
DA:310,0
DA:318,0
DA:319,0
DA:322,0
DA:323,0
DA:325,0
DA:328,0
DA:329,0
DA:333,0
DA:334,0
DA:336,0
DA:338,0
DA:342,0
DA:343,0
DA:344,0
DA:347,0
DA:353,0
DA:363,0
DA:365,0
DA:371,0
DA:379,0
DA:393,0
DA:394,0
DA:395,0
DA:396,0
DA:398,0
DA:402,0
DA:403,0
DA:404,0
DA:405,0
DA:407,0
DA:411,0
DA:412,0
DA:413,0
DA:414,0
DA:418,0
DA:424,0
LF:148
LH:0
BRDA:35,0,0,0
BRDA:35,0,1,0
BRDA:42,1,0,0
BRDA:44,2,0,0
BRDA:44,2,1,0
BRDA:60,3,0,0
BRDA:60,3,1,0
BRDA:86,4,0,0
BRDA:86,4,1,0
BRDA:86,5,0,0
BRDA:86,5,1,0
BRDA:90,6,0,0
BRDA:90,6,1,0
BRDA:97,7,0,0
BRDA:97,7,1,0
BRDA:106,8,0,0
BRDA:106,8,1,0
BRDA:119,9,0,0
BRDA:119,9,1,0
BRDA:119,10,0,0
BRDA:119,10,1,0
BRDA:159,11,0,0
BRDA:159,11,1,0
BRDA:190,12,0,0
BRDA:190,12,1,0
BRDA:205,13,0,0
BRDA:205,13,1,0
BRDA:218,14,0,0
BRDA:218,14,1,0
BRDA:219,15,0,0
BRDA:219,15,1,0
BRDA:238,16,0,0
BRDA:238,16,1,0
BRDA:245,17,0,0
BRDA:245,17,1,0
BRDA:247,18,0,0
BRDA:247,18,1,0
BRDA:257,19,0,0
BRDA:257,19,1,0
BRDA:264,20,0,0
BRDA:264,20,1,0
BRDA:270,21,0,0
BRDA:270,21,1,0
BRDA:272,22,0,0
BRDA:272,22,1,0
BRDA:278,23,0,0
BRDA:292,24,0,0
BRDA:296,25,0,0
BRDA:296,25,1,0
BRDA:300,26,0,0
BRDA:300,26,1,0
BRDA:319,27,0,0
BRDA:319,27,1,0
BRDA:322,28,0,0
BRDA:322,28,1,0
BRDA:325,29,0,0
BRDA:325,29,1,0
BRDA:329,30,0,0
BRDA:329,30,1,0
BRDA:343,31,0,0
BRDA:343,31,1,0
BRDA:376,32,0,0
BRDA:376,32,1,0
BRDA:395,33,0,0
BRDA:395,33,1,0
BRDA:396,34,0,0
BRDA:396,34,1,0
BRDA:405,35,0,0
BRDA:405,35,1,0
BRDA:424,36,0,0
BRDA:424,36,1,0
BRF:71
BRH:0
end_of_record
TN:
SF:server/services/multiEventService.js
FN:13,(anonymous_0)
FN:25,(anonymous_1)
FN:42,(anonymous_2)
FN:75,(anonymous_3)
FN:113,(anonymous_4)
FN:175,(anonymous_5)
FN:233,(anonymous_6)
FN:292,(anonymous_7)
FN:303,(anonymous_8)
FN:365,(anonymous_9)
FN:373,(anonymous_10)
FN:400,(anonymous_11)
FN:418,(anonymous_12)
FN:422,(anonymous_13)
FN:451,(anonymous_14)
FN:460,(anonymous_15)
FN:465,(anonymous_16)
FN:470,(anonymous_17)
FN:475,(anonymous_18)
FN:489,(anonymous_19)
FN:505,(anonymous_20)
FN:513,(anonymous_21)
FN:521,(anonymous_22)
FN:529,(anonymous_23)
FN:535,(anonymous_24)
FN:538,(anonymous_25)
FN:541,(anonymous_26)
FN:544,(anonymous_27)
FN:547,(anonymous_28)
FN:550,(anonymous_29)
FN:553,(anonymous_30)
FN:556,(anonymous_31)
FN:559,(anonymous_32)
FN:562,(anonymous_33)
FN:565,(anonymous_34)
FN:568,(anonymous_35)
FN:571,(anonymous_36)
FN:574,(anonymous_37)
FN:577,(anonymous_38)
FN:580,(anonymous_39)
FN:583,(anonymous_40)
FN:586,(anonymous_41)
FN:596,(anonymous_42)
FN:600,(anonymous_43)
FN:617,(anonymous_44)
FN:621,(anonymous_45)
FN:625,(anonymous_46)
FN:635,(anonymous_47)
FN:640,(anonymous_48)
FNF:49
FNH:0
FNDA:0,(anonymous_0)
FNDA:0,(anonymous_1)
FNDA:0,(anonymous_2)
FNDA:0,(anonymous_3)
FNDA:0,(anonymous_4)
FNDA:0,(anonymous_5)
FNDA:0,(anonymous_6)
FNDA:0,(anonymous_7)
FNDA:0,(anonymous_8)
FNDA:0,(anonymous_9)
FNDA:0,(anonymous_10)
FNDA:0,(anonymous_11)
FNDA:0,(anonymous_12)
FNDA:0,(anonymous_13)
FNDA:0,(anonymous_14)
FNDA:0,(anonymous_15)
FNDA:0,(anonymous_16)
FNDA:0,(anonymous_17)
FNDA:0,(anonymous_18)
FNDA:0,(anonymous_19)
FNDA:0,(anonymous_20)
FNDA:0,(anonymous_21)
FNDA:0,(anonymous_22)
FNDA:0,(anonymous_23)
FNDA:0,(anonymous_24)
FNDA:0,(anonymous_25)
FNDA:0,(anonymous_26)
FNDA:0,(anonymous_27)
FNDA:0,(anonymous_28)
FNDA:0,(anonymous_29)
FNDA:0,(anonymous_30)
FNDA:0,(anonymous_31)
FNDA:0,(anonymous_32)
FNDA:0,(anonymous_33)
FNDA:0,(anonymous_34)
FNDA:0,(anonymous_35)
FNDA:0,(anonymous_36)
FNDA:0,(anonymous_37)
FNDA:0,(anonymous_38)
FNDA:0,(anonymous_39)
FNDA:0,(anonymous_40)
FNDA:0,(anonymous_41)
FNDA:0,(anonymous_42)
FNDA:0,(anonymous_43)
FNDA:0,(anonymous_44)
FNDA:0,(anonymous_45)
FNDA:0,(anonymous_46)
FNDA:0,(anonymous_47)
FNDA:0,(anonymous_48)
DA:6,0
DA:7,0
DA:8,0
DA:9,0
DA:10,0
DA:14,0
DA:15,0
DA:16,0
DA:17,0
DA:18,0
DA:19,0
DA:26,0
DA:32,0
DA:35,0
DA:36,0
DA:37,0
DA:38,0
DA:40,0
DA:41,0
DA:43,0
DA:45,0
DA:46,0
DA:47,0
DA:48,0
DA:49,0
DA:52,0
DA:53,0
DA:61,0
DA:64,0
DA:66,0
DA:68,0
DA:69,0
DA:75,0
DA:76,0
DA:77,0
DA:83,0
DA:84,0
DA:88,0
DA:89,0
DA:92,0
DA:105,0
DA:106,0
DA:114,0
DA:120,0
DA:123,0
DA:126,0
DA:129,0
DA:132,0
DA:135,0
DA:137,0
DA:146,0
DA:147,0
DA:148,0
DA:152,0
DA:154,0
DA:167,0
DA:168,0
DA:176,0
DA:181,0
DA:183,0
DA:184,0
DA:187,0
DA:190,0
DA:197,0
DA:199,0
DA:200,0
DA:202,0
DA:204,0
DA:205,0
DA:209,0
DA:219,0
DA:225,0
DA:226,0
DA:234,0
DA:240,0
DA:243,0
DA:246,0
DA:249,0
DA:250,0
DA:251,0
DA:255,0
DA:256,0
DA:257,0
DA:261,0
DA:267,0
DA:268,0
DA:271,0
DA:284,0
DA:285,0
DA:293,0
DA:299,0
DA:302,0
DA:304,0
DA:312,0
DA:315,0
DA:316,0
DA:317,0
DA:321,0
DA:322,0
DA:323,0
DA:327,0
DA:328,0
DA:329,0
DA:333,0
DA:340,0
DA:358,0
DA:359,0
DA:366,0
DA:367,0
DA:368,0
DA:370,0
DA:374,0
DA:377,0
DA:378,0
DA:379,0
DA:383,0
DA:384,0
DA:385,0
DA:389,0
DA:390,0
DA:391,0
DA:394,0
DA:401,0
DA:406,0
DA:408,0
DA:409,0
DA:410,0
DA:413,0
DA:415,0
DA:419,0
DA:420,0
DA:422,0
DA:423,0
DA:424,0
DA:427,0
DA:428,0
DA:431,0
DA:432,0
DA:433,0
DA:434,0
DA:437,0
DA:438,0
DA:439,0
DA:443,0
DA:444,0
DA:448,0
DA:452,0
DA:453,0
DA:454,0
DA:455,0
DA:457,0
DA:462,0
DA:467,0
DA:472,0
DA:476,0
DA:478,0
DA:479,0
DA:482,0
DA:483,0
DA:486,0
DA:490,0
DA:492,0
DA:493,0
DA:496,0
DA:497,0
DA:502,0
DA:506,0
DA:513,0
DA:514,0
DA:515,0
DA:518,0
DA:522,0
DA:531,0
DA:536,0
DA:539,0
DA:542,0
DA:545,0
DA:548,0
DA:551,0
DA:554,0
DA:557,0
DA:560,0
DA:563,0
DA:566,0
DA:569,0
DA:572,0
DA:575,0
DA:578,0
DA:581,0
DA:584,0
DA:587,0
DA:598,0
DA:600,0
DA:601,0
DA:603,0
DA:604,0
DA:606,0
DA:607,0
DA:609,0
DA:610,0
DA:614,0
DA:618,0
DA:622,0
DA:626,0
DA:637,0
DA:640,0
DA:642,0
DA:643,0
DA:644,0
DA:646,0
DA:647,0
DA:650,0
DA:651,0
DA:652,0
DA:656,0
DA:660,0
LF:216
LH:0
BRDA:25,0,0,0
BRDA:28,1,0,0
BRDA:29,2,0,0
BRDA:30,3,0,0
BRDA:31,4,0,0
BRDA:45,5,0,0
BRDA:45,5,1,0
BRDA:47,6,0,0
BRDA:47,6,1,0
BRDA:47,7,0,0
BRDA:47,7,1,0
BRDA:52,8,0,0
BRDA:52,8,1,0
BRDA:52,9,0,0
BRDA:52,9,1,0
BRDA:76,10,0,0
BRDA:76,10,1,0
BRDA:76,11,0,0
BRDA:76,11,1,0
BRDA:83,12,0,0
BRDA:83,12,1,0
BRDA:88,13,0,0
BRDA:88,13,1,0
BRDA:88,14,0,0
BRDA:88,14,1,0
BRDA:113,15,0,0
BRDA:117,16,0,0
BRDA:118,17,0,0
BRDA:119,18,0,0
BRDA:147,19,0,0
BRDA:147,19,1,0
BRDA:147,20,0,0
BRDA:147,20,1,0
BRDA:157,21,0,0
BRDA:157,21,1,0
BRDA:175,22,0,0
BRDA:178,23,0,0
BRDA:179,24,0,0
BRDA:180,25,0,0
BRDA:199,26,0,0
BRDA:199,26,1,0
BRDA:200,27,0,0
BRDA:200,27,1,0
BRDA:204,28,0,0
BRDA:204,28,1,0
BRDA:233,29,0,0
BRDA:237,30,0,0
BRDA:238,31,0,0
BRDA:239,32,0,0
BRDA:250,33,0,0
BRDA:250,33,1,0
BRDA:256,34,0,0
BRDA:256,34,1,0
BRDA:267,35,0,0
BRDA:267,35,1,0
BRDA:267,36,0,0
BRDA:267,36,1,0
BRDA:292,37,0,0
BRDA:295,38,0,0
BRDA:296,39,0,0
BRDA:297,40,0,0
BRDA:298,41,0,0
BRDA:316,42,0,0
BRDA:316,42,1,0
BRDA:322,43,0,0
BRDA:322,43,1,0
BRDA:328,44,0,0
BRDA:328,44,1,0
BRDA:378,45,0,0
BRDA:378,45,1,0
BRDA:384,46,0,0
BRDA:384,46,1,0
BRDA:390,47,0,0
BRDA:390,47,1,0
BRDA:408,48,0,0
BRDA:408,48,1,0
BRDA:423,49,0,0
BRDA:423,49,1,0
BRDA:433,50,0,0
BRDA:433,50,1,0
BRDA:437,51,0,0
BRDA:437,51,1,0
BRDA:443,52,0,0
BRDA:443,52,1,0
BRDA:453,53,0,0
BRDA:453,53,1,0
BRDA:455,54,0,0
BRDA:455,54,1,0
BRDA:457,55,0,0
BRDA:457,55,1,0
BRDA:478,56,0,0
BRDA:478,56,1,0
BRDA:482,57,0,0
BRDA:482,57,1,0
BRDA:492,58,0,0
BRDA:492,58,1,0
BRDA:496,59,0,0
BRDA:496,59,1,0
BRDA:523,60,0,0
BRDA:523,60,1,0
BRDA:524,61,0,0
BRDA:524,61,1,0
BRDA:525,62,0,0
BRDA:525,62,1,0
BRDA:601,63,0,0
BRDA:601,63,1,0
BRDA:601,63,2,0
BRDA:618,64,0,0
BRDA:618,64,1,0
BRDA:622,65,0,0
BRDA:622,65,1,0
BRDA:626,66,0,0
BRDA:626,66,1,0
BRDA:647,67,0,0
BRDA:647,67,1,0
BRDA:650,68,0,0
BRDA:650,68,1,0
BRF:117
BRH:0
end_of_record
TN:
SF:server/services/notificationService.js
FN:11,(anonymous_0)
FN:26,(anonymous_1)
FN:28,(anonymous_2)
FN:37,(anonymous_3)
FN:46,(anonymous_4)
FN:55,(anonymous_5)
FN:64,(anonymous_6)
FN:76,(anonymous_7)
FN:116,(anonymous_8)
FN:133,(anonymous_9)
FN:139,(anonymous_10)
FN:151,(anonymous_11)
FN:152,(anonymous_12)
FN:177,(anonymous_13)
FN:187,(anonymous_14)
FN:192,(anonymous_15)
FN:198,(anonymous_16)
FN:206,(anonymous_17)
FN:215,(anonymous_18)
FN:237,(anonymous_19)
FN:239,(anonymous_20)
FN:267,(anonymous_21)
FN:269,(anonymous_22)
FN:295,(anonymous_23)
FN:315,(anonymous_24)
FN:339,(anonymous_25)
FN:342,(anonymous_26)
FN:358,(anonymous_27)
FN:366,(anonymous_28)
FN:385,(anonymous_29)
FN:392,(anonymous_30)
FN:401,(anonymous_31)
FN:405,(anonymous_32)
FN:418,(anonymous_33)
FN:422,(anonymous_34)
FN:425,(anonymous_35)
FN:447,(anonymous_36)
FN:459,(anonymous_37)
FN:474,(anonymous_38)
FN:487,(anonymous_39)
FN:492,(anonymous_40)
FN:500,(anonymous_41)
FN:516,(anonymous_42)
FN:517,(anonymous_43)
FN:525,(anonymous_44)
FN:529,(anonymous_45)
FN:534,(anonymous_46)
FN:557,(anonymous_47)
FN:562,(anonymous_48)
FNF:49
FNH:0
FNDA:0,(anonymous_0)
FNDA:0,(anonymous_1)
FNDA:0,(anonymous_2)
FNDA:0,(anonymous_3)
FNDA:0,(anonymous_4)
FNDA:0,(anonymous_5)
FNDA:0,(anonymous_6)
FNDA:0,(anonymous_7)
FNDA:0,(anonymous_8)
FNDA:0,(anonymous_9)
FNDA:0,(anonymous_10)
FNDA:0,(anonymous_11)
FNDA:0,(anonymous_12)
FNDA:0,(anonymous_13)
FNDA:0,(anonymous_14)
FNDA:0,(anonymous_15)
FNDA:0,(anonymous_16)
FNDA:0,(anonymous_17)
FNDA:0,(anonymous_18)
FNDA:0,(anonymous_19)
FNDA:0,(anonymous_20)
FNDA:0,(anonymous_21)
FNDA:0,(anonymous_22)
FNDA:0,(anonymous_23)
FNDA:0,(anonymous_24)
FNDA:0,(anonymous_25)
FNDA:0,(anonymous_26)
FNDA:0,(anonymous_27)
FNDA:0,(anonymous_28)
FNDA:0,(anonymous_29)
FNDA:0,(anonymous_30)
FNDA:0,(anonymous_31)
FNDA:0,(anonymous_32)
FNDA:0,(anonymous_33)
FNDA:0,(anonymous_34)
FNDA:0,(anonymous_35)
FNDA:0,(anonymous_36)
FNDA:0,(anonymous_37)
FNDA:0,(anonymous_38)
FNDA:0,(anonymous_39)
FNDA:0,(anonymous_40)
FNDA:0,(anonymous_41)
FNDA:0,(anonymous_42)
FNDA:0,(anonymous_43)
FNDA:0,(anonymous_44)
FNDA:0,(anonymous_45)
FNDA:0,(anonymous_46)
FNDA:0,(anonymous_47)
FNDA:0,(anonymous_48)
DA:6,0
DA:7,0
DA:8,0
DA:12,0
DA:13,0
DA:14,0
DA:15,0
DA:16,0
DA:17,0
DA:20,0
DA:28,0
DA:29,0
DA:37,0
DA:38,0
DA:46,0
DA:47,0
DA:55,0
DA:56,0
DA:64,0
DA:65,0
DA:77,0
DA:80,0
DA:90,0
DA:91,0
DA:92,0
DA:101,0
DA:109,0
DA:110,0
DA:113,0
DA:116,0
DA:117,0
DA:118,0
DA:119,0
DA:120,0
DA:121,0
DA:123,0
DA:124,0
DA:125,0
DA:128,0
DA:133,0
DA:134,0
DA:135,0
DA:136,0
DA:139,0
DA:140,0
DA:141,0
DA:142,0
DA:145,0
DA:152,0
DA:153,0
DA:154,0
DA:155,0
DA:156,0
DA:158,0
DA:159,0
DA:162,0
DA:174,0
DA:177,0
DA:178,0
DA:179,0
DA:180,0
DA:182,0
DA:187,0
DA:188,0
DA:189,0
DA:192,0
DA:193,0
DA:194,0
DA:198,0
DA:199,0
DA:200,0
DA:202,0
DA:206,0
DA:207,0
DA:216,0
DA:218,0
DA:219,0
DA:221,0
DA:222,0
DA:224,0
DA:225,0
DA:227,0
DA:228,0
DA:230,0
DA:238,0
DA:239,0
DA:240,0
DA:243,0
DA:244,0
DA:246,0
DA:249,0
DA:260,0
DA:268,0
DA:269,0
DA:270,0
DA:272,0
DA:273,0
DA:277,0
DA:288,0
DA:296,0
DA:297,0
DA:306,0
DA:308,0
DA:316,0
DA:325,0
DA:328,0
DA:331,0
DA:333,0
DA:340,0
DA:342,0
DA:343,0
DA:344,0
DA:345,0
DA:346,0
DA:348,0
DA:349,0
DA:359,0
DA:366,0
DA:367,0
DA:371,0
DA:372,0
DA:373,0
DA:375,0
DA:376,0
DA:386,0
DA:393,0
DA:394,0
DA:395,0
DA:398,0
DA:402,0
DA:405,0
DA:406,0
DA:407,0
DA:408,0
DA:410,0
DA:419,0
DA:422,0
DA:425,0
DA:426,0
DA:427,0
DA:436,0
DA:448,0
DA:451,0
DA:452,0
DA:460,0
DA:461,0
DA:462,0
DA:463,0
DA:467,0
DA:475,0
DA:488,0
DA:489,0
DA:492,0
DA:493,0
DA:494,0
DA:495,0
DA:500,0
DA:501,0
DA:502,0
DA:503,0
DA:504,0
DA:505,0
DA:517,0
DA:518,0
DA:526,0
DA:529,0
DA:530,0
DA:534,0
DA:535,0
DA:536,0
DA:542,0
DA:543,0
DA:544,0
DA:546,0
DA:551,0
DA:554,0
DA:557,0
DA:558,0
DA:559,0
DA:562,0
DA:563,0
DA:564,0
DA:567,0
LF:183
LH:0
BRDA:58,0,0,0
BRDA:58,0,1,0
BRDA:117,1,0,0
BRDA:117,1,1,0
BRDA:199,2,0,0
BRDA:199,2,1,0
BRDA:216,3,0,0
BRDA:216,3,1,0
BRDA:216,3,2,0
BRDA:216,3,3,0
BRDA:216,3,4,0
BRDA:238,4,0,0
BRDA:238,4,1,0
BRDA:243,5,0,0
BRDA:243,5,1,0
BRDA:268,6,0,0
BRDA:268,6,1,0
BRDA:272,7,0,0
BRDA:272,7,1,0
BRDA:296,8,0,0
BRDA:296,8,1,0
BRDA:296,9,0,0
BRDA:296,9,1,0
BRDA:300,10,0,0
BRDA:300,10,1,0
BRDA:315,11,0,0
BRDA:343,12,0,0
BRDA:343,12,1,0
BRDA:343,13,0,0
BRDA:343,13,1,0
BRDA:367,14,0,0
BRDA:367,14,1,0
BRDA:368,15,0,0
BRDA:368,15,1,0
BRDA:368,15,2,0
BRDA:394,16,0,0
BRDA:394,16,1,0
BRDA:402,17,0,0
BRDA:402,17,1,0
BRDA:422,18,0,0
BRDA:422,18,1,0
BRDA:451,19,0,0
BRDA:451,19,1,0
BRDA:461,20,0,0
BRDA:461,20,1,0
BRDA:493,21,0,0
BRDA:493,21,1,0
BRDA:501,22,0,0
BRDA:501,22,1,0
BRDA:501,23,0,0
BRDA:501,23,1,0
BRDA:501,23,2,0
BRF:52
BRH:0
end_of_record
